[2024-08-06 23:49:07.743] [jointLog] [info] setting maxHashResizeThreads to 4
[2024-08-06 23:49:07.743] [jointLog] [info] Fragment incompatibility prior below threshold.  Incompatible fragments will be ignored.
[2024-08-06 23:49:07.743] [jointLog] [info] Usage of --validateMappings implies use of minScoreFraction. Since not explicitly specified, it is being set to 0.65
[2024-08-06 23:49:07.743] [jointLog] [info] Setting consensusSlack to selective-alignment default of 0.35.
[2024-08-06 23:49:07.743] [jointLog] [info] parsing read library format
[2024-08-06 23:49:07.743] [jointLog] [info] There is 1 library.
[2024-08-06 23:49:07.887] [jointLog] [info] Loading pufferfish index
[2024-08-06 23:49:07.900] [jointLog] [info] Loading dense pufferfish index.
[2024-08-06 23:52:12.678] [jointLog] [info] done
[2024-08-06 23:52:12.678] [jointLog] [info] Index contained 251,744 targets
[2024-08-06 23:52:16.151] [jointLog] [info] Number of decoys : 194
[2024-08-06 23:52:16.151] [jointLog] [info] First decoy index : 251,509 
[2024-08-06 23:52:17.663] [jointLog] [info] Automatically detected most likely library type as ISR

[2024-08-07 00:11:26.002] [jointLog] [info] Thread saw mini-batch with a maximum of 1.24% zero probability fragments
[2024-08-07 00:11:26.051] [jointLog] [info] Thread saw mini-batch with a maximum of 1.50% zero probability fragments
[2024-08-07 00:11:26.280] [jointLog] [info] Thread saw mini-batch with a maximum of 1.32% zero probability fragments
[2024-08-07 00:11:26.533] [jointLog] [info] Thread saw mini-batch with a maximum of 1.24% zero probability fragments
[2024-08-07 00:11:27.099] [fileLog] [info] 
At end of round 0
==================
Observed 40088339 total fragments (40088339 in most recent round)

[2024-08-07 00:11:27.098] [jointLog] [info] Computed 465,018 rich equivalence classes for further processing
[2024-08-07 00:11:27.098] [jointLog] [info] Counted 34,029,027 total reads in the equivalence classes 
[2024-08-07 00:11:27.103] [jointLog] [info] Number of mappings discarded because of alignment score : 17,420,636
[2024-08-07 00:11:27.103] [jointLog] [info] Number of fragments entirely discarded because of alignment score : 3,394,171
[2024-08-07 00:11:27.103] [jointLog] [info] Number of fragments discarded because they are best-mapped to decoys : 2,619,697
[2024-08-07 00:11:27.103] [jointLog] [info] Number of fragments discarded because they have only dovetail (discordant) mappings to valid targets : 128,370
[2024-08-07 00:11:27.103] [jointLog] [info] Mapping rate = 84.8851%

[2024-08-07 00:11:27.103] [jointLog] [info] finished quantifyLibrary()
[2024-08-07 00:11:27.121] [jointLog] [info] Starting optimizer
[2024-08-07 00:11:27.459] [jointLog] [info] Marked 0 weighted equivalence classes as degenerate
[2024-08-07 00:11:27.523] [jointLog] [info] iteration = 0 | max rel diff. = 4309.88
[2024-08-07 00:11:28.053] [jointLog] [info] iteration 11, adjusting effective lengths to account for biases
[2024-08-07 00:15:30.393] [jointLog] [info] Computed expected counts (for bias correction)
[2024-08-07 00:15:30.394] [jointLog] [info] processed bias for 0.0% of the transcripts
[2024-08-07 00:15:51.560] [jointLog] [info] processed bias for 10.0% of the transcripts
[2024-08-07 00:16:11.618] [jointLog] [info] processed bias for 20.0% of the transcripts
[2024-08-07 00:16:31.142] [jointLog] [info] processed bias for 30.0% of the transcripts
[2024-08-07 00:16:50.793] [jointLog] [info] processed bias for 40.0% of the transcripts
[2024-08-07 00:17:09.588] [jointLog] [info] processed bias for 50.0% of the transcripts
[2024-08-07 00:17:29.087] [jointLog] [info] processed bias for 60.0% of the transcripts
[2024-08-07 00:17:46.911] [jointLog] [info] processed bias for 70.0% of the transcripts
[2024-08-07 00:18:05.216] [jointLog] [info] processed bias for 80.0% of the transcripts
[2024-08-07 00:18:23.461] [jointLog] [info] processed bias for 90.0% of the transcripts
[2024-08-07 00:18:43.003] [jointLog] [info] processed bias for 100.0% of the transcripts
[2024-08-07 00:18:47.317] [jointLog] [info] iteration = 100 | max rel diff. = 14.4627
[2024-08-07 00:18:52.015] [jointLog] [info] iteration = 200 | max rel diff. = 15.7304
[2024-08-07 00:18:56.688] [jointLog] [info] iteration = 300 | max rel diff. = 0.745477
[2024-08-07 00:19:01.409] [jointLog] [info] iteration = 400 | max rel diff. = 8.84123
[2024-08-07 00:19:06.061] [jointLog] [info] iteration = 500 | max rel diff. = 9.92814
[2024-08-07 00:19:10.740] [jointLog] [info] iteration = 600 | max rel diff. = 0.201723
[2024-08-07 00:19:15.344] [jointLog] [info] iteration = 700 | max rel diff. = 0.384013
[2024-08-07 00:19:20.059] [jointLog] [info] iteration = 800 | max rel diff. = 11.3946
[2024-08-07 00:19:24.545] [jointLog] [info] iteration = 900 | max rel diff. = 0.0438589
[2024-08-07 00:19:28.977] [jointLog] [info] iteration = 1,000 | max rel diff. = 0.0789556
[2024-08-07 00:19:33.726] [jointLog] [info] iteration = 1,100 | max rel diff. = 0.513856
[2024-08-07 00:19:38.299] [jointLog] [info] iteration = 1,200 | max rel diff. = 0.0200184
[2024-08-07 00:19:42.984] [jointLog] [info] iteration = 1,300 | max rel diff. = 0.0653529
[2024-08-07 00:19:47.675] [jointLog] [info] iteration = 1,400 | max rel diff. = 0.179591
[2024-08-07 00:19:48.158] [jointLog] [info] iteration = 1,411 | max rel diff. = 0.00843138
[2024-08-07 00:19:48.224] [jointLog] [info] Finished optimizer
[2024-08-07 00:19:48.224] [jointLog] [info] writing output 

[2024-08-07 00:19:48.699] [jointLog] [info] Starting Bootstrapping
[2024-08-07 00:19:48.869] [jointLog] [info] Will draw 50 bootstrap samples
[2024-08-07 00:19:48.869] [jointLog] [info] Optimizing over 465,018 equivalence classes
[2024-08-07 00:19:48.923] [jointLog] [info] Marked 0 weighted equivalence classes as degenerate
[2024-08-07 00:21:32.434] [jointLog] [info] wrote 1 bootstraps
[2024-08-07 00:21:35.446] [jointLog] [info] wrote 2 bootstraps
[2024-08-07 00:21:47.285] [jointLog] [info] wrote 3 bootstraps
[2024-08-07 00:23:12.322] [jointLog] [info] wrote 4 bootstraps
[2024-08-07 00:23:35.176] [jointLog] [info] wrote 5 bootstraps
[2024-08-07 00:23:37.642] [jointLog] [info] wrote 6 bootstraps
[2024-08-07 00:24:48.889] [jointLog] [info] wrote 7 bootstraps
[2024-08-07 00:25:05.070] [jointLog] [info] wrote 8 bootstraps
[2024-08-07 00:25:15.795] [jointLog] [info] wrote 9 bootstraps
[2024-08-07 00:26:25.315] [jointLog] [info] wrote 10 bootstraps
[2024-08-07 00:26:31.391] [jointLog] [info] wrote 11 bootstraps
[2024-08-07 00:26:59.811] [jointLog] [info] wrote 12 bootstraps
[2024-08-07 00:27:43.741] [jointLog] [info] wrote 13 bootstraps
[2024-08-07 00:28:16.700] [jointLog] [info] wrote 14 bootstraps
[2024-08-07 00:28:21.902] [jointLog] [info] wrote 15 bootstraps
[2024-08-07 00:29:34.663] [jointLog] [info] wrote 16 bootstraps
[2024-08-07 00:29:41.129] [jointLog] [info] wrote 17 bootstraps
[2024-08-07 00:29:59.951] [jointLog] [info] wrote 18 bootstraps
[2024-08-07 00:31:20.617] [jointLog] [info] wrote 19 bootstraps
[2024-08-07 00:31:39.372] [jointLog] [info] wrote 20 bootstraps
[2024-08-07 00:31:48.372] [jointLog] [info] wrote 21 bootstraps
[2024-08-07 00:33:06.944] [jointLog] [info] wrote 22 bootstraps
[2024-08-07 00:33:27.338] [jointLog] [info] wrote 23 bootstraps
[2024-08-07 00:33:50.276] [jointLog] [info] wrote 24 bootstraps
[2024-08-07 00:34:58.704] [jointLog] [info] wrote 25 bootstraps
[2024-08-07 00:35:07.137] [jointLog] [info] wrote 26 bootstraps
[2024-08-07 00:35:08.811] [jointLog] [info] wrote 27 bootstraps
[2024-08-07 00:36:36.746] [jointLog] [info] wrote 28 bootstraps
[2024-08-07 00:36:42.097] [jointLog] [info] wrote 29 bootstraps
[2024-08-07 00:37:00.558] [jointLog] [info] wrote 30 bootstraps
[2024-08-07 00:38:01.803] [jointLog] [info] wrote 31 bootstraps
[2024-08-07 00:38:49.840] [jointLog] [info] wrote 32 bootstraps
[2024-08-07 00:39:03.113] [jointLog] [info] wrote 33 bootstraps
[2024-08-07 00:39:45.104] [jointLog] [info] wrote 34 bootstraps
[2024-08-07 00:40:36.464] [jointLog] [info] wrote 35 bootstraps
[2024-08-07 00:40:48.957] [jointLog] [info] wrote 36 bootstraps
[2024-08-07 00:41:02.223] [jointLog] [info] wrote 37 bootstraps
[2024-08-07 00:42:23.934] [jointLog] [info] wrote 38 bootstraps
[2024-08-07 00:42:34.613] [jointLog] [info] wrote 39 bootstraps
[2024-08-07 00:43:05.360] [jointLog] [info] wrote 40 bootstraps
[2024-08-07 00:44:06.672] [jointLog] [info] wrote 41 bootstraps
[2024-08-07 00:44:23.077] [jointLog] [info] wrote 42 bootstraps
[2024-08-07 00:44:55.194] [jointLog] [info] wrote 43 bootstraps
[2024-08-07 00:45:49.544] [jointLog] [info] wrote 44 bootstraps
[2024-08-07 00:46:15.424] [jointLog] [info] wrote 45 bootstraps
[2024-08-07 00:46:37.966] [jointLog] [info] wrote 46 bootstraps
[2024-08-07 00:47:46.965] [jointLog] [info] wrote 47 bootstraps
[2024-08-07 00:48:04.387] [jointLog] [info] wrote 48 bootstraps
[2024-08-07 00:48:24.038] [jointLog] [info] wrote 49 bootstraps
[2024-08-07 00:49:41.833] [jointLog] [info] wrote 50 bootstraps
[2024-08-07 00:49:41.902] [jointLog] [info] Finished Bootstrapping
[2024-08-07 00:49:41.902] [jointLog] [info] Computing gene-level abundance estimates
[2024-08-07 00:50:37.234] [jointLog] [info] There were 252416 transcripts mapping to 62696 genes
[2024-08-07 00:50:37.255] [jointLog] [info] NOTE: We recommend using tximport (https://bioconductor.org/packages/release/bioc/html/tximport.html) for aggregating transcript-level salmon abundance estimates to the gene level.  It is more versatile, exposes more features, and allows considering multi-sample information during aggregation.
[2024-08-07 00:50:37.748] [jointLog] [info] Aggregating expressions to gene level
[2024-08-07 00:50:37.933] [jointLog] [info] done
