[2024-03-20 17:05:22.096] [jointLog] [info] setting maxHashResizeThreads to 4
[2024-03-20 17:05:22.096] [jointLog] [info] Fragment incompatibility prior below threshold.  Incompatible fragments will be ignored.
[2024-03-20 17:05:22.096] [jointLog] [info] Usage of --validateMappings implies use of minScoreFraction. Since not explicitly specified, it is being set to 0.65
[2024-03-20 17:05:22.096] [jointLog] [info] Setting consensusSlack to selective-alignment default of 0.35.
[2024-03-20 17:05:22.096] [jointLog] [info] parsing read library format
[2024-03-20 17:05:22.096] [jointLog] [info] There is 1 library.
[2024-03-20 17:05:22.148] [jointLog] [info] Loading pufferfish index
[2024-03-20 17:05:22.150] [jointLog] [info] Loading dense pufferfish index.
[2024-03-20 17:08:43.867] [jointLog] [info] done
[2024-03-20 17:08:43.867] [jointLog] [info] Index contained 251,744 targets
[2024-03-20 17:08:47.130] [jointLog] [info] Number of decoys : 194
[2024-03-20 17:08:47.130] [jointLog] [info] First decoy index : 251,509 
[2024-03-20 17:08:48.788] [jointLog] [info] Automatically detected most likely library type as ISR

[2024-03-20 17:29:30.685] [jointLog] [info] Thread saw mini-batch with a maximum of 1.32% zero probability fragments
[2024-03-20 17:29:30.687] [jointLog] [info] Thread saw mini-batch with a maximum of 1.28% zero probability fragments
[2024-03-20 17:29:30.696] [jointLog] [info] Thread saw mini-batch with a maximum of 1.28% zero probability fragments
[2024-03-20 17:29:31.034] [jointLog] [info] Thread saw mini-batch with a maximum of 1.22% zero probability fragments
[2024-03-20 17:29:31.692] [jointLog] [info] Computed 597,451 rich equivalence classes for further processing
[2024-03-20 17:29:31.692] [jointLog] [info] Counted 28,313,277 total reads in the equivalence classes 
[2024-03-20 17:29:31.696] [jointLog] [warning] 2.73995e-05% of fragments were shorter than the k used to build the index.
If this fraction is too large, consider re-building the index with a smaller k.
The minimum read size found was 18.


[2024-03-20 17:29:31.696] [jointLog] [info] Number of mappings discarded because of alignment score : 10,801,732
[2024-03-20 17:29:31.696] [jointLog] [info] Number of fragments entirely discarded because of alignment score : 5,780,009
[2024-03-20 17:29:31.696] [jointLog] [info] Number of fragments discarded because they are best-mapped to decoys : 5,340,289
[2024-03-20 17:29:31.696] [jointLog] [info] Number of fragments discarded because they have only dovetail (discordant) mappings to valid targets : 201,330
[2024-03-20 17:29:31.696] [jointLog] [info] Mapping rate = 55.4121%

[2024-03-20 17:29:31.696] [jointLog] [info] finished quantifyLibrary()
[2024-03-20 17:29:31.801] [jointLog] [info] Starting optimizer
[2024-03-20 17:29:31.692] [fileLog] [info] 
At end of round 0
==================
Observed 51095821 total fragments (51095821 in most recent round)

[2024-03-20 17:29:32.089] [jointLog] [info] Marked 0 weighted equivalence classes as degenerate
[2024-03-20 17:29:32.136] [jointLog] [info] iteration = 0 | max rel diff. = 4863.16
[2024-03-20 17:29:32.591] [jointLog] [info] iteration 11, adjusting effective lengths to account for biases
[2024-03-20 17:35:14.845] [jointLog] [info] Computed expected counts (for bias correction)
[2024-03-20 17:35:14.846] [jointLog] [info] processed bias for 0.0% of the transcripts
[2024-03-20 17:35:42.778] [jointLog] [info] processed bias for 10.0% of the transcripts
[2024-03-20 17:36:08.473] [jointLog] [info] processed bias for 20.0% of the transcripts
[2024-03-20 17:36:34.726] [jointLog] [info] processed bias for 30.0% of the transcripts
[2024-03-20 17:37:01.444] [jointLog] [info] processed bias for 40.0% of the transcripts
[2024-03-20 17:37:25.202] [jointLog] [info] processed bias for 50.0% of the transcripts
[2024-03-20 17:37:50.915] [jointLog] [info] processed bias for 60.0% of the transcripts
[2024-03-20 17:38:20.362] [jointLog] [info] processed bias for 70.0% of the transcripts
[2024-03-20 17:38:47.550] [jointLog] [info] processed bias for 80.0% of the transcripts
[2024-03-20 17:39:14.416] [jointLog] [info] processed bias for 90.0% of the transcripts
[2024-03-20 17:39:43.103] [jointLog] [info] processed bias for 100.0% of the transcripts
[2024-03-20 17:39:47.741] [jointLog] [info] iteration = 100 | max rel diff. = 15.4336
[2024-03-20 17:39:52.627] [jointLog] [info] iteration = 200 | max rel diff. = 12.2424
[2024-03-20 17:39:57.217] [jointLog] [info] iteration = 300 | max rel diff. = 3.48287
[2024-03-20 17:40:02.236] [jointLog] [info] iteration = 400 | max rel diff. = 2.62917
[2024-03-20 17:40:07.317] [jointLog] [info] iteration = 500 | max rel diff. = 1.01896
[2024-03-20 17:40:11.987] [jointLog] [info] iteration = 600 | max rel diff. = 0.232378
[2024-03-20 17:40:16.592] [jointLog] [info] iteration = 700 | max rel diff. = 12.022
[2024-03-20 17:40:21.177] [jointLog] [info] iteration = 800 | max rel diff. = 0.12865
[2024-03-20 17:40:25.761] [jointLog] [info] iteration = 900 | max rel diff. = 0.118974
[2024-03-20 17:40:30.349] [jointLog] [info] iteration = 1,000 | max rel diff. = 0.0807169
[2024-03-20 17:40:34.908] [jointLog] [info] iteration = 1,100 | max rel diff. = 0.109555
[2024-03-20 17:40:39.507] [jointLog] [info] iteration = 1,200 | max rel diff. = 0.172581
[2024-03-20 17:40:44.132] [jointLog] [info] iteration = 1,300 | max rel diff. = 1.02002
[2024-03-20 17:40:48.710] [jointLog] [info] iteration = 1,400 | max rel diff. = 0.114972
[2024-03-20 17:40:52.732] [jointLog] [info] iteration = 1,489 | max rel diff. = 0.00587135
[2024-03-20 17:40:52.786] [jointLog] [info] Finished optimizer
[2024-03-20 17:40:52.786] [jointLog] [info] writing output 

[2024-03-20 17:40:53.758] [jointLog] [info] Starting Bootstrapping
[2024-03-20 17:40:54.073] [jointLog] [info] Will draw 50 bootstrap samples
[2024-03-20 17:40:54.073] [jointLog] [info] Optimizing over 597,451 equivalence classes
[2024-03-20 17:40:54.140] [jointLog] [info] Marked 0 weighted equivalence classes as degenerate
[2024-03-20 17:42:39.229] [jointLog] [info] wrote 1 bootstraps
[2024-03-20 17:43:15.744] [jointLog] [info] wrote 2 bootstraps
[2024-03-20 17:43:19.122] [jointLog] [info] wrote 3 bootstraps
[2024-03-20 17:45:08.894] [jointLog] [info] wrote 4 bootstraps
[2024-03-20 17:45:20.133] [jointLog] [info] wrote 5 bootstraps
[2024-03-20 17:45:50.774] [jointLog] [info] wrote 6 bootstraps
[2024-03-20 17:46:56.952] [jointLog] [info] wrote 7 bootstraps
[2024-03-20 17:48:02.253] [jointLog] [info] wrote 8 bootstraps
[2024-03-20 17:48:23.443] [jointLog] [info] wrote 9 bootstraps
[2024-03-20 17:49:37.637] [jointLog] [info] wrote 10 bootstraps
[2024-03-20 17:50:42.368] [jointLog] [info] wrote 11 bootstraps
[2024-03-20 17:50:54.759] [jointLog] [info] wrote 12 bootstraps
[2024-03-20 17:52:15.645] [jointLog] [info] wrote 13 bootstraps
[2024-03-20 17:53:08.840] [jointLog] [info] wrote 14 bootstraps
[2024-03-20 17:53:33.861] [jointLog] [info] wrote 15 bootstraps
[2024-03-20 17:54:47.616] [jointLog] [info] wrote 16 bootstraps
[2024-03-20 17:55:46.924] [jointLog] [info] wrote 17 bootstraps
[2024-03-20 17:56:03.331] [jointLog] [info] wrote 18 bootstraps
[2024-03-20 17:57:15.334] [jointLog] [info] wrote 19 bootstraps
[2024-03-20 17:58:34.205] [jointLog] [info] wrote 20 bootstraps
[2024-03-20 17:58:41.858] [jointLog] [info] wrote 21 bootstraps
[2024-03-20 18:00:04.714] [jointLog] [info] wrote 22 bootstraps
[2024-03-20 18:00:47.413] [jointLog] [info] wrote 23 bootstraps
[2024-03-20 18:01:25.258] [jointLog] [info] wrote 24 bootstraps
[2024-03-20 18:02:12.552] [jointLog] [info] wrote 25 bootstraps
[2024-03-20 18:03:36.826] [jointLog] [info] wrote 26 bootstraps
[2024-03-20 18:03:47.717] [jointLog] [info] wrote 27 bootstraps
[2024-03-20 18:04:34.200] [jointLog] [info] wrote 28 bootstraps
[2024-03-20 18:06:26.533] [jointLog] [info] wrote 29 bootstraps
[2024-03-20 18:06:29.248] [jointLog] [info] wrote 30 bootstraps
[2024-03-20 18:07:04.595] [jointLog] [info] wrote 31 bootstraps
[2024-03-20 18:08:58.022] [jointLog] [info] wrote 32 bootstraps
[2024-03-20 18:08:59.144] [jointLog] [info] wrote 33 bootstraps
[2024-03-20 18:09:18.850] [jointLog] [info] wrote 34 bootstraps
[2024-03-20 18:11:34.758] [jointLog] [info] wrote 35 bootstraps
[2024-03-20 18:11:37.232] [jointLog] [info] wrote 36 bootstraps
[2024-03-20 18:11:49.884] [jointLog] [info] wrote 37 bootstraps
[2024-03-20 18:13:38.007] [jointLog] [info] wrote 38 bootstraps
[2024-03-20 18:14:18.286] [jointLog] [info] wrote 39 bootstraps
[2024-03-20 18:14:29.100] [jointLog] [info] wrote 40 bootstraps
[2024-03-20 18:16:18.929] [jointLog] [info] wrote 41 bootstraps
[2024-03-20 18:16:32.973] [jointLog] [info] wrote 42 bootstraps
[2024-03-20 18:16:56.104] [jointLog] [info] wrote 43 bootstraps
[2024-03-20 18:18:14.774] [jointLog] [info] wrote 44 bootstraps
[2024-03-20 18:19:20.481] [jointLog] [info] wrote 45 bootstraps
[2024-03-20 18:19:22.234] [jointLog] [info] wrote 46 bootstraps
[2024-03-20 18:21:11.729] [jointLog] [info] wrote 47 bootstraps
[2024-03-20 18:21:47.985] [jointLog] [info] wrote 48 bootstraps
[2024-03-20 18:22:17.482] [jointLog] [info] wrote 49 bootstraps
[2024-03-20 18:23:49.279] [jointLog] [info] wrote 50 bootstraps
[2024-03-20 18:23:49.322] [jointLog] [info] Finished Bootstrapping
[2024-03-20 18:23:49.322] [jointLog] [info] Computing gene-level abundance estimates
[2024-03-20 18:24:45.451] [jointLog] [info] There were 252416 transcripts mapping to 62696 genes
[2024-03-20 18:24:45.458] [jointLog] [info] NOTE: We recommend using tximport (https://bioconductor.org/packages/release/bioc/html/tximport.html) for aggregating transcript-level salmon abundance estimates to the gene level.  It is more versatile, exposes more features, and allows considering multi-sample information during aggregation.
[2024-03-20 18:24:46.120] [jointLog] [info] Aggregating expressions to gene level
[2024-03-20 18:24:46.314] [jointLog] [info] done
