[2024-07-05 14:26:34.029] [jointLog] [info] setting maxHashResizeThreads to 4
[2024-07-05 14:26:34.029] [jointLog] [info] Fragment incompatibility prior below threshold.  Incompatible fragments will be ignored.
[2024-07-05 14:26:34.029] [jointLog] [info] Usage of --validateMappings implies use of minScoreFraction. Since not explicitly specified, it is being set to 0.65
[2024-07-05 14:26:34.029] [jointLog] [info] Setting consensusSlack to selective-alignment default of 0.35.
[2024-07-05 14:26:34.029] [jointLog] [info] parsing read library format
[2024-07-05 14:26:34.029] [jointLog] [info] There is 1 library.
[2024-07-05 14:26:34.141] [jointLog] [info] Loading pufferfish index
[2024-07-05 14:26:34.154] [jointLog] [info] Loading dense pufferfish index.
[2024-07-05 14:30:35.728] [jointLog] [info] done
[2024-07-05 14:30:35.728] [jointLog] [info] Index contained 251,744 targets
[2024-07-05 14:30:41.272] [jointLog] [info] Number of decoys : 194
[2024-07-05 14:30:41.272] [jointLog] [info] First decoy index : 251,509 
[2024-07-05 14:30:43.282] [jointLog] [info] Automatically detected most likely library type as ISR

[2024-07-05 14:54:29.319] [jointLog] [info] Thread saw mini-batch with a maximum of 5.26% zero probability fragments
[2024-07-05 14:54:29.686] [jointLog] [info] Thread saw mini-batch with a maximum of 3.72% zero probability fragments
[2024-07-05 14:54:29.853] [jointLog] [info] Thread saw mini-batch with a maximum of 3.86% zero probability fragments
[2024-07-05 14:54:29.926] [jointLog] [info] Thread saw mini-batch with a maximum of 3.76% zero probability fragments
[2024-07-05 14:54:30.377] [fileLog] [info] 
At end of round 0
==================
Observed 41970019 total fragments (41970019 in most recent round)

[2024-07-05 14:54:30.376] [jointLog] [info] Computed 275,383 rich equivalence classes for further processing
[2024-07-05 14:54:30.376] [jointLog] [info] Counted 26,201,858 total reads in the equivalence classes 
[2024-07-05 14:54:30.381] [jointLog] [info] Number of mappings discarded because of alignment score : 19,825,180
[2024-07-05 14:54:30.381] [jointLog] [info] Number of fragments entirely discarded because of alignment score : 4,818,240
[2024-07-05 14:54:30.381] [jointLog] [info] Number of fragments discarded because they are best-mapped to decoys : 3,563,939
[2024-07-05 14:54:30.381] [jointLog] [info] Number of fragments discarded because they have only dovetail (discordant) mappings to valid targets : 108,509
[2024-07-05 14:54:30.381] [jointLog] [info] Mapping rate = 62.4299%

[2024-07-05 14:54:30.381] [jointLog] [info] finished quantifyLibrary()
[2024-07-05 14:54:30.395] [jointLog] [info] Starting optimizer
[2024-07-05 14:54:30.677] [jointLog] [info] Marked 0 weighted equivalence classes as degenerate
[2024-07-05 14:54:30.720] [jointLog] [info] iteration = 0 | max rel diff. = 4951.81
[2024-07-05 14:54:31.172] [jointLog] [info] iteration 11, adjusting effective lengths to account for biases
[2024-07-05 14:57:35.750] [jointLog] [info] Computed expected counts (for bias correction)
[2024-07-05 14:57:35.750] [jointLog] [info] processed bias for 0.0% of the transcripts
[2024-07-05 14:57:58.460] [jointLog] [info] processed bias for 10.0% of the transcripts
[2024-07-05 14:58:20.012] [jointLog] [info] processed bias for 20.0% of the transcripts
[2024-07-05 14:58:40.279] [jointLog] [info] processed bias for 30.0% of the transcripts
[2024-07-05 14:59:00.234] [jointLog] [info] processed bias for 40.0% of the transcripts
[2024-07-05 14:59:19.681] [jointLog] [info] processed bias for 50.0% of the transcripts
[2024-07-05 14:59:38.647] [jointLog] [info] processed bias for 60.0% of the transcripts
[2024-07-05 14:59:59.314] [jointLog] [info] processed bias for 70.0% of the transcripts
[2024-07-05 15:00:19.473] [jointLog] [info] processed bias for 80.0% of the transcripts
[2024-07-05 15:00:40.559] [jointLog] [info] processed bias for 90.0% of the transcripts
[2024-07-05 15:01:01.259] [jointLog] [info] processed bias for 100.0% of the transcripts
[2024-07-05 15:01:05.139] [jointLog] [info] iteration = 100 | max rel diff. = 20.5804
[2024-07-05 15:01:10.032] [jointLog] [info] iteration = 200 | max rel diff. = 13.8197
[2024-07-05 15:01:14.609] [jointLog] [info] iteration = 300 | max rel diff. = 9.89454
[2024-07-05 15:01:18.924] [jointLog] [info] iteration = 400 | max rel diff. = 4.35958
[2024-07-05 15:01:23.309] [jointLog] [info] iteration = 500 | max rel diff. = 0.224512
[2024-07-05 15:01:27.606] [jointLog] [info] iteration = 600 | max rel diff. = 0.661302
[2024-07-05 15:01:32.184] [jointLog] [info] iteration = 700 | max rel diff. = 0.672626
[2024-07-05 15:01:37.024] [jointLog] [info] iteration = 800 | max rel diff. = 0.451744
[2024-07-05 15:01:41.828] [jointLog] [info] iteration = 900 | max rel diff. = 0.0268468
[2024-07-05 15:01:46.619] [jointLog] [info] iteration = 1,000 | max rel diff. = 0.0193548
[2024-07-05 15:01:51.451] [jointLog] [info] iteration = 1,100 | max rel diff. = 0.0464642
[2024-07-05 15:01:56.260] [jointLog] [info] iteration = 1,200 | max rel diff. = 0.0264222
[2024-07-05 15:02:01.398] [jointLog] [info] iteration = 1,300 | max rel diff. = 0.0282474
[2024-07-05 15:02:06.573] [jointLog] [info] iteration = 1,400 | max rel diff. = 0.0701563
[2024-07-05 15:02:11.004] [jointLog] [info] iteration = 1,500 | max rel diff. = 0.0187164
[2024-07-05 15:02:16.367] [jointLog] [info] iteration = 1,600 | max rel diff. = 0.159583
[2024-07-05 15:02:20.844] [jointLog] [info] iteration = 1,682 | max rel diff. = 0.00630055
[2024-07-05 15:02:20.913] [jointLog] [info] Finished optimizer
[2024-07-05 15:02:20.913] [jointLog] [info] writing output 

[2024-07-05 15:02:21.716] [jointLog] [info] Starting Bootstrapping
[2024-07-05 15:02:21.854] [jointLog] [info] Will draw 50 bootstrap samples
[2024-07-05 15:02:21.854] [jointLog] [info] Optimizing over 275,383 equivalence classes
[2024-07-05 15:02:21.891] [jointLog] [info] Marked 0 weighted equivalence classes as degenerate
[2024-07-05 15:03:59.111] [jointLog] [info] wrote 1 bootstraps
[2024-07-05 15:04:29.173] [jointLog] [info] wrote 2 bootstraps
[2024-07-05 15:04:32.519] [jointLog] [info] wrote 3 bootstraps
[2024-07-05 15:05:53.879] [jointLog] [info] wrote 4 bootstraps
[2024-07-05 15:06:29.990] [jointLog] [info] wrote 5 bootstraps
[2024-07-05 15:06:34.356] [jointLog] [info] wrote 6 bootstraps
[2024-07-05 15:07:28.644] [jointLog] [info] wrote 7 bootstraps
[2024-07-05 15:08:17.658] [jointLog] [info] wrote 8 bootstraps
[2024-07-05 15:08:31.279] [jointLog] [info] wrote 9 bootstraps
[2024-07-05 15:09:09.849] [jointLog] [info] wrote 10 bootstraps
[2024-07-05 15:10:19.338] [jointLog] [info] wrote 11 bootstraps
[2024-07-05 15:10:30.645] [jointLog] [info] wrote 12 bootstraps
[2024-07-05 15:11:22.975] [jointLog] [info] wrote 13 bootstraps
[2024-07-05 15:11:49.959] [jointLog] [info] wrote 14 bootstraps
[2024-07-05 15:12:29.643] [jointLog] [info] wrote 15 bootstraps
[2024-07-05 15:13:16.685] [jointLog] [info] wrote 16 bootstraps
[2024-07-05 15:13:27.587] [jointLog] [info] wrote 17 bootstraps
[2024-07-05 15:14:20.937] [jointLog] [info] wrote 18 bootstraps
[2024-07-05 15:14:51.425] [jointLog] [info] wrote 19 bootstraps
[2024-07-05 15:14:58.029] [jointLog] [info] wrote 20 bootstraps
[2024-07-05 15:16:13.974] [jointLog] [info] wrote 21 bootstraps
[2024-07-05 15:16:55.366] [jointLog] [info] wrote 22 bootstraps
[2024-07-05 15:17:00.764] [jointLog] [info] wrote 23 bootstraps
[2024-07-05 15:18:23.967] [jointLog] [info] wrote 24 bootstraps
[2024-07-05 15:18:37.385] [jointLog] [info] wrote 25 bootstraps
[2024-07-05 15:18:43.393] [jointLog] [info] wrote 26 bootstraps
[2024-07-05 15:20:31.866] [jointLog] [info] wrote 27 bootstraps
[2024-07-05 15:20:35.323] [jointLog] [info] wrote 28 bootstraps
[2024-07-05 15:20:38.217] [jointLog] [info] wrote 29 bootstraps
[2024-07-05 15:22:09.396] [jointLog] [info] wrote 30 bootstraps
[2024-07-05 15:22:29.440] [jointLog] [info] wrote 31 bootstraps
[2024-07-05 15:22:35.600] [jointLog] [info] wrote 32 bootstraps
[2024-07-05 15:23:41.674] [jointLog] [info] wrote 33 bootstraps
[2024-07-05 15:24:27.086] [jointLog] [info] wrote 34 bootstraps
[2024-07-05 15:24:30.206] [jointLog] [info] wrote 35 bootstraps
[2024-07-05 15:25:06.309] [jointLog] [info] wrote 36 bootstraps
[2024-07-05 15:26:05.614] [jointLog] [info] wrote 37 bootstraps
[2024-07-05 15:26:23.259] [jointLog] [info] wrote 38 bootstraps
[2024-07-05 15:27:22.568] [jointLog] [info] wrote 39 bootstraps
[2024-07-05 15:28:11.449] [jointLog] [info] wrote 40 bootstraps
[2024-07-05 15:28:18.296] [jointLog] [info] wrote 41 bootstraps
[2024-07-05 15:29:22.562] [jointLog] [info] wrote 42 bootstraps
[2024-07-05 15:30:09.305] [jointLog] [info] wrote 43 bootstraps
[2024-07-05 15:30:09.938] [jointLog] [info] wrote 44 bootstraps
[2024-07-05 15:31:28.324] [jointLog] [info] wrote 45 bootstraps
[2024-07-05 15:31:46.839] [jointLog] [info] wrote 46 bootstraps
[2024-07-05 15:32:06.863] [jointLog] [info] wrote 47 bootstraps
[2024-07-05 15:33:18.077] [jointLog] [info] wrote 48 bootstraps
[2024-07-05 15:33:29.242] [jointLog] [info] wrote 49 bootstraps
[2024-07-05 15:33:33.573] [jointLog] [info] wrote 50 bootstraps
[2024-07-05 15:33:33.611] [jointLog] [info] Finished Bootstrapping
[2024-07-05 15:33:33.611] [jointLog] [info] Computing gene-level abundance estimates
[2024-07-05 15:36:02.182] [jointLog] [info] There were 252416 transcripts mapping to 62696 genes
[2024-07-05 15:36:02.183] [jointLog] [info] NOTE: We recommend using tximport (https://bioconductor.org/packages/release/bioc/html/tximport.html) for aggregating transcript-level salmon abundance estimates to the gene level.  It is more versatile, exposes more features, and allows considering multi-sample information during aggregation.
[2024-07-05 15:36:02.830] [jointLog] [info] Aggregating expressions to gene level
[2024-07-05 15:36:03.032] [jointLog] [info] done
