[2024-08-06 19:04:00.764] [jointLog] [info] setting maxHashResizeThreads to 4
[2024-08-06 19:04:00.764] [jointLog] [info] Fragment incompatibility prior below threshold.  Incompatible fragments will be ignored.
[2024-08-06 19:04:00.764] [jointLog] [info] Usage of --validateMappings implies use of minScoreFraction. Since not explicitly specified, it is being set to 0.65
[2024-08-06 19:04:00.764] [jointLog] [info] Setting consensusSlack to selective-alignment default of 0.35.
[2024-08-06 19:04:00.764] [jointLog] [info] parsing read library format
[2024-08-06 19:04:00.764] [jointLog] [info] There is 1 library.
[2024-08-06 19:04:00.994] [jointLog] [info] Loading pufferfish index
[2024-08-06 19:04:01.006] [jointLog] [info] Loading dense pufferfish index.
[2024-08-06 19:04:51.452] [jointLog] [info] done
[2024-08-06 19:04:51.452] [jointLog] [info] Index contained 251,744 targets
[2024-08-06 19:04:58.512] [jointLog] [info] Number of decoys : 194
[2024-08-06 19:04:58.512] [jointLog] [info] First decoy index : 251,509 
[2024-08-06 19:05:00.975] [jointLog] [info] Automatically detected most likely library type as ISR

[2024-08-06 19:49:30.933] [jointLog] [info] Thread saw mini-batch with a maximum of 1.42% zero probability fragments
[2024-08-06 19:49:30.964] [jointLog] [info] Thread saw mini-batch with a maximum of 1.30% zero probability fragments
[2024-08-06 19:49:31.208] [jointLog] [info] Thread saw mini-batch with a maximum of 1.34% zero probability fragments
[2024-08-06 19:49:31.211] [jointLog] [info] Thread saw mini-batch with a maximum of 1.32% zero probability fragments
[2024-08-06 19:49:32.698] [fileLog] [info] 
At end of round 0
==================
Observed 41658379 total fragments (41658379 in most recent round)

[2024-08-06 19:49:32.689] [jointLog] [info] Computed 400,310 rich equivalence classes for further processing
[2024-08-06 19:49:32.689] [jointLog] [info] Counted 35,639,370 total reads in the equivalence classes 
[2024-08-06 19:49:32.721] [jointLog] [info] Number of mappings discarded because of alignment score : 18,891,509
[2024-08-06 19:49:32.721] [jointLog] [info] Number of fragments entirely discarded because of alignment score : 3,074,396
[2024-08-06 19:49:32.721] [jointLog] [info] Number of fragments discarded because they are best-mapped to decoys : 2,182,184
[2024-08-06 19:49:32.721] [jointLog] [info] Number of fragments discarded because they have only dovetail (discordant) mappings to valid targets : 94,992
[2024-08-06 19:49:32.721] [jointLog] [info] Mapping rate = 85.5515%

[2024-08-06 19:49:32.721] [jointLog] [info] finished quantifyLibrary()
[2024-08-06 19:49:34.158] [jointLog] [info] Starting optimizer
[2024-08-06 19:49:35.534] [jointLog] [info] Marked 0 weighted equivalence classes as degenerate
[2024-08-06 19:49:35.779] [jointLog] [info] iteration = 0 | max rel diff. = 4060.95
[2024-08-06 19:49:38.362] [jointLog] [info] iteration 11, adjusting effective lengths to account for biases
[2024-08-06 19:53:38.115] [jointLog] [info] Computed expected counts (for bias correction)
[2024-08-06 19:53:38.116] [jointLog] [info] processed bias for 0.0% of the transcripts
[2024-08-06 19:53:59.420] [jointLog] [info] processed bias for 10.0% of the transcripts
[2024-08-06 19:54:18.720] [jointLog] [info] processed bias for 20.0% of the transcripts
[2024-08-06 19:54:38.159] [jointLog] [info] processed bias for 30.0% of the transcripts
[2024-08-06 19:54:57.420] [jointLog] [info] processed bias for 40.0% of the transcripts
[2024-08-06 19:55:16.109] [jointLog] [info] processed bias for 50.0% of the transcripts
[2024-08-06 19:55:33.312] [jointLog] [info] processed bias for 60.0% of the transcripts
[2024-08-06 19:55:51.741] [jointLog] [info] processed bias for 70.0% of the transcripts
[2024-08-06 19:56:09.814] [jointLog] [info] processed bias for 80.0% of the transcripts
[2024-08-06 19:56:28.714] [jointLog] [info] processed bias for 90.0% of the transcripts
[2024-08-06 19:56:48.491] [jointLog] [info] processed bias for 100.0% of the transcripts
[2024-08-06 19:57:12.183] [jointLog] [info] iteration = 100 | max rel diff. = 20.2655
[2024-08-06 19:57:38.094] [jointLog] [info] iteration = 200 | max rel diff. = 6.21428
[2024-08-06 19:58:03.665] [jointLog] [info] iteration = 300 | max rel diff. = 18.8743
[2024-08-06 19:58:28.063] [jointLog] [info] iteration = 400 | max rel diff. = 0.544895
[2024-08-06 19:58:52.547] [jointLog] [info] iteration = 500 | max rel diff. = 0.940747
[2024-08-06 19:59:16.318] [jointLog] [info] iteration = 600 | max rel diff. = 0.154853
[2024-08-06 19:59:39.581] [jointLog] [info] iteration = 700 | max rel diff. = 0.294975
[2024-08-06 20:00:02.329] [jointLog] [info] iteration = 800 | max rel diff. = 0.0971769
[2024-08-06 20:00:24.117] [jointLog] [info] iteration = 900 | max rel diff. = 0.534683
[2024-08-06 20:00:44.824] [jointLog] [info] iteration = 1,000 | max rel diff. = 0.051873
[2024-08-06 20:01:06.073] [jointLog] [info] iteration = 1,100 | max rel diff. = 0.0697694
[2024-08-06 20:01:27.147] [jointLog] [info] iteration = 1,200 | max rel diff. = 0.0555766
[2024-08-06 20:01:47.377] [jointLog] [info] iteration = 1,300 | max rel diff. = 0.0317991
[2024-08-06 20:02:07.897] [jointLog] [info] iteration = 1,400 | max rel diff. = 0.0600418
[2024-08-06 20:02:28.549] [jointLog] [info] iteration = 1,500 | max rel diff. = 0.188718
[2024-08-06 20:02:48.930] [jointLog] [info] iteration = 1,600 | max rel diff. = 0.133186
[2024-08-06 20:02:50.783] [jointLog] [info] iteration = 1,609 | max rel diff. = 0.00588995
[2024-08-06 20:02:51.131] [jointLog] [info] Finished optimizer
[2024-08-06 20:02:51.131] [jointLog] [info] writing output 

[2024-08-06 20:02:51.880] [jointLog] [info] Starting Bootstrapping
[2024-08-06 20:02:52.562] [jointLog] [info] Will draw 50 bootstrap samples
[2024-08-06 20:02:52.562] [jointLog] [info] Optimizing over 400,310 equivalence classes
[2024-08-06 20:02:53.037] [jointLog] [info] Marked 0 weighted equivalence classes as degenerate
[2024-08-06 20:10:42.589] [jointLog] [info] wrote 1 bootstraps
[2024-08-06 20:11:21.287] [jointLog] [info] wrote 2 bootstraps
[2024-08-06 20:12:49.899] [jointLog] [info] wrote 3 bootstraps
[2024-08-06 20:18:36.342] [jointLog] [info] wrote 4 bootstraps
[2024-08-06 20:20:03.650] [jointLog] [info] wrote 5 bootstraps
[2024-08-06 20:23:16.222] [jointLog] [info] wrote 6 bootstraps
[2024-08-06 20:27:54.556] [jointLog] [info] wrote 7 bootstraps
[2024-08-06 20:31:34.171] [jointLog] [info] wrote 8 bootstraps
[2024-08-06 20:32:48.490] [jointLog] [info] wrote 9 bootstraps
[2024-08-06 20:37:11.843] [jointLog] [info] wrote 10 bootstraps
[2024-08-06 20:40:18.696] [jointLog] [info] wrote 11 bootstraps
[2024-08-06 20:43:09.001] [jointLog] [info] wrote 12 bootstraps
[2024-08-06 20:48:36.362] [jointLog] [info] wrote 13 bootstraps
[2024-08-06 20:49:19.941] [jointLog] [info] wrote 14 bootstraps
[2024-08-06 20:51:14.081] [jointLog] [info] wrote 15 bootstraps
[2024-08-06 20:57:21.619] [jointLog] [info] wrote 16 bootstraps
[2024-08-06 20:59:45.539] [jointLog] [info] wrote 17 bootstraps
[2024-08-06 21:00:19.423] [jointLog] [info] wrote 18 bootstraps
[2024-08-06 21:05:07.068] [jointLog] [info] wrote 19 bootstraps
[2024-08-06 21:09:31.296] [jointLog] [info] wrote 20 bootstraps
[2024-08-06 21:09:52.077] [jointLog] [info] wrote 21 bootstraps
[2024-08-06 21:13:54.955] [jointLog] [info] wrote 22 bootstraps
[2024-08-06 21:18:10.605] [jointLog] [info] wrote 23 bootstraps
[2024-08-06 21:21:06.991] [jointLog] [info] wrote 24 bootstraps
[2024-08-06 21:22:41.655] [jointLog] [info] wrote 25 bootstraps
[2024-08-06 21:25:42.525] [jointLog] [info] wrote 26 bootstraps
[2024-08-06 21:28:52.762] [jointLog] [info] wrote 27 bootstraps
[2024-08-06 21:32:17.346] [jointLog] [info] wrote 28 bootstraps
[2024-08-06 21:36:56.190] [jointLog] [info] wrote 29 bootstraps
[2024-08-06 21:40:31.814] [jointLog] [info] wrote 30 bootstraps
[2024-08-06 21:40:55.352] [jointLog] [info] wrote 31 bootstraps
[2024-08-06 21:45:20.651] [jointLog] [info] wrote 32 bootstraps
[2024-08-06 21:50:37.213] [jointLog] [info] wrote 33 bootstraps
[2024-08-06 21:51:13.386] [jointLog] [info] wrote 34 bootstraps
[2024-08-06 21:57:13.121] [jointLog] [info] wrote 35 bootstraps
[2024-08-06 21:58:55.702] [jointLog] [info] wrote 36 bootstraps
[2024-08-06 22:00:04.352] [jointLog] [info] wrote 37 bootstraps
[2024-08-06 22:04:41.901] [jointLog] [info] wrote 38 bootstraps
[2024-08-06 22:09:54.780] [jointLog] [info] wrote 39 bootstraps
[2024-08-06 22:11:12.786] [jointLog] [info] wrote 40 bootstraps
[2024-08-06 22:17:07.350] [jointLog] [info] wrote 41 bootstraps
[2024-08-06 22:18:42.743] [jointLog] [info] wrote 42 bootstraps
[2024-08-06 22:20:06.089] [jointLog] [info] wrote 43 bootstraps
[2024-08-06 22:26:42.838] [jointLog] [info] wrote 44 bootstraps
[2024-08-06 22:28:13.182] [jointLog] [info] wrote 45 bootstraps
[2024-08-06 22:29:38.154] [jointLog] [info] wrote 46 bootstraps
[2024-08-06 22:34:35.936] [jointLog] [info] wrote 47 bootstraps
[2024-08-06 22:37:08.510] [jointLog] [info] wrote 48 bootstraps
[2024-08-06 22:37:21.247] [jointLog] [info] wrote 49 bootstraps
[2024-08-06 22:42:27.377] [jointLog] [info] wrote 50 bootstraps
[2024-08-06 22:42:27.503] [jointLog] [info] Finished Bootstrapping
[2024-08-06 22:42:27.503] [jointLog] [info] Computing gene-level abundance estimates
[2024-08-06 22:43:23.576] [jointLog] [info] There were 252416 transcripts mapping to 62696 genes
[2024-08-06 22:43:24.647] [jointLog] [info] NOTE: We recommend using tximport (https://bioconductor.org/packages/release/bioc/html/tximport.html) for aggregating transcript-level salmon abundance estimates to the gene level.  It is more versatile, exposes more features, and allows considering multi-sample information during aggregation.
[2024-08-06 22:43:26.432] [jointLog] [info] Aggregating expressions to gene level
[2024-08-06 22:43:26.909] [jointLog] [info] done
