[2024-03-20 19:28:48.227] [jointLog] [info] setting maxHashResizeThreads to 4
[2024-03-20 19:28:48.227] [jointLog] [info] Fragment incompatibility prior below threshold.  Incompatible fragments will be ignored.
[2024-03-20 19:28:48.227] [jointLog] [info] Usage of --validateMappings implies use of minScoreFraction. Since not explicitly specified, it is being set to 0.65
[2024-03-20 19:28:48.227] [jointLog] [info] Setting consensusSlack to selective-alignment default of 0.35.
[2024-03-20 19:28:48.227] [jointLog] [info] parsing read library format
[2024-03-20 19:28:48.227] [jointLog] [info] There is 1 library.
[2024-03-20 19:28:48.337] [jointLog] [info] Loading pufferfish index
[2024-03-20 19:28:48.337] [jointLog] [info] Loading dense pufferfish index.
[2024-03-20 19:29:29.815] [jointLog] [info] done
[2024-03-20 19:29:29.815] [jointLog] [info] Index contained 251,744 targets
[2024-03-20 19:29:33.514] [jointLog] [info] Number of decoys : 194
[2024-03-20 19:29:33.514] [jointLog] [info] First decoy index : 251,509 
[2024-03-20 19:29:35.160] [jointLog] [info] Automatically detected most likely library type as ISR

[2024-03-20 19:55:57.989] [jointLog] [info] Thread saw mini-batch with a maximum of 1.26% zero probability fragments
[2024-03-20 19:55:58.003] [jointLog] [info] Thread saw mini-batch with a maximum of 1.26% zero probability fragments
[2024-03-20 19:55:58.011] [jointLog] [info] Thread saw mini-batch with a maximum of 1.20% zero probability fragments
[2024-03-20 19:55:58.291] [jointLog] [info] Thread saw mini-batch with a maximum of 1.26% zero probability fragments
[2024-03-20 19:55:59.095] [jointLog] [info] Computed 635,301 rich equivalence classes for further processing
[2024-03-20 19:55:59.095] [jointLog] [info] Counted 37,656,508 total reads in the equivalence classes 
[2024-03-20 19:55:59.100] [jointLog] [warning] 1.17597e-05% of fragments were shorter than the k used to build the index.
If this fraction is too large, consider re-building the index with a smaller k.
The minimum read size found was 23.


[2024-03-20 19:55:59.100] [jointLog] [info] Number of mappings discarded because of alignment score : 14,533,835
[2024-03-20 19:55:59.100] [jointLog] [info] Number of fragments entirely discarded because of alignment score : 5,944,454
[2024-03-20 19:55:59.100] [jointLog] [info] Number of fragments discarded because they are best-mapped to decoys : 5,407,049
[2024-03-20 19:55:59.100] [jointLog] [info] Number of fragments discarded because they have only dovetail (discordant) mappings to valid targets : 272,055
[2024-03-20 19:55:59.100] [jointLog] [info] Mapping rate = 63.2612%

[2024-03-20 19:55:59.100] [jointLog] [info] finished quantifyLibrary()
[2024-03-20 19:55:59.101] [jointLog] [info] Starting optimizer
[2024-03-20 19:55:59.096] [fileLog] [info] 
At end of round 0
==================
Observed 59525411 total fragments (59525411 in most recent round)

[2024-03-20 19:55:59.469] [jointLog] [info] Marked 0 weighted equivalence classes as degenerate
[2024-03-20 19:55:59.537] [jointLog] [info] iteration = 0 | max rel diff. = 3688.93
[2024-03-20 19:56:00.172] [jointLog] [info] iteration 11, adjusting effective lengths to account for biases
[2024-03-20 20:02:20.142] [jointLog] [info] Computed expected counts (for bias correction)
[2024-03-20 20:02:20.143] [jointLog] [info] processed bias for 0.0% of the transcripts
[2024-03-20 20:02:50.591] [jointLog] [info] processed bias for 10.0% of the transcripts
[2024-03-20 20:03:19.909] [jointLog] [info] processed bias for 20.0% of the transcripts
[2024-03-20 20:03:47.697] [jointLog] [info] processed bias for 30.0% of the transcripts
[2024-03-20 20:04:17.578] [jointLog] [info] processed bias for 40.0% of the transcripts
[2024-03-20 20:04:45.532] [jointLog] [info] processed bias for 50.0% of the transcripts
[2024-03-20 20:05:12.578] [jointLog] [info] processed bias for 60.0% of the transcripts
[2024-03-20 20:05:42.612] [jointLog] [info] processed bias for 70.0% of the transcripts
[2024-03-20 20:06:12.169] [jointLog] [info] processed bias for 80.0% of the transcripts
[2024-03-20 20:06:44.866] [jointLog] [info] processed bias for 90.0% of the transcripts
[2024-03-20 20:07:12.630] [jointLog] [info] processed bias for 100.0% of the transcripts
[2024-03-20 20:07:17.626] [jointLog] [info] iteration = 100 | max rel diff. = 16.9593
[2024-03-20 20:07:23.176] [jointLog] [info] iteration = 200 | max rel diff. = 20.5834
[2024-03-20 20:07:28.764] [jointLog] [info] iteration = 300 | max rel diff. = 3.63894
[2024-03-20 20:07:34.356] [jointLog] [info] iteration = 400 | max rel diff. = 7.46005
[2024-03-20 20:07:39.880] [jointLog] [info] iteration = 500 | max rel diff. = 10.3046
[2024-03-20 20:07:45.476] [jointLog] [info] iteration = 600 | max rel diff. = 0.19501
[2024-03-20 20:07:51.218] [jointLog] [info] iteration = 700 | max rel diff. = 0.243107
[2024-03-20 20:07:56.824] [jointLog] [info] iteration = 800 | max rel diff. = 0.145509
[2024-03-20 20:08:02.355] [jointLog] [info] iteration = 900 | max rel diff. = 1.60951
[2024-03-20 20:08:08.187] [jointLog] [info] iteration = 1,000 | max rel diff. = 0.204302
[2024-03-20 20:08:13.682] [jointLog] [info] iteration = 1,100 | max rel diff. = 1.09363
[2024-03-20 20:08:19.173] [jointLog] [info] iteration = 1,200 | max rel diff. = 0.0487981
[2024-03-20 20:08:24.677] [jointLog] [info] iteration = 1,300 | max rel diff. = 0.323064
[2024-03-20 20:08:30.363] [jointLog] [info] iteration = 1,400 | max rel diff. = 0.177387
[2024-03-20 20:08:36.234] [jointLog] [info] iteration = 1,500 | max rel diff. = 0.0436845
[2024-03-20 20:08:41.818] [jointLog] [info] iteration = 1,600 | max rel diff. = 0.0387439
[2024-03-20 20:08:47.317] [jointLog] [info] iteration = 1,700 | max rel diff. = 0.0217905
[2024-03-20 20:08:52.810] [jointLog] [info] iteration = 1,800 | max rel diff. = 0.194951
[2024-03-20 20:08:54.225] [jointLog] [info] iteration = 1,827 | max rel diff. = 0.00936754
[2024-03-20 20:08:54.289] [jointLog] [info] Finished optimizer
[2024-03-20 20:08:54.289] [jointLog] [info] writing output 

[2024-03-20 20:08:54.807] [jointLog] [info] Starting Bootstrapping
[2024-03-20 20:08:55.169] [jointLog] [info] Will draw 50 bootstrap samples
[2024-03-20 20:08:55.169] [jointLog] [info] Optimizing over 635,301 equivalence classes
[2024-03-20 20:08:55.249] [jointLog] [info] Marked 0 weighted equivalence classes as degenerate
[2024-03-20 20:11:06.201] [jointLog] [info] wrote 1 bootstraps
[2024-03-20 20:11:15.113] [jointLog] [info] wrote 2 bootstraps
[2024-03-20 20:11:43.270] [jointLog] [info] wrote 3 bootstraps
[2024-03-20 20:13:16.736] [jointLog] [info] wrote 4 bootstraps
[2024-03-20 20:13:25.748] [jointLog] [info] wrote 5 bootstraps
[2024-03-20 20:14:17.380] [jointLog] [info] wrote 6 bootstraps
[2024-03-20 20:15:47.588] [jointLog] [info] wrote 7 bootstraps
[2024-03-20 20:16:06.815] [jointLog] [info] wrote 8 bootstraps
[2024-03-20 20:16:35.159] [jointLog] [info] wrote 9 bootstraps
[2024-03-20 20:18:03.477] [jointLog] [info] wrote 10 bootstraps
[2024-03-20 20:18:13.470] [jointLog] [info] wrote 11 bootstraps
[2024-03-20 20:19:01.838] [jointLog] [info] wrote 12 bootstraps
[2024-03-20 20:20:22.747] [jointLog] [info] wrote 13 bootstraps
[2024-03-20 20:20:40.642] [jointLog] [info] wrote 14 bootstraps
[2024-03-20 20:21:53.979] [jointLog] [info] wrote 15 bootstraps
[2024-03-20 20:22:29.696] [jointLog] [info] wrote 16 bootstraps
[2024-03-20 20:23:12.345] [jointLog] [info] wrote 17 bootstraps
[2024-03-20 20:24:17.604] [jointLog] [info] wrote 18 bootstraps
[2024-03-20 20:25:16.757] [jointLog] [info] wrote 19 bootstraps
[2024-03-20 20:25:42.663] [jointLog] [info] wrote 20 bootstraps
[2024-03-20 20:26:50.156] [jointLog] [info] wrote 21 bootstraps
[2024-03-20 20:27:35.856] [jointLog] [info] wrote 22 bootstraps
[2024-03-20 20:28:25.735] [jointLog] [info] wrote 23 bootstraps
[2024-03-20 20:29:22.735] [jointLog] [info] wrote 24 bootstraps
[2024-03-20 20:29:58.897] [jointLog] [info] wrote 25 bootstraps
[2024-03-20 20:30:57.459] [jointLog] [info] wrote 26 bootstraps
[2024-03-20 20:32:02.178] [jointLog] [info] wrote 27 bootstraps
[2024-03-20 20:32:37.067] [jointLog] [info] wrote 28 bootstraps
[2024-03-20 20:33:14.607] [jointLog] [info] wrote 29 bootstraps
[2024-03-20 20:34:38.015] [jointLog] [info] wrote 30 bootstraps
[2024-03-20 20:35:12.838] [jointLog] [info] wrote 31 bootstraps
[2024-03-20 20:35:52.427] [jointLog] [info] wrote 32 bootstraps
[2024-03-20 20:36:57.418] [jointLog] [info] wrote 33 bootstraps
[2024-03-20 20:37:37.902] [jointLog] [info] wrote 34 bootstraps
[2024-03-20 20:38:30.261] [jointLog] [info] wrote 35 bootstraps
[2024-03-20 20:39:40.827] [jointLog] [info] wrote 36 bootstraps
[2024-03-20 20:40:52.234] [jointLog] [info] wrote 37 bootstraps
[2024-03-20 20:40:55.689] [jointLog] [info] wrote 38 bootstraps
[2024-03-20 20:42:09.636] [jointLog] [info] wrote 39 bootstraps
[2024-03-20 20:43:30.325] [jointLog] [info] wrote 40 bootstraps
[2024-03-20 20:43:45.936] [jointLog] [info] wrote 41 bootstraps
[2024-03-20 20:44:50.206] [jointLog] [info] wrote 42 bootstraps
[2024-03-20 20:46:26.390] [jointLog] [info] wrote 43 bootstraps
[2024-03-20 20:46:36.214] [jointLog] [info] wrote 44 bootstraps
[2024-03-20 20:47:37.285] [jointLog] [info] wrote 45 bootstraps
[2024-03-20 20:48:33.820] [jointLog] [info] wrote 46 bootstraps
[2024-03-20 20:49:05.739] [jointLog] [info] wrote 47 bootstraps
[2024-03-20 20:50:37.236] [jointLog] [info] wrote 48 bootstraps
[2024-03-20 20:51:04.733] [jointLog] [info] wrote 49 bootstraps
[2024-03-20 20:51:41.198] [jointLog] [info] wrote 50 bootstraps
[2024-03-20 20:51:41.278] [jointLog] [info] Finished Bootstrapping
[2024-03-20 20:51:41.278] [jointLog] [info] Computing gene-level abundance estimates
[2024-03-20 20:52:37.577] [jointLog] [info] There were 252416 transcripts mapping to 62696 genes
[2024-03-20 20:52:37.577] [jointLog] [info] NOTE: We recommend using tximport (https://bioconductor.org/packages/release/bioc/html/tximport.html) for aggregating transcript-level salmon abundance estimates to the gene level.  It is more versatile, exposes more features, and allows considering multi-sample information during aggregation.
[2024-03-20 20:52:38.174] [jointLog] [info] Aggregating expressions to gene level
[2024-03-20 20:52:38.540] [jointLog] [info] done
