[2024-08-07 01:43:55.085] [jointLog] [info] setting maxHashResizeThreads to 4
[2024-08-07 01:43:55.085] [jointLog] [info] Fragment incompatibility prior below threshold.  Incompatible fragments will be ignored.
[2024-08-07 01:43:55.085] [jointLog] [info] Usage of --validateMappings implies use of minScoreFraction. Since not explicitly specified, it is being set to 0.65
[2024-08-07 01:43:55.085] [jointLog] [info] Setting consensusSlack to selective-alignment default of 0.35.
[2024-08-07 01:43:55.085] [jointLog] [info] parsing read library format
[2024-08-07 01:43:55.085] [jointLog] [info] There is 1 library.
[2024-08-07 01:43:55.371] [jointLog] [info] Loading pufferfish index
[2024-08-07 01:43:55.380] [jointLog] [info] Loading dense pufferfish index.
[2024-08-07 01:46:45.175] [jointLog] [info] done
[2024-08-07 01:46:45.175] [jointLog] [info] Index contained 251,744 targets
[2024-08-07 01:46:48.753] [jointLog] [info] Number of decoys : 194
[2024-08-07 01:46:48.753] [jointLog] [info] First decoy index : 251,509 
[2024-08-07 01:46:51.156] [jointLog] [info] Automatically detected most likely library type as ISR

[2024-08-07 02:27:59.513] [jointLog] [info] Thread saw mini-batch with a maximum of 1.00% zero probability fragments
[2024-08-07 02:27:59.802] [jointLog] [info] Thread saw mini-batch with a maximum of 1.06% zero probability fragments
[2024-08-07 02:27:59.814] [jointLog] [info] Thread saw mini-batch with a maximum of 0.96% zero probability fragments
[2024-08-07 02:27:59.882] [jointLog] [info] Thread saw mini-batch with a maximum of 1.04% zero probability fragments
[2024-08-07 02:28:01.060] [fileLog] [info] 
At end of round 0
==================
Observed 44023283 total fragments (44023283 in most recent round)

[2024-08-07 02:28:01.051] [jointLog] [info] Computed 429,888 rich equivalence classes for further processing
[2024-08-07 02:28:01.051] [jointLog] [info] Counted 38,339,915 total reads in the equivalence classes 
[2024-08-07 02:28:01.078] [jointLog] [info] Number of mappings discarded because of alignment score : 19,161,618
[2024-08-07 02:28:01.078] [jointLog] [info] Number of fragments entirely discarded because of alignment score : 3,212,574
[2024-08-07 02:28:01.078] [jointLog] [info] Number of fragments discarded because they are best-mapped to decoys : 2,367,623
[2024-08-07 02:28:01.078] [jointLog] [info] Number of fragments discarded because they have only dovetail (discordant) mappings to valid targets : 155,097
[2024-08-07 02:28:01.078] [jointLog] [info] Mapping rate = 87.0901%

[2024-08-07 02:28:01.078] [jointLog] [info] finished quantifyLibrary()
[2024-08-07 02:28:01.080] [jointLog] [info] Starting optimizer
[2024-08-07 02:28:01.870] [jointLog] [info] Marked 0 weighted equivalence classes as degenerate
[2024-08-07 02:28:02.054] [jointLog] [info] iteration = 0 | max rel diff. = 3538.74
[2024-08-07 02:28:03.917] [jointLog] [info] iteration 11, adjusting effective lengths to account for biases
[2024-08-07 02:31:51.065] [jointLog] [info] Computed expected counts (for bias correction)
[2024-08-07 02:31:51.066] [jointLog] [info] processed bias for 0.0% of the transcripts
[2024-08-07 02:32:09.583] [jointLog] [info] processed bias for 10.0% of the transcripts
[2024-08-07 02:32:26.293] [jointLog] [info] processed bias for 20.0% of the transcripts
[2024-08-07 02:32:44.434] [jointLog] [info] processed bias for 30.0% of the transcripts
[2024-08-07 02:33:01.454] [jointLog] [info] processed bias for 40.0% of the transcripts
[2024-08-07 02:33:17.823] [jointLog] [info] processed bias for 50.0% of the transcripts
[2024-08-07 02:33:35.914] [jointLog] [info] processed bias for 60.0% of the transcripts
[2024-08-07 02:33:54.514] [jointLog] [info] processed bias for 70.0% of the transcripts
[2024-08-07 02:34:12.406] [jointLog] [info] processed bias for 80.0% of the transcripts
[2024-08-07 02:34:29.774] [jointLog] [info] processed bias for 90.0% of the transcripts
[2024-08-07 02:34:49.300] [jointLog] [info] processed bias for 100.0% of the transcripts
[2024-08-07 02:35:05.534] [jointLog] [info] iteration = 100 | max rel diff. = 20.0126
[2024-08-07 02:35:23.153] [jointLog] [info] iteration = 200 | max rel diff. = 7.22785
[2024-08-07 02:35:36.688] [jointLog] [info] iteration = 300 | max rel diff. = 7.23188
[2024-08-07 02:35:48.719] [jointLog] [info] iteration = 400 | max rel diff. = 2.27563
[2024-08-07 02:36:01.909] [jointLog] [info] iteration = 500 | max rel diff. = 1.94447
[2024-08-07 02:36:16.848] [jointLog] [info] iteration = 600 | max rel diff. = 0.77337
[2024-08-07 02:36:32.590] [jointLog] [info] iteration = 700 | max rel diff. = 1.78548
[2024-08-07 02:36:43.773] [jointLog] [info] iteration = 800 | max rel diff. = 2.84662
[2024-08-07 02:36:55.376] [jointLog] [info] iteration = 900 | max rel diff. = 0.539682
[2024-08-07 02:37:04.649] [jointLog] [info] iteration = 1,000 | max rel diff. = 0.0560369
[2024-08-07 02:37:14.160] [jointLog] [info] iteration = 1,100 | max rel diff. = 0.0742185
[2024-08-07 02:37:22.322] [jointLog] [info] iteration = 1,200 | max rel diff. = 0.423909
[2024-08-07 02:37:29.875] [jointLog] [info] iteration = 1,300 | max rel diff. = 0.039818
[2024-08-07 02:37:31.865] [jointLog] [info] iteration = 1,334 | max rel diff. = 0.00835491
[2024-08-07 02:37:31.997] [jointLog] [info] Finished optimizer
[2024-08-07 02:37:31.997] [jointLog] [info] writing output 

[2024-08-07 02:37:32.571] [jointLog] [info] Starting Bootstrapping
[2024-08-07 02:37:32.746] [jointLog] [info] Will draw 50 bootstrap samples
[2024-08-07 02:37:32.746] [jointLog] [info] Optimizing over 429,888 equivalence classes
[2024-08-07 02:37:32.826] [jointLog] [info] Marked 0 weighted equivalence classes as degenerate
[2024-08-07 02:40:10.976] [jointLog] [info] wrote 1 bootstraps
[2024-08-07 02:40:18.405] [jointLog] [info] wrote 2 bootstraps
[2024-08-07 02:40:55.289] [jointLog] [info] wrote 3 bootstraps
[2024-08-07 02:42:51.902] [jointLog] [info] wrote 4 bootstraps
[2024-08-07 02:42:57.178] [jointLog] [info] wrote 5 bootstraps
[2024-08-07 02:44:15.902] [jointLog] [info] wrote 6 bootstraps
[2024-08-07 02:44:17.987] [jointLog] [info] wrote 7 bootstraps
[2024-08-07 02:44:26.913] [jointLog] [info] wrote 8 bootstraps
[2024-08-07 02:46:04.033] [jointLog] [info] wrote 9 bootstraps
[2024-08-07 02:46:32.920] [jointLog] [info] wrote 10 bootstraps
[2024-08-07 02:47:39.178] [jointLog] [info] wrote 11 bootstraps
[2024-08-07 02:48:01.541] [jointLog] [info] wrote 12 bootstraps
[2024-08-07 02:48:21.618] [jointLog] [info] wrote 13 bootstraps
[2024-08-07 02:49:16.545] [jointLog] [info] wrote 14 bootstraps
[2024-08-07 02:50:06.778] [jointLog] [info] wrote 15 bootstraps
[2024-08-07 02:50:50.736] [jointLog] [info] wrote 16 bootstraps
[2024-08-07 02:51:53.327] [jointLog] [info] wrote 17 bootstraps
[2024-08-07 02:51:56.498] [jointLog] [info] wrote 18 bootstraps
[2024-08-07 02:52:23.391] [jointLog] [info] wrote 19 bootstraps
[2024-08-07 02:53:28.453] [jointLog] [info] wrote 20 bootstraps
[2024-08-07 02:54:11.168] [jointLog] [info] wrote 21 bootstraps
[2024-08-07 02:54:28.028] [jointLog] [info] wrote 22 bootstraps
[2024-08-07 02:55:20.655] [jointLog] [info] wrote 23 bootstraps
[2024-08-07 02:55:44.396] [jointLog] [info] wrote 24 bootstraps
[2024-08-07 02:57:00.708] [jointLog] [info] wrote 25 bootstraps
[2024-08-07 02:57:05.482] [jointLog] [info] wrote 26 bootstraps
[2024-08-07 02:57:20.011] [jointLog] [info] wrote 27 bootstraps
[2024-08-07 02:58:43.012] [jointLog] [info] wrote 28 bootstraps
[2024-08-07 02:58:51.620] [jointLog] [info] wrote 29 bootstraps
[2024-08-07 03:00:05.603] [jointLog] [info] wrote 30 bootstraps
[2024-08-07 03:00:24.321] [jointLog] [info] wrote 31 bootstraps
[2024-08-07 03:00:25.414] [jointLog] [info] wrote 32 bootstraps
[2024-08-07 03:01:46.323] [jointLog] [info] wrote 33 bootstraps
[2024-08-07 03:02:03.411] [jointLog] [info] wrote 34 bootstraps
[2024-08-07 03:03:11.864] [jointLog] [info] wrote 35 bootstraps
[2024-08-07 03:03:49.675] [jointLog] [info] wrote 36 bootstraps
[2024-08-07 03:04:19.068] [jointLog] [info] wrote 37 bootstraps
[2024-08-07 03:04:42.729] [jointLog] [info] wrote 38 bootstraps
[2024-08-07 03:05:52.122] [jointLog] [info] wrote 39 bootstraps
[2024-08-07 03:06:19.823] [jointLog] [info] wrote 40 bootstraps
[2024-08-07 03:06:23.218] [jointLog] [info] wrote 41 bootstraps
[2024-08-07 03:07:27.270] [jointLog] [info] wrote 42 bootstraps
[2024-08-07 03:07:33.164] [jointLog] [info] wrote 43 bootstraps
[2024-08-07 03:09:06.113] [jointLog] [info] wrote 44 bootstraps
[2024-08-07 03:09:07.877] [jointLog] [info] wrote 45 bootstraps
[2024-08-07 03:09:15.252] [jointLog] [info] wrote 46 bootstraps
[2024-08-07 03:10:43.929] [jointLog] [info] wrote 47 bootstraps
[2024-08-07 03:10:44.983] [jointLog] [info] wrote 48 bootstraps
[2024-08-07 03:11:56.426] [jointLog] [info] wrote 49 bootstraps
[2024-08-07 03:12:28.353] [jointLog] [info] wrote 50 bootstraps
[2024-08-07 03:12:28.417] [jointLog] [info] Finished Bootstrapping
[2024-08-07 03:12:28.417] [jointLog] [info] Computing gene-level abundance estimates
[2024-08-07 03:13:22.892] [jointLog] [info] There were 252416 transcripts mapping to 62696 genes
[2024-08-07 03:13:22.893] [jointLog] [info] NOTE: We recommend using tximport (https://bioconductor.org/packages/release/bioc/html/tximport.html) for aggregating transcript-level salmon abundance estimates to the gene level.  It is more versatile, exposes more features, and allows considering multi-sample information during aggregation.
[2024-08-07 03:13:23.345] [jointLog] [info] Aggregating expressions to gene level
[2024-08-07 03:13:23.519] [jointLog] [info] done
