[2023-02-16 14:59:59.608] [jointLog] [info] setting maxHashResizeThreads to 4
[2023-02-16 14:59:59.608] [jointLog] [info] Fragment incompatibility prior below threshold.  Incompatible fragments will be ignored.
[2023-02-16 14:59:59.608] [jointLog] [info] Usage of --validateMappings implies use of minScoreFraction. Since not explicitly specified, it is being set to 0.65
[2023-02-16 14:59:59.608] [jointLog] [info] Setting consensusSlack to selective-alignment default of 0.35.
[2023-02-16 14:59:59.608] [jointLog] [info] parsing read library format
[2023-02-16 14:59:59.608] [jointLog] [info] There is 1 library.
[2023-02-16 14:59:59.718] [jointLog] [info] Loading pufferfish index
[2023-02-16 14:59:59.721] [jointLog] [info] Loading dense pufferfish index.
[2023-02-16 15:06:09.763] [jointLog] [info] done
[2023-02-16 15:06:09.763] [jointLog] [info] Index contained 251,744 targets
[2023-02-16 15:06:13.561] [jointLog] [info] Number of decoys : 194
[2023-02-16 15:06:13.561] [jointLog] [info] First decoy index : 251,509 
[2023-02-16 15:06:14.828] [jointLog] [info] Automatically detected most likely library type as IU

[2023-02-16 15:41:50.544] [fileLog] [info] 
At end of round 0
==================
Observed 82020180 total fragments (82020180 in most recent round)

[2023-02-16 15:41:50.543] [jointLog] [info] Computed 430,193 rich equivalence classes for further processing
[2023-02-16 15:41:50.543] [jointLog] [info] Counted 71,649,521 total reads in the equivalence classes 
[2023-02-16 15:41:50.548] [jointLog] [warning] 2.80419e-05% of fragments were shorter than the k used to build the index.
If this fraction is too large, consider re-building the index with a smaller k.
The minimum read size found was 15.


[2023-02-16 15:41:50.548] [jointLog] [info] Number of mappings discarded because of alignment score : 38,371,177
[2023-02-16 15:41:50.548] [jointLog] [info] Number of fragments entirely discarded because of alignment score : 5,820,080
[2023-02-16 15:41:50.548] [jointLog] [info] Number of fragments discarded because they are best-mapped to decoys : 4,269,743
[2023-02-16 15:41:50.548] [jointLog] [info] Number of fragments discarded because they have only dovetail (discordant) mappings to valid targets : 276,695
[2023-02-16 15:41:50.548] [jointLog] [info] Mapping rate = 87.356%

[2023-02-16 15:41:50.548] [jointLog] [info] finished quantifyLibrary()
[2023-02-16 15:41:51.204] [jointLog] [info] Starting optimizer
[2023-02-16 15:41:51.486] [jointLog] [info] Marked 0 weighted equivalence classes as degenerate
[2023-02-16 15:41:51.542] [jointLog] [info] iteration = 0 | max rel diff. = 46.5304
[2023-02-16 15:41:52.058] [jointLog] [info] iteration 11, adjusting effective lengths to account for biases
[2023-02-16 15:43:31.790] [jointLog] [info] Computed expected counts (for bias correction)
[2023-02-16 15:43:31.791] [jointLog] [info] processed bias for 0.0% of the transcripts
[2023-02-16 15:43:44.087] [jointLog] [info] processed bias for 10.0% of the transcripts
[2023-02-16 15:43:55.581] [jointLog] [info] processed bias for 20.0% of the transcripts
[2023-02-16 15:44:07.520] [jointLog] [info] processed bias for 30.0% of the transcripts
[2023-02-16 15:44:19.467] [jointLog] [info] processed bias for 40.0% of the transcripts
[2023-02-16 15:44:30.625] [jointLog] [info] processed bias for 50.0% of the transcripts
[2023-02-16 15:44:42.631] [jointLog] [info] processed bias for 60.0% of the transcripts
[2023-02-16 15:44:53.262] [jointLog] [info] processed bias for 70.0% of the transcripts
[2023-02-16 15:45:04.675] [jointLog] [info] processed bias for 80.0% of the transcripts
[2023-02-16 15:45:16.627] [jointLog] [info] processed bias for 90.0% of the transcripts
[2023-02-16 15:45:28.271] [jointLog] [info] processed bias for 100.0% of the transcripts
[2023-02-16 15:45:32.704] [jointLog] [info] iteration = 100 | max rel diff. = 13.5033
[2023-02-16 15:45:37.520] [jointLog] [info] iteration = 200 | max rel diff. = 4.7256
[2023-02-16 15:45:42.247] [jointLog] [info] iteration = 300 | max rel diff. = 1.49133
[2023-02-16 15:45:47.189] [jointLog] [info] iteration = 400 | max rel diff. = 14.6731
[2023-02-16 15:45:52.068] [jointLog] [info] iteration = 500 | max rel diff. = 3.74244
[2023-02-16 15:45:56.956] [jointLog] [info] iteration = 600 | max rel diff. = 0.399223
[2023-02-16 15:46:01.915] [jointLog] [info] iteration = 700 | max rel diff. = 0.16321
[2023-02-16 15:46:06.716] [jointLog] [info] iteration = 800 | max rel diff. = 0.504872
[2023-02-16 15:46:12.114] [jointLog] [info] iteration = 900 | max rel diff. = 1.04591
[2023-02-16 15:46:17.722] [jointLog] [info] iteration = 1,000 | max rel diff. = 0.140843
[2023-02-16 15:46:22.692] [jointLog] [info] iteration = 1,100 | max rel diff. = 0.0759386
[2023-02-16 15:46:27.617] [jointLog] [info] iteration = 1,200 | max rel diff. = 0.307437
[2023-02-16 15:46:33.001] [jointLog] [info] iteration = 1,300 | max rel diff. = 0.024042
[2023-02-16 15:46:38.667] [jointLog] [info] iteration = 1,400 | max rel diff. = 0.567788
[2023-02-16 15:46:44.166] [jointLog] [info] iteration = 1,500 | max rel diff. = 0.0120339
[2023-02-16 15:46:49.517] [jointLog] [info] iteration = 1,600 | max rel diff. = 0.0126919
[2023-02-16 15:46:53.619] [jointLog] [info] iteration = 1,683 | max rel diff. = 0.00545288
[2023-02-16 15:46:53.687] [jointLog] [info] Finished optimizer
[2023-02-16 15:46:53.687] [jointLog] [info] writing output 

[2023-02-16 15:46:54.271] [jointLog] [info] Starting Bootstrapping
[2023-02-16 15:46:54.441] [jointLog] [info] Will draw 50 bootstrap samples
[2023-02-16 15:46:54.441] [jointLog] [info] Optimizing over 430,193 equivalence classes
[2023-02-16 15:46:54.493] [jointLog] [info] Marked 0 weighted equivalence classes as degenerate
[2023-02-16 15:48:39.641] [jointLog] [info] wrote 1 bootstraps
[2023-02-16 15:48:51.796] [jointLog] [info] wrote 2 bootstraps
[2023-02-16 15:49:09.909] [jointLog] [info] wrote 3 bootstraps
[2023-02-16 15:50:47.606] [jointLog] [info] wrote 4 bootstraps
[2023-02-16 15:51:09.891] [jointLog] [info] wrote 5 bootstraps
[2023-02-16 15:51:45.125] [jointLog] [info] wrote 6 bootstraps
[2023-02-16 15:52:38.680] [jointLog] [info] wrote 7 bootstraps
[2023-02-16 15:53:39.099] [jointLog] [info] wrote 8 bootstraps
[2023-02-16 15:54:27.247] [jointLog] [info] wrote 9 bootstraps
[2023-02-16 15:54:40.745] [jointLog] [info] wrote 10 bootstraps
[2023-02-16 15:55:55.758] [jointLog] [info] wrote 11 bootstraps
[2023-02-16 15:56:15.900] [jointLog] [info] wrote 12 bootstraps
[2023-02-16 15:56:58.992] [jointLog] [info] wrote 13 bootstraps
[2023-02-16 15:57:59.908] [jointLog] [info] wrote 14 bootstraps
[2023-02-16 15:58:32.320] [jointLog] [info] wrote 15 bootstraps
[2023-02-16 15:59:42.778] [jointLog] [info] wrote 16 bootstraps
[2023-02-16 16:00:10.674] [jointLog] [info] wrote 17 bootstraps
[2023-02-16 16:00:23.022] [jointLog] [info] wrote 18 bootstraps
[2023-02-16 16:01:58.054] [jointLog] [info] wrote 19 bootstraps
[2023-02-16 16:02:10.854] [jointLog] [info] wrote 20 bootstraps
[2023-02-16 16:02:24.587] [jointLog] [info] wrote 21 bootstraps
[2023-02-16 16:04:23.496] [jointLog] [info] wrote 22 bootstraps
[2023-02-16 16:04:54.726] [jointLog] [info] wrote 23 bootstraps
[2023-02-16 16:05:09.573] [jointLog] [info] wrote 24 bootstraps
[2023-02-16 16:06:09.179] [jointLog] [info] wrote 25 bootstraps
[2023-02-16 16:06:52.133] [jointLog] [info] wrote 26 bootstraps
[2023-02-16 16:07:07.833] [jointLog] [info] wrote 27 bootstraps
[2023-02-16 16:08:04.414] [jointLog] [info] wrote 28 bootstraps
[2023-02-16 16:08:59.803] [jointLog] [info] wrote 29 bootstraps
[2023-02-16 16:09:31.031] [jointLog] [info] wrote 30 bootstraps
[2023-02-16 16:10:20.202] [jointLog] [info] wrote 31 bootstraps
[2023-02-16 16:11:06.323] [jointLog] [info] wrote 32 bootstraps
[2023-02-16 16:12:05.461] [jointLog] [info] wrote 33 bootstraps
[2023-02-16 16:12:53.895] [jointLog] [info] wrote 34 bootstraps
[2023-02-16 16:13:05.496] [jointLog] [info] wrote 35 bootstraps
[2023-02-16 16:14:00.052] [jointLog] [info] wrote 36 bootstraps
[2023-02-16 16:15:23.500] [jointLog] [info] wrote 37 bootstraps
[2023-02-16 16:15:34.121] [jointLog] [info] wrote 38 bootstraps
[2023-02-16 16:16:31.153] [jointLog] [info] wrote 39 bootstraps
[2023-02-16 16:17:42.548] [jointLog] [info] wrote 40 bootstraps
[2023-02-16 16:18:00.018] [jointLog] [info] wrote 41 bootstraps
[2023-02-16 16:18:52.649] [jointLog] [info] wrote 42 bootstraps
[2023-02-16 16:19:56.932] [jointLog] [info] wrote 43 bootstraps
[2023-02-16 16:20:21.014] [jointLog] [info] wrote 44 bootstraps
[2023-02-16 16:21:09.861] [jointLog] [info] wrote 45 bootstraps
[2023-02-16 16:22:27.221] [jointLog] [info] wrote 46 bootstraps
[2023-02-16 16:22:32.582] [jointLog] [info] wrote 47 bootstraps
[2023-02-16 16:23:28.733] [jointLog] [info] wrote 48 bootstraps
[2023-02-16 16:24:33.129] [jointLog] [info] wrote 49 bootstraps
[2023-02-16 16:25:03.315] [jointLog] [info] wrote 50 bootstraps
[2023-02-16 16:25:03.359] [jointLog] [info] Finished Bootstrapping
[2023-02-16 16:25:03.359] [jointLog] [info] Computing gene-level abundance estimates
[2023-02-16 16:26:44.798] [jointLog] [info] There were 252416 transcripts mapping to 62696 genes
[2023-02-16 16:26:44.798] [jointLog] [info] NOTE: We recommend using tximport (https://bioconductor.org/packages/release/bioc/html/tximport.html) for aggregating transcript-level salmon abundance estimates to the gene level.  It is more versatile, exposes more features, and allows considering multi-sample information during aggregation.
[2023-02-16 16:26:45.313] [jointLog] [info] Aggregating expressions to gene level
[2023-02-16 16:26:45.581] [jointLog] [info] done
