[2024-09-01 04:52:55.015] [jointLog] [info] setting maxHashResizeThreads to 4
[2024-09-01 04:52:55.015] [jointLog] [info] Fragment incompatibility prior below threshold.  Incompatible fragments will be ignored.
[2024-09-01 04:52:55.015] [jointLog] [info] Usage of --validateMappings implies use of minScoreFraction. Since not explicitly specified, it is being set to 0.65
[2024-09-01 04:52:55.015] [jointLog] [info] Setting consensusSlack to selective-alignment default of 0.35.
[2024-09-01 04:52:55.015] [jointLog] [info] parsing read library format
[2024-09-01 04:52:55.015] [jointLog] [info] There is 1 library.
[2024-09-01 04:52:55.117] [jointLog] [info] Loading pufferfish index
[2024-09-01 04:52:55.202] [jointLog] [info] Loading dense pufferfish index.
[2024-09-01 04:53:52.920] [jointLog] [info] done
[2024-09-01 04:53:52.920] [jointLog] [info] Index contained 251,744 targets
[2024-09-01 04:53:58.348] [jointLog] [info] Number of decoys : 194
[2024-09-01 04:53:58.348] [jointLog] [info] First decoy index : 251,509 
[2024-09-01 04:54:01.528] [jointLog] [info] Automatically detected most likely library type as ISR

[2024-09-01 05:20:11.576] [jointLog] [info] Thread saw mini-batch with a maximum of 1.16% zero probability fragments
[2024-09-01 05:20:11.709] [jointLog] [info] Thread saw mini-batch with a maximum of 1.20% zero probability fragments
[2024-09-01 05:20:11.712] [jointLog] [info] Thread saw mini-batch with a maximum of 1.22% zero probability fragments
[2024-09-01 05:20:11.901] [jointLog] [info] Thread saw mini-batch with a maximum of 1.16% zero probability fragments
[2024-09-01 05:20:12.878] [fileLog] [info] 
At end of round 0
==================
Observed 53987075 total fragments (53987075 in most recent round)

[2024-09-01 05:20:12.877] [jointLog] [info] Computed 571,004 rich equivalence classes for further processing
[2024-09-01 05:20:12.878] [jointLog] [info] Counted 23,024,114 total reads in the equivalence classes 
[2024-09-01 05:20:12.887] [jointLog] [warning] 3.70459e-06% of fragments were shorter than the k used to build the index.
If this fraction is too large, consider re-building the index with a smaller k.
The minimum read size found was 19.


[2024-09-01 05:20:12.887] [jointLog] [info] Number of mappings discarded because of alignment score : 12,499,800
[2024-09-01 05:20:12.887] [jointLog] [info] Number of fragments entirely discarded because of alignment score : 6,298,862
[2024-09-01 05:20:12.887] [jointLog] [info] Number of fragments discarded because they are best-mapped to decoys : 5,500,955
[2024-09-01 05:20:12.887] [jointLog] [info] Number of fragments discarded because they have only dovetail (discordant) mappings to valid targets : 407,060
[2024-09-01 05:20:12.887] [jointLog] [info] Mapping rate = 42.6475%

[2024-09-01 05:20:12.887] [jointLog] [info] finished quantifyLibrary()
[2024-09-01 05:20:13.063] [jointLog] [info] Starting optimizer
[2024-09-01 05:20:13.867] [jointLog] [info] Marked 0 weighted equivalence classes as degenerate
[2024-09-01 05:20:13.985] [jointLog] [info] iteration = 0 | max rel diff. = 4874.1
[2024-09-01 05:20:15.120] [jointLog] [info] iteration 11, adjusting effective lengths to account for biases
[2024-09-01 05:25:20.388] [jointLog] [info] Computed expected counts (for bias correction)
[2024-09-01 05:25:20.388] [jointLog] [info] processed bias for 0.0% of the transcripts
[2024-09-01 05:25:55.194] [jointLog] [info] processed bias for 10.0% of the transcripts
[2024-09-01 05:26:31.512] [jointLog] [info] processed bias for 20.0% of the transcripts
[2024-09-01 05:27:06.499] [jointLog] [info] processed bias for 30.0% of the transcripts
[2024-09-01 05:27:43.531] [jointLog] [info] processed bias for 40.0% of the transcripts
[2024-09-01 05:28:20.659] [jointLog] [info] processed bias for 50.0% of the transcripts
[2024-09-01 05:28:52.905] [jointLog] [info] processed bias for 60.0% of the transcripts
[2024-09-01 05:29:26.466] [jointLog] [info] processed bias for 70.0% of the transcripts
[2024-09-01 05:30:00.051] [jointLog] [info] processed bias for 80.0% of the transcripts
[2024-09-01 05:30:30.057] [jointLog] [info] processed bias for 90.0% of the transcripts
[2024-09-01 05:31:03.449] [jointLog] [info] processed bias for 100.0% of the transcripts
[2024-09-01 05:31:12.831] [jointLog] [info] iteration = 100 | max rel diff. = 15.0083
[2024-09-01 05:31:22.273] [jointLog] [info] iteration = 200 | max rel diff. = 12.3694
[2024-09-01 05:31:31.157] [jointLog] [info] iteration = 300 | max rel diff. = 1.4524
[2024-09-01 05:31:40.882] [jointLog] [info] iteration = 400 | max rel diff. = 1.52947
[2024-09-01 05:31:50.930] [jointLog] [info] iteration = 500 | max rel diff. = 1.46662
[2024-09-01 05:32:01.055] [jointLog] [info] iteration = 600 | max rel diff. = 0.42745
[2024-09-01 05:32:11.099] [jointLog] [info] iteration = 700 | max rel diff. = 0.927978
[2024-09-01 05:32:21.810] [jointLog] [info] iteration = 800 | max rel diff. = 0.255941
[2024-09-01 05:32:31.891] [jointLog] [info] iteration = 900 | max rel diff. = 0.248157
[2024-09-01 05:32:41.581] [jointLog] [info] iteration = 1,000 | max rel diff. = 0.604622
[2024-09-01 05:32:51.004] [jointLog] [info] iteration = 1,100 | max rel diff. = 0.0415612
[2024-09-01 05:33:01.651] [jointLog] [info] iteration = 1,200 | max rel diff. = 5.38743
[2024-09-01 05:33:12.059] [jointLog] [info] iteration = 1,300 | max rel diff. = 4.27165
[2024-09-01 05:33:22.133] [jointLog] [info] iteration = 1,400 | max rel diff. = 2.4096
[2024-09-01 05:33:31.556] [jointLog] [info] iteration = 1,500 | max rel diff. = 0.17473
[2024-09-01 05:33:41.373] [jointLog] [info] iteration = 1,600 | max rel diff. = 0.242505
[2024-09-01 05:33:51.077] [jointLog] [info] iteration = 1,700 | max rel diff. = 0.0202211
[2024-09-01 05:34:00.439] [jointLog] [info] iteration = 1,800 | max rel diff. = 0.152897
[2024-09-01 05:34:01.953] [jointLog] [info] iteration = 1,818 | max rel diff. = 0.00837579
[2024-09-01 05:34:02.077] [jointLog] [info] Finished optimizer
[2024-09-01 05:34:02.077] [jointLog] [info] writing output 

[2024-09-01 05:34:02.785] [jointLog] [info] Starting Bootstrapping
[2024-09-01 05:34:03.490] [jointLog] [info] Will draw 50 bootstrap samples
[2024-09-01 05:34:03.490] [jointLog] [info] Optimizing over 571,004 equivalence classes
[2024-09-01 05:34:03.628] [jointLog] [info] Marked 0 weighted equivalence classes as degenerate
[2024-09-01 05:38:13.707] [jointLog] [info] wrote 1 bootstraps
[2024-09-01 05:38:46.709] [jointLog] [info] wrote 2 bootstraps
[2024-09-01 05:38:57.733] [jointLog] [info] wrote 3 bootstraps
[2024-09-01 05:42:06.023] [jointLog] [info] wrote 4 bootstraps
[2024-09-01 05:42:25.536] [jointLog] [info] wrote 5 bootstraps
[2024-09-01 05:42:46.583] [jointLog] [info] wrote 6 bootstraps
[2024-09-01 05:46:06.430] [jointLog] [info] wrote 7 bootstraps
[2024-09-01 05:46:26.587] [jointLog] [info] wrote 8 bootstraps
[2024-09-01 05:47:15.050] [jointLog] [info] wrote 9 bootstraps
[2024-09-01 05:49:24.350] [jointLog] [info] wrote 10 bootstraps
[2024-09-01 05:50:51.316] [jointLog] [info] wrote 11 bootstraps
[2024-09-01 05:50:53.126] [jointLog] [info] wrote 12 bootstraps
[2024-09-01 05:53:44.605] [jointLog] [info] wrote 13 bootstraps
[2024-09-01 05:54:31.534] [jointLog] [info] wrote 14 bootstraps
[2024-09-01 05:54:49.942] [jointLog] [info] wrote 15 bootstraps
[2024-09-01 05:57:02.310] [jointLog] [info] wrote 16 bootstraps
[2024-09-01 05:58:20.650] [jointLog] [info] wrote 17 bootstraps
[2024-09-01 05:58:47.895] [jointLog] [info] wrote 18 bootstraps
[2024-09-01 06:00:18.365] [jointLog] [info] wrote 19 bootstraps
[2024-09-01 06:02:36.121] [jointLog] [info] wrote 20 bootstraps
[2024-09-01 06:02:50.313] [jointLog] [info] wrote 21 bootstraps
[2024-09-01 06:04:20.976] [jointLog] [info] wrote 22 bootstraps
[2024-09-01 06:06:22.637] [jointLog] [info] wrote 23 bootstraps
[2024-09-01 06:06:40.642] [jointLog] [info] wrote 24 bootstraps
[2024-09-01 06:08:47.544] [jointLog] [info] wrote 25 bootstraps
[2024-09-01 06:09:50.765] [jointLog] [info] wrote 26 bootstraps
[2024-09-01 06:10:12.673] [jointLog] [info] wrote 27 bootstraps
[2024-09-01 06:12:25.585] [jointLog] [info] wrote 28 bootstraps
[2024-09-01 06:13:33.997] [jointLog] [info] wrote 29 bootstraps
[2024-09-01 06:13:53.111] [jointLog] [info] wrote 30 bootstraps
[2024-09-01 06:16:34.035] [jointLog] [info] wrote 31 bootstraps
[2024-09-01 06:16:54.730] [jointLog] [info] wrote 32 bootstraps
[2024-09-01 06:17:20.317] [jointLog] [info] wrote 33 bootstraps
[2024-09-01 06:20:05.942] [jointLog] [info] wrote 34 bootstraps
[2024-09-01 06:20:48.247] [jointLog] [info] wrote 35 bootstraps
[2024-09-01 06:21:07.771] [jointLog] [info] wrote 36 bootstraps
[2024-09-01 06:23:42.376] [jointLog] [info] wrote 37 bootstraps
[2024-09-01 06:24:01.448] [jointLog] [info] wrote 38 bootstraps
[2024-09-01 06:24:36.698] [jointLog] [info] wrote 39 bootstraps
[2024-09-01 06:27:17.039] [jointLog] [info] wrote 40 bootstraps
[2024-09-01 06:27:54.980] [jointLog] [info] wrote 41 bootstraps
[2024-09-01 06:28:29.489] [jointLog] [info] wrote 42 bootstraps
[2024-09-01 06:30:52.329] [jointLog] [info] wrote 43 bootstraps
[2024-09-01 06:30:57.190] [jointLog] [info] wrote 44 bootstraps
[2024-09-01 06:32:36.637] [jointLog] [info] wrote 45 bootstraps
[2024-09-01 06:34:13.341] [jointLog] [info] wrote 46 bootstraps
[2024-09-01 06:35:31.598] [jointLog] [info] wrote 47 bootstraps
[2024-09-01 06:36:17.483] [jointLog] [info] wrote 48 bootstraps
[2024-09-01 06:38:43.287] [jointLog] [info] wrote 49 bootstraps
[2024-09-01 06:39:10.639] [jointLog] [info] wrote 50 bootstraps
[2024-09-01 06:39:10.717] [jointLog] [info] Finished Bootstrapping
[2024-09-01 06:39:10.717] [jointLog] [info] Computing gene-level abundance estimates
[2024-09-01 06:40:17.656] [jointLog] [info] There were 252416 transcripts mapping to 62696 genes
[2024-09-01 06:40:17.657] [jointLog] [info] NOTE: We recommend using tximport (https://bioconductor.org/packages/release/bioc/html/tximport.html) for aggregating transcript-level salmon abundance estimates to the gene level.  It is more versatile, exposes more features, and allows considering multi-sample information during aggregation.
[2024-09-01 06:40:18.893] [jointLog] [info] Aggregating expressions to gene level
[2024-09-01 06:40:19.213] [jointLog] [info] done
