[2023-02-16 14:59:58.446] [jointLog] [info] setting maxHashResizeThreads to 4
[2023-02-16 14:59:58.446] [jointLog] [info] Fragment incompatibility prior below threshold.  Incompatible fragments will be ignored.
[2023-02-16 14:59:58.446] [jointLog] [info] Usage of --validateMappings implies use of minScoreFraction. Since not explicitly specified, it is being set to 0.65
[2023-02-16 14:59:58.446] [jointLog] [info] Setting consensusSlack to selective-alignment default of 0.35.
[2023-02-16 14:59:58.446] [jointLog] [info] parsing read library format
[2023-02-16 14:59:58.446] [jointLog] [info] There is 1 library.
[2023-02-16 14:59:58.500] [jointLog] [info] Loading pufferfish index
[2023-02-16 14:59:58.501] [jointLog] [info] Loading dense pufferfish index.
[2023-02-16 15:04:23.347] [jointLog] [info] done
[2023-02-16 15:04:23.347] [jointLog] [info] Index contained 251,744 targets
[2023-02-16 15:04:25.820] [jointLog] [info] Number of decoys : 194
[2023-02-16 15:04:25.820] [jointLog] [info] First decoy index : 251,509 
[2023-02-16 15:04:31.197] [jointLog] [info] Automatically detected most likely library type as IU

[2023-02-16 15:21:54.713] [fileLog] [info] 
At end of round 0
==================
Observed 71467343 total fragments (71467343 in most recent round)

[2023-02-16 15:21:54.712] [jointLog] [info] Computed 425,440 rich equivalence classes for further processing
[2023-02-16 15:21:54.712] [jointLog] [info] Counted 60,976,326 total reads in the equivalence classes 
[2023-02-16 15:21:54.716] [jointLog] [warning] 2.79848e-05% of fragments were shorter than the k used to build the index.
If this fraction is too large, consider re-building the index with a smaller k.
The minimum read size found was 15.


[2023-02-16 15:21:54.716] [jointLog] [info] Number of mappings discarded because of alignment score : 30,564,253
[2023-02-16 15:21:54.716] [jointLog] [info] Number of fragments entirely discarded because of alignment score : 5,972,269
[2023-02-16 15:21:54.716] [jointLog] [info] Number of fragments discarded because they are best-mapped to decoys : 4,615,151
[2023-02-16 15:21:54.716] [jointLog] [info] Number of fragments discarded because they have only dovetail (discordant) mappings to valid targets : 180,986
[2023-02-16 15:21:54.716] [jointLog] [info] Mapping rate = 85.3205%

[2023-02-16 15:21:54.716] [jointLog] [info] finished quantifyLibrary()
[2023-02-16 15:21:54.718] [jointLog] [info] Starting optimizer
[2023-02-16 15:21:54.950] [jointLog] [info] Marked 0 weighted equivalence classes as degenerate
[2023-02-16 15:21:54.992] [jointLog] [info] iteration = 0 | max rel diff. = 62.5953
[2023-02-16 15:21:55.451] [jointLog] [info] iteration 11, adjusting effective lengths to account for biases
[2023-02-16 15:22:55.884] [jointLog] [info] Computed expected counts (for bias correction)
[2023-02-16 15:22:55.884] [jointLog] [info] processed bias for 0.0% of the transcripts
[2023-02-16 15:23:02.755] [jointLog] [info] processed bias for 10.0% of the transcripts
[2023-02-16 15:23:09.216] [jointLog] [info] processed bias for 20.0% of the transcripts
[2023-02-16 15:23:15.698] [jointLog] [info] processed bias for 30.0% of the transcripts
[2023-02-16 15:23:22.635] [jointLog] [info] processed bias for 40.0% of the transcripts
[2023-02-16 15:23:29.207] [jointLog] [info] processed bias for 50.0% of the transcripts
[2023-02-16 15:23:36.500] [jointLog] [info] processed bias for 60.0% of the transcripts
[2023-02-16 15:23:43.388] [jointLog] [info] processed bias for 70.0% of the transcripts
[2023-02-16 15:23:50.723] [jointLog] [info] processed bias for 80.0% of the transcripts
[2023-02-16 15:23:58.921] [jointLog] [info] processed bias for 90.0% of the transcripts
[2023-02-16 15:24:05.889] [jointLog] [info] processed bias for 100.0% of the transcripts
[2023-02-16 15:24:09.215] [jointLog] [info] iteration = 100 | max rel diff. = 15.3897
[2023-02-16 15:24:13.133] [jointLog] [info] iteration = 200 | max rel diff. = 17.0957
[2023-02-16 15:24:16.733] [jointLog] [info] iteration = 300 | max rel diff. = 1.56653
[2023-02-16 15:24:20.380] [jointLog] [info] iteration = 400 | max rel diff. = 11.7786
[2023-02-16 15:24:23.980] [jointLog] [info] iteration = 500 | max rel diff. = 20.2773
[2023-02-16 15:24:27.819] [jointLog] [info] iteration = 600 | max rel diff. = 0.792302
[2023-02-16 15:24:31.515] [jointLog] [info] iteration = 700 | max rel diff. = 0.315588
[2023-02-16 15:24:35.352] [jointLog] [info] iteration = 800 | max rel diff. = 8.03385
[2023-02-16 15:24:39.186] [jointLog] [info] iteration = 900 | max rel diff. = 0.16083
[2023-02-16 15:24:43.053] [jointLog] [info] iteration = 1,000 | max rel diff. = 0.0770915
[2023-02-16 15:24:47.259] [jointLog] [info] iteration = 1,100 | max rel diff. = 0.0543127
[2023-02-16 15:24:50.983] [jointLog] [info] iteration = 1,200 | max rel diff. = 0.114493
[2023-02-16 15:24:51.972] [jointLog] [info] iteration = 1,227 | max rel diff. = 0.00927218
[2023-02-16 15:24:52.019] [jointLog] [info] Finished optimizer
[2023-02-16 15:24:52.019] [jointLog] [info] writing output 

[2023-02-16 15:24:52.371] [jointLog] [info] Starting Bootstrapping
[2023-02-16 15:24:52.501] [jointLog] [info] Will draw 50 bootstrap samples
[2023-02-16 15:24:52.501] [jointLog] [info] Optimizing over 425,440 equivalence classes
[2023-02-16 15:24:52.555] [jointLog] [info] Marked 0 weighted equivalence classes as degenerate
[2023-02-16 15:26:12.997] [jointLog] [info] wrote 1 bootstraps
[2023-02-16 15:26:33.065] [jointLog] [info] wrote 2 bootstraps
[2023-02-16 15:26:40.835] [jointLog] [info] wrote 3 bootstraps
[2023-02-16 15:27:54.773] [jointLog] [info] wrote 4 bootstraps
[2023-02-16 15:28:07.112] [jointLog] [info] wrote 5 bootstraps
[2023-02-16 15:28:08.411] [jointLog] [info] wrote 6 bootstraps
[2023-02-16 15:29:25.063] [jointLog] [info] wrote 7 bootstraps
[2023-02-16 15:29:43.032] [jointLog] [info] wrote 8 bootstraps
[2023-02-16 15:29:46.047] [jointLog] [info] wrote 9 bootstraps
[2023-02-16 15:31:14.299] [jointLog] [info] wrote 10 bootstraps
[2023-02-16 15:31:14.970] [jointLog] [info] wrote 11 bootstraps
[2023-02-16 15:31:18.690] [jointLog] [info] wrote 12 bootstraps
[2023-02-16 15:32:33.236] [jointLog] [info] wrote 13 bootstraps
[2023-02-16 15:32:50.102] [jointLog] [info] wrote 14 bootstraps
[2023-02-16 15:33:09.256] [jointLog] [info] wrote 15 bootstraps
[2023-02-16 15:33:39.589] [jointLog] [info] wrote 16 bootstraps
[2023-02-16 15:34:21.073] [jointLog] [info] wrote 17 bootstraps
[2023-02-16 15:34:22.678] [jointLog] [info] wrote 18 bootstraps
[2023-02-16 15:35:19.190] [jointLog] [info] wrote 19 bootstraps
[2023-02-16 15:35:46.549] [jointLog] [info] wrote 20 bootstraps
[2023-02-16 15:36:05.025] [jointLog] [info] wrote 21 bootstraps
[2023-02-16 15:36:47.641] [jointLog] [info] wrote 22 bootstraps
[2023-02-16 15:36:59.952] [jointLog] [info] wrote 23 bootstraps
[2023-02-16 15:37:15.978] [jointLog] [info] wrote 24 bootstraps
[2023-02-16 15:38:38.682] [jointLog] [info] wrote 25 bootstraps
[2023-02-16 15:38:41.080] [jointLog] [info] wrote 26 bootstraps
[2023-02-16 15:38:49.312] [jointLog] [info] wrote 27 bootstraps
[2023-02-16 15:40:06.919] [jointLog] [info] wrote 28 bootstraps
[2023-02-16 15:40:19.358] [jointLog] [info] wrote 29 bootstraps
[2023-02-16 15:40:33.738] [jointLog] [info] wrote 30 bootstraps
[2023-02-16 15:41:34.208] [jointLog] [info] wrote 31 bootstraps
[2023-02-16 15:41:49.310] [jointLog] [info] wrote 32 bootstraps
[2023-02-16 15:42:09.000] [jointLog] [info] wrote 33 bootstraps
[2023-02-16 15:43:01.441] [jointLog] [info] wrote 34 bootstraps
[2023-02-16 15:43:03.830] [jointLog] [info] wrote 35 bootstraps
[2023-02-16 15:43:57.415] [jointLog] [info] wrote 36 bootstraps
[2023-02-16 15:44:31.569] [jointLog] [info] wrote 37 bootstraps
[2023-02-16 15:44:36.924] [jointLog] [info] wrote 38 bootstraps
[2023-02-16 15:45:34.186] [jointLog] [info] wrote 39 bootstraps
[2023-02-16 15:45:57.765] [jointLog] [info] wrote 40 bootstraps
[2023-02-16 15:46:30.621] [jointLog] [info] wrote 41 bootstraps
[2023-02-16 15:46:40.060] [jointLog] [info] wrote 42 bootstraps
[2023-02-16 15:47:25.617] [jointLog] [info] wrote 43 bootstraps
[2023-02-16 15:47:58.115] [jointLog] [info] wrote 44 bootstraps
[2023-02-16 15:48:07.310] [jointLog] [info] wrote 45 bootstraps
[2023-02-16 15:48:58.478] [jointLog] [info] wrote 46 bootstraps
[2023-02-16 15:49:33.761] [jointLog] [info] wrote 47 bootstraps
[2023-02-16 15:49:39.840] [jointLog] [info] wrote 48 bootstraps
[2023-02-16 15:50:25.717] [jointLog] [info] wrote 49 bootstraps
[2023-02-16 15:51:03.347] [jointLog] [info] wrote 50 bootstraps
[2023-02-16 15:51:03.379] [jointLog] [info] Finished Bootstrapping
[2023-02-16 15:51:03.379] [jointLog] [info] Computing gene-level abundance estimates
[2023-02-16 15:51:39.535] [jointLog] [info] There were 252416 transcripts mapping to 62696 genes
[2023-02-16 15:51:39.536] [jointLog] [info] NOTE: We recommend using tximport (https://bioconductor.org/packages/release/bioc/html/tximport.html) for aggregating transcript-level salmon abundance estimates to the gene level.  It is more versatile, exposes more features, and allows considering multi-sample information during aggregation.
[2023-02-16 15:51:39.914] [jointLog] [info] Aggregating expressions to gene level
[2023-02-16 15:51:40.055] [jointLog] [info] done
