[2024-09-07 13:42:30.090] [jointLog] [info] setting maxHashResizeThreads to 4
[2024-09-07 13:42:30.090] [jointLog] [info] Fragment incompatibility prior below threshold.  Incompatible fragments will be ignored.
[2024-09-07 13:42:30.090] [jointLog] [info] Usage of --validateMappings implies use of minScoreFraction. Since not explicitly specified, it is being set to 0.65
[2024-09-07 13:42:30.090] [jointLog] [info] Setting consensusSlack to selective-alignment default of 0.35.
[2024-09-07 13:42:30.090] [jointLog] [info] parsing read library format
[2024-09-07 13:42:30.091] [jointLog] [info] There is 1 library.
[2024-09-07 13:42:30.148] [jointLog] [info] Loading pufferfish index
[2024-09-07 13:42:30.148] [jointLog] [info] Loading dense pufferfish index.
[2024-09-07 13:44:26.610] [jointLog] [info] done
[2024-09-07 13:44:26.621] [jointLog] [info] Index contained 251,744 targets
[2024-09-07 13:44:29.979] [jointLog] [info] Number of decoys : 194
[2024-09-07 13:44:29.979] [jointLog] [info] First decoy index : 251,509 
[2024-09-07 13:44:30.930] [jointLog] [info] Automatically detected most likely library type as ISR

[2024-09-07 14:08:53.318] [jointLog] [info] Thread saw mini-batch with a maximum of 1.28% zero probability fragments
[2024-09-07 14:08:53.384] [jointLog] [info] Thread saw mini-batch with a maximum of 1.30% zero probability fragments
[2024-09-07 14:08:53.579] [jointLog] [info] Thread saw mini-batch with a maximum of 1.22% zero probability fragments
[2024-09-07 14:08:53.623] [jointLog] [info] Thread saw mini-batch with a maximum of 1.34% zero probability fragments
[2024-09-07 14:08:54.408] [jointLog] [info] Computed 660,488 rich equivalence classes for further processing
[2024-09-07 14:08:54.408] [jointLog] [info] Counted 37,579,001 total reads in the equivalence classes 
[2024-09-07 14:08:54.416] [jointLog] [warning] 1.70486e-05% of fragments were shorter than the k used to build the index.
If this fraction is too large, consider re-building the index with a smaller k.
The minimum read size found was 18.


[2024-09-07 14:08:54.416] [jointLog] [info] Number of mappings discarded because of alignment score : 13,449,563
[2024-09-07 14:08:54.416] [jointLog] [info] Number of fragments entirely discarded because of alignment score : 6,861,103
[2024-09-07 14:08:54.416] [jointLog] [info] Number of fragments discarded because they are best-mapped to decoys : 6,338,770
[2024-09-07 14:08:54.416] [jointLog] [info] Number of fragments discarded because they have only dovetail (discordant) mappings to valid targets : 200,966
[2024-09-07 14:08:54.416] [jointLog] [info] Mapping rate = 58.2427%

[2024-09-07 14:08:54.416] [jointLog] [info] finished quantifyLibrary()
[2024-09-07 14:08:54.417] [jointLog] [info] Starting optimizer
[2024-09-07 14:08:54.409] [fileLog] [info] 
At end of round 0
==================
Observed 64521377 total fragments (64521377 in most recent round)

[2024-09-07 14:08:54.781] [jointLog] [info] Marked 0 weighted equivalence classes as degenerate
[2024-09-07 14:08:54.855] [jointLog] [info] iteration = 0 | max rel diff. = 3695.13
[2024-09-07 14:08:55.525] [jointLog] [info] iteration 11, adjusting effective lengths to account for biases
[2024-09-07 14:15:00.608] [jointLog] [info] Computed expected counts (for bias correction)
[2024-09-07 14:15:00.609] [jointLog] [info] processed bias for 0.0% of the transcripts
[2024-09-07 14:15:29.946] [jointLog] [info] processed bias for 10.0% of the transcripts
[2024-09-07 14:15:56.499] [jointLog] [info] processed bias for 20.0% of the transcripts
[2024-09-07 14:16:23.221] [jointLog] [info] processed bias for 30.0% of the transcripts
[2024-09-07 14:16:49.764] [jointLog] [info] processed bias for 40.0% of the transcripts
[2024-09-07 14:17:17.481] [jointLog] [info] processed bias for 50.0% of the transcripts
[2024-09-07 14:17:43.574] [jointLog] [info] processed bias for 60.0% of the transcripts
[2024-09-07 14:18:11.078] [jointLog] [info] processed bias for 70.0% of the transcripts
[2024-09-07 14:18:39.113] [jointLog] [info] processed bias for 80.0% of the transcripts
[2024-09-07 14:19:07.635] [jointLog] [info] processed bias for 90.0% of the transcripts
[2024-09-07 14:19:37.155] [jointLog] [info] processed bias for 100.0% of the transcripts
[2024-09-07 14:19:42.809] [jointLog] [info] iteration = 100 | max rel diff. = 16.4742
[2024-09-07 14:19:49.062] [jointLog] [info] iteration = 200 | max rel diff. = 7.57064
[2024-09-07 14:19:55.313] [jointLog] [info] iteration = 300 | max rel diff. = 16.8145
[2024-09-07 14:20:01.574] [jointLog] [info] iteration = 400 | max rel diff. = 4.4485
[2024-09-07 14:20:07.856] [jointLog] [info] iteration = 500 | max rel diff. = 11.3898
[2024-09-07 14:20:14.120] [jointLog] [info] iteration = 600 | max rel diff. = 4.38538
[2024-09-07 14:20:20.371] [jointLog] [info] iteration = 700 | max rel diff. = 1.89624
[2024-09-07 14:20:26.619] [jointLog] [info] iteration = 800 | max rel diff. = 0.720451
[2024-09-07 14:20:32.859] [jointLog] [info] iteration = 900 | max rel diff. = 1.65074
[2024-09-07 14:20:39.102] [jointLog] [info] iteration = 1,000 | max rel diff. = 0.22358
[2024-09-07 14:20:45.349] [jointLog] [info] iteration = 1,100 | max rel diff. = 0.0551154
[2024-09-07 14:20:51.616] [jointLog] [info] iteration = 1,200 | max rel diff. = 0.0208998
[2024-09-07 14:20:57.846] [jointLog] [info] iteration = 1,300 | max rel diff. = 0.201824
[2024-09-07 14:21:04.118] [jointLog] [info] iteration = 1,400 | max rel diff. = 0.0371774
[2024-09-07 14:21:10.362] [jointLog] [info] iteration = 1,500 | max rel diff. = 0.110403
[2024-09-07 14:21:16.607] [jointLog] [info] iteration = 1,600 | max rel diff. = 0.194353
[2024-09-07 14:21:22.852] [jointLog] [info] iteration = 1,700 | max rel diff. = 0.0830563
[2024-09-07 14:21:23.733] [jointLog] [info] iteration = 1,715 | max rel diff. = 0.00800398
[2024-09-07 14:21:23.775] [jointLog] [info] Finished optimizer
[2024-09-07 14:21:23.775] [jointLog] [info] writing output 

[2024-09-07 14:21:24.243] [jointLog] [info] Starting Bootstrapping
[2024-09-07 14:21:24.483] [jointLog] [info] Will draw 50 bootstrap samples
[2024-09-07 14:21:24.483] [jointLog] [info] Optimizing over 660,488 equivalence classes
[2024-09-07 14:21:24.559] [jointLog] [info] Marked 0 weighted equivalence classes as degenerate
[2024-09-07 14:23:52.301] [jointLog] [info] wrote 1 bootstraps
[2024-09-07 14:23:56.685] [jointLog] [info] wrote 2 bootstraps
[2024-09-07 14:23:59.549] [jointLog] [info] wrote 3 bootstraps
[2024-09-07 14:26:16.302] [jointLog] [info] wrote 4 bootstraps
[2024-09-07 14:26:47.765] [jointLog] [info] wrote 5 bootstraps
[2024-09-07 14:26:56.518] [jointLog] [info] wrote 6 bootstraps
[2024-09-07 14:28:43.472] [jointLog] [info] wrote 7 bootstraps
[2024-09-07 14:29:03.468] [jointLog] [info] wrote 8 bootstraps
[2024-09-07 14:29:37.833] [jointLog] [info] wrote 9 bootstraps
[2024-09-07 14:30:50.994] [jointLog] [info] wrote 10 bootstraps
[2024-09-07 14:31:37.208] [jointLog] [info] wrote 11 bootstraps
[2024-09-07 14:31:38.171] [jointLog] [info] wrote 12 bootstraps
[2024-09-07 14:32:49.689] [jointLog] [info] wrote 13 bootstraps
[2024-09-07 14:33:56.959] [jointLog] [info] wrote 14 bootstraps
[2024-09-07 14:34:10.006] [jointLog] [info] wrote 15 bootstraps
[2024-09-07 14:35:12.769] [jointLog] [info] wrote 16 bootstraps
[2024-09-07 14:36:32.867] [jointLog] [info] wrote 17 bootstraps
[2024-09-07 14:37:21.325] [jointLog] [info] wrote 18 bootstraps
[2024-09-07 14:37:53.501] [jointLog] [info] wrote 19 bootstraps
[2024-09-07 14:39:25.620] [jointLog] [info] wrote 20 bootstraps
[2024-09-07 14:39:53.025] [jointLog] [info] wrote 21 bootstraps
[2024-09-07 14:40:04.040] [jointLog] [info] wrote 22 bootstraps
[2024-09-07 14:42:00.423] [jointLog] [info] wrote 23 bootstraps
[2024-09-07 14:42:19.103] [jointLog] [info] wrote 24 bootstraps
[2024-09-07 14:42:42.530] [jointLog] [info] wrote 25 bootstraps
[2024-09-07 14:43:52.400] [jointLog] [info] wrote 26 bootstraps
[2024-09-07 14:44:55.890] [jointLog] [info] wrote 27 bootstraps
[2024-09-07 14:46:12.856] [jointLog] [info] wrote 28 bootstraps
[2024-09-07 14:46:43.667] [jointLog] [info] wrote 29 bootstraps
[2024-09-07 14:47:25.329] [jointLog] [info] wrote 30 bootstraps
[2024-09-07 14:48:58.798] [jointLog] [info] wrote 31 bootstraps
[2024-09-07 14:50:02.448] [jointLog] [info] wrote 32 bootstraps
[2024-09-07 14:50:14.634] [jointLog] [info] wrote 33 bootstraps
[2024-09-07 14:52:09.215] [jointLog] [info] wrote 34 bootstraps
[2024-09-07 14:52:48.100] [jointLog] [info] wrote 35 bootstraps
[2024-09-07 14:53:15.281] [jointLog] [info] wrote 36 bootstraps
[2024-09-07 14:55:00.678] [jointLog] [info] wrote 37 bootstraps
[2024-09-07 14:55:22.954] [jointLog] [info] wrote 38 bootstraps
[2024-09-07 14:55:55.068] [jointLog] [info] wrote 39 bootstraps
[2024-09-07 14:57:11.479] [jointLog] [info] wrote 40 bootstraps
[2024-09-07 14:57:41.723] [jointLog] [info] wrote 41 bootstraps
[2024-09-07 14:59:02.447] [jointLog] [info] wrote 42 bootstraps
[2024-09-07 14:59:32.359] [jointLog] [info] wrote 43 bootstraps
[2024-09-07 15:00:10.447] [jointLog] [info] wrote 44 bootstraps
[2024-09-07 15:01:29.443] [jointLog] [info] wrote 45 bootstraps
[2024-09-07 15:02:12.519] [jointLog] [info] wrote 46 bootstraps
[2024-09-07 15:02:42.094] [jointLog] [info] wrote 47 bootstraps
[2024-09-07 15:04:07.703] [jointLog] [info] wrote 48 bootstraps
[2024-09-07 15:04:18.335] [jointLog] [info] wrote 49 bootstraps
[2024-09-07 15:05:19.218] [jointLog] [info] wrote 50 bootstraps
[2024-09-07 15:05:19.305] [jointLog] [info] Finished Bootstrapping
[2024-09-07 15:05:19.305] [jointLog] [info] Computing gene-level abundance estimates
[2024-09-07 15:06:13.202] [jointLog] [info] There were 252416 transcripts mapping to 62696 genes
[2024-09-07 15:06:13.203] [jointLog] [info] NOTE: We recommend using tximport (https://bioconductor.org/packages/release/bioc/html/tximport.html) for aggregating transcript-level salmon abundance estimates to the gene level.  It is more versatile, exposes more features, and allows considering multi-sample information during aggregation.
[2024-09-07 15:06:13.695] [jointLog] [info] Aggregating expressions to gene level
[2024-09-07 15:06:13.883] [jointLog] [info] done
