[2024-08-03 21:57:41.397] [jointLog] [info] setting maxHashResizeThreads to 4
[2024-08-03 21:57:41.397] [jointLog] [info] Fragment incompatibility prior below threshold.  Incompatible fragments will be ignored.
[2024-08-03 21:57:41.397] [jointLog] [info] Usage of --validateMappings implies use of minScoreFraction. Since not explicitly specified, it is being set to 0.65
[2024-08-03 21:57:41.397] [jointLog] [info] Setting consensusSlack to selective-alignment default of 0.35.
[2024-08-03 21:57:41.397] [jointLog] [info] parsing read library format
[2024-08-03 21:57:41.397] [jointLog] [info] There is 1 library.
[2024-08-03 21:57:41.787] [jointLog] [info] Loading pufferfish index
[2024-08-03 21:57:42.354] [jointLog] [info] Loading dense pufferfish index.
[2024-08-03 21:58:24.046] [jointLog] [info] done
[2024-08-03 21:58:24.046] [jointLog] [info] Index contained 251,744 targets
[2024-08-03 21:58:27.411] [jointLog] [info] Number of decoys : 194
[2024-08-03 21:58:27.411] [jointLog] [info] First decoy index : 251,509 
[2024-08-03 21:58:30.290] [jointLog] [info] Automatically detected most likely library type as ISR

[2024-08-03 22:15:34.044] [jointLog] [info] Thread saw mini-batch with a maximum of 1.24% zero probability fragments
[2024-08-03 22:15:34.126] [jointLog] [info] Thread saw mini-batch with a maximum of 1.26% zero probability fragments
[2024-08-03 22:15:34.136] [jointLog] [info] Thread saw mini-batch with a maximum of 1.20% zero probability fragments
[2024-08-03 22:15:34.185] [jointLog] [info] Thread saw mini-batch with a maximum of 1.26% zero probability fragments
[2024-08-03 22:15:34.618] [fileLog] [info] 
At end of round 0
==================
Observed 43928306 total fragments (43928306 in most recent round)

[2024-08-03 22:15:34.618] [jointLog] [info] Computed 442,687 rich equivalence classes for further processing
[2024-08-03 22:15:34.618] [jointLog] [info] Counted 37,639,927 total reads in the equivalence classes 
[2024-08-03 22:15:34.622] [jointLog] [info] Number of mappings discarded because of alignment score : 20,468,935
[2024-08-03 22:15:34.623] [jointLog] [info] Number of fragments entirely discarded because of alignment score : 3,254,272
[2024-08-03 22:15:34.623] [jointLog] [info] Number of fragments discarded because they are best-mapped to decoys : 2,407,154
[2024-08-03 22:15:34.623] [jointLog] [info] Number of fragments discarded because they have only dovetail (discordant) mappings to valid targets : 115,187
[2024-08-03 22:15:34.623] [jointLog] [info] Mapping rate = 85.6849%

[2024-08-03 22:15:34.623] [jointLog] [info] finished quantifyLibrary()
[2024-08-03 22:15:34.625] [jointLog] [info] Starting optimizer
[2024-08-03 22:15:34.881] [jointLog] [info] Marked 0 weighted equivalence classes as degenerate
[2024-08-03 22:15:34.936] [jointLog] [info] iteration = 0 | max rel diff. = 3675.56
[2024-08-03 22:15:35.434] [jointLog] [info] iteration 11, adjusting effective lengths to account for biases
[2024-08-03 22:19:28.630] [jointLog] [info] Computed expected counts (for bias correction)
[2024-08-03 22:19:28.631] [jointLog] [info] processed bias for 0.0% of the transcripts
[2024-08-03 22:19:49.123] [jointLog] [info] processed bias for 10.0% of the transcripts
[2024-08-03 22:20:07.922] [jointLog] [info] processed bias for 20.0% of the transcripts
[2024-08-03 22:20:26.620] [jointLog] [info] processed bias for 30.0% of the transcripts
[2024-08-03 22:20:44.921] [jointLog] [info] processed bias for 40.0% of the transcripts
[2024-08-03 22:21:03.210] [jointLog] [info] processed bias for 50.0% of the transcripts
[2024-08-03 22:21:21.185] [jointLog] [info] processed bias for 60.0% of the transcripts
[2024-08-03 22:21:38.366] [jointLog] [info] processed bias for 70.0% of the transcripts
[2024-08-03 22:21:54.670] [jointLog] [info] processed bias for 80.0% of the transcripts
[2024-08-03 22:22:12.300] [jointLog] [info] processed bias for 90.0% of the transcripts
[2024-08-03 22:22:32.204] [jointLog] [info] processed bias for 100.0% of the transcripts
[2024-08-03 22:22:36.002] [jointLog] [info] iteration = 100 | max rel diff. = 16.2699
[2024-08-03 22:22:40.163] [jointLog] [info] iteration = 200 | max rel diff. = 17.1493
[2024-08-03 22:22:44.332] [jointLog] [info] iteration = 300 | max rel diff. = 8.68388
[2024-08-03 22:22:48.499] [jointLog] [info] iteration = 400 | max rel diff. = 0.34569
[2024-08-03 22:22:52.643] [jointLog] [info] iteration = 500 | max rel diff. = 0.532449
[2024-08-03 22:22:56.787] [jointLog] [info] iteration = 600 | max rel diff. = 3.27098
[2024-08-03 22:23:00.963] [jointLog] [info] iteration = 700 | max rel diff. = 0.253251
[2024-08-03 22:23:05.121] [jointLog] [info] iteration = 800 | max rel diff. = 0.189117
[2024-08-03 22:23:09.284] [jointLog] [info] iteration = 900 | max rel diff. = 0.111246
[2024-08-03 22:23:13.421] [jointLog] [info] iteration = 1,000 | max rel diff. = 1.17914
[2024-08-03 22:23:17.585] [jointLog] [info] iteration = 1,100 | max rel diff. = 0.0419327
[2024-08-03 22:23:21.757] [jointLog] [info] iteration = 1,200 | max rel diff. = 0.0199212
[2024-08-03 22:23:25.963] [jointLog] [info] iteration = 1,300 | max rel diff. = 0.0230929
[2024-08-03 22:23:29.715] [jointLog] [info] iteration = 1,390 | max rel diff. = 0.00704255
[2024-08-03 22:23:29.775] [jointLog] [info] Finished optimizer
[2024-08-03 22:23:29.775] [jointLog] [info] writing output 

[2024-08-03 22:23:30.815] [jointLog] [info] Starting Bootstrapping
[2024-08-03 22:23:31.064] [jointLog] [info] Will draw 50 bootstrap samples
[2024-08-03 22:23:31.064] [jointLog] [info] Optimizing over 442,687 equivalence classes
[2024-08-03 22:23:31.115] [jointLog] [info] Marked 0 weighted equivalence classes as degenerate
[2024-08-03 22:24:43.261] [jointLog] [info] wrote 1 bootstraps
[2024-08-03 22:24:57.844] [jointLog] [info] wrote 2 bootstraps
[2024-08-03 22:25:06.485] [jointLog] [info] wrote 3 bootstraps
[2024-08-03 22:26:10.826] [jointLog] [info] wrote 4 bootstraps
[2024-08-03 22:26:14.760] [jointLog] [info] wrote 5 bootstraps
[2024-08-03 22:26:30.954] [jointLog] [info] wrote 6 bootstraps
[2024-08-03 22:27:33.475] [jointLog] [info] wrote 7 bootstraps
[2024-08-03 22:28:00.042] [jointLog] [info] wrote 8 bootstraps
[2024-08-03 22:28:03.439] [jointLog] [info] wrote 9 bootstraps
[2024-08-03 22:29:18.280] [jointLog] [info] wrote 10 bootstraps
[2024-08-03 22:29:32.863] [jointLog] [info] wrote 11 bootstraps
[2024-08-03 22:29:45.006] [jointLog] [info] wrote 12 bootstraps
[2024-08-03 22:31:00.432] [jointLog] [info] wrote 13 bootstraps
[2024-08-03 22:31:01.911] [jointLog] [info] wrote 14 bootstraps
[2024-08-03 22:31:28.443] [jointLog] [info] wrote 15 bootstraps
[2024-08-03 22:32:47.685] [jointLog] [info] wrote 16 bootstraps
[2024-08-03 22:33:03.030] [jointLog] [info] wrote 17 bootstraps
[2024-08-03 22:33:30.215] [jointLog] [info] wrote 18 bootstraps
[2024-08-03 22:34:30.093] [jointLog] [info] wrote 19 bootstraps
[2024-08-03 22:34:40.133] [jointLog] [info] wrote 20 bootstraps
[2024-08-03 22:35:26.606] [jointLog] [info] wrote 21 bootstraps
[2024-08-03 22:36:15.157] [jointLog] [info] wrote 22 bootstraps
[2024-08-03 22:36:17.399] [jointLog] [info] wrote 23 bootstraps
[2024-08-03 22:37:20.205] [jointLog] [info] wrote 24 bootstraps
[2024-08-03 22:37:48.905] [jointLog] [info] wrote 25 bootstraps
[2024-08-03 22:38:14.500] [jointLog] [info] wrote 26 bootstraps
[2024-08-03 22:39:29.215] [jointLog] [info] wrote 27 bootstraps
[2024-08-03 22:39:37.378] [jointLog] [info] wrote 28 bootstraps
[2024-08-03 22:39:59.200] [jointLog] [info] wrote 29 bootstraps
[2024-08-03 22:41:09.800] [jointLog] [info] wrote 30 bootstraps
[2024-08-03 22:41:35.360] [jointLog] [info] wrote 31 bootstraps
[2024-08-03 22:41:41.813] [jointLog] [info] wrote 32 bootstraps
[2024-08-03 22:43:01.469] [jointLog] [info] wrote 33 bootstraps
[2024-08-03 22:43:02.361] [jointLog] [info] wrote 34 bootstraps
[2024-08-03 22:43:31.685] [jointLog] [info] wrote 35 bootstraps
[2024-08-03 22:44:42.490] [jointLog] [info] wrote 36 bootstraps
[2024-08-03 22:44:43.596] [jointLog] [info] wrote 37 bootstraps
[2024-08-03 22:45:15.576] [jointLog] [info] wrote 38 bootstraps
[2024-08-03 22:46:23.570] [jointLog] [info] wrote 39 bootstraps
[2024-08-03 22:46:41.555] [jointLog] [info] wrote 40 bootstraps
[2024-08-03 22:47:11.245] [jointLog] [info] wrote 41 bootstraps
[2024-08-03 22:47:56.319] [jointLog] [info] wrote 42 bootstraps
[2024-08-03 22:48:26.407] [jointLog] [info] wrote 43 bootstraps
[2024-08-03 22:48:35.773] [jointLog] [info] wrote 44 bootstraps
[2024-08-03 22:49:33.062] [jointLog] [info] wrote 45 bootstraps
[2024-08-03 22:50:10.252] [jointLog] [info] wrote 46 bootstraps
[2024-08-03 22:50:44.295] [jointLog] [info] wrote 47 bootstraps
[2024-08-03 22:51:08.801] [jointLog] [info] wrote 48 bootstraps
[2024-08-03 22:51:47.987] [jointLog] [info] wrote 49 bootstraps
[2024-08-03 22:52:12.650] [jointLog] [info] wrote 50 bootstraps
[2024-08-03 22:52:12.706] [jointLog] [info] Finished Bootstrapping
[2024-08-03 22:52:12.706] [jointLog] [info] Computing gene-level abundance estimates
[2024-08-03 22:53:07.721] [jointLog] [info] There were 252416 transcripts mapping to 62696 genes
[2024-08-03 22:53:07.721] [jointLog] [info] NOTE: We recommend using tximport (https://bioconductor.org/packages/release/bioc/html/tximport.html) for aggregating transcript-level salmon abundance estimates to the gene level.  It is more versatile, exposes more features, and allows considering multi-sample information during aggregation.
[2024-08-03 22:53:08.291] [jointLog] [info] Aggregating expressions to gene level
[2024-08-03 22:53:08.500] [jointLog] [info] done
