[2024-05-20 22:06:26.917] [jointLog] [info] setting maxHashResizeThreads to 4
[2024-05-20 22:06:26.917] [jointLog] [info] Fragment incompatibility prior below threshold.  Incompatible fragments will be ignored.
[2024-05-20 22:06:26.917] [jointLog] [info] Usage of --validateMappings implies use of minScoreFraction. Since not explicitly specified, it is being set to 0.65
[2024-05-20 22:06:26.917] [jointLog] [info] Setting consensusSlack to selective-alignment default of 0.35.
[2024-05-20 22:06:26.917] [jointLog] [info] parsing read library format
[2024-05-20 22:06:26.917] [jointLog] [info] There is 1 library.
[2024-05-20 22:06:27.472] [jointLog] [info] Loading pufferfish index
[2024-05-20 22:06:27.857] [jointLog] [info] Loading dense pufferfish index.
[2024-05-20 22:06:57.399] [jointLog] [info] done
[2024-05-20 22:06:57.399] [jointLog] [info] Index contained 251,744 targets
[2024-05-20 22:06:59.867] [jointLog] [info] Number of decoys : 194
[2024-05-20 22:06:59.867] [jointLog] [info] First decoy index : 251,509 
[2024-05-20 22:07:01.269] [jointLog] [info] Automatically detected most likely library type as ISR

[2024-05-20 22:55:21.911] [jointLog] [info] Thread saw mini-batch with a maximum of 2.20% zero probability fragments
[2024-05-20 22:55:21.913] [jointLog] [info] Thread saw mini-batch with a maximum of 2.10% zero probability fragments
[2024-05-20 22:55:22.009] [jointLog] [info] Thread saw mini-batch with a maximum of 2.26% zero probability fragments
[2024-05-20 22:55:22.174] [jointLog] [info] Thread saw mini-batch with a maximum of 2.16% zero probability fragments
[2024-05-20 22:55:23.216] [jointLog] [info] Computed 556,529 rich equivalence classes for further processing
[2024-05-20 22:55:23.216] [jointLog] [info] Counted 95,995,326 total reads in the equivalence classes 
[2024-05-20 22:55:23.219] [jointLog] [info] Number of mappings discarded because of alignment score : 43,285,151
[2024-05-20 22:55:23.219] [jointLog] [info] Number of fragments entirely discarded because of alignment score : 13,844,660
[2024-05-20 22:55:23.219] [jointLog] [info] Number of fragments discarded because they are best-mapped to decoys : 12,524,416
[2024-05-20 22:55:23.219] [jointLog] [info] Number of fragments discarded because they have only dovetail (discordant) mappings to valid targets : 870,685
[2024-05-20 22:55:23.219] [jointLog] [info] Mapping rate = 56.9157%

[2024-05-20 22:55:23.219] [jointLog] [info] finished quantifyLibrary()
[2024-05-20 22:55:23.216] [fileLog] [info] 
At end of round 0
==================
Observed 168662205 total fragments (168662205 in most recent round)

[2024-05-20 22:55:23.817] [jointLog] [info] Starting optimizer
[2024-05-20 22:55:28.469] [jointLog] [info] Marked 0 weighted equivalence classes as degenerate
[2024-05-20 22:55:28.581] [jointLog] [info] iteration = 0 | max rel diff. = 45.2781
[2024-05-20 22:55:29.700] [jointLog] [info] iteration 11, adjusting effective lengths to account for biases
[2024-05-20 22:56:36.666] [jointLog] [info] Computed expected counts (for bias correction)
[2024-05-20 22:56:36.666] [jointLog] [info] processed bias for 0.0% of the transcripts
[2024-05-20 22:56:44.050] [jointLog] [info] processed bias for 10.0% of the transcripts
[2024-05-20 22:56:50.904] [jointLog] [info] processed bias for 20.0% of the transcripts
[2024-05-20 22:56:57.717] [jointLog] [info] processed bias for 30.0% of the transcripts
[2024-05-20 22:57:04.867] [jointLog] [info] processed bias for 40.0% of the transcripts
[2024-05-20 22:57:11.566] [jointLog] [info] processed bias for 50.0% of the transcripts
[2024-05-20 22:57:18.474] [jointLog] [info] processed bias for 60.0% of the transcripts
[2024-05-20 22:57:25.878] [jointLog] [info] processed bias for 70.0% of the transcripts
[2024-05-20 22:57:32.986] [jointLog] [info] processed bias for 80.0% of the transcripts
[2024-05-20 22:57:40.694] [jointLog] [info] processed bias for 90.0% of the transcripts
[2024-05-20 22:57:47.353] [jointLog] [info] processed bias for 100.0% of the transcripts
[2024-05-20 22:57:53.885] [jointLog] [info] iteration = 100 | max rel diff. = 16.1056
[2024-05-20 22:58:00.648] [jointLog] [info] iteration = 200 | max rel diff. = 19.9104
[2024-05-20 22:58:07.167] [jointLog] [info] iteration = 300 | max rel diff. = 14.6265
[2024-05-20 22:58:13.924] [jointLog] [info] iteration = 400 | max rel diff. = 3.25506
[2024-05-20 22:58:20.637] [jointLog] [info] iteration = 500 | max rel diff. = 0.66079
[2024-05-20 22:58:27.457] [jointLog] [info] iteration = 600 | max rel diff. = 1.04967
[2024-05-20 22:58:34.308] [jointLog] [info] iteration = 700 | max rel diff. = 1.64027
[2024-05-20 22:58:42.887] [jointLog] [info] iteration = 800 | max rel diff. = 0.104434
[2024-05-20 22:58:52.871] [jointLog] [info] iteration = 900 | max rel diff. = 0.309909
[2024-05-20 22:58:59.514] [jointLog] [info] iteration = 1,000 | max rel diff. = 0.321667
[2024-05-20 22:59:05.570] [jointLog] [info] iteration = 1,100 | max rel diff. = 1.53114
[2024-05-20 22:59:12.720] [jointLog] [info] iteration = 1,200 | max rel diff. = 0.179057
[2024-05-20 22:59:18.990] [jointLog] [info] iteration = 1,300 | max rel diff. = 0.178745
[2024-05-20 22:59:26.632] [jointLog] [info] iteration = 1,400 | max rel diff. = 0.837437
[2024-05-20 22:59:33.839] [jointLog] [info] iteration = 1,500 | max rel diff. = 0.109071
[2024-05-20 22:59:40.734] [jointLog] [info] iteration = 1,600 | max rel diff. = 0.106956
[2024-05-20 22:59:47.164] [jointLog] [info] iteration = 1,695 | max rel diff. = 0.00881103
[2024-05-20 22:59:47.210] [jointLog] [info] Finished optimizer
[2024-05-20 22:59:47.210] [jointLog] [info] writing output 

[2024-05-20 22:59:49.238] [jointLog] [info] Starting Bootstrapping
[2024-05-20 22:59:49.358] [jointLog] [info] Will draw 50 bootstrap samples
[2024-05-20 22:59:49.358] [jointLog] [info] Optimizing over 556,529 equivalence classes
[2024-05-20 22:59:49.409] [jointLog] [info] Marked 0 weighted equivalence classes as degenerate
[2024-05-20 23:01:52.758] [jointLog] [info] wrote 1 bootstraps
[2024-05-20 23:02:15.720] [jointLog] [info] wrote 2 bootstraps
[2024-05-20 23:02:20.886] [jointLog] [info] wrote 3 bootstraps
[2024-05-20 23:04:02.890] [jointLog] [info] wrote 4 bootstraps
[2024-05-20 23:04:27.815] [jointLog] [info] wrote 5 bootstraps
[2024-05-20 23:04:45.853] [jointLog] [info] wrote 6 bootstraps
[2024-05-20 23:06:25.952] [jointLog] [info] wrote 7 bootstraps
[2024-05-20 23:06:57.051] [jointLog] [info] wrote 8 bootstraps
[2024-05-20 23:06:57.106] [jointLog] [info] wrote 9 bootstraps
[2024-05-20 23:09:03.022] [jointLog] [info] wrote 10 bootstraps
[2024-05-20 23:09:15.545] [jointLog] [info] wrote 11 bootstraps
[2024-05-20 23:09:35.307] [jointLog] [info] wrote 12 bootstraps
[2024-05-20 23:11:17.500] [jointLog] [info] wrote 13 bootstraps
[2024-05-20 23:11:36.526] [jointLog] [info] wrote 14 bootstraps
[2024-05-20 23:12:08.811] [jointLog] [info] wrote 15 bootstraps
[2024-05-20 23:13:12.582] [jointLog] [info] wrote 16 bootstraps
[2024-05-20 23:13:42.322] [jointLog] [info] wrote 17 bootstraps
[2024-05-20 23:13:55.929] [jointLog] [info] wrote 18 bootstraps
[2024-05-20 23:15:39.158] [jointLog] [info] wrote 19 bootstraps
[2024-05-20 23:16:03.929] [jointLog] [info] wrote 20 bootstraps
[2024-05-20 23:16:09.036] [jointLog] [info] wrote 21 bootstraps
[2024-05-20 23:17:41.676] [jointLog] [info] wrote 22 bootstraps
[2024-05-20 23:17:59.497] [jointLog] [info] wrote 23 bootstraps
[2024-05-20 23:18:23.910] [jointLog] [info] wrote 24 bootstraps
[2024-05-20 23:19:48.161] [jointLog] [info] wrote 25 bootstraps
[2024-05-20 23:20:08.111] [jointLog] [info] wrote 26 bootstraps
[2024-05-20 23:20:41.130] [jointLog] [info] wrote 27 bootstraps
[2024-05-20 23:21:43.153] [jointLog] [info] wrote 28 bootstraps
[2024-05-20 23:22:01.887] [jointLog] [info] wrote 29 bootstraps
[2024-05-20 23:22:54.667] [jointLog] [info] wrote 30 bootstraps
[2024-05-20 23:23:56.916] [jointLog] [info] wrote 31 bootstraps
[2024-05-20 23:24:33.588] [jointLog] [info] wrote 32 bootstraps
[2024-05-20 23:25:10.758] [jointLog] [info] wrote 33 bootstraps
[2024-05-20 23:26:02.993] [jointLog] [info] wrote 34 bootstraps
[2024-05-20 23:26:50.456] [jointLog] [info] wrote 35 bootstraps
[2024-05-20 23:27:09.954] [jointLog] [info] wrote 36 bootstraps
[2024-05-20 23:28:19.737] [jointLog] [info] wrote 37 bootstraps
[2024-05-20 23:29:23.862] [jointLog] [info] wrote 38 bootstraps
[2024-05-20 23:29:41.822] [jointLog] [info] wrote 39 bootstraps
[2024-05-20 23:30:18.021] [jointLog] [info] wrote 40 bootstraps
[2024-05-20 23:31:21.772] [jointLog] [info] wrote 41 bootstraps
[2024-05-20 23:31:39.361] [jointLog] [info] wrote 42 bootstraps
[2024-05-20 23:32:14.015] [jointLog] [info] wrote 43 bootstraps
[2024-05-20 23:33:02.286] [jointLog] [info] wrote 44 bootstraps
[2024-05-20 23:33:21.188] [jointLog] [info] wrote 45 bootstraps
[2024-05-20 23:34:21.876] [jointLog] [info] wrote 46 bootstraps
[2024-05-20 23:34:35.961] [jointLog] [info] wrote 47 bootstraps
[2024-05-20 23:35:22.379] [jointLog] [info] wrote 48 bootstraps
[2024-05-20 23:36:12.368] [jointLog] [info] wrote 49 bootstraps
[2024-05-20 23:36:40.821] [jointLog] [info] wrote 50 bootstraps
[2024-05-20 23:36:40.860] [jointLog] [info] Finished Bootstrapping
[2024-05-20 23:36:40.860] [jointLog] [info] Computing gene-level abundance estimates
[2024-05-20 23:37:10.081] [jointLog] [info] There were 252416 transcripts mapping to 62696 genes
[2024-05-20 23:37:10.104] [jointLog] [info] NOTE: We recommend using tximport (https://bioconductor.org/packages/release/bioc/html/tximport.html) for aggregating transcript-level salmon abundance estimates to the gene level.  It is more versatile, exposes more features, and allows considering multi-sample information during aggregation.
[2024-05-20 23:37:10.418] [jointLog] [info] Aggregating expressions to gene level
[2024-05-20 23:37:10.522] [jointLog] [info] done
