[2023-02-16 14:59:51.094] [jointLog] [info] setting maxHashResizeThreads to 4
[2023-02-16 14:59:51.094] [jointLog] [info] Fragment incompatibility prior below threshold.  Incompatible fragments will be ignored.
[2023-02-16 14:59:51.094] [jointLog] [info] Usage of --validateMappings implies use of minScoreFraction. Since not explicitly specified, it is being set to 0.65
[2023-02-16 14:59:51.094] [jointLog] [info] Setting consensusSlack to selective-alignment default of 0.35.
[2023-02-16 14:59:51.094] [jointLog] [info] parsing read library format
[2023-02-16 14:59:51.094] [jointLog] [info] There is 1 library.
[2023-02-16 14:59:51.139] [jointLog] [info] Loading pufferfish index
[2023-02-16 14:59:51.140] [jointLog] [info] Loading dense pufferfish index.
[2023-02-16 15:04:59.719] [jointLog] [info] done
[2023-02-16 15:04:59.719] [jointLog] [info] Index contained 251,744 targets
[2023-02-16 15:05:03.394] [jointLog] [info] Number of decoys : 194
[2023-02-16 15:05:03.394] [jointLog] [info] First decoy index : 251,509 
[2023-02-16 15:05:04.674] [jointLog] [info] Automatically detected most likely library type as IU

[2023-02-16 15:30:00.756] [jointLog] [info] Computed 384,924 rich equivalence classes for further processing
[2023-02-16 15:30:00.756] [jointLog] [info] Counted 54,554,856 total reads in the equivalence classes 
[2023-02-16 15:30:00.760] [jointLog] [warning] 4.49478e-05% of fragments were shorter than the k used to build the index.
If this fraction is too large, consider re-building the index with a smaller k.
The minimum read size found was 15.


[2023-02-16 15:30:00.760] [jointLog] [info] Number of mappings discarded because of alignment score : 31,590,480
[2023-02-16 15:30:00.760] [jointLog] [info] Number of fragments entirely discarded because of alignment score : 4,667,443
[2023-02-16 15:30:00.760] [jointLog] [info] Number of fragments discarded because they are best-mapped to decoys : 3,306,622
[2023-02-16 15:30:00.760] [jointLog] [info] Number of fragments discarded because they have only dovetail (discordant) mappings to valid targets : 210,445
[2023-02-16 15:30:00.760] [jointLog] [info] Mapping rate = 87.5757%

[2023-02-16 15:30:00.760] [jointLog] [info] finished quantifyLibrary()
[2023-02-16 15:30:00.761] [jointLog] [info] Starting optimizer
[2023-02-16 15:30:01.008] [jointLog] [info] Marked 0 weighted equivalence classes as degenerate
[2023-02-16 15:30:01.059] [jointLog] [info] iteration = 0 | max rel diff. = 87.9949
[2023-02-16 15:30:00.757] [fileLog] [info] 
At end of round 0
==================
Observed 62294529 total fragments (62294529 in most recent round)

[2023-02-16 15:30:01.513] [jointLog] [info] iteration 11, adjusting effective lengths to account for biases
[2023-02-16 15:31:10.861] [jointLog] [info] Computed expected counts (for bias correction)
[2023-02-16 15:31:10.861] [jointLog] [info] processed bias for 0.0% of the transcripts
[2023-02-16 15:31:18.783] [jointLog] [info] processed bias for 10.0% of the transcripts
[2023-02-16 15:31:26.171] [jointLog] [info] processed bias for 20.0% of the transcripts
[2023-02-16 15:31:33.730] [jointLog] [info] processed bias for 30.0% of the transcripts
[2023-02-16 15:31:40.946] [jointLog] [info] processed bias for 40.0% of the transcripts
[2023-02-16 15:31:48.176] [jointLog] [info] processed bias for 50.0% of the transcripts
[2023-02-16 15:31:55.042] [jointLog] [info] processed bias for 60.0% of the transcripts
[2023-02-16 15:32:01.693] [jointLog] [info] processed bias for 70.0% of the transcripts
[2023-02-16 15:32:08.866] [jointLog] [info] processed bias for 80.0% of the transcripts
[2023-02-16 15:32:16.622] [jointLog] [info] processed bias for 90.0% of the transcripts
[2023-02-16 15:32:24.259] [jointLog] [info] processed bias for 100.0% of the transcripts
[2023-02-16 15:32:27.871] [jointLog] [info] iteration = 100 | max rel diff. = 14.3235
[2023-02-16 15:32:31.864] [jointLog] [info] iteration = 200 | max rel diff. = 17.6615
[2023-02-16 15:32:35.893] [jointLog] [info] iteration = 300 | max rel diff. = 1.50905
[2023-02-16 15:32:39.906] [jointLog] [info] iteration = 400 | max rel diff. = 17.614
[2023-02-16 15:32:43.869] [jointLog] [info] iteration = 500 | max rel diff. = 2.74351
[2023-02-16 15:32:47.796] [jointLog] [info] iteration = 600 | max rel diff. = 0.289603
[2023-02-16 15:32:51.829] [jointLog] [info] iteration = 700 | max rel diff. = 0.335759
[2023-02-16 15:32:55.872] [jointLog] [info] iteration = 800 | max rel diff. = 6.90689
[2023-02-16 15:32:59.901] [jointLog] [info] iteration = 900 | max rel diff. = 1.78492
[2023-02-16 15:33:03.950] [jointLog] [info] iteration = 1,000 | max rel diff. = 0.319945
[2023-02-16 15:33:08.039] [jointLog] [info] iteration = 1,100 | max rel diff. = 0.0250771
[2023-02-16 15:33:12.088] [jointLog] [info] iteration = 1,200 | max rel diff. = 0.0354134
[2023-02-16 15:33:16.142] [jointLog] [info] iteration = 1,300 | max rel diff. = 0.754461
[2023-02-16 15:33:20.188] [jointLog] [info] iteration = 1,400 | max rel diff. = 0.0525933
[2023-02-16 15:33:24.268] [jointLog] [info] iteration = 1,500 | max rel diff. = 0.0312738
[2023-02-16 15:33:28.306] [jointLog] [info] iteration = 1,600 | max rel diff. = 0.0287652
[2023-02-16 15:33:31.681] [jointLog] [info] iteration = 1,684 | max rel diff. = 0.00557351
[2023-02-16 15:33:31.751] [jointLog] [info] Finished optimizer
[2023-02-16 15:33:31.751] [jointLog] [info] writing output 

[2023-02-16 15:33:36.798] [jointLog] [info] Starting Bootstrapping
[2023-02-16 15:33:36.944] [jointLog] [info] Will draw 50 bootstrap samples
[2023-02-16 15:33:36.944] [jointLog] [info] Optimizing over 384,924 equivalence classes
[2023-02-16 15:33:36.985] [jointLog] [info] Marked 0 weighted equivalence classes as degenerate
[2023-02-16 15:35:10.898] [jointLog] [info] wrote 1 bootstraps
[2023-02-16 15:35:23.749] [jointLog] [info] wrote 2 bootstraps
[2023-02-16 15:35:42.705] [jointLog] [info] wrote 3 bootstraps
[2023-02-16 15:36:39.348] [jointLog] [info] wrote 4 bootstraps
[2023-02-16 15:37:09.587] [jointLog] [info] wrote 5 bootstraps
[2023-02-16 15:37:32.259] [jointLog] [info] wrote 6 bootstraps
[2023-02-16 15:38:33.871] [jointLog] [info] wrote 7 bootstraps
[2023-02-16 15:39:04.334] [jointLog] [info] wrote 8 bootstraps
[2023-02-16 15:39:30.595] [jointLog] [info] wrote 9 bootstraps
[2023-02-16 15:40:24.672] [jointLog] [info] wrote 10 bootstraps
[2023-02-16 15:40:51.763] [jointLog] [info] wrote 11 bootstraps
[2023-02-16 15:41:19.687] [jointLog] [info] wrote 12 bootstraps
[2023-02-16 15:41:55.920] [jointLog] [info] wrote 13 bootstraps
[2023-02-16 15:42:43.859] [jointLog] [info] wrote 14 bootstraps
[2023-02-16 15:42:49.047] [jointLog] [info] wrote 15 bootstraps
[2023-02-16 15:43:43.957] [jointLog] [info] wrote 16 bootstraps
[2023-02-16 15:44:14.547] [jointLog] [info] wrote 17 bootstraps
[2023-02-16 15:44:21.232] [jointLog] [info] wrote 18 bootstraps
[2023-02-16 15:45:30.963] [jointLog] [info] wrote 19 bootstraps
[2023-02-16 15:45:44.798] [jointLog] [info] wrote 20 bootstraps
[2023-02-16 15:45:52.549] [jointLog] [info] wrote 21 bootstraps
[2023-02-16 15:47:08.500] [jointLog] [info] wrote 22 bootstraps
[2023-02-16 15:47:24.631] [jointLog] [info] wrote 23 bootstraps
[2023-02-16 15:47:33.975] [jointLog] [info] wrote 24 bootstraps
[2023-02-16 15:48:53.003] [jointLog] [info] wrote 25 bootstraps
[2023-02-16 15:48:56.422] [jointLog] [info] wrote 26 bootstraps
[2023-02-16 15:49:24.166] [jointLog] [info] wrote 27 bootstraps
[2023-02-16 15:50:32.201] [jointLog] [info] wrote 28 bootstraps
[2023-02-16 15:50:51.909] [jointLog] [info] wrote 29 bootstraps
[2023-02-16 15:51:06.799] [jointLog] [info] wrote 30 bootstraps
[2023-02-16 15:52:09.190] [jointLog] [info] wrote 31 bootstraps
[2023-02-16 15:52:52.447] [jointLog] [info] wrote 32 bootstraps
[2023-02-16 15:53:01.457] [jointLog] [info] wrote 33 bootstraps
[2023-02-16 15:53:52.860] [jointLog] [info] wrote 34 bootstraps
[2023-02-16 15:54:20.847] [jointLog] [info] wrote 35 bootstraps
[2023-02-16 15:54:32.094] [jointLog] [info] wrote 36 bootstraps
[2023-02-16 15:55:36.735] [jointLog] [info] wrote 37 bootstraps
[2023-02-16 15:56:11.275] [jointLog] [info] wrote 38 bootstraps
[2023-02-16 15:56:14.949] [jointLog] [info] wrote 39 bootstraps
[2023-02-16 15:57:06.185] [jointLog] [info] wrote 40 bootstraps
[2023-02-16 15:57:58.198] [jointLog] [info] wrote 41 bootstraps
[2023-02-16 15:58:03.248] [jointLog] [info] wrote 42 bootstraps
[2023-02-16 15:58:59.861] [jointLog] [info] wrote 43 bootstraps
[2023-02-16 15:59:27.482] [jointLog] [info] wrote 44 bootstraps
[2023-02-16 15:59:50.150] [jointLog] [info] wrote 45 bootstraps
[2023-02-16 16:00:41.471] [jointLog] [info] wrote 46 bootstraps
[2023-02-16 16:01:11.973] [jointLog] [info] wrote 47 bootstraps
[2023-02-16 16:01:31.045] [jointLog] [info] wrote 48 bootstraps
[2023-02-16 16:02:25.584] [jointLog] [info] wrote 49 bootstraps
[2023-02-16 16:02:56.873] [jointLog] [info] wrote 50 bootstraps
[2023-02-16 16:02:56.919] [jointLog] [info] Finished Bootstrapping
[2023-02-16 16:02:56.919] [jointLog] [info] Computing gene-level abundance estimates
[2023-02-16 16:03:41.990] [jointLog] [info] There were 252416 transcripts mapping to 62696 genes
[2023-02-16 16:03:41.991] [jointLog] [info] NOTE: We recommend using tximport (https://bioconductor.org/packages/release/bioc/html/tximport.html) for aggregating transcript-level salmon abundance estimates to the gene level.  It is more versatile, exposes more features, and allows considering multi-sample information during aggregation.
[2023-02-16 16:03:42.471] [jointLog] [info] Aggregating expressions to gene level
[2023-02-16 16:03:42.638] [jointLog] [info] done
