[2024-08-06 22:21:44.141] [jointLog] [info] setting maxHashResizeThreads to 4
[2024-08-06 22:21:44.141] [jointLog] [info] Fragment incompatibility prior below threshold.  Incompatible fragments will be ignored.
[2024-08-06 22:21:44.141] [jointLog] [info] Usage of --validateMappings implies use of minScoreFraction. Since not explicitly specified, it is being set to 0.65
[2024-08-06 22:21:44.141] [jointLog] [info] Setting consensusSlack to selective-alignment default of 0.35.
[2024-08-06 22:21:44.141] [jointLog] [info] parsing read library format
[2024-08-06 22:21:44.141] [jointLog] [info] There is 1 library.
[2024-08-06 22:21:44.271] [jointLog] [info] Loading pufferfish index
[2024-08-06 22:21:44.291] [jointLog] [info] Loading dense pufferfish index.
[2024-08-06 22:27:44.919] [jointLog] [info] done
[2024-08-06 22:27:44.919] [jointLog] [info] Index contained 251,744 targets
[2024-08-06 22:27:48.536] [jointLog] [info] Number of decoys : 194
[2024-08-06 22:27:48.536] [jointLog] [info] First decoy index : 251,509 
[2024-08-06 22:27:54.794] [jointLog] [info] Automatically detected most likely library type as ISR

[2024-08-06 22:44:44.581] [jointLog] [info] Thread saw mini-batch with a maximum of 1.01% zero probability fragments
[2024-08-06 22:44:44.646] [jointLog] [info] Thread saw mini-batch with a maximum of 0.84% zero probability fragments
[2024-08-06 22:44:44.798] [jointLog] [info] Thread saw mini-batch with a maximum of 0.98% zero probability fragments
[2024-08-06 22:44:44.982] [jointLog] [info] Thread saw mini-batch with a maximum of 0.98% zero probability fragments
[2024-08-06 22:44:45.354] [fileLog] [info] 
At end of round 0
==================
Observed 45530296 total fragments (45530296 in most recent round)

[2024-08-06 22:44:45.353] [jointLog] [info] Computed 436,329 rich equivalence classes for further processing
[2024-08-06 22:44:45.353] [jointLog] [info] Counted 40,811,537 total reads in the equivalence classes 
[2024-08-06 22:44:45.357] [jointLog] [info] Number of mappings discarded because of alignment score : 20,010,691
[2024-08-06 22:44:45.357] [jointLog] [info] Number of fragments entirely discarded because of alignment score : 2,881,663
[2024-08-06 22:44:45.357] [jointLog] [info] Number of fragments discarded because they are best-mapped to decoys : 2,098,546
[2024-08-06 22:44:45.357] [jointLog] [info] Number of fragments discarded because they have only dovetail (discordant) mappings to valid targets : 151,675
[2024-08-06 22:44:45.357] [jointLog] [info] Mapping rate = 89.636%

[2024-08-06 22:44:45.357] [jointLog] [info] finished quantifyLibrary()
[2024-08-06 22:44:46.194] [jointLog] [info] Starting optimizer
[2024-08-06 22:44:47.418] [jointLog] [info] Marked 0 weighted equivalence classes as degenerate
[2024-08-06 22:44:47.479] [jointLog] [info] iteration = 0 | max rel diff. = 2966.11
[2024-08-06 22:44:47.914] [jointLog] [info] iteration 11, adjusting effective lengths to account for biases
[2024-08-06 22:48:43.698] [jointLog] [info] Computed expected counts (for bias correction)
[2024-08-06 22:48:43.699] [jointLog] [info] processed bias for 0.0% of the transcripts
[2024-08-06 22:49:03.585] [jointLog] [info] processed bias for 10.0% of the transcripts
[2024-08-06 22:49:21.206] [jointLog] [info] processed bias for 20.0% of the transcripts
[2024-08-06 22:49:39.550] [jointLog] [info] processed bias for 30.0% of the transcripts
[2024-08-06 22:49:59.382] [jointLog] [info] processed bias for 40.0% of the transcripts
[2024-08-06 22:50:18.473] [jointLog] [info] processed bias for 50.0% of the transcripts
[2024-08-06 22:50:36.172] [jointLog] [info] processed bias for 60.0% of the transcripts
[2024-08-06 22:50:54.402] [jointLog] [info] processed bias for 70.0% of the transcripts
[2024-08-06 22:51:13.050] [jointLog] [info] processed bias for 80.0% of the transcripts
[2024-08-06 22:51:31.458] [jointLog] [info] processed bias for 90.0% of the transcripts
[2024-08-06 22:51:48.955] [jointLog] [info] processed bias for 100.0% of the transcripts
[2024-08-06 22:51:52.701] [jointLog] [info] iteration = 100 | max rel diff. = 20.9328
[2024-08-06 22:51:56.853] [jointLog] [info] iteration = 200 | max rel diff. = 10.8241
[2024-08-06 22:52:01.042] [jointLog] [info] iteration = 300 | max rel diff. = 0.914523
[2024-08-06 22:52:05.238] [jointLog] [info] iteration = 400 | max rel diff. = 2.87528
[2024-08-06 22:52:09.507] [jointLog] [info] iteration = 500 | max rel diff. = 0.87315
[2024-08-06 22:52:13.667] [jointLog] [info] iteration = 600 | max rel diff. = 1.16208
[2024-08-06 22:52:17.865] [jointLog] [info] iteration = 700 | max rel diff. = 0.763728
[2024-08-06 22:52:22.071] [jointLog] [info] iteration = 800 | max rel diff. = 4.76723
[2024-08-06 22:52:26.218] [jointLog] [info] iteration = 900 | max rel diff. = 0.0491537
[2024-08-06 22:52:30.357] [jointLog] [info] iteration = 1,000 | max rel diff. = 0.0851418
[2024-08-06 22:52:34.551] [jointLog] [info] iteration = 1,100 | max rel diff. = 0.0575318
[2024-08-06 22:52:38.742] [jointLog] [info] iteration = 1,200 | max rel diff. = 0.297198
[2024-08-06 22:52:42.926] [jointLog] [info] iteration = 1,300 | max rel diff. = 11.7734
[2024-08-06 22:52:47.120] [jointLog] [info] iteration = 1,400 | max rel diff. = 0.0965742
[2024-08-06 22:52:51.290] [jointLog] [info] iteration = 1,500 | max rel diff. = 0.0899142
[2024-08-06 22:52:55.354] [jointLog] [info] iteration = 1,600 | max rel diff. = 0.0221496
[2024-08-06 22:52:59.490] [jointLog] [info] iteration = 1,700 | max rel diff. = 0.164098
[2024-08-06 22:53:03.038] [jointLog] [info] iteration = 1,778 | max rel diff. = 0.00934466
[2024-08-06 22:53:03.095] [jointLog] [info] Finished optimizer
[2024-08-06 22:53:03.095] [jointLog] [info] writing output 

[2024-08-06 22:53:05.338] [jointLog] [info] Starting Bootstrapping
[2024-08-06 22:53:05.553] [jointLog] [info] Will draw 50 bootstrap samples
[2024-08-06 22:53:05.553] [jointLog] [info] Optimizing over 436,329 equivalence classes
[2024-08-06 22:53:05.609] [jointLog] [info] Marked 0 weighted equivalence classes as degenerate
[2024-08-06 22:54:37.353] [jointLog] [info] wrote 1 bootstraps
[2024-08-06 22:54:48.195] [jointLog] [info] wrote 2 bootstraps
[2024-08-06 22:54:57.712] [jointLog] [info] wrote 3 bootstraps
[2024-08-06 22:56:17.484] [jointLog] [info] wrote 4 bootstraps
[2024-08-06 22:56:38.736] [jointLog] [info] wrote 5 bootstraps
[2024-08-06 22:56:39.460] [jointLog] [info] wrote 6 bootstraps
[2024-08-06 22:57:53.108] [jointLog] [info] wrote 7 bootstraps
[2024-08-06 22:58:08.495] [jointLog] [info] wrote 8 bootstraps
[2024-08-06 22:58:13.247] [jointLog] [info] wrote 9 bootstraps
[2024-08-06 22:59:21.621] [jointLog] [info] wrote 10 bootstraps
[2024-08-06 22:59:58.924] [jointLog] [info] wrote 11 bootstraps
[2024-08-06 23:00:08.445] [jointLog] [info] wrote 12 bootstraps
[2024-08-06 23:01:04.558] [jointLog] [info] wrote 13 bootstraps
[2024-08-06 23:01:27.741] [jointLog] [info] wrote 14 bootstraps
[2024-08-06 23:01:31.637] [jointLog] [info] wrote 15 bootstraps
[2024-08-06 23:02:47.243] [jointLog] [info] wrote 16 bootstraps
[2024-08-06 23:03:12.695] [jointLog] [info] wrote 17 bootstraps
[2024-08-06 23:03:39.699] [jointLog] [info] wrote 18 bootstraps
[2024-08-06 23:04:34.152] [jointLog] [info] wrote 19 bootstraps
[2024-08-06 23:04:52.669] [jointLog] [info] wrote 20 bootstraps
[2024-08-06 23:05:03.108] [jointLog] [info] wrote 21 bootstraps
[2024-08-06 23:06:34.951] [jointLog] [info] wrote 22 bootstraps
[2024-08-06 23:06:53.365] [jointLog] [info] wrote 23 bootstraps
[2024-08-06 23:07:01.913] [jointLog] [info] wrote 24 bootstraps
[2024-08-06 23:08:03.148] [jointLog] [info] wrote 25 bootstraps
[2024-08-06 23:08:37.423] [jointLog] [info] wrote 26 bootstraps
[2024-08-06 23:08:46.609] [jointLog] [info] wrote 27 bootstraps
[2024-08-06 23:09:49.429] [jointLog] [info] wrote 28 bootstraps
[2024-08-06 23:10:19.802] [jointLog] [info] wrote 29 bootstraps
[2024-08-06 23:10:29.376] [jointLog] [info] wrote 30 bootstraps
[2024-08-06 23:11:29.705] [jointLog] [info] wrote 31 bootstraps
[2024-08-06 23:11:53.381] [jointLog] [info] wrote 32 bootstraps
[2024-08-06 23:12:03.457] [jointLog] [info] wrote 33 bootstraps
[2024-08-06 23:13:21.516] [jointLog] [info] wrote 34 bootstraps
[2024-08-06 23:13:50.996] [jointLog] [info] wrote 35 bootstraps
[2024-08-06 23:13:54.628] [jointLog] [info] wrote 36 bootstraps
[2024-08-06 23:15:05.630] [jointLog] [info] wrote 37 bootstraps
[2024-08-06 23:15:18.633] [jointLog] [info] wrote 38 bootstraps
[2024-08-06 23:16:08.620] [jointLog] [info] wrote 39 bootstraps
[2024-08-06 23:17:18.897] [jointLog] [info] wrote 40 bootstraps
[2024-08-06 23:17:21.303] [jointLog] [info] wrote 41 bootstraps
[2024-08-06 23:17:39.874] [jointLog] [info] wrote 42 bootstraps
[2024-08-06 23:19:06.039] [jointLog] [info] wrote 43 bootstraps
[2024-08-06 23:19:10.262] [jointLog] [info] wrote 44 bootstraps
[2024-08-06 23:19:45.165] [jointLog] [info] wrote 45 bootstraps
[2024-08-06 23:20:26.364] [jointLog] [info] wrote 46 bootstraps
[2024-08-06 23:20:36.295] [jointLog] [info] wrote 47 bootstraps
[2024-08-06 23:21:31.068] [jointLog] [info] wrote 48 bootstraps
[2024-08-06 23:22:03.650] [jointLog] [info] wrote 49 bootstraps
[2024-08-06 23:22:29.156] [jointLog] [info] wrote 50 bootstraps
[2024-08-06 23:22:29.191] [jointLog] [info] Finished Bootstrapping
[2024-08-06 23:22:29.191] [jointLog] [info] Computing gene-level abundance estimates
[2024-08-06 23:23:25.767] [jointLog] [info] There were 252416 transcripts mapping to 62696 genes
[2024-08-06 23:23:25.769] [jointLog] [info] NOTE: We recommend using tximport (https://bioconductor.org/packages/release/bioc/html/tximport.html) for aggregating transcript-level salmon abundance estimates to the gene level.  It is more versatile, exposes more features, and allows considering multi-sample information during aggregation.
[2024-08-06 23:23:26.276] [jointLog] [info] Aggregating expressions to gene level
[2024-08-06 23:23:26.462] [jointLog] [info] done
