[2024-08-31 23:07:02.074] [jointLog] [info] setting maxHashResizeThreads to 4
[2024-08-31 23:07:02.074] [jointLog] [info] Fragment incompatibility prior below threshold.  Incompatible fragments will be ignored.
[2024-08-31 23:07:02.074] [jointLog] [info] Usage of --validateMappings implies use of minScoreFraction. Since not explicitly specified, it is being set to 0.65
[2024-08-31 23:07:02.074] [jointLog] [info] Setting consensusSlack to selective-alignment default of 0.35.
[2024-08-31 23:07:02.074] [jointLog] [info] parsing read library format
[2024-08-31 23:07:02.074] [jointLog] [info] There is 1 library.
[2024-08-31 23:07:03.191] [jointLog] [info] Loading pufferfish index
[2024-08-31 23:07:03.751] [jointLog] [info] Loading dense pufferfish index.
[2024-08-31 23:12:17.544] [jointLog] [info] done
[2024-08-31 23:12:17.544] [jointLog] [info] Index contained 251,744 targets
[2024-08-31 23:12:22.597] [jointLog] [info] Number of decoys : 194
[2024-08-31 23:12:22.597] [jointLog] [info] First decoy index : 251,509 
[2024-08-31 23:12:27.416] [jointLog] [info] Automatically detected most likely library type as ISR

[2024-08-31 23:34:18.593] [jointLog] [info] Thread saw mini-batch with a maximum of 1.26% zero probability fragments
[2024-08-31 23:34:18.701] [jointLog] [info] Thread saw mini-batch with a maximum of 1.30% zero probability fragments
[2024-08-31 23:34:18.733] [jointLog] [info] Thread saw mini-batch with a maximum of 1.26% zero probability fragments
[2024-08-31 23:34:18.964] [jointLog] [info] Thread saw mini-batch with a maximum of 1.26% zero probability fragments
[2024-08-31 23:34:19.829] [fileLog] [info] 
At end of round 0
==================
Observed 44796150 total fragments (44796150 in most recent round)

[2024-08-31 23:34:19.828] [jointLog] [info] Computed 588,701 rich equivalence classes for further processing
[2024-08-31 23:34:19.828] [jointLog] [info] Counted 21,231,170 total reads in the equivalence classes 
[2024-08-31 23:34:19.837] [jointLog] [warning] 3.3485e-05% of fragments were shorter than the k used to build the index.
If this fraction is too large, consider re-building the index with a smaller k.
The minimum read size found was 19.


[2024-08-31 23:34:19.837] [jointLog] [info] Number of mappings discarded because of alignment score : 11,022,122
[2024-08-31 23:34:19.837] [jointLog] [info] Number of fragments entirely discarded because of alignment score : 4,854,181
[2024-08-31 23:34:19.837] [jointLog] [info] Number of fragments discarded because they are best-mapped to decoys : 4,166,488
[2024-08-31 23:34:19.837] [jointLog] [info] Number of fragments discarded because they have only dovetail (discordant) mappings to valid targets : 376,116
[2024-08-31 23:34:19.837] [jointLog] [info] Mapping rate = 47.3951%

[2024-08-31 23:34:19.837] [jointLog] [info] finished quantifyLibrary()
[2024-08-31 23:34:20.277] [jointLog] [info] Starting optimizer
[2024-08-31 23:34:21.044] [jointLog] [info] Marked 0 weighted equivalence classes as degenerate
[2024-08-31 23:34:21.171] [jointLog] [info] iteration = 0 | max rel diff. = 4757.68
[2024-08-31 23:34:22.421] [jointLog] [info] iteration 11, adjusting effective lengths to account for biases
[2024-08-31 23:39:38.535] [jointLog] [info] Computed expected counts (for bias correction)
[2024-08-31 23:39:38.535] [jointLog] [info] processed bias for 0.0% of the transcripts
[2024-08-31 23:40:17.309] [jointLog] [info] processed bias for 10.0% of the transcripts
[2024-08-31 23:40:53.596] [jointLog] [info] processed bias for 20.0% of the transcripts
[2024-08-31 23:41:28.524] [jointLog] [info] processed bias for 30.0% of the transcripts
[2024-08-31 23:42:04.120] [jointLog] [info] processed bias for 40.0% of the transcripts
[2024-08-31 23:42:40.717] [jointLog] [info] processed bias for 50.0% of the transcripts
[2024-08-31 23:43:13.785] [jointLog] [info] processed bias for 60.0% of the transcripts
[2024-08-31 23:43:46.025] [jointLog] [info] processed bias for 70.0% of the transcripts
[2024-08-31 23:44:18.537] [jointLog] [info] processed bias for 80.0% of the transcripts
[2024-08-31 23:44:50.149] [jointLog] [info] processed bias for 90.0% of the transcripts
[2024-08-31 23:45:24.393] [jointLog] [info] processed bias for 100.0% of the transcripts
[2024-08-31 23:45:34.162] [jointLog] [info] iteration = 100 | max rel diff. = 11.8151
[2024-08-31 23:45:44.198] [jointLog] [info] iteration = 200 | max rel diff. = 10.9408
[2024-08-31 23:45:53.695] [jointLog] [info] iteration = 300 | max rel diff. = 7.40253
[2024-08-31 23:46:03.284] [jointLog] [info] iteration = 400 | max rel diff. = 2.95965
[2024-08-31 23:46:15.207] [jointLog] [info] iteration = 500 | max rel diff. = 1.97656
[2024-08-31 23:46:25.220] [jointLog] [info] iteration = 600 | max rel diff. = 0.288379
[2024-08-31 23:46:36.360] [jointLog] [info] iteration = 700 | max rel diff. = 0.610879
[2024-08-31 23:46:46.066] [jointLog] [info] iteration = 800 | max rel diff. = 0.0734697
[2024-08-31 23:46:57.124] [jointLog] [info] iteration = 900 | max rel diff. = 1.72544
[2024-08-31 23:47:08.041] [jointLog] [info] iteration = 1,000 | max rel diff. = 0.412316
[2024-08-31 23:47:18.947] [jointLog] [info] iteration = 1,100 | max rel diff. = 0.113279
[2024-08-31 23:47:29.649] [jointLog] [info] iteration = 1,200 | max rel diff. = 0.71969
[2024-08-31 23:47:40.462] [jointLog] [info] iteration = 1,300 | max rel diff. = 1.23509
[2024-08-31 23:47:51.889] [jointLog] [info] iteration = 1,400 | max rel diff. = 0.0524938
[2024-08-31 23:48:03.850] [jointLog] [info] iteration = 1,500 | max rel diff. = 0.144954
[2024-08-31 23:48:15.005] [jointLog] [info] iteration = 1,600 | max rel diff. = 0.401491
[2024-08-31 23:48:26.140] [jointLog] [info] iteration = 1,700 | max rel diff. = 0.218448
[2024-08-31 23:48:35.886] [jointLog] [info] iteration = 1,800 | max rel diff. = 0.109783
[2024-08-31 23:48:38.056] [jointLog] [info] iteration = 1,824 | max rel diff. = 0.00747009
[2024-08-31 23:48:38.157] [jointLog] [info] Finished optimizer
[2024-08-31 23:48:38.157] [jointLog] [info] writing output 

[2024-08-31 23:48:39.644] [jointLog] [info] Starting Bootstrapping
[2024-08-31 23:48:40.564] [jointLog] [info] Will draw 50 bootstrap samples
[2024-08-31 23:48:40.565] [jointLog] [info] Optimizing over 588,701 equivalence classes
[2024-08-31 23:48:40.718] [jointLog] [info] Marked 0 weighted equivalence classes as degenerate
[2024-08-31 23:52:11.054] [jointLog] [info] wrote 1 bootstraps
[2024-08-31 23:52:32.174] [jointLog] [info] wrote 2 bootstraps
[2024-08-31 23:52:57.290] [jointLog] [info] wrote 3 bootstraps
[2024-08-31 23:55:56.040] [jointLog] [info] wrote 4 bootstraps
[2024-08-31 23:57:04.027] [jointLog] [info] wrote 5 bootstraps
[2024-08-31 23:57:30.123] [jointLog] [info] wrote 6 bootstraps
[2024-09-01 00:00:07.979] [jointLog] [info] wrote 7 bootstraps
[2024-09-01 00:00:20.688] [jointLog] [info] wrote 8 bootstraps
[2024-09-01 00:01:56.732] [jointLog] [info] wrote 9 bootstraps
[2024-09-01 00:04:25.473] [jointLog] [info] wrote 10 bootstraps
[2024-09-01 00:04:36.032] [jointLog] [info] wrote 11 bootstraps
[2024-09-01 00:06:10.012] [jointLog] [info] wrote 12 bootstraps
[2024-09-01 00:08:15.162] [jointLog] [info] wrote 13 bootstraps
[2024-09-01 00:08:59.689] [jointLog] [info] wrote 14 bootstraps
[2024-09-01 00:10:26.775] [jointLog] [info] wrote 15 bootstraps
[2024-09-01 00:11:59.347] [jointLog] [info] wrote 16 bootstraps
[2024-09-01 00:13:27.633] [jointLog] [info] wrote 17 bootstraps
[2024-09-01 00:14:01.880] [jointLog] [info] wrote 18 bootstraps
[2024-09-01 00:15:23.977] [jointLog] [info] wrote 19 bootstraps
[2024-09-01 00:16:51.002] [jointLog] [info] wrote 20 bootstraps
[2024-09-01 00:17:32.647] [jointLog] [info] wrote 21 bootstraps
[2024-09-01 00:19:35.278] [jointLog] [info] wrote 22 bootstraps
[2024-09-01 00:21:43.811] [jointLog] [info] wrote 23 bootstraps
[2024-09-01 00:21:55.030] [jointLog] [info] wrote 24 bootstraps
[2024-09-01 00:23:56.617] [jointLog] [info] wrote 25 bootstraps
[2024-09-01 00:25:28.764] [jointLog] [info] wrote 26 bootstraps
[2024-09-01 00:26:12.946] [jointLog] [info] wrote 27 bootstraps
[2024-09-01 00:27:47.877] [jointLog] [info] wrote 28 bootstraps
[2024-09-01 00:29:50.636] [jointLog] [info] wrote 29 bootstraps
[2024-09-01 00:30:36.976] [jointLog] [info] wrote 30 bootstraps
[2024-09-01 00:32:35.709] [jointLog] [info] wrote 31 bootstraps
[2024-09-01 00:34:36.661] [jointLog] [info] wrote 32 bootstraps
[2024-09-01 00:34:56.016] [jointLog] [info] wrote 33 bootstraps
[2024-09-01 00:36:51.491] [jointLog] [info] wrote 34 bootstraps
[2024-09-01 00:38:06.403] [jointLog] [info] wrote 35 bootstraps
[2024-09-01 00:38:11.645] [jointLog] [info] wrote 36 bootstraps
[2024-09-01 00:41:14.046] [jointLog] [info] wrote 37 bootstraps
[2024-09-01 00:42:01.201] [jointLog] [info] wrote 38 bootstraps
[2024-09-01 00:42:54.059] [jointLog] [info] wrote 39 bootstraps
[2024-09-01 00:44:42.506] [jointLog] [info] wrote 40 bootstraps
[2024-09-01 00:45:23.476] [jointLog] [info] wrote 41 bootstraps
[2024-09-01 00:46:32.431] [jointLog] [info] wrote 42 bootstraps
[2024-09-01 00:49:04.326] [jointLog] [info] wrote 43 bootstraps
[2024-09-01 00:49:20.183] [jointLog] [info] wrote 44 bootstraps
[2024-09-01 00:51:28.338] [jointLog] [info] wrote 45 bootstraps
[2024-09-01 00:53:20.307] [jointLog] [info] wrote 46 bootstraps
[2024-09-01 00:53:48.474] [jointLog] [info] wrote 47 bootstraps
[2024-09-01 00:55:13.976] [jointLog] [info] wrote 48 bootstraps
[2024-09-01 00:56:29.925] [jointLog] [info] wrote 49 bootstraps
[2024-09-01 00:57:31.934] [jointLog] [info] wrote 50 bootstraps
[2024-09-01 00:57:32.002] [jointLog] [info] Finished Bootstrapping
[2024-09-01 00:57:32.002] [jointLog] [info] Computing gene-level abundance estimates
[2024-09-01 00:59:14.841] [jointLog] [info] There were 252416 transcripts mapping to 62696 genes
[2024-09-01 00:59:15.165] [jointLog] [info] NOTE: We recommend using tximport (https://bioconductor.org/packages/release/bioc/html/tximport.html) for aggregating transcript-level salmon abundance estimates to the gene level.  It is more versatile, exposes more features, and allows considering multi-sample information during aggregation.
[2024-09-01 00:59:15.933] [jointLog] [info] Aggregating expressions to gene level
[2024-09-01 00:59:16.238] [jointLog] [info] done
