[2024-08-31 23:16:51.527] [jointLog] [info] setting maxHashResizeThreads to 4
[2024-08-31 23:16:51.527] [jointLog] [info] Fragment incompatibility prior below threshold.  Incompatible fragments will be ignored.
[2024-08-31 23:16:51.528] [jointLog] [info] Usage of --validateMappings implies use of minScoreFraction. Since not explicitly specified, it is being set to 0.65
[2024-08-31 23:16:51.528] [jointLog] [info] Setting consensusSlack to selective-alignment default of 0.35.
[2024-08-31 23:16:51.528] [jointLog] [info] parsing read library format
[2024-08-31 23:16:51.528] [jointLog] [info] There is 1 library.
[2024-08-31 23:16:51.942] [jointLog] [info] Loading pufferfish index
[2024-08-31 23:16:52.093] [jointLog] [info] Loading dense pufferfish index.
[2024-08-31 23:17:46.631] [jointLog] [info] done
[2024-08-31 23:17:46.631] [jointLog] [info] Index contained 251,744 targets
[2024-08-31 23:17:51.243] [jointLog] [info] Number of decoys : 194
[2024-08-31 23:17:51.243] [jointLog] [info] First decoy index : 251,509 
[2024-08-31 23:17:54.613] [jointLog] [info] Automatically detected most likely library type as ISR

[2024-08-31 23:43:21.167] [jointLog] [info] Thread saw mini-batch with a maximum of 1.24% zero probability fragments
[2024-08-31 23:43:21.190] [jointLog] [info] Thread saw mini-batch with a maximum of 1.36% zero probability fragments
[2024-08-31 23:43:21.358] [jointLog] [info] Thread saw mini-batch with a maximum of 1.24% zero probability fragments
[2024-08-31 23:43:21.421] [jointLog] [info] Thread saw mini-batch with a maximum of 1.18% zero probability fragments
[2024-08-31 23:43:22.186] [fileLog] [info] 
At end of round 0
==================
Observed 49917191 total fragments (49917191 in most recent round)

[2024-08-31 23:43:22.185] [jointLog] [info] Computed 616,750 rich equivalence classes for further processing
[2024-08-31 23:43:22.185] [jointLog] [info] Counted 24,349,208 total reads in the equivalence classes 
[2024-08-31 23:43:22.189] [jointLog] [warning] 1.00166e-05% of fragments were shorter than the k used to build the index.
If this fraction is too large, consider re-building the index with a smaller k.
The minimum read size found was 27.


[2024-08-31 23:43:22.189] [jointLog] [info] Number of mappings discarded because of alignment score : 11,898,038
[2024-08-31 23:43:22.189] [jointLog] [info] Number of fragments entirely discarded because of alignment score : 5,660,394
[2024-08-31 23:43:22.189] [jointLog] [info] Number of fragments discarded because they are best-mapped to decoys : 4,977,299
[2024-08-31 23:43:22.189] [jointLog] [info] Number of fragments discarded because they have only dovetail (discordant) mappings to valid targets : 356,878
[2024-08-31 23:43:22.189] [jointLog] [info] Mapping rate = 48.7792%

[2024-08-31 23:43:22.189] [jointLog] [info] finished quantifyLibrary()
[2024-08-31 23:43:22.785] [jointLog] [info] Starting optimizer
[2024-08-31 23:43:23.615] [jointLog] [info] Marked 0 weighted equivalence classes as degenerate
[2024-08-31 23:43:23.707] [jointLog] [info] iteration = 0 | max rel diff. = 4964.28
[2024-08-31 23:43:24.679] [jointLog] [info] iteration 11, adjusting effective lengths to account for biases
[2024-08-31 23:48:45.533] [jointLog] [info] Computed expected counts (for bias correction)
[2024-08-31 23:48:45.533] [jointLog] [info] processed bias for 0.0% of the transcripts
[2024-08-31 23:49:24.334] [jointLog] [info] processed bias for 10.0% of the transcripts
[2024-08-31 23:50:01.324] [jointLog] [info] processed bias for 20.0% of the transcripts
[2024-08-31 23:50:36.752] [jointLog] [info] processed bias for 30.0% of the transcripts
[2024-08-31 23:51:13.355] [jointLog] [info] processed bias for 40.0% of the transcripts
[2024-08-31 23:51:50.966] [jointLog] [info] processed bias for 50.0% of the transcripts
[2024-08-31 23:52:25.478] [jointLog] [info] processed bias for 60.0% of the transcripts
[2024-08-31 23:52:57.474] [jointLog] [info] processed bias for 70.0% of the transcripts
[2024-08-31 23:53:27.861] [jointLog] [info] processed bias for 80.0% of the transcripts
[2024-08-31 23:54:01.995] [jointLog] [info] processed bias for 90.0% of the transcripts
[2024-08-31 23:54:40.310] [jointLog] [info] processed bias for 100.0% of the transcripts
[2024-08-31 23:54:49.131] [jointLog] [info] iteration = 100 | max rel diff. = 15.572
[2024-08-31 23:54:58.821] [jointLog] [info] iteration = 200 | max rel diff. = 3.37327
[2024-08-31 23:55:06.777] [jointLog] [info] iteration = 300 | max rel diff. = 10.9313
[2024-08-31 23:55:13.899] [jointLog] [info] iteration = 400 | max rel diff. = 3.86064
[2024-08-31 23:55:20.969] [jointLog] [info] iteration = 500 | max rel diff. = 1.14134
[2024-08-31 23:55:28.700] [jointLog] [info] iteration = 600 | max rel diff. = 0.615879
[2024-08-31 23:55:38.644] [jointLog] [info] iteration = 700 | max rel diff. = 2.35622
[2024-08-31 23:55:50.477] [jointLog] [info] iteration = 800 | max rel diff. = 1.10565
[2024-08-31 23:56:02.533] [jointLog] [info] iteration = 900 | max rel diff. = 0.0982693
[2024-08-31 23:56:14.115] [jointLog] [info] iteration = 1,000 | max rel diff. = 2.78598
[2024-08-31 23:56:25.340] [jointLog] [info] iteration = 1,100 | max rel diff. = 2.2172
[2024-08-31 23:56:35.995] [jointLog] [info] iteration = 1,200 | max rel diff. = 0.199844
[2024-08-31 23:56:47.465] [jointLog] [info] iteration = 1,300 | max rel diff. = 0.0336225
[2024-08-31 23:56:58.490] [jointLog] [info] iteration = 1,400 | max rel diff. = 0.0403514
[2024-08-31 23:57:09.256] [jointLog] [info] iteration = 1,500 | max rel diff. = 1.77441
[2024-08-31 23:57:19.170] [jointLog] [info] iteration = 1,600 | max rel diff. = 0.102356
[2024-08-31 23:57:28.904] [jointLog] [info] iteration = 1,700 | max rel diff. = 2.37415
[2024-08-31 23:57:39.978] [jointLog] [info] iteration = 1,800 | max rel diff. = 0.0641503
[2024-08-31 23:57:50.351] [jointLog] [info] iteration = 1,900 | max rel diff. = 3.40652
[2024-08-31 23:58:00.383] [jointLog] [info] iteration = 2,000 | max rel diff. = 0.012478
[2024-08-31 23:58:10.514] [jointLog] [info] iteration = 2,100 | max rel diff. = 0.0198103
[2024-08-31 23:58:17.164] [jointLog] [info] iteration = 2,174 | max rel diff. = 0.00693886
[2024-08-31 23:58:17.244] [jointLog] [info] Finished optimizer
[2024-08-31 23:58:17.244] [jointLog] [info] writing output 

[2024-08-31 23:58:18.459] [jointLog] [info] Starting Bootstrapping
[2024-08-31 23:58:18.992] [jointLog] [info] Will draw 50 bootstrap samples
[2024-08-31 23:58:18.992] [jointLog] [info] Optimizing over 616,750 equivalence classes
[2024-08-31 23:58:19.132] [jointLog] [info] Marked 0 weighted equivalence classes as degenerate
[2024-09-01 00:02:24.506] [jointLog] [info] wrote 1 bootstraps
[2024-09-01 00:02:28.563] [jointLog] [info] wrote 2 bootstraps
[2024-09-01 00:02:34.190] [jointLog] [info] wrote 3 bootstraps
[2024-09-01 00:06:17.853] [jointLog] [info] wrote 4 bootstraps
[2024-09-01 00:06:37.901] [jointLog] [info] wrote 5 bootstraps
[2024-09-01 00:06:50.029] [jointLog] [info] wrote 6 bootstraps
[2024-09-01 00:09:49.938] [jointLog] [info] wrote 7 bootstraps
[2024-09-01 00:09:55.104] [jointLog] [info] wrote 8 bootstraps
[2024-09-01 00:10:47.103] [jointLog] [info] wrote 9 bootstraps
[2024-09-01 00:12:32.743] [jointLog] [info] wrote 10 bootstraps
[2024-09-01 00:13:02.499] [jointLog] [info] wrote 11 bootstraps
[2024-09-01 00:13:54.202] [jointLog] [info] wrote 12 bootstraps
[2024-09-01 00:16:20.399] [jointLog] [info] wrote 13 bootstraps
[2024-09-01 00:16:53.530] [jointLog] [info] wrote 14 bootstraps
[2024-09-01 00:17:39.165] [jointLog] [info] wrote 15 bootstraps
[2024-09-01 00:20:29.716] [jointLog] [info] wrote 16 bootstraps
[2024-09-01 00:20:36.929] [jointLog] [info] wrote 17 bootstraps
[2024-09-01 00:20:39.732] [jointLog] [info] wrote 18 bootstraps
[2024-09-01 00:24:07.686] [jointLog] [info] wrote 19 bootstraps
[2024-09-01 00:24:31.019] [jointLog] [info] wrote 20 bootstraps
[2024-09-01 00:25:16.868] [jointLog] [info] wrote 21 bootstraps
[2024-09-01 00:26:48.093] [jointLog] [info] wrote 22 bootstraps
[2024-09-01 00:27:21.734] [jointLog] [info] wrote 23 bootstraps
[2024-09-01 00:28:48.659] [jointLog] [info] wrote 24 bootstraps
[2024-09-01 00:29:57.538] [jointLog] [info] wrote 25 bootstraps
[2024-09-01 00:30:57.873] [jointLog] [info] wrote 26 bootstraps
[2024-09-01 00:32:50.910] [jointLog] [info] wrote 27 bootstraps
[2024-09-01 00:33:56.581] [jointLog] [info] wrote 28 bootstraps
[2024-09-01 00:34:45.405] [jointLog] [info] wrote 29 bootstraps
[2024-09-01 00:36:44.811] [jointLog] [info] wrote 30 bootstraps
[2024-09-01 00:37:59.436] [jointLog] [info] wrote 31 bootstraps
[2024-09-01 00:38:06.662] [jointLog] [info] wrote 32 bootstraps
[2024-09-01 00:40:51.300] [jointLog] [info] wrote 33 bootstraps
[2024-09-01 00:41:06.722] [jointLog] [info] wrote 34 bootstraps
[2024-09-01 00:42:16.054] [jointLog] [info] wrote 35 bootstraps
[2024-09-01 00:44:40.677] [jointLog] [info] wrote 36 bootstraps
[2024-09-01 00:45:18.229] [jointLog] [info] wrote 37 bootstraps
[2024-09-01 00:46:19.786] [jointLog] [info] wrote 38 bootstraps
[2024-09-01 00:48:24.368] [jointLog] [info] wrote 39 bootstraps
[2024-09-01 00:48:44.584] [jointLog] [info] wrote 40 bootstraps
[2024-09-01 00:49:07.839] [jointLog] [info] wrote 41 bootstraps
[2024-09-01 00:52:20.805] [jointLog] [info] wrote 42 bootstraps
[2024-09-01 00:52:31.379] [jointLog] [info] wrote 43 bootstraps
[2024-09-01 00:53:59.815] [jointLog] [info] wrote 44 bootstraps
[2024-09-01 00:55:27.255] [jointLog] [info] wrote 45 bootstraps
[2024-09-01 00:55:52.136] [jointLog] [info] wrote 46 bootstraps
[2024-09-01 00:57:52.149] [jointLog] [info] wrote 47 bootstraps
[2024-09-01 00:58:26.708] [jointLog] [info] wrote 48 bootstraps
[2024-09-01 00:59:54.789] [jointLog] [info] wrote 49 bootstraps
[2024-09-01 01:01:29.881] [jointLog] [info] wrote 50 bootstraps
[2024-09-01 01:01:29.980] [jointLog] [info] Finished Bootstrapping
[2024-09-01 01:01:29.980] [jointLog] [info] Computing gene-level abundance estimates
[2024-09-01 01:02:26.143] [jointLog] [info] There were 252416 transcripts mapping to 62696 genes
[2024-09-01 01:02:26.150] [jointLog] [info] NOTE: We recommend using tximport (https://bioconductor.org/packages/release/bioc/html/tximport.html) for aggregating transcript-level salmon abundance estimates to the gene level.  It is more versatile, exposes more features, and allows considering multi-sample information during aggregation.
[2024-09-01 01:02:26.895] [jointLog] [info] Aggregating expressions to gene level
[2024-09-01 01:02:27.184] [jointLog] [info] done
