[2024-05-20 23:05:25.760] [jointLog] [info] setting maxHashResizeThreads to 4
[2024-05-20 23:05:25.760] [jointLog] [info] Fragment incompatibility prior below threshold.  Incompatible fragments will be ignored.
[2024-05-20 23:05:25.760] [jointLog] [info] Usage of --validateMappings implies use of minScoreFraction. Since not explicitly specified, it is being set to 0.65
[2024-05-20 23:05:25.760] [jointLog] [info] Setting consensusSlack to selective-alignment default of 0.35.
[2024-05-20 23:05:25.760] [jointLog] [info] parsing read library format
[2024-05-20 23:05:25.760] [jointLog] [info] There is 1 library.
[2024-05-20 23:05:26.059] [jointLog] [info] Loading pufferfish index
[2024-05-20 23:05:26.171] [jointLog] [info] Loading dense pufferfish index.
[2024-05-20 23:11:37.849] [jointLog] [info] done
[2024-05-20 23:11:37.849] [jointLog] [info] Index contained 251,744 targets
[2024-05-20 23:11:42.682] [jointLog] [info] Number of decoys : 194
[2024-05-20 23:11:42.682] [jointLog] [info] First decoy index : 251,509 
[2024-05-20 23:11:43.997] [jointLog] [info] Automatically detected most likely library type as ISR

[2024-05-21 00:43:21.980] [jointLog] [info] Thread saw mini-batch with a maximum of 1.12% zero probability fragments
[2024-05-21 00:43:22.076] [jointLog] [info] Thread saw mini-batch with a maximum of 1.22% zero probability fragments
[2024-05-21 00:43:22.176] [jointLog] [info] Thread saw mini-batch with a maximum of 1.12% zero probability fragments
[2024-05-21 00:43:22.266] [jointLog] [info] Thread saw mini-batch with a maximum of 1.30% zero probability fragments
[2024-05-21 00:43:23.032] [fileLog] [info] 
At end of round 0
==================
Observed 210987073 total fragments (210987073 in most recent round)

[2024-05-21 00:43:23.032] [jointLog] [info] Computed 757,536 rich equivalence classes for further processing
[2024-05-21 00:43:23.032] [jointLog] [info] Counted 150,686,069 total reads in the equivalence classes 
[2024-05-21 00:43:23.037] [jointLog] [info] Number of mappings discarded because of alignment score : 64,476,088
[2024-05-21 00:43:23.037] [jointLog] [info] Number of fragments entirely discarded because of alignment score : 13,774,549
[2024-05-21 00:43:23.037] [jointLog] [info] Number of fragments discarded because they are best-mapped to decoys : 12,144,628
[2024-05-21 00:43:23.037] [jointLog] [info] Number of fragments discarded because they have only dovetail (discordant) mappings to valid targets : 1,311,849
[2024-05-21 00:43:23.037] [jointLog] [info] Mapping rate = 71.4196%

[2024-05-21 00:43:23.037] [jointLog] [info] finished quantifyLibrary()
[2024-05-21 00:43:23.077] [jointLog] [info] Starting optimizer
[2024-05-21 00:43:23.713] [jointLog] [info] Marked 0 weighted equivalence classes as degenerate
[2024-05-21 00:43:23.784] [jointLog] [info] iteration = 0 | max rel diff. = 59.7973
[2024-05-21 00:43:24.478] [jointLog] [info] iteration 11, adjusting effective lengths to account for biases
[2024-05-21 00:45:43.668] [jointLog] [info] Computed expected counts (for bias correction)
[2024-05-21 00:45:43.668] [jointLog] [info] processed bias for 0.0% of the transcripts
[2024-05-21 00:46:00.498] [jointLog] [info] processed bias for 10.0% of the transcripts
[2024-05-21 00:46:16.152] [jointLog] [info] processed bias for 20.0% of the transcripts
[2024-05-21 00:46:32.363] [jointLog] [info] processed bias for 30.0% of the transcripts
[2024-05-21 00:46:48.686] [jointLog] [info] processed bias for 40.0% of the transcripts
[2024-05-21 00:47:05.072] [jointLog] [info] processed bias for 50.0% of the transcripts
[2024-05-21 00:47:20.136] [jointLog] [info] processed bias for 60.0% of the transcripts
[2024-05-21 00:47:36.397] [jointLog] [info] processed bias for 70.0% of the transcripts
[2024-05-21 00:47:52.925] [jointLog] [info] processed bias for 80.0% of the transcripts
[2024-05-21 00:48:10.516] [jointLog] [info] processed bias for 90.0% of the transcripts
[2024-05-21 00:48:26.628] [jointLog] [info] processed bias for 100.0% of the transcripts
[2024-05-21 00:48:34.395] [jointLog] [info] iteration = 100 | max rel diff. = 17.9566
[2024-05-21 00:48:41.979] [jointLog] [info] iteration = 200 | max rel diff. = 7.93199
[2024-05-21 00:48:50.490] [jointLog] [info] iteration = 300 | max rel diff. = 2.17873
[2024-05-21 00:48:58.727] [jointLog] [info] iteration = 400 | max rel diff. = 16.4582
[2024-05-21 00:49:08.369] [jointLog] [info] iteration = 500 | max rel diff. = 4.34267
[2024-05-21 00:49:17.549] [jointLog] [info] iteration = 600 | max rel diff. = 16.1091
[2024-05-21 00:49:26.156] [jointLog] [info] iteration = 700 | max rel diff. = 4.83156
[2024-05-21 00:49:33.752] [jointLog] [info] iteration = 800 | max rel diff. = 1.82287
[2024-05-21 00:49:41.198] [jointLog] [info] iteration = 900 | max rel diff. = 0.0785463
[2024-05-21 00:49:49.135] [jointLog] [info] iteration = 1,000 | max rel diff. = 0.132209
[2024-05-21 00:49:57.401] [jointLog] [info] iteration = 1,100 | max rel diff. = 0.104491
[2024-05-21 00:50:05.225] [jointLog] [info] iteration = 1,200 | max rel diff. = 0.115667
[2024-05-21 00:50:12.593] [jointLog] [info] iteration = 1,300 | max rel diff. = 19.0517
[2024-05-21 00:50:20.026] [jointLog] [info] iteration = 1,400 | max rel diff. = 0.0445547
[2024-05-21 00:50:27.486] [jointLog] [info] iteration = 1,500 | max rel diff. = 0.445085
[2024-05-21 00:50:35.011] [jointLog] [info] iteration = 1,600 | max rel diff. = 0.0776205
[2024-05-21 00:50:42.864] [jointLog] [info] iteration = 1,700 | max rel diff. = 0.0811367
[2024-05-21 00:50:50.567] [jointLog] [info] iteration = 1,800 | max rel diff. = 0.0234162
[2024-05-21 00:50:58.076] [jointLog] [info] iteration = 1,900 | max rel diff. = 0.0547901
[2024-05-21 00:51:05.978] [jointLog] [info] iteration = 2,000 | max rel diff. = 0.035023
[2024-05-21 00:51:14.361] [jointLog] [info] iteration = 2,100 | max rel diff. = 0.195568
[2024-05-21 00:51:21.781] [jointLog] [info] iteration = 2,200 | max rel diff. = 0.01222
[2024-05-21 00:51:29.154] [jointLog] [info] iteration = 2,300 | max rel diff. = 0.133895
[2024-05-21 00:51:37.894] [jointLog] [info] iteration = 2,400 | max rel diff. = 0.363006
[2024-05-21 00:51:38.223] [jointLog] [info] iteration = 2,405 | max rel diff. = 0.0085587
[2024-05-21 00:51:38.289] [jointLog] [info] Finished optimizer
[2024-05-21 00:51:38.289] [jointLog] [info] writing output 

[2024-05-21 00:51:38.771] [jointLog] [info] Starting Bootstrapping
[2024-05-21 00:51:39.192] [jointLog] [info] Will draw 50 bootstrap samples
[2024-05-21 00:51:39.192] [jointLog] [info] Optimizing over 757,536 equivalence classes
[2024-05-21 00:51:39.303] [jointLog] [info] Marked 0 weighted equivalence classes as degenerate
[2024-05-21 00:57:01.815] [jointLog] [info] wrote 1 bootstraps
[2024-05-21 00:58:14.875] [jointLog] [info] wrote 2 bootstraps
[2024-05-21 00:58:34.092] [jointLog] [info] wrote 3 bootstraps
[2024-05-21 01:01:05.330] [jointLog] [info] wrote 4 bootstraps
[2024-05-21 01:03:17.720] [jointLog] [info] wrote 5 bootstraps
[2024-05-21 01:04:16.242] [jointLog] [info] wrote 6 bootstraps
[2024-05-21 01:06:16.971] [jointLog] [info] wrote 7 bootstraps
[2024-05-21 01:07:43.858] [jointLog] [info] wrote 8 bootstraps
[2024-05-21 01:10:52.230] [jointLog] [info] wrote 9 bootstraps
[2024-05-21 01:11:13.159] [jointLog] [info] wrote 10 bootstraps
[2024-05-21 01:13:03.783] [jointLog] [info] wrote 11 bootstraps
[2024-05-21 01:16:36.570] [jointLog] [info] wrote 12 bootstraps
[2024-05-21 01:17:14.982] [jointLog] [info] wrote 13 bootstraps
[2024-05-21 01:18:42.348] [jointLog] [info] wrote 14 bootstraps
[2024-05-21 01:21:52.406] [jointLog] [info] wrote 15 bootstraps
[2024-05-21 01:23:15.972] [jointLog] [info] wrote 16 bootstraps
[2024-05-21 01:24:32.360] [jointLog] [info] wrote 17 bootstraps
[2024-05-21 01:27:08.328] [jointLog] [info] wrote 18 bootstraps
[2024-05-21 01:28:47.662] [jointLog] [info] wrote 19 bootstraps
[2024-05-21 01:30:02.114] [jointLog] [info] wrote 20 bootstraps
[2024-05-21 01:31:17.826] [jointLog] [info] wrote 21 bootstraps
[2024-05-21 01:33:14.971] [jointLog] [info] wrote 22 bootstraps
[2024-05-21 01:35:17.008] [jointLog] [info] wrote 23 bootstraps
[2024-05-21 01:36:46.556] [jointLog] [info] wrote 24 bootstraps
[2024-05-21 01:39:09.707] [jointLog] [info] wrote 25 bootstraps
[2024-05-21 01:39:29.683] [jointLog] [info] wrote 26 bootstraps
[2024-05-21 01:42:01.577] [jointLog] [info] wrote 27 bootstraps
[2024-05-21 01:44:19.987] [jointLog] [info] wrote 28 bootstraps
[2024-05-21 01:44:40.819] [jointLog] [info] wrote 29 bootstraps
[2024-05-21 01:48:15.841] [jointLog] [info] wrote 30 bootstraps
[2024-05-21 01:50:06.962] [jointLog] [info] wrote 31 bootstraps
[2024-05-21 01:50:13.994] [jointLog] [info] wrote 32 bootstraps
[2024-05-21 01:53:21.973] [jointLog] [info] wrote 33 bootstraps
[2024-05-21 01:54:55.846] [jointLog] [info] wrote 34 bootstraps
[2024-05-21 01:55:20.760] [jointLog] [info] wrote 35 bootstraps
[2024-05-21 01:57:30.273] [jointLog] [info] wrote 36 bootstraps
[2024-05-21 01:59:32.617] [jointLog] [info] wrote 37 bootstraps
[2024-05-21 02:00:09.423] [jointLog] [info] wrote 38 bootstraps
[2024-05-21 02:02:38.292] [jointLog] [info] wrote 39 bootstraps
[2024-05-21 02:05:16.151] [jointLog] [info] wrote 40 bootstraps
[2024-05-21 02:05:46.805] [jointLog] [info] wrote 41 bootstraps
[2024-05-21 02:08:09.664] [jointLog] [info] wrote 42 bootstraps
[2024-05-21 02:10:59.915] [jointLog] [info] wrote 43 bootstraps
[2024-05-21 02:11:50.622] [jointLog] [info] wrote 44 bootstraps
[2024-05-21 02:13:01.367] [jointLog] [info] wrote 45 bootstraps
[2024-05-21 02:16:34.067] [jointLog] [info] wrote 46 bootstraps
[2024-05-21 02:16:34.899] [jointLog] [info] wrote 47 bootstraps
[2024-05-21 02:17:42.128] [jointLog] [info] wrote 48 bootstraps
[2024-05-21 02:21:03.227] [jointLog] [info] wrote 49 bootstraps
[2024-05-21 02:21:24.842] [jointLog] [info] wrote 50 bootstraps
[2024-05-21 02:21:24.907] [jointLog] [info] Finished Bootstrapping
[2024-05-21 02:21:24.934] [jointLog] [info] Computing gene-level abundance estimates
[2024-05-21 02:22:18.480] [jointLog] [info] There were 252416 transcripts mapping to 62696 genes
[2024-05-21 02:22:18.481] [jointLog] [info] NOTE: We recommend using tximport (https://bioconductor.org/packages/release/bioc/html/tximport.html) for aggregating transcript-level salmon abundance estimates to the gene level.  It is more versatile, exposes more features, and allows considering multi-sample information during aggregation.
[2024-05-21 02:22:19.212] [jointLog] [info] Aggregating expressions to gene level
[2024-05-21 02:22:19.615] [jointLog] [info] done
