[2024-09-07 11:55:28.124] [jointLog] [info] setting maxHashResizeThreads to 4
[2024-09-07 11:55:28.124] [jointLog] [info] Fragment incompatibility prior below threshold.  Incompatible fragments will be ignored.
[2024-09-07 11:55:28.124] [jointLog] [info] Usage of --validateMappings implies use of minScoreFraction. Since not explicitly specified, it is being set to 0.65
[2024-09-07 11:55:28.124] [jointLog] [info] Setting consensusSlack to selective-alignment default of 0.35.
[2024-09-07 11:55:28.124] [jointLog] [info] parsing read library format
[2024-09-07 11:55:28.124] [jointLog] [info] There is 1 library.
[2024-09-07 11:55:28.185] [jointLog] [info] Loading pufferfish index
[2024-09-07 11:55:28.185] [jointLog] [info] Loading dense pufferfish index.
[2024-09-07 11:56:06.885] [jointLog] [info] done
[2024-09-07 11:56:06.885] [jointLog] [info] Index contained 251,744 targets
[2024-09-07 11:56:09.566] [jointLog] [info] Number of decoys : 194
[2024-09-07 11:56:09.566] [jointLog] [info] First decoy index : 251,509 
[2024-09-07 11:56:10.702] [jointLog] [info] Automatically detected most likely library type as ISR

[2024-09-07 12:22:28.452] [jointLog] [info] Thread saw mini-batch with a maximum of 1.22% zero probability fragments
[2024-09-07 12:22:28.512] [jointLog] [info] Thread saw mini-batch with a maximum of 1.32% zero probability fragments
[2024-09-07 12:22:28.519] [jointLog] [info] Thread saw mini-batch with a maximum of 1.20% zero probability fragments
[2024-09-07 12:22:28.718] [jointLog] [info] Thread saw mini-batch with a maximum of 1.24% zero probability fragments
[2024-09-07 12:22:29.843] [jointLog] [info] Computed 638,000 rich equivalence classes for further processing
[2024-09-07 12:22:29.843] [jointLog] [info] Counted 34,639,700 total reads in the equivalence classes 
[2024-09-07 12:22:29.860] [jointLog] [warning] 2.00297e-05% of fragments were shorter than the k used to build the index.
If this fraction is too large, consider re-building the index with a smaller k.
The minimum read size found was 20.


[2024-09-07 12:22:29.860] [jointLog] [info] Number of mappings discarded because of alignment score : 12,909,346
[2024-09-07 12:22:29.860] [jointLog] [info] Number of fragments entirely discarded because of alignment score : 5,901,281
[2024-09-07 12:22:29.860] [jointLog] [info] Number of fragments discarded because they are best-mapped to decoys : 5,360,122
[2024-09-07 12:22:29.860] [jointLog] [info] Number of fragments discarded because they have only dovetail (discordant) mappings to valid targets : 207,768
[2024-09-07 12:22:29.860] [jointLog] [info] Mapping rate = 57.8186%

[2024-09-07 12:22:29.860] [jointLog] [info] finished quantifyLibrary()
[2024-09-07 12:22:29.861] [jointLog] [info] Starting optimizer
[2024-09-07 12:22:29.848] [fileLog] [info] 
At end of round 0
==================
Observed 59910971 total fragments (59910971 in most recent round)

[2024-09-07 12:22:30.750] [jointLog] [info] Marked 0 weighted equivalence classes as degenerate
[2024-09-07 12:22:30.972] [jointLog] [info] iteration = 0 | max rel diff. = 4209.82
[2024-09-07 12:22:33.131] [jointLog] [info] iteration 11, adjusting effective lengths to account for biases
[2024-09-07 12:28:15.857] [jointLog] [info] Computed expected counts (for bias correction)
[2024-09-07 12:28:15.857] [jointLog] [info] processed bias for 0.0% of the transcripts
[2024-09-07 12:28:45.738] [jointLog] [info] processed bias for 10.0% of the transcripts
[2024-09-07 12:29:11.893] [jointLog] [info] processed bias for 20.0% of the transcripts
[2024-09-07 12:29:36.487] [jointLog] [info] processed bias for 30.0% of the transcripts
[2024-09-07 12:30:01.969] [jointLog] [info] processed bias for 40.0% of the transcripts
[2024-09-07 12:30:27.203] [jointLog] [info] processed bias for 50.0% of the transcripts
[2024-09-07 12:30:52.608] [jointLog] [info] processed bias for 60.0% of the transcripts
[2024-09-07 12:31:16.275] [jointLog] [info] processed bias for 70.0% of the transcripts
[2024-09-07 12:31:38.989] [jointLog] [info] processed bias for 80.0% of the transcripts
[2024-09-07 12:32:03.644] [jointLog] [info] processed bias for 90.0% of the transcripts
[2024-09-07 12:32:25.782] [jointLog] [info] processed bias for 100.0% of the transcripts
[2024-09-07 12:32:38.438] [jointLog] [info] iteration = 100 | max rel diff. = 15.8393
[2024-09-07 12:32:52.388] [jointLog] [info] iteration = 200 | max rel diff. = 6.09468
[2024-09-07 12:33:06.099] [jointLog] [info] iteration = 300 | max rel diff. = 12.8313
[2024-09-07 12:33:21.323] [jointLog] [info] iteration = 400 | max rel diff. = 0.527711
[2024-09-07 12:33:34.972] [jointLog] [info] iteration = 500 | max rel diff. = 0.428433
[2024-09-07 12:33:45.319] [jointLog] [info] iteration = 600 | max rel diff. = 1.71396
[2024-09-07 12:33:55.308] [jointLog] [info] iteration = 700 | max rel diff. = 1.62331
[2024-09-07 12:34:06.866] [jointLog] [info] iteration = 800 | max rel diff. = 0.495515
[2024-09-07 12:34:19.594] [jointLog] [info] iteration = 900 | max rel diff. = 1.08952
[2024-09-07 12:34:30.826] [jointLog] [info] iteration = 1,000 | max rel diff. = 1.15612
[2024-09-07 12:34:41.088] [jointLog] [info] iteration = 1,100 | max rel diff. = 0.289497
[2024-09-07 12:34:50.408] [jointLog] [info] iteration = 1,200 | max rel diff. = 0.333698
[2024-09-07 12:35:00.167] [jointLog] [info] iteration = 1,300 | max rel diff. = 0.0118523
[2024-09-07 12:35:10.194] [jointLog] [info] iteration = 1,400 | max rel diff. = 0.0611554
[2024-09-07 12:35:20.461] [jointLog] [info] iteration = 1,500 | max rel diff. = 8.36859
[2024-09-07 12:35:29.642] [jointLog] [info] iteration = 1,600 | max rel diff. = 0.0635878
[2024-09-07 12:35:38.414] [jointLog] [info] iteration = 1,700 | max rel diff. = 0.0709769
[2024-09-07 12:35:49.627] [jointLog] [info] iteration = 1,800 | max rel diff. = 0.0455252
[2024-09-07 12:35:59.758] [jointLog] [info] iteration = 1,900 | max rel diff. = 0.0381023
[2024-09-07 12:36:09.273] [jointLog] [info] iteration = 2,000 | max rel diff. = 0.131736
[2024-09-07 12:36:19.577] [jointLog] [info] iteration = 2,100 | max rel diff. = 0.121598
[2024-09-07 12:36:29.641] [jointLog] [info] iteration = 2,200 | max rel diff. = 0.0243971
[2024-09-07 12:36:39.522] [jointLog] [info] iteration = 2,300 | max rel diff. = 0.0296688
[2024-09-07 12:36:49.448] [jointLog] [info] iteration = 2,400 | max rel diff. = 0.0250023
[2024-09-07 12:36:55.086] [jointLog] [info] iteration = 2,461 | max rel diff. = 0.00578609
[2024-09-07 12:36:55.234] [jointLog] [info] Finished optimizer
[2024-09-07 12:36:55.234] [jointLog] [info] writing output 

[2024-09-07 12:36:55.939] [jointLog] [info] Starting Bootstrapping
[2024-09-07 12:36:56.346] [jointLog] [info] Will draw 50 bootstrap samples
[2024-09-07 12:36:56.346] [jointLog] [info] Optimizing over 638,000 equivalence classes
[2024-09-07 12:36:56.520] [jointLog] [info] Marked 0 weighted equivalence classes as degenerate
[2024-09-07 12:42:21.068] [jointLog] [info] wrote 1 bootstraps
[2024-09-07 12:43:38.228] [jointLog] [info] wrote 2 bootstraps
[2024-09-07 12:44:46.142] [jointLog] [info] wrote 3 bootstraps
[2024-09-07 12:47:39.522] [jointLog] [info] wrote 4 bootstraps
[2024-09-07 12:50:36.142] [jointLog] [info] wrote 5 bootstraps
[2024-09-07 12:52:23.923] [jointLog] [info] wrote 6 bootstraps
[2024-09-07 12:54:56.667] [jointLog] [info] wrote 7 bootstraps
[2024-09-07 12:57:02.420] [jointLog] [info] wrote 8 bootstraps
[2024-09-07 12:58:15.858] [jointLog] [info] wrote 9 bootstraps
[2024-09-07 13:01:26.321] [jointLog] [info] wrote 10 bootstraps
[2024-09-07 13:02:21.218] [jointLog] [info] wrote 11 bootstraps
[2024-09-07 13:02:53.717] [jointLog] [info] wrote 12 bootstraps
[2024-09-07 13:05:25.902] [jointLog] [info] wrote 13 bootstraps
[2024-09-07 13:08:03.031] [jointLog] [info] wrote 14 bootstraps
[2024-09-07 13:08:08.183] [jointLog] [info] wrote 15 bootstraps
[2024-09-07 13:09:43.734] [jointLog] [info] wrote 16 bootstraps
[2024-09-07 13:14:04.279] [jointLog] [info] wrote 17 bootstraps
[2024-09-07 13:14:08.364] [jointLog] [info] wrote 18 bootstraps
[2024-09-07 13:14:10.985] [jointLog] [info] wrote 19 bootstraps
[2024-09-07 13:19:11.262] [jointLog] [info] wrote 20 bootstraps
[2024-09-07 13:19:19.862] [jointLog] [info] wrote 21 bootstraps
[2024-09-07 13:19:28.242] [jointLog] [info] wrote 22 bootstraps
[2024-09-07 13:25:44.578] [jointLog] [info] wrote 23 bootstraps
[2024-09-07 13:26:01.986] [jointLog] [info] wrote 24 bootstraps
[2024-09-07 13:26:26.567] [jointLog] [info] wrote 25 bootstraps
[2024-09-07 13:32:16.930] [jointLog] [info] wrote 26 bootstraps
[2024-09-07 13:32:17.134] [jointLog] [info] wrote 27 bootstraps
[2024-09-07 13:33:11.562] [jointLog] [info] wrote 28 bootstraps
[2024-09-07 13:37:14.026] [jointLog] [info] wrote 29 bootstraps
[2024-09-07 13:37:46.758] [jointLog] [info] wrote 30 bootstraps
[2024-09-07 13:38:15.170] [jointLog] [info] wrote 31 bootstraps
[2024-09-07 13:42:21.000] [jointLog] [info] wrote 32 bootstraps
[2024-09-07 13:43:27.727] [jointLog] [info] wrote 33 bootstraps
[2024-09-07 13:44:28.771] [jointLog] [info] wrote 34 bootstraps
[2024-09-07 13:48:07.077] [jointLog] [info] wrote 35 bootstraps
[2024-09-07 13:49:05.406] [jointLog] [info] wrote 36 bootstraps
[2024-09-07 13:49:50.305] [jointLog] [info] wrote 37 bootstraps
[2024-09-07 13:52:41.551] [jointLog] [info] wrote 38 bootstraps
[2024-09-07 13:53:21.173] [jointLog] [info] wrote 39 bootstraps
[2024-09-07 13:54:00.027] [jointLog] [info] wrote 40 bootstraps
[2024-09-07 13:56:42.835] [jointLog] [info] wrote 41 bootstraps
[2024-09-07 13:57:15.826] [jointLog] [info] wrote 42 bootstraps
[2024-09-07 13:58:56.705] [jointLog] [info] wrote 43 bootstraps
[2024-09-07 14:01:21.897] [jointLog] [info] wrote 44 bootstraps
[2024-09-07 14:02:12.690] [jointLog] [info] wrote 45 bootstraps
[2024-09-07 14:02:51.767] [jointLog] [info] wrote 46 bootstraps
[2024-09-07 14:06:25.365] [jointLog] [info] wrote 47 bootstraps
[2024-09-07 14:06:36.696] [jointLog] [info] wrote 48 bootstraps
[2024-09-07 14:07:26.583] [jointLog] [info] wrote 49 bootstraps
[2024-09-07 14:10:18.582] [jointLog] [info] wrote 50 bootstraps
[2024-09-07 14:10:18.676] [jointLog] [info] Finished Bootstrapping
[2024-09-07 14:10:18.676] [jointLog] [info] Computing gene-level abundance estimates
[2024-09-07 14:11:07.170] [jointLog] [info] There were 252416 transcripts mapping to 62696 genes
[2024-09-07 14:11:07.178] [jointLog] [info] NOTE: We recommend using tximport (https://bioconductor.org/packages/release/bioc/html/tximport.html) for aggregating transcript-level salmon abundance estimates to the gene level.  It is more versatile, exposes more features, and allows considering multi-sample information during aggregation.
[2024-09-07 14:11:07.634] [jointLog] [info] Aggregating expressions to gene level
[2024-09-07 14:11:07.828] [jointLog] [info] done
