[2024-08-03 20:51:47.366] [jointLog] [info] setting maxHashResizeThreads to 4
[2024-08-03 20:51:47.366] [jointLog] [info] Fragment incompatibility prior below threshold.  Incompatible fragments will be ignored.
[2024-08-03 20:51:47.366] [jointLog] [info] Usage of --validateMappings implies use of minScoreFraction. Since not explicitly specified, it is being set to 0.65
[2024-08-03 20:51:47.366] [jointLog] [info] Setting consensusSlack to selective-alignment default of 0.35.
[2024-08-03 20:51:47.366] [jointLog] [info] parsing read library format
[2024-08-03 20:51:47.366] [jointLog] [info] There is 1 library.
[2024-08-03 20:51:47.530] [jointLog] [info] Loading pufferfish index
[2024-08-03 20:51:47.572] [jointLog] [info] Loading dense pufferfish index.
[2024-08-03 20:54:03.011] [jointLog] [info] done
[2024-08-03 20:54:03.011] [jointLog] [info] Index contained 251,744 targets
[2024-08-03 20:54:06.645] [jointLog] [info] Number of decoys : 194
[2024-08-03 20:54:06.645] [jointLog] [info] First decoy index : 251,509 
[2024-08-03 20:54:08.214] [jointLog] [info] Automatically detected most likely library type as ISR

[2024-08-03 21:14:06.915] [jointLog] [info] Thread saw mini-batch with a maximum of 0.98% zero probability fragments
[2024-08-03 21:14:07.096] [jointLog] [info] Thread saw mini-batch with a maximum of 0.94% zero probability fragments
[2024-08-03 21:14:07.118] [jointLog] [info] Thread saw mini-batch with a maximum of 0.96% zero probability fragments
[2024-08-03 21:14:07.467] [jointLog] [info] Thread saw mini-batch with a maximum of 1.00% zero probability fragments
[2024-08-03 21:14:07.963] [jointLog] [info] Computed 497,623 rich equivalence classes for further processing
[2024-08-03 21:14:07.963] [jointLog] [info] Counted 36,703,301 total reads in the equivalence classes 
[2024-08-03 21:14:07.968] [jointLog] [info] Number of mappings discarded because of alignment score : 21,538,125
[2024-08-03 21:14:07.968] [jointLog] [info] Number of fragments entirely discarded because of alignment score : 2,839,038
[2024-08-03 21:14:07.968] [jointLog] [info] Number of fragments discarded because they are best-mapped to decoys : 1,873,638
[2024-08-03 21:14:07.968] [jointLog] [info] Number of fragments discarded because they have only dovetail (discordant) mappings to valid targets : 164,983
[2024-08-03 21:14:07.968] [jointLog] [info] Mapping rate = 87.7542%

[2024-08-03 21:14:07.968] [jointLog] [info] finished quantifyLibrary()
[2024-08-03 21:14:07.975] [jointLog] [info] Starting optimizer
[2024-08-03 21:14:07.964] [fileLog] [info] 
At end of round 0
==================
Observed 41825106 total fragments (41825106 in most recent round)

[2024-08-03 21:14:11.318] [jointLog] [info] Marked 0 weighted equivalence classes as degenerate
[2024-08-03 21:14:11.378] [jointLog] [info] iteration = 0 | max rel diff. = 3863.02
[2024-08-03 21:14:11.925] [jointLog] [info] iteration 11, adjusting effective lengths to account for biases
[2024-08-03 21:18:27.710] [jointLog] [info] Computed expected counts (for bias correction)
[2024-08-03 21:18:27.710] [jointLog] [info] processed bias for 0.0% of the transcripts
[2024-08-03 21:18:49.939] [jointLog] [info] processed bias for 10.0% of the transcripts
[2024-08-03 21:19:10.710] [jointLog] [info] processed bias for 20.0% of the transcripts
[2024-08-03 21:19:31.180] [jointLog] [info] processed bias for 30.0% of the transcripts
[2024-08-03 21:19:51.500] [jointLog] [info] processed bias for 40.0% of the transcripts
[2024-08-03 21:20:11.793] [jointLog] [info] processed bias for 50.0% of the transcripts
[2024-08-03 21:20:30.795] [jointLog] [info] processed bias for 60.0% of the transcripts
[2024-08-03 21:20:50.668] [jointLog] [info] processed bias for 70.0% of the transcripts
[2024-08-03 21:21:10.005] [jointLog] [info] processed bias for 80.0% of the transcripts
[2024-08-03 21:21:28.837] [jointLog] [info] processed bias for 90.0% of the transcripts
[2024-08-03 21:21:48.519] [jointLog] [info] processed bias for 100.0% of the transcripts
[2024-08-03 21:21:52.574] [jointLog] [info] iteration = 100 | max rel diff. = 18.7209
[2024-08-03 21:21:57.020] [jointLog] [info] iteration = 200 | max rel diff. = 12.2046
[2024-08-03 21:22:01.496] [jointLog] [info] iteration = 300 | max rel diff. = 4.1796
[2024-08-03 21:22:05.954] [jointLog] [info] iteration = 400 | max rel diff. = 3.06179
[2024-08-03 21:22:10.378] [jointLog] [info] iteration = 500 | max rel diff. = 1.50097
[2024-08-03 21:22:14.748] [jointLog] [info] iteration = 600 | max rel diff. = 3.63161
[2024-08-03 21:22:19.137] [jointLog] [info] iteration = 700 | max rel diff. = 0.380254
[2024-08-03 21:22:23.532] [jointLog] [info] iteration = 800 | max rel diff. = 0.0179475
[2024-08-03 21:22:27.905] [jointLog] [info] iteration = 900 | max rel diff. = 1.57729
[2024-08-03 21:22:32.420] [jointLog] [info] iteration = 1,000 | max rel diff. = 0.621092
[2024-08-03 21:22:36.968] [jointLog] [info] iteration = 1,100 | max rel diff. = 6.9505
[2024-08-03 21:22:41.553] [jointLog] [info] iteration = 1,200 | max rel diff. = 0.161158
[2024-08-03 21:22:46.097] [jointLog] [info] iteration = 1,300 | max rel diff. = 0.0590902
[2024-08-03 21:22:50.346] [jointLog] [info] iteration = 1,395 | max rel diff. = 0.00667591
[2024-08-03 21:22:50.410] [jointLog] [info] Finished optimizer
[2024-08-03 21:22:50.410] [jointLog] [info] writing output 

[2024-08-03 21:22:52.127] [jointLog] [info] Starting Bootstrapping
[2024-08-03 21:22:52.332] [jointLog] [info] Will draw 50 bootstrap samples
[2024-08-03 21:22:52.332] [jointLog] [info] Optimizing over 497,623 equivalence classes
[2024-08-03 21:22:52.401] [jointLog] [info] Marked 0 weighted equivalence classes as degenerate
[2024-08-03 21:24:26.686] [jointLog] [info] wrote 1 bootstraps
[2024-08-03 21:24:31.571] [jointLog] [info] wrote 2 bootstraps
[2024-08-03 21:24:33.310] [jointLog] [info] wrote 3 bootstraps
[2024-08-03 21:26:07.212] [jointLog] [info] wrote 4 bootstraps
[2024-08-03 21:26:19.538] [jointLog] [info] wrote 5 bootstraps
[2024-08-03 21:26:24.167] [jointLog] [info] wrote 6 bootstraps
[2024-08-03 21:27:51.464] [jointLog] [info] wrote 7 bootstraps
[2024-08-03 21:28:03.742] [jointLog] [info] wrote 8 bootstraps
[2024-08-03 21:28:12.347] [jointLog] [info] wrote 9 bootstraps
[2024-08-03 21:29:24.460] [jointLog] [info] wrote 10 bootstraps
[2024-08-03 21:29:52.656] [jointLog] [info] wrote 11 bootstraps
[2024-08-03 21:30:13.321] [jointLog] [info] wrote 12 bootstraps
[2024-08-03 21:31:37.880] [jointLog] [info] wrote 13 bootstraps
[2024-08-03 21:31:56.717] [jointLog] [info] wrote 14 bootstraps
[2024-08-03 21:32:16.431] [jointLog] [info] wrote 15 bootstraps
[2024-08-03 21:33:35.128] [jointLog] [info] wrote 16 bootstraps
[2024-08-03 21:33:52.245] [jointLog] [info] wrote 17 bootstraps
[2024-08-03 21:34:13.862] [jointLog] [info] wrote 18 bootstraps
[2024-08-03 21:35:12.373] [jointLog] [info] wrote 19 bootstraps
[2024-08-03 21:35:28.313] [jointLog] [info] wrote 20 bootstraps
[2024-08-03 21:35:53.487] [jointLog] [info] wrote 21 bootstraps
[2024-08-03 21:37:00.035] [jointLog] [info] wrote 22 bootstraps
[2024-08-03 21:37:03.062] [jointLog] [info] wrote 23 bootstraps
[2024-08-03 21:37:25.704] [jointLog] [info] wrote 24 bootstraps
[2024-08-03 21:38:37.588] [jointLog] [info] wrote 25 bootstraps
[2024-08-03 21:39:02.439] [jointLog] [info] wrote 26 bootstraps
[2024-08-03 21:39:06.199] [jointLog] [info] wrote 27 bootstraps
[2024-08-03 21:40:35.846] [jointLog] [info] wrote 28 bootstraps
[2024-08-03 21:40:52.033] [jointLog] [info] wrote 29 bootstraps
[2024-08-03 21:41:22.678] [jointLog] [info] wrote 30 bootstraps
[2024-08-03 21:42:29.172] [jointLog] [info] wrote 31 bootstraps
[2024-08-03 21:42:48.870] [jointLog] [info] wrote 32 bootstraps
[2024-08-03 21:43:11.038] [jointLog] [info] wrote 33 bootstraps
[2024-08-03 21:44:24.768] [jointLog] [info] wrote 34 bootstraps
[2024-08-03 21:44:24.825] [jointLog] [info] wrote 35 bootstraps
[2024-08-03 21:45:04.424] [jointLog] [info] wrote 36 bootstraps
[2024-08-03 21:46:14.084] [jointLog] [info] wrote 37 bootstraps
[2024-08-03 21:46:16.484] [jointLog] [info] wrote 38 bootstraps
[2024-08-03 21:47:19.168] [jointLog] [info] wrote 39 bootstraps
[2024-08-03 21:47:52.368] [jointLog] [info] wrote 40 bootstraps
[2024-08-03 21:47:59.994] [jointLog] [info] wrote 41 bootstraps
[2024-08-03 21:49:02.983] [jointLog] [info] wrote 42 bootstraps
[2024-08-03 21:49:32.330] [jointLog] [info] wrote 43 bootstraps
[2024-08-03 21:49:37.313] [jointLog] [info] wrote 44 bootstraps
[2024-08-03 21:50:43.127] [jointLog] [info] wrote 45 bootstraps
[2024-08-03 21:51:15.806] [jointLog] [info] wrote 46 bootstraps
[2024-08-03 21:51:37.468] [jointLog] [info] wrote 47 bootstraps
[2024-08-03 21:53:10.648] [jointLog] [info] wrote 48 bootstraps
[2024-08-03 21:53:29.502] [jointLog] [info] wrote 49 bootstraps
[2024-08-03 21:53:36.127] [jointLog] [info] wrote 50 bootstraps
[2024-08-03 21:53:36.208] [jointLog] [info] Finished Bootstrapping
[2024-08-03 21:53:36.208] [jointLog] [info] Computing gene-level abundance estimates
[2024-08-03 21:54:32.393] [jointLog] [info] There were 252416 transcripts mapping to 62696 genes
[2024-08-03 21:54:32.393] [jointLog] [info] NOTE: We recommend using tximport (https://bioconductor.org/packages/release/bioc/html/tximport.html) for aggregating transcript-level salmon abundance estimates to the gene level.  It is more versatile, exposes more features, and allows considering multi-sample information during aggregation.
[2024-08-03 21:54:32.998] [jointLog] [info] Aggregating expressions to gene level
[2024-08-03 21:54:33.198] [jointLog] [info] done
