[2024-08-06 17:45:37.611] [jointLog] [info] setting maxHashResizeThreads to 4
[2024-08-06 17:45:37.611] [jointLog] [info] Fragment incompatibility prior below threshold.  Incompatible fragments will be ignored.
[2024-08-06 17:45:37.611] [jointLog] [info] Usage of --validateMappings implies use of minScoreFraction. Since not explicitly specified, it is being set to 0.65
[2024-08-06 17:45:37.611] [jointLog] [info] Setting consensusSlack to selective-alignment default of 0.35.
[2024-08-06 17:45:37.611] [jointLog] [info] parsing read library format
[2024-08-06 17:45:37.612] [jointLog] [info] There is 1 library.
[2024-08-06 17:45:37.868] [jointLog] [info] Loading pufferfish index
[2024-08-06 17:45:37.907] [jointLog] [info] Loading dense pufferfish index.
[2024-08-06 17:49:47.226] [jointLog] [info] done
[2024-08-06 17:49:47.226] [jointLog] [info] Index contained 251,744 targets
[2024-08-06 17:49:53.369] [jointLog] [info] Number of decoys : 194
[2024-08-06 17:49:53.369] [jointLog] [info] First decoy index : 251,509 
[2024-08-06 17:50:00.243] [jointLog] [info] Automatically detected most likely library type as ISR

[2024-08-06 19:05:14.181] [jointLog] [info] Thread saw mini-batch with a maximum of 1.16% zero probability fragments
[2024-08-06 19:05:15.560] [jointLog] [info] Thread saw mini-batch with a maximum of 1.14% zero probability fragments
[2024-08-06 19:05:15.720] [jointLog] [info] Thread saw mini-batch with a maximum of 1.20% zero probability fragments
[2024-08-06 19:05:17.013] [jointLog] [info] Thread saw mini-batch with a maximum of 1.16% zero probability fragments
[2024-08-06 19:05:20.015] [jointLog] [info] Computed 377,236 rich equivalence classes for further processing
[2024-08-06 19:05:20.015] [jointLog] [info] Counted 20,655,183 total reads in the equivalence classes 
[2024-08-06 19:05:20.050] [jointLog] [info] Number of mappings discarded because of alignment score : 16,639,695
[2024-08-06 19:05:20.050] [jointLog] [info] Number of fragments entirely discarded because of alignment score : 5,499,180
[2024-08-06 19:05:20.050] [jointLog] [info] Number of fragments discarded because they are best-mapped to decoys : 4,249,909
[2024-08-06 19:05:20.050] [jointLog] [info] Number of fragments discarded because they have only dovetail (discordant) mappings to valid targets : 71,242
[2024-08-06 19:05:20.050] [jointLog] [info] Mapping rate = 67.6004%

[2024-08-06 19:05:20.050] [jointLog] [info] finished quantifyLibrary()
[2024-08-06 19:05:20.083] [jointLog] [info] Starting optimizer
[2024-08-06 19:05:20.032] [fileLog] [info] 
At end of round 0
==================
Observed 30554845 total fragments (30554845 in most recent round)

[2024-08-06 19:05:21.760] [jointLog] [info] Marked 0 weighted equivalence classes as degenerate
[2024-08-06 19:05:22.099] [jointLog] [info] iteration = 0 | max rel diff. = 4815.07
[2024-08-06 19:05:25.297] [jointLog] [info] iteration 11, adjusting effective lengths to account for biases
[2024-08-06 19:09:34.989] [jointLog] [info] Computed expected counts (for bias correction)
[2024-08-06 19:09:34.990] [jointLog] [info] processed bias for 0.0% of the transcripts
[2024-08-06 19:09:56.679] [jointLog] [info] processed bias for 10.0% of the transcripts
[2024-08-06 19:10:16.684] [jointLog] [info] processed bias for 20.0% of the transcripts
[2024-08-06 19:10:36.830] [jointLog] [info] processed bias for 30.0% of the transcripts
[2024-08-06 19:10:57.009] [jointLog] [info] processed bias for 40.0% of the transcripts
[2024-08-06 19:11:16.745] [jointLog] [info] processed bias for 50.0% of the transcripts
[2024-08-06 19:11:35.152] [jointLog] [info] processed bias for 60.0% of the transcripts
[2024-08-06 19:11:53.420] [jointLog] [info] processed bias for 70.0% of the transcripts
[2024-08-06 19:12:13.385] [jointLog] [info] processed bias for 80.0% of the transcripts
[2024-08-06 19:12:31.543] [jointLog] [info] processed bias for 90.0% of the transcripts
[2024-08-06 19:12:52.056] [jointLog] [info] processed bias for 100.0% of the transcripts
[2024-08-06 19:13:15.277] [jointLog] [info] iteration = 100 | max rel diff. = 16.9163
[2024-08-06 19:13:34.986] [jointLog] [info] iteration = 200 | max rel diff. = 11.0705
[2024-08-06 19:13:50.227] [jointLog] [info] iteration = 300 | max rel diff. = 0.941283
[2024-08-06 19:14:04.718] [jointLog] [info] iteration = 400 | max rel diff. = 0.93315
[2024-08-06 19:14:18.334] [jointLog] [info] iteration = 500 | max rel diff. = 0.691883
[2024-08-06 19:14:31.263] [jointLog] [info] iteration = 600 | max rel diff. = 2.93989
[2024-08-06 19:14:43.807] [jointLog] [info] iteration = 700 | max rel diff. = 0.177038
[2024-08-06 19:14:56.381] [jointLog] [info] iteration = 800 | max rel diff. = 0.0698869
[2024-08-06 19:15:08.165] [jointLog] [info] iteration = 900 | max rel diff. = 0.835606
[2024-08-06 19:15:19.838] [jointLog] [info] iteration = 1,000 | max rel diff. = 9.53001
[2024-08-06 19:15:31.415] [jointLog] [info] iteration = 1,100 | max rel diff. = 0.0415282
[2024-08-06 19:15:41.255] [jointLog] [info] iteration = 1,200 | max rel diff. = 0.014696
[2024-08-06 19:15:50.744] [jointLog] [info] iteration = 1,300 | max rel diff. = 0.0549418
[2024-08-06 19:15:56.231] [jointLog] [info] iteration = 1,360 | max rel diff. = 0.00796105
[2024-08-06 19:15:56.566] [jointLog] [info] Finished optimizer
[2024-08-06 19:15:56.567] [jointLog] [info] writing output 

[2024-08-06 19:15:57.284] [jointLog] [info] Starting Bootstrapping
[2024-08-06 19:15:58.413] [jointLog] [info] Will draw 50 bootstrap samples
[2024-08-06 19:15:58.413] [jointLog] [info] Optimizing over 377,236 equivalence classes
[2024-08-06 19:15:58.712] [jointLog] [info] Marked 0 weighted equivalence classes as degenerate
[2024-08-06 19:18:13.392] [jointLog] [info] wrote 1 bootstraps
[2024-08-06 19:18:25.332] [jointLog] [info] wrote 2 bootstraps
[2024-08-06 19:19:38.640] [jointLog] [info] wrote 3 bootstraps
[2024-08-06 19:19:48.741] [jointLog] [info] wrote 4 bootstraps
[2024-08-06 19:20:28.261] [jointLog] [info] wrote 5 bootstraps
[2024-08-06 19:21:06.351] [jointLog] [info] wrote 6 bootstraps
[2024-08-06 19:21:28.215] [jointLog] [info] wrote 7 bootstraps
[2024-08-06 19:22:34.681] [jointLog] [info] wrote 8 bootstraps
[2024-08-06 19:22:36.518] [jointLog] [info] wrote 9 bootstraps
[2024-08-06 19:23:40.176] [jointLog] [info] wrote 10 bootstraps
[2024-08-06 19:24:36.052] [jointLog] [info] wrote 11 bootstraps
[2024-08-06 19:24:50.763] [jointLog] [info] wrote 12 bootstraps
[2024-08-06 19:25:54.449] [jointLog] [info] wrote 13 bootstraps
[2024-08-06 19:26:11.245] [jointLog] [info] wrote 14 bootstraps
[2024-08-06 19:26:28.637] [jointLog] [info] wrote 15 bootstraps
[2024-08-06 19:27:37.258] [jointLog] [info] wrote 16 bootstraps
[2024-08-06 19:28:15.836] [jointLog] [info] wrote 17 bootstraps
[2024-08-06 19:29:13.651] [jointLog] [info] wrote 18 bootstraps
[2024-08-06 19:29:35.258] [jointLog] [info] wrote 19 bootstraps
[2024-08-06 19:29:54.974] [jointLog] [info] wrote 20 bootstraps
[2024-08-06 19:31:00.391] [jointLog] [info] wrote 21 bootstraps
[2024-08-06 19:31:26.646] [jointLog] [info] wrote 22 bootstraps
[2024-08-06 19:32:27.017] [jointLog] [info] wrote 23 bootstraps
[2024-08-06 19:32:54.512] [jointLog] [info] wrote 24 bootstraps
[2024-08-06 19:33:31.591] [jointLog] [info] wrote 25 bootstraps
[2024-08-06 19:34:01.165] [jointLog] [info] wrote 26 bootstraps
[2024-08-06 19:34:18.465] [jointLog] [info] wrote 27 bootstraps
[2024-08-06 19:35:26.904] [jointLog] [info] wrote 28 bootstraps
[2024-08-06 19:35:57.835] [jointLog] [info] wrote 29 bootstraps
[2024-08-06 19:36:50.746] [jointLog] [info] wrote 30 bootstraps
[2024-08-06 19:36:54.054] [jointLog] [info] wrote 31 bootstraps
[2024-08-06 19:37:18.008] [jointLog] [info] wrote 32 bootstraps
[2024-08-06 19:38:09.384] [jointLog] [info] wrote 33 bootstraps
[2024-08-06 19:38:48.621] [jointLog] [info] wrote 34 bootstraps
[2024-08-06 19:39:15.434] [jointLog] [info] wrote 35 bootstraps
[2024-08-06 19:39:45.724] [jointLog] [info] wrote 36 bootstraps
[2024-08-06 19:40:26.955] [jointLog] [info] wrote 37 bootstraps
[2024-08-06 19:40:53.598] [jointLog] [info] wrote 38 bootstraps
[2024-08-06 19:41:53.407] [jointLog] [info] wrote 39 bootstraps
[2024-08-06 19:42:04.917] [jointLog] [info] wrote 40 bootstraps
[2024-08-06 19:42:53.757] [jointLog] [info] wrote 41 bootstraps
[2024-08-06 19:43:19.865] [jointLog] [info] wrote 42 bootstraps
[2024-08-06 19:43:38.399] [jointLog] [info] wrote 43 bootstraps
[2024-08-06 19:44:57.039] [jointLog] [info] wrote 44 bootstraps
[2024-08-06 19:45:15.925] [jointLog] [info] wrote 45 bootstraps
[2024-08-06 19:45:16.932] [jointLog] [info] wrote 46 bootstraps
[2024-08-06 19:46:57.195] [jointLog] [info] wrote 47 bootstraps
[2024-08-06 19:47:15.493] [jointLog] [info] wrote 48 bootstraps
[2024-08-06 19:48:36.730] [jointLog] [info] wrote 49 bootstraps
[2024-08-06 19:48:49.308] [jointLog] [info] wrote 50 bootstraps
[2024-08-06 19:48:49.384] [jointLog] [info] Finished Bootstrapping
[2024-08-06 19:48:49.384] [jointLog] [info] Computing gene-level abundance estimates
[2024-08-06 19:50:11.190] [jointLog] [info] There were 252416 transcripts mapping to 62696 genes
[2024-08-06 19:50:11.212] [jointLog] [info] NOTE: We recommend using tximport (https://bioconductor.org/packages/release/bioc/html/tximport.html) for aggregating transcript-level salmon abundance estimates to the gene level.  It is more versatile, exposes more features, and allows considering multi-sample information during aggregation.
[2024-08-06 19:50:13.590] [jointLog] [info] Aggregating expressions to gene level
[2024-08-06 19:50:15.679] [jointLog] [info] done
