[2024-10-18 16:54:51.719] [jointLog] [info] setting maxHashResizeThreads to 4
[2024-10-18 16:54:51.719] [jointLog] [info] Fragment incompatibility prior below threshold.  Incompatible fragments will be ignored.
[2024-10-18 16:54:51.719] [jointLog] [info] Usage of --validateMappings implies use of minScoreFraction. Since not explicitly specified, it is being set to 0.65
[2024-10-18 16:54:51.719] [jointLog] [info] Setting consensusSlack to selective-alignment default of 0.35.
[2024-10-18 16:54:51.719] [jointLog] [info] parsing read library format
[2024-10-18 16:54:51.719] [jointLog] [info] There is 1 library.
[2024-10-18 16:54:51.835] [jointLog] [info] Loading pufferfish index
[2024-10-18 16:54:51.837] [jointLog] [info] Loading dense pufferfish index.
[2024-10-18 16:57:33.087] [jointLog] [info] done
[2024-10-18 16:57:33.087] [jointLog] [info] Index contained 251,744 targets
[2024-10-18 16:57:36.822] [jointLog] [info] Number of decoys : 194
[2024-10-18 16:57:36.822] [jointLog] [info] First decoy index : 251,509 
[2024-10-18 16:57:38.165] [jointLog] [info] Automatically detected most likely library type as ISR

[2024-10-18 17:50:34.979] [jointLog] [info] Thread saw mini-batch with a maximum of 4.32% zero probability fragments
[2024-10-18 17:50:34.989] [jointLog] [info] Thread saw mini-batch with a maximum of 4.46% zero probability fragments
[2024-10-18 17:50:35.431] [jointLog] [info] Thread saw mini-batch with a maximum of 4.42% zero probability fragments
[2024-10-18 17:50:35.699] [jointLog] [info] Thread saw mini-batch with a maximum of 4.38% zero probability fragments
[2024-10-18 17:50:36.103] [jointLog] [info] Computed 395,988 rich equivalence classes for further processing
[2024-10-18 17:50:36.103] [jointLog] [info] Counted 38,620,345 total reads in the equivalence classes 
[2024-10-18 17:50:47.540] [jointLog] [info] Number of mappings discarded because of alignment score : 26,961,542
[2024-10-18 17:50:47.540] [jointLog] [info] Number of fragments entirely discarded because of alignment score : 7,287,813
[2024-10-18 17:50:47.540] [jointLog] [info] Number of fragments discarded because they are best-mapped to decoys : 6,244,563
[2024-10-18 17:50:47.540] [jointLog] [info] Number of fragments discarded because they have only dovetail (discordant) mappings to valid targets : 485,478
[2024-10-18 17:50:47.540] [jointLog] [info] Mapping rate = 57.1434%

[2024-10-18 17:50:47.540] [jointLog] [info] finished quantifyLibrary()
[2024-10-18 17:50:47.531] [fileLog] [info] 
At end of round 0
==================
Observed 67584927 total fragments (67584927 in most recent round)

[2024-10-18 17:50:52.195] [jointLog] [info] Starting optimizer
[2024-10-18 17:50:52.490] [jointLog] [info] Marked 0 weighted equivalence classes as degenerate
[2024-10-18 17:50:52.546] [jointLog] [info] iteration = 0 | max rel diff. = 3489.17
[2024-10-18 17:50:53.022] [jointLog] [info] iteration 11, adjusting effective lengths to account for biases
[2024-10-18 17:54:15.589] [jointLog] [info] Computed expected counts (for bias correction)
[2024-10-18 17:54:15.589] [jointLog] [info] processed bias for 0.0% of the transcripts
[2024-10-18 17:54:33.837] [jointLog] [info] processed bias for 10.0% of the transcripts
[2024-10-18 17:54:52.383] [jointLog] [info] processed bias for 20.0% of the transcripts
[2024-10-18 17:55:11.016] [jointLog] [info] processed bias for 30.0% of the transcripts
[2024-10-18 17:55:30.763] [jointLog] [info] processed bias for 40.0% of the transcripts
[2024-10-18 17:55:46.443] [jointLog] [info] processed bias for 50.0% of the transcripts
[2024-10-18 17:56:01.322] [jointLog] [info] processed bias for 60.0% of the transcripts
[2024-10-18 17:56:16.660] [jointLog] [info] processed bias for 70.0% of the transcripts
[2024-10-18 17:56:33.615] [jointLog] [info] processed bias for 80.0% of the transcripts
[2024-10-18 17:56:47.561] [jointLog] [info] processed bias for 90.0% of the transcripts
[2024-10-18 17:57:04.165] [jointLog] [info] processed bias for 100.0% of the transcripts
[2024-10-18 17:57:07.842] [jointLog] [info] iteration = 100 | max rel diff. = 17.5698
[2024-10-18 17:57:11.854] [jointLog] [info] iteration = 200 | max rel diff. = 15.7822
[2024-10-18 17:57:15.917] [jointLog] [info] iteration = 300 | max rel diff. = 6.98042
[2024-10-18 17:57:19.972] [jointLog] [info] iteration = 400 | max rel diff. = 7.34355
[2024-10-18 17:57:24.245] [jointLog] [info] iteration = 500 | max rel diff. = 0.360862
[2024-10-18 17:57:28.389] [jointLog] [info] iteration = 600 | max rel diff. = 0.357614
[2024-10-18 17:57:32.299] [jointLog] [info] iteration = 700 | max rel diff. = 0.105087
[2024-10-18 17:57:36.232] [jointLog] [info] iteration = 800 | max rel diff. = 0.184888
[2024-10-18 17:57:40.353] [jointLog] [info] iteration = 900 | max rel diff. = 0.181011
[2024-10-18 17:57:44.350] [jointLog] [info] iteration = 1,000 | max rel diff. = 0.888101
[2024-10-18 17:57:48.254] [jointLog] [info] iteration = 1,100 | max rel diff. = 0.150018
[2024-10-18 17:57:52.222] [jointLog] [info] iteration = 1,200 | max rel diff. = 0.0634167
[2024-10-18 17:57:56.227] [jointLog] [info] iteration = 1,300 | max rel diff. = 0.574043
[2024-10-18 17:58:00.346] [jointLog] [info] iteration = 1,400 | max rel diff. = 0.026987
[2024-10-18 17:58:04.942] [jointLog] [info] iteration = 1,500 | max rel diff. = 2.43459
[2024-10-18 17:58:09.478] [jointLog] [info] iteration = 1,600 | max rel diff. = 0.016246
[2024-10-18 17:58:14.776] [jointLog] [info] iteration = 1,694 | max rel diff. = 0.00950394
[2024-10-18 17:58:14.888] [jointLog] [info] Finished optimizer
[2024-10-18 17:58:14.888] [jointLog] [info] writing output 

[2024-10-18 17:58:32.000] [jointLog] [info] Starting Bootstrapping
[2024-10-18 17:58:32.260] [jointLog] [info] Will draw 50 bootstrap samples
[2024-10-18 17:58:32.260] [jointLog] [info] Optimizing over 395,988 equivalence classes
[2024-10-18 17:58:32.308] [jointLog] [info] Marked 0 weighted equivalence classes as degenerate
[2024-10-18 18:00:22.385] [jointLog] [info] wrote 1 bootstraps
[2024-10-18 18:00:36.691] [jointLog] [info] wrote 2 bootstraps
[2024-10-18 18:00:57.319] [jointLog] [info] wrote 3 bootstraps
[2024-10-18 18:02:11.024] [jointLog] [info] wrote 4 bootstraps
[2024-10-18 18:02:24.196] [jointLog] [info] wrote 5 bootstraps
[2024-10-18 18:02:44.602] [jointLog] [info] wrote 6 bootstraps
[2024-10-18 18:03:53.561] [jointLog] [info] wrote 7 bootstraps
[2024-10-18 18:04:07.945] [jointLog] [info] wrote 8 bootstraps
[2024-10-18 18:04:26.905] [jointLog] [info] wrote 9 bootstraps
[2024-10-18 18:05:55.239] [jointLog] [info] wrote 10 bootstraps
[2024-10-18 18:06:18.170] [jointLog] [info] wrote 11 bootstraps
[2024-10-18 18:06:40.786] [jointLog] [info] wrote 12 bootstraps
[2024-10-18 18:08:01.312] [jointLog] [info] wrote 13 bootstraps
[2024-10-18 18:08:10.212] [jointLog] [info] wrote 14 bootstraps
[2024-10-18 18:08:52.231] [jointLog] [info] wrote 15 bootstraps
[2024-10-18 18:10:19.759] [jointLog] [info] wrote 16 bootstraps
[2024-10-18 18:10:24.426] [jointLog] [info] wrote 17 bootstraps
[2024-10-18 18:10:55.048] [jointLog] [info] wrote 18 bootstraps
[2024-10-18 18:12:27.845] [jointLog] [info] wrote 19 bootstraps
[2024-10-18 18:12:50.899] [jointLog] [info] wrote 20 bootstraps
[2024-10-18 18:12:59.424] [jointLog] [info] wrote 21 bootstraps
[2024-10-18 18:14:29.100] [jointLog] [info] wrote 22 bootstraps
[2024-10-18 18:14:34.933] [jointLog] [info] wrote 23 bootstraps
[2024-10-18 18:16:05.031] [jointLog] [info] wrote 24 bootstraps
[2024-10-18 18:16:05.429] [jointLog] [info] wrote 25 bootstraps
[2024-10-18 18:16:19.487] [jointLog] [info] wrote 26 bootstraps
[2024-10-18 18:17:45.817] [jointLog] [info] wrote 27 bootstraps
[2024-10-18 18:18:14.424] [jointLog] [info] wrote 28 bootstraps
[2024-10-18 18:18:28.522] [jointLog] [info] wrote 29 bootstraps
[2024-10-18 18:19:28.428] [jointLog] [info] wrote 30 bootstraps
[2024-10-18 18:20:13.400] [jointLog] [info] wrote 31 bootstraps
[2024-10-18 18:20:27.743] [jointLog] [info] wrote 32 bootstraps
[2024-10-18 18:22:08.206] [jointLog] [info] wrote 33 bootstraps
[2024-10-18 18:22:09.496] [jointLog] [info] wrote 34 bootstraps
[2024-10-18 18:22:38.740] [jointLog] [info] wrote 35 bootstraps
[2024-10-18 18:23:53.981] [jointLog] [info] wrote 36 bootstraps
[2024-10-18 18:24:11.292] [jointLog] [info] wrote 37 bootstraps
[2024-10-18 18:24:28.537] [jointLog] [info] wrote 38 bootstraps
[2024-10-18 18:25:36.020] [jointLog] [info] wrote 39 bootstraps
[2024-10-18 18:25:51.150] [jointLog] [info] wrote 40 bootstraps
[2024-10-18 18:25:57.463] [jointLog] [info] wrote 41 bootstraps
[2024-10-18 18:27:44.010] [jointLog] [info] wrote 42 bootstraps
[2024-10-18 18:27:44.077] [jointLog] [info] wrote 43 bootstraps
[2024-10-18 18:27:44.537] [jointLog] [info] wrote 44 bootstraps
[2024-10-18 18:29:29.197] [jointLog] [info] wrote 45 bootstraps
[2024-10-18 18:29:32.334] [jointLog] [info] wrote 46 bootstraps
[2024-10-18 18:29:50.182] [jointLog] [info] wrote 47 bootstraps
[2024-10-18 18:31:32.299] [jointLog] [info] wrote 48 bootstraps
[2024-10-18 18:31:35.263] [jointLog] [info] wrote 49 bootstraps
[2024-10-18 18:31:46.128] [jointLog] [info] wrote 50 bootstraps
[2024-10-18 18:31:46.186] [jointLog] [info] Finished Bootstrapping
[2024-10-18 18:31:46.186] [jointLog] [info] Computing gene-level abundance estimates
[2024-10-18 18:34:34.309] [jointLog] [info] There were 252416 transcripts mapping to 62696 genes
[2024-10-18 18:34:34.309] [jointLog] [info] NOTE: We recommend using tximport (https://bioconductor.org/packages/release/bioc/html/tximport.html) for aggregating transcript-level salmon abundance estimates to the gene level.  It is more versatile, exposes more features, and allows considering multi-sample information during aggregation.
[2024-10-18 18:34:34.822] [jointLog] [info] Aggregating expressions to gene level
[2024-10-18 18:34:35.007] [jointLog] [info] done
