[2024-08-07 07:51:32.070] [jointLog] [info] setting maxHashResizeThreads to 4
[2024-08-07 07:51:32.070] [jointLog] [info] Fragment incompatibility prior below threshold.  Incompatible fragments will be ignored.
[2024-08-07 07:51:32.070] [jointLog] [info] Usage of --validateMappings implies use of minScoreFraction. Since not explicitly specified, it is being set to 0.65
[2024-08-07 07:51:32.070] [jointLog] [info] Setting consensusSlack to selective-alignment default of 0.35.
[2024-08-07 07:51:32.070] [jointLog] [info] parsing read library format
[2024-08-07 07:51:32.071] [jointLog] [info] There is 1 library.
[2024-08-07 07:51:32.198] [jointLog] [info] Loading pufferfish index
[2024-08-07 07:51:32.215] [jointLog] [info] Loading dense pufferfish index.
[2024-08-07 07:53:58.760] [jointLog] [info] done
[2024-08-07 07:53:58.760] [jointLog] [info] Index contained 251,744 targets
[2024-08-07 07:54:02.331] [jointLog] [info] Number of decoys : 194
[2024-08-07 07:54:02.331] [jointLog] [info] First decoy index : 251,509 
[2024-08-07 07:54:03.643] [jointLog] [info] Automatically detected most likely library type as ISR

[2024-08-07 08:10:38.009] [jointLog] [info] Thread saw mini-batch with a maximum of 1.04% zero probability fragments
[2024-08-07 08:10:38.072] [jointLog] [info] Thread saw mini-batch with a maximum of 1.00% zero probability fragments
[2024-08-07 08:10:38.123] [jointLog] [info] Thread saw mini-batch with a maximum of 1.18% zero probability fragments
[2024-08-07 08:10:38.131] [jointLog] [info] Thread saw mini-batch with a maximum of 1.04% zero probability fragments
[2024-08-07 08:10:38.599] [jointLog] [info] Computed 432,314 rich equivalence classes for further processing
[2024-08-07 08:10:38.599] [jointLog] [info] Counted 36,540,892 total reads in the equivalence classes 
[2024-08-07 08:10:38.603] [jointLog] [info] Number of mappings discarded because of alignment score : 17,923,111
[2024-08-07 08:10:38.603] [jointLog] [info] Number of fragments entirely discarded because of alignment score : 3,399,659
[2024-08-07 08:10:38.603] [jointLog] [info] Number of fragments discarded because they are best-mapped to decoys : 2,652,144
[2024-08-07 08:10:38.603] [jointLog] [info] Number of fragments discarded because they have only dovetail (discordant) mappings to valid targets : 119,967
[2024-08-07 08:10:38.603] [jointLog] [info] Mapping rate = 86.9441%

[2024-08-07 08:10:38.603] [jointLog] [info] finished quantifyLibrary()
[2024-08-07 08:10:38.605] [jointLog] [info] Starting optimizer
[2024-08-07 08:10:38.863] [jointLog] [info] Marked 0 weighted equivalence classes as degenerate
[2024-08-07 08:10:38.913] [jointLog] [info] iteration = 0 | max rel diff. = 3902
[2024-08-07 08:10:38.599] [fileLog] [info] 
At end of round 0
==================
Observed 42028053 total fragments (42028053 in most recent round)

[2024-08-07 08:10:39.361] [jointLog] [info] iteration 11, adjusting effective lengths to account for biases
[2024-08-07 08:14:34.976] [jointLog] [info] Computed expected counts (for bias correction)
[2024-08-07 08:14:34.977] [jointLog] [info] processed bias for 0.0% of the transcripts
[2024-08-07 08:14:54.626] [jointLog] [info] processed bias for 10.0% of the transcripts
[2024-08-07 08:15:12.694] [jointLog] [info] processed bias for 20.0% of the transcripts
[2024-08-07 08:15:30.532] [jointLog] [info] processed bias for 30.0% of the transcripts
[2024-08-07 08:15:49.597] [jointLog] [info] processed bias for 40.0% of the transcripts
[2024-08-07 08:16:06.950] [jointLog] [info] processed bias for 50.0% of the transcripts
[2024-08-07 08:16:24.333] [jointLog] [info] processed bias for 60.0% of the transcripts
[2024-08-07 08:16:42.877] [jointLog] [info] processed bias for 70.0% of the transcripts
[2024-08-07 08:17:01.933] [jointLog] [info] processed bias for 80.0% of the transcripts
[2024-08-07 08:17:21.934] [jointLog] [info] processed bias for 90.0% of the transcripts
[2024-08-07 08:17:40.136] [jointLog] [info] processed bias for 100.0% of the transcripts
[2024-08-07 08:17:44.211] [jointLog] [info] iteration = 100 | max rel diff. = 19.9109
[2024-08-07 08:17:48.733] [jointLog] [info] iteration = 200 | max rel diff. = 4.87364
[2024-08-07 08:17:53.300] [jointLog] [info] iteration = 300 | max rel diff. = 16.4098
[2024-08-07 08:17:58.011] [jointLog] [info] iteration = 400 | max rel diff. = 1.99186
[2024-08-07 08:18:02.566] [jointLog] [info] iteration = 500 | max rel diff. = 0.423108
[2024-08-07 08:18:07.119] [jointLog] [info] iteration = 600 | max rel diff. = 0.413089
[2024-08-07 08:18:11.688] [jointLog] [info] iteration = 700 | max rel diff. = 0.253104
[2024-08-07 08:18:16.199] [jointLog] [info] iteration = 800 | max rel diff. = 0.515854
[2024-08-07 08:18:20.711] [jointLog] [info] iteration = 900 | max rel diff. = 0.0910997
[2024-08-07 08:18:25.257] [jointLog] [info] iteration = 1,000 | max rel diff. = 0.0173126
[2024-08-07 08:18:29.689] [jointLog] [info] iteration = 1,100 | max rel diff. = 1.56287
[2024-08-07 08:18:34.164] [jointLog] [info] iteration = 1,200 | max rel diff. = 0.182301
[2024-08-07 08:18:38.601] [jointLog] [info] iteration = 1,300 | max rel diff. = 0.0558368
[2024-08-07 08:18:40.048] [jointLog] [info] iteration = 1,333 | max rel diff. = 0.00654462
[2024-08-07 08:18:40.115] [jointLog] [info] Finished optimizer
[2024-08-07 08:18:40.115] [jointLog] [info] writing output 

[2024-08-07 08:18:40.611] [jointLog] [info] Starting Bootstrapping
[2024-08-07 08:18:40.761] [jointLog] [info] Will draw 50 bootstrap samples
[2024-08-07 08:18:40.761] [jointLog] [info] Optimizing over 432,314 equivalence classes
[2024-08-07 08:18:40.810] [jointLog] [info] Marked 0 weighted equivalence classes as degenerate
[2024-08-07 08:20:06.912] [jointLog] [info] wrote 1 bootstraps
[2024-08-07 08:20:08.731] [jointLog] [info] wrote 2 bootstraps
[2024-08-07 08:20:34.902] [jointLog] [info] wrote 3 bootstraps
[2024-08-07 08:21:36.032] [jointLog] [info] wrote 4 bootstraps
[2024-08-07 08:21:59.303] [jointLog] [info] wrote 5 bootstraps
[2024-08-07 08:22:40.633] [jointLog] [info] wrote 6 bootstraps
[2024-08-07 08:22:59.659] [jointLog] [info] wrote 7 bootstraps
[2024-08-07 08:23:20.841] [jointLog] [info] wrote 8 bootstraps
[2024-08-07 08:24:06.374] [jointLog] [info] wrote 9 bootstraps
[2024-08-07 08:24:32.298] [jointLog] [info] wrote 10 bootstraps
[2024-08-07 08:25:05.782] [jointLog] [info] wrote 11 bootstraps
[2024-08-07 08:25:43.335] [jointLog] [info] wrote 12 bootstraps
[2024-08-07 08:26:24.668] [jointLog] [info] wrote 13 bootstraps
[2024-08-07 08:27:08.324] [jointLog] [info] wrote 14 bootstraps
[2024-08-07 08:27:36.661] [jointLog] [info] wrote 15 bootstraps
[2024-08-07 08:28:12.637] [jointLog] [info] wrote 16 bootstraps
[2024-08-07 08:28:30.736] [jointLog] [info] wrote 17 bootstraps
[2024-08-07 08:29:36.527] [jointLog] [info] wrote 18 bootstraps
[2024-08-07 08:29:40.189] [jointLog] [info] wrote 19 bootstraps
[2024-08-07 08:30:23.082] [jointLog] [info] wrote 20 bootstraps
[2024-08-07 08:31:08.794] [jointLog] [info] wrote 21 bootstraps
[2024-08-07 08:31:09.584] [jointLog] [info] wrote 22 bootstraps
[2024-08-07 08:31:52.608] [jointLog] [info] wrote 23 bootstraps
[2024-08-07 08:33:01.889] [jointLog] [info] wrote 24 bootstraps
[2024-08-07 08:33:10.291] [jointLog] [info] wrote 25 bootstraps
[2024-08-07 08:33:17.541] [jointLog] [info] wrote 26 bootstraps
[2024-08-07 08:34:46.145] [jointLog] [info] wrote 27 bootstraps
[2024-08-07 08:34:51.411] [jointLog] [info] wrote 28 bootstraps
[2024-08-07 08:35:03.076] [jointLog] [info] wrote 29 bootstraps
[2024-08-07 08:36:00.374] [jointLog] [info] wrote 30 bootstraps
[2024-08-07 08:36:18.787] [jointLog] [info] wrote 31 bootstraps
[2024-08-07 08:36:49.285] [jointLog] [info] wrote 32 bootstraps
[2024-08-07 08:37:30.162] [jointLog] [info] wrote 33 bootstraps
[2024-08-07 08:37:54.994] [jointLog] [info] wrote 34 bootstraps
[2024-08-07 08:38:17.784] [jointLog] [info] wrote 35 bootstraps
[2024-08-07 08:39:10.025] [jointLog] [info] wrote 36 bootstraps
[2024-08-07 08:39:30.557] [jointLog] [info] wrote 37 bootstraps
[2024-08-07 08:39:54.840] [jointLog] [info] wrote 38 bootstraps
[2024-08-07 08:40:48.828] [jointLog] [info] wrote 39 bootstraps
[2024-08-07 08:41:11.218] [jointLog] [info] wrote 40 bootstraps
[2024-08-07 08:41:49.940] [jointLog] [info] wrote 41 bootstraps
[2024-08-07 08:42:23.956] [jointLog] [info] wrote 42 bootstraps
[2024-08-07 08:42:35.706] [jointLog] [info] wrote 43 bootstraps
[2024-08-07 08:43:18.425] [jointLog] [info] wrote 44 bootstraps
[2024-08-07 08:43:45.711] [jointLog] [info] wrote 45 bootstraps
[2024-08-07 08:43:56.240] [jointLog] [info] wrote 46 bootstraps
[2024-08-07 08:44:40.120] [jointLog] [info] wrote 47 bootstraps
[2024-08-07 08:45:20.676] [jointLog] [info] wrote 48 bootstraps
[2024-08-07 08:45:24.796] [jointLog] [info] wrote 49 bootstraps
[2024-08-07 08:46:05.446] [jointLog] [info] wrote 50 bootstraps
[2024-08-07 08:46:05.513] [jointLog] [info] Finished Bootstrapping
[2024-08-07 08:46:05.513] [jointLog] [info] Computing gene-level abundance estimates
[2024-08-07 08:46:58.648] [jointLog] [info] There were 252416 transcripts mapping to 62696 genes
[2024-08-07 08:46:58.648] [jointLog] [info] NOTE: We recommend using tximport (https://bioconductor.org/packages/release/bioc/html/tximport.html) for aggregating transcript-level salmon abundance estimates to the gene level.  It is more versatile, exposes more features, and allows considering multi-sample information during aggregation.
[2024-08-07 08:46:59.104] [jointLog] [info] Aggregating expressions to gene level
[2024-08-07 08:46:59.306] [jointLog] [info] done
