[2024-10-18 17:12:56.573] [jointLog] [info] setting maxHashResizeThreads to 4
[2024-10-18 17:12:56.573] [jointLog] [info] Fragment incompatibility prior below threshold.  Incompatible fragments will be ignored.
[2024-10-18 17:12:56.573] [jointLog] [info] Usage of --validateMappings implies use of minScoreFraction. Since not explicitly specified, it is being set to 0.65
[2024-10-18 17:12:56.573] [jointLog] [info] Setting consensusSlack to selective-alignment default of 0.35.
[2024-10-18 17:12:56.573] [jointLog] [info] parsing read library format
[2024-10-18 17:12:56.573] [jointLog] [info] There is 1 library.
[2024-10-18 17:12:56.630] [jointLog] [info] Loading pufferfish index
[2024-10-18 17:12:56.631] [jointLog] [info] Loading dense pufferfish index.
[2024-10-18 17:13:19.129] [jointLog] [info] done
[2024-10-18 17:13:19.129] [jointLog] [info] Index contained 251,744 targets
[2024-10-18 17:13:21.265] [jointLog] [info] Number of decoys : 194
[2024-10-18 17:13:21.265] [jointLog] [info] First decoy index : 251,509 
[2024-10-18 17:13:22.267] [jointLog] [info] Automatically detected most likely library type as ISR

[2024-10-18 17:18:05.830] [jointLog] [info] Thread saw mini-batch with a maximum of 4.62% zero probability fragments
[2024-10-18 17:18:05.871] [jointLog] [info] Thread saw mini-batch with a maximum of 4.74% zero probability fragments
[2024-10-18 17:18:05.880] [jointLog] [info] Thread saw mini-batch with a maximum of 4.56% zero probability fragments
[2024-10-18 17:18:05.925] [jointLog] [info] Thread saw mini-batch with a maximum of 4.50% zero probability fragments
[2024-10-18 17:18:06.071] [jointLog] [info] Computed 222,269 rich equivalence classes for further processing
[2024-10-18 17:18:06.072] [jointLog] [info] Counted 6,653,196 total reads in the equivalence classes 
[2024-10-18 17:18:06.074] [jointLog] [info] Number of mappings discarded because of alignment score : 4,887,184
[2024-10-18 17:18:06.074] [jointLog] [info] Number of fragments entirely discarded because of alignment score : 1,045,079
[2024-10-18 17:18:06.074] [jointLog] [info] Number of fragments discarded because they are best-mapped to decoys : 878,897
[2024-10-18 17:18:06.074] [jointLog] [info] Number of fragments discarded because they have only dovetail (discordant) mappings to valid targets : 81,921
[2024-10-18 17:18:06.074] [jointLog] [info] Mapping rate = 61.9959%

[2024-10-18 17:18:06.074] [jointLog] [info] finished quantifyLibrary()
[2024-10-18 17:18:06.075] [jointLog] [info] Starting optimizer
[2024-10-18 17:18:06.278] [jointLog] [info] Marked 0 weighted equivalence classes as degenerate
[2024-10-18 17:18:06.072] [fileLog] [info] 
At end of round 0
==================
Observed 10731677 total fragments (10731677 in most recent round)

[2024-10-18 17:18:06.353] [jointLog] [info] iteration = 0 | max rel diff. = 2290.08
[2024-10-18 17:18:06.993] [jointLog] [info] iteration 11, adjusting effective lengths to account for biases
[2024-10-18 17:19:00.008] [jointLog] [info] Computed expected counts (for bias correction)
[2024-10-18 17:19:00.008] [jointLog] [info] processed bias for 0.0% of the transcripts
[2024-10-18 17:19:05.720] [jointLog] [info] processed bias for 10.0% of the transcripts
[2024-10-18 17:19:11.167] [jointLog] [info] processed bias for 20.0% of the transcripts
[2024-10-18 17:19:16.763] [jointLog] [info] processed bias for 30.0% of the transcripts
[2024-10-18 17:19:21.924] [jointLog] [info] processed bias for 40.0% of the transcripts
[2024-10-18 17:19:27.095] [jointLog] [info] processed bias for 50.0% of the transcripts
[2024-10-18 17:19:31.489] [jointLog] [info] processed bias for 60.0% of the transcripts
[2024-10-18 17:19:36.271] [jointLog] [info] processed bias for 70.0% of the transcripts
[2024-10-18 17:19:41.074] [jointLog] [info] processed bias for 80.0% of the transcripts
[2024-10-18 17:19:46.202] [jointLog] [info] processed bias for 90.0% of the transcripts
[2024-10-18 17:19:51.400] [jointLog] [info] processed bias for 100.0% of the transcripts
[2024-10-18 17:19:55.303] [jointLog] [info] iteration = 100 | max rel diff. = 13.4976
[2024-10-18 17:19:59.497] [jointLog] [info] iteration = 200 | max rel diff. = 18.0931
[2024-10-18 17:20:04.624] [jointLog] [info] iteration = 300 | max rel diff. = 11.093
[2024-10-18 17:20:08.905] [jointLog] [info] iteration = 400 | max rel diff. = 0.532953
[2024-10-18 17:20:12.726] [jointLog] [info] iteration = 500 | max rel diff. = 0.826028
[2024-10-18 17:20:17.200] [jointLog] [info] iteration = 600 | max rel diff. = 2.70351
[2024-10-18 17:20:23.581] [jointLog] [info] iteration = 700 | max rel diff. = 2.79144
[2024-10-18 17:20:28.366] [jointLog] [info] iteration = 800 | max rel diff. = 0.0791181
[2024-10-18 17:20:33.409] [jointLog] [info] iteration = 900 | max rel diff. = 0.0385122
[2024-10-18 17:20:38.018] [jointLog] [info] iteration = 1,000 | max rel diff. = 0.105867
[2024-10-18 17:20:38.546] [jointLog] [info] iteration = 1,011 | max rel diff. = 0.00570686
[2024-10-18 17:20:38.633] [jointLog] [info] Finished optimizer
[2024-10-18 17:20:38.633] [jointLog] [info] writing output 

[2024-10-18 17:20:38.886] [jointLog] [info] Starting Bootstrapping
[2024-10-18 17:20:38.957] [jointLog] [info] Will draw 50 bootstrap samples
[2024-10-18 17:20:38.957] [jointLog] [info] Optimizing over 222,269 equivalence classes
[2024-10-18 17:20:39.016] [jointLog] [info] Marked 0 weighted equivalence classes as degenerate
[2024-10-18 17:21:07.988] [jointLog] [info] wrote 1 bootstraps
[2024-10-18 17:21:18.078] [jointLog] [info] wrote 2 bootstraps
[2024-10-18 17:21:24.811] [jointLog] [info] wrote 3 bootstraps
[2024-10-18 17:21:41.077] [jointLog] [info] wrote 4 bootstraps
[2024-10-18 17:21:54.213] [jointLog] [info] wrote 5 bootstraps
[2024-10-18 17:21:58.785] [jointLog] [info] wrote 6 bootstraps
[2024-10-18 17:22:17.008] [jointLog] [info] wrote 7 bootstraps
[2024-10-18 17:22:21.778] [jointLog] [info] wrote 8 bootstraps
[2024-10-18 17:22:30.879] [jointLog] [info] wrote 9 bootstraps
[2024-10-18 17:22:44.227] [jointLog] [info] wrote 10 bootstraps
[2024-10-18 17:22:57.545] [jointLog] [info] wrote 11 bootstraps
[2024-10-18 17:23:01.136] [jointLog] [info] wrote 12 bootstraps
[2024-10-18 17:23:16.714] [jointLog] [info] wrote 13 bootstraps
[2024-10-18 17:23:31.429] [jointLog] [info] wrote 14 bootstraps
[2024-10-18 17:23:37.165] [jointLog] [info] wrote 15 bootstraps
[2024-10-18 17:23:42.595] [jointLog] [info] wrote 16 bootstraps
[2024-10-18 17:23:55.850] [jointLog] [info] wrote 17 bootstraps
[2024-10-18 17:24:08.132] [jointLog] [info] wrote 18 bootstraps
[2024-10-18 17:24:09.427] [jointLog] [info] wrote 19 bootstraps
[2024-10-18 17:24:25.880] [jointLog] [info] wrote 20 bootstraps
[2024-10-18 17:24:35.451] [jointLog] [info] wrote 21 bootstraps
[2024-10-18 17:24:42.377] [jointLog] [info] wrote 22 bootstraps
[2024-10-18 17:24:59.789] [jointLog] [info] wrote 23 bootstraps
[2024-10-18 17:25:12.310] [jointLog] [info] wrote 24 bootstraps
[2024-10-18 17:25:21.672] [jointLog] [info] wrote 25 bootstraps
[2024-10-18 17:25:38.716] [jointLog] [info] wrote 26 bootstraps
[2024-10-18 17:25:40.524] [jointLog] [info] wrote 27 bootstraps
[2024-10-18 17:25:50.670] [jointLog] [info] wrote 28 bootstraps
[2024-10-18 17:26:16.882] [jointLog] [info] wrote 29 bootstraps
[2024-10-18 17:26:16.929] [jointLog] [info] wrote 30 bootstraps
[2024-10-18 17:26:17.292] [jointLog] [info] wrote 31 bootstraps
[2024-10-18 17:26:47.028] [jointLog] [info] wrote 32 bootstraps
[2024-10-18 17:26:51.660] [jointLog] [info] wrote 33 bootstraps
[2024-10-18 17:26:52.902] [jointLog] [info] wrote 34 bootstraps
[2024-10-18 17:27:22.902] [jointLog] [info] wrote 35 bootstraps
[2024-10-18 17:27:26.105] [jointLog] [info] wrote 36 bootstraps
[2024-10-18 17:27:27.676] [jointLog] [info] wrote 37 bootstraps
[2024-10-18 17:27:54.755] [jointLog] [info] wrote 38 bootstraps
[2024-10-18 17:27:57.203] [jointLog] [info] wrote 39 bootstraps
[2024-10-18 17:28:00.821] [jointLog] [info] wrote 40 bootstraps
[2024-10-18 17:28:21.651] [jointLog] [info] wrote 41 bootstraps
[2024-10-18 17:28:32.452] [jointLog] [info] wrote 42 bootstraps
[2024-10-18 17:28:44.314] [jointLog] [info] wrote 43 bootstraps
[2024-10-18 17:28:58.717] [jointLog] [info] wrote 44 bootstraps
[2024-10-18 17:29:03.705] [jointLog] [info] wrote 45 bootstraps
[2024-10-18 17:29:12.592] [jointLog] [info] wrote 46 bootstraps
[2024-10-18 17:29:32.238] [jointLog] [info] wrote 47 bootstraps
[2024-10-18 17:29:36.444] [jointLog] [info] wrote 48 bootstraps
[2024-10-18 17:29:37.206] [jointLog] [info] wrote 49 bootstraps
[2024-10-18 17:29:57.135] [jointLog] [info] wrote 50 bootstraps
[2024-10-18 17:29:57.154] [jointLog] [info] Finished Bootstrapping
[2024-10-18 17:29:57.154] [jointLog] [info] Computing gene-level abundance estimates
[2024-10-18 17:30:22.691] [jointLog] [info] There were 252416 transcripts mapping to 62696 genes
[2024-10-18 17:30:22.691] [jointLog] [info] NOTE: We recommend using tximport (https://bioconductor.org/packages/release/bioc/html/tximport.html) for aggregating transcript-level salmon abundance estimates to the gene level.  It is more versatile, exposes more features, and allows considering multi-sample information during aggregation.
[2024-10-18 17:30:23.231] [jointLog] [info] Aggregating expressions to gene level
[2024-10-18 17:30:23.404] [jointLog] [info] done
