[2024-03-20 18:03:49.196] [jointLog] [info] setting maxHashResizeThreads to 4
[2024-03-20 18:03:49.196] [jointLog] [info] Fragment incompatibility prior below threshold.  Incompatible fragments will be ignored.
[2024-03-20 18:03:49.196] [jointLog] [info] Usage of --validateMappings implies use of minScoreFraction. Since not explicitly specified, it is being set to 0.65
[2024-03-20 18:03:49.196] [jointLog] [info] Setting consensusSlack to selective-alignment default of 0.35.
[2024-03-20 18:03:49.196] [jointLog] [info] parsing read library format
[2024-03-20 18:03:49.196] [jointLog] [info] There is 1 library.
[2024-03-20 18:03:49.354] [jointLog] [info] Loading pufferfish index
[2024-03-20 18:03:49.441] [jointLog] [info] Loading dense pufferfish index.
[2024-03-20 18:06:22.268] [jointLog] [info] done
[2024-03-20 18:06:22.268] [jointLog] [info] Index contained 251,744 targets
[2024-03-20 18:06:26.060] [jointLog] [info] Number of decoys : 194
[2024-03-20 18:06:26.060] [jointLog] [info] First decoy index : 251,509 
[2024-03-20 18:06:27.181] [jointLog] [info] Automatically detected most likely library type as ISR

[2024-03-20 18:30:07.514] [jointLog] [info] Thread saw mini-batch with a maximum of 1.28% zero probability fragments
[2024-03-20 18:30:07.735] [jointLog] [info] Thread saw mini-batch with a maximum of 1.26% zero probability fragments
[2024-03-20 18:30:07.752] [jointLog] [info] Thread saw mini-batch with a maximum of 1.24% zero probability fragments
[2024-03-20 18:30:07.891] [jointLog] [info] Thread saw mini-batch with a maximum of 1.28% zero probability fragments
[2024-03-20 18:30:08.618] [fileLog] [info] 
At end of round 0
==================
Observed 48883930 total fragments (48883930 in most recent round)

[2024-03-20 18:30:08.618] [jointLog] [info] Computed 610,102 rich equivalence classes for further processing
[2024-03-20 18:30:08.618] [jointLog] [info] Counted 29,643,434 total reads in the equivalence classes 
[2024-03-20 18:30:08.625] [jointLog] [warning] 1.8411e-05% of fragments were shorter than the k used to build the index.
If this fraction is too large, consider re-building the index with a smaller k.
The minimum read size found was 23.


[2024-03-20 18:30:08.625] [jointLog] [info] Number of mappings discarded because of alignment score : 10,838,734
[2024-03-20 18:30:08.625] [jointLog] [info] Number of fragments entirely discarded because of alignment score : 5,345,429
[2024-03-20 18:30:08.625] [jointLog] [info] Number of fragments discarded because they are best-mapped to decoys : 4,949,541
[2024-03-20 18:30:08.625] [jointLog] [info] Number of fragments discarded because they have only dovetail (discordant) mappings to valid targets : 191,044
[2024-03-20 18:30:08.625] [jointLog] [info] Mapping rate = 60.6404%

[2024-03-20 18:30:08.625] [jointLog] [info] finished quantifyLibrary()
[2024-03-20 18:30:08.688] [jointLog] [info] Starting optimizer
[2024-03-20 18:30:09.102] [jointLog] [info] Marked 0 weighted equivalence classes as degenerate
[2024-03-20 18:30:09.164] [jointLog] [info] iteration = 0 | max rel diff. = 4773.54
[2024-03-20 18:30:09.761] [jointLog] [info] iteration 11, adjusting effective lengths to account for biases
[2024-03-20 18:37:03.195] [jointLog] [info] Computed expected counts (for bias correction)
[2024-03-20 18:37:03.195] [jointLog] [info] processed bias for 0.0% of the transcripts
[2024-03-20 18:37:40.079] [jointLog] [info] processed bias for 10.0% of the transcripts
[2024-03-20 18:38:12.619] [jointLog] [info] processed bias for 20.0% of the transcripts
[2024-03-20 18:38:44.038] [jointLog] [info] processed bias for 30.0% of the transcripts
[2024-03-20 18:39:15.705] [jointLog] [info] processed bias for 40.0% of the transcripts
[2024-03-20 18:39:46.468] [jointLog] [info] processed bias for 50.0% of the transcripts
[2024-03-20 18:40:14.360] [jointLog] [info] processed bias for 60.0% of the transcripts
[2024-03-20 18:40:44.172] [jointLog] [info] processed bias for 70.0% of the transcripts
[2024-03-20 18:41:13.450] [jointLog] [info] processed bias for 80.0% of the transcripts
[2024-03-20 18:41:46.410] [jointLog] [info] processed bias for 90.0% of the transcripts
[2024-03-20 18:42:18.164] [jointLog] [info] processed bias for 100.0% of the transcripts
[2024-03-20 18:42:23.502] [jointLog] [info] iteration = 100 | max rel diff. = 18.4178
[2024-03-20 18:42:29.032] [jointLog] [info] iteration = 200 | max rel diff. = 9.70113
[2024-03-20 18:42:34.893] [jointLog] [info] iteration = 300 | max rel diff. = 1.46953
[2024-03-20 18:42:40.586] [jointLog] [info] iteration = 400 | max rel diff. = 0.433231
[2024-03-20 18:42:46.221] [jointLog] [info] iteration = 500 | max rel diff. = 2.21831
[2024-03-20 18:42:52.321] [jointLog] [info] iteration = 600 | max rel diff. = 2.88519
[2024-03-20 18:42:58.113] [jointLog] [info] iteration = 700 | max rel diff. = 0.255365
[2024-03-20 18:43:03.772] [jointLog] [info] iteration = 800 | max rel diff. = 0.183396
[2024-03-20 18:43:09.307] [jointLog] [info] iteration = 900 | max rel diff. = 0.305207
[2024-03-20 18:43:14.929] [jointLog] [info] iteration = 1,000 | max rel diff. = 4.84979
[2024-03-20 18:43:20.586] [jointLog] [info] iteration = 1,100 | max rel diff. = 0.0495099
[2024-03-20 18:43:26.292] [jointLog] [info] iteration = 1,200 | max rel diff. = 0.115986
[2024-03-20 18:43:32.143] [jointLog] [info] iteration = 1,300 | max rel diff. = 0.430192
[2024-03-20 18:43:37.849] [jointLog] [info] iteration = 1,400 | max rel diff. = 1.60836
[2024-03-20 18:43:43.431] [jointLog] [info] iteration = 1,500 | max rel diff. = 0.0470318
[2024-03-20 18:43:49.149] [jointLog] [info] iteration = 1,600 | max rel diff. = 0.0122436
[2024-03-20 18:43:54.778] [jointLog] [info] iteration = 1,700 | max rel diff. = 0.0772056
[2024-03-20 18:43:55.856] [jointLog] [info] iteration = 1,720 | max rel diff. = 0.00879488
[2024-03-20 18:43:55.923] [jointLog] [info] Finished optimizer
[2024-03-20 18:43:55.923] [jointLog] [info] writing output 

[2024-03-20 18:43:56.455] [jointLog] [info] Starting Bootstrapping
[2024-03-20 18:43:56.874] [jointLog] [info] Will draw 50 bootstrap samples
[2024-03-20 18:43:56.874] [jointLog] [info] Optimizing over 610,102 equivalence classes
[2024-03-20 18:43:56.968] [jointLog] [info] Marked 0 weighted equivalence classes as degenerate
[2024-03-20 18:45:38.400] [jointLog] [info] wrote 1 bootstraps
[2024-03-20 18:46:34.672] [jointLog] [info] wrote 2 bootstraps
[2024-03-20 18:46:37.434] [jointLog] [info] wrote 3 bootstraps
[2024-03-20 18:48:04.122] [jointLog] [info] wrote 4 bootstraps
[2024-03-20 18:49:02.730] [jointLog] [info] wrote 5 bootstraps
[2024-03-20 18:49:13.444] [jointLog] [info] wrote 6 bootstraps
[2024-03-20 18:49:56.091] [jointLog] [info] wrote 7 bootstraps
[2024-03-20 18:51:19.135] [jointLog] [info] wrote 8 bootstraps
[2024-03-20 18:51:29.972] [jointLog] [info] wrote 9 bootstraps
[2024-03-20 18:52:00.671] [jointLog] [info] wrote 10 bootstraps
[2024-03-20 18:53:30.257] [jointLog] [info] wrote 11 bootstraps
[2024-03-20 18:54:02.314] [jointLog] [info] wrote 12 bootstraps
[2024-03-20 18:54:27.977] [jointLog] [info] wrote 13 bootstraps
[2024-03-20 18:56:32.582] [jointLog] [info] wrote 14 bootstraps
[2024-03-20 18:57:06.592] [jointLog] [info] wrote 15 bootstraps
[2024-03-20 18:57:08.432] [jointLog] [info] wrote 16 bootstraps
[2024-03-20 18:59:00.170] [jointLog] [info] wrote 17 bootstraps
[2024-03-20 18:59:21.450] [jointLog] [info] wrote 18 bootstraps
[2024-03-20 18:59:48.190] [jointLog] [info] wrote 19 bootstraps
[2024-03-20 19:01:31.273] [jointLog] [info] wrote 20 bootstraps
[2024-03-20 19:01:54.438] [jointLog] [info] wrote 21 bootstraps
[2024-03-20 19:01:59.166] [jointLog] [info] wrote 22 bootstraps
[2024-03-20 19:04:36.315] [jointLog] [info] wrote 23 bootstraps
[2024-03-20 19:04:56.869] [jointLog] [info] wrote 24 bootstraps
[2024-03-20 19:05:05.611] [jointLog] [info] wrote 25 bootstraps
[2024-03-20 19:07:25.379] [jointLog] [info] wrote 26 bootstraps
[2024-03-20 19:07:34.870] [jointLog] [info] wrote 27 bootstraps
[2024-03-20 19:08:05.219] [jointLog] [info] wrote 28 bootstraps
[2024-03-20 19:09:20.358] [jointLog] [info] wrote 29 bootstraps
[2024-03-20 19:10:08.669] [jointLog] [info] wrote 30 bootstraps
[2024-03-20 19:10:36.593] [jointLog] [info] wrote 31 bootstraps
[2024-03-20 19:11:53.725] [jointLog] [info] wrote 32 bootstraps
[2024-03-20 19:13:04.099] [jointLog] [info] wrote 33 bootstraps
[2024-03-20 19:13:28.791] [jointLog] [info] wrote 34 bootstraps
[2024-03-20 19:14:40.453] [jointLog] [info] wrote 35 bootstraps
[2024-03-20 19:15:26.423] [jointLog] [info] wrote 36 bootstraps
[2024-03-20 19:15:35.392] [jointLog] [info] wrote 37 bootstraps
[2024-03-20 19:16:36.584] [jointLog] [info] wrote 38 bootstraps
[2024-03-20 19:17:36.826] [jointLog] [info] wrote 39 bootstraps
[2024-03-20 19:17:57.125] [jointLog] [info] wrote 40 bootstraps
[2024-03-20 19:19:02.325] [jointLog] [info] wrote 41 bootstraps
[2024-03-20 19:19:59.837] [jointLog] [info] wrote 42 bootstraps
[2024-03-20 19:20:12.218] [jointLog] [info] wrote 43 bootstraps
[2024-03-20 19:21:39.466] [jointLog] [info] wrote 44 bootstraps
[2024-03-20 19:22:05.877] [jointLog] [info] wrote 45 bootstraps
[2024-03-20 19:22:41.072] [jointLog] [info] wrote 46 bootstraps
[2024-03-20 19:24:04.944] [jointLog] [info] wrote 47 bootstraps
[2024-03-20 19:24:28.743] [jointLog] [info] wrote 48 bootstraps
[2024-03-20 19:24:45.741] [jointLog] [info] wrote 49 bootstraps
[2024-03-20 19:26:28.530] [jointLog] [info] wrote 50 bootstraps
[2024-03-20 19:26:28.611] [jointLog] [info] Finished Bootstrapping
[2024-03-20 19:26:28.611] [jointLog] [info] Computing gene-level abundance estimates
[2024-03-20 19:27:27.850] [jointLog] [info] There were 252416 transcripts mapping to 62696 genes
[2024-03-20 19:27:27.851] [jointLog] [info] NOTE: We recommend using tximport (https://bioconductor.org/packages/release/bioc/html/tximport.html) for aggregating transcript-level salmon abundance estimates to the gene level.  It is more versatile, exposes more features, and allows considering multi-sample information during aggregation.
[2024-03-20 19:27:28.403] [jointLog] [info] Aggregating expressions to gene level
[2024-03-20 19:27:28.604] [jointLog] [info] done
