[2024-08-04 09:01:58.696] [jointLog] [info] setting maxHashResizeThreads to 4
[2024-08-04 09:01:58.696] [jointLog] [info] Fragment incompatibility prior below threshold.  Incompatible fragments will be ignored.
[2024-08-04 09:01:58.696] [jointLog] [info] Usage of --validateMappings implies use of minScoreFraction. Since not explicitly specified, it is being set to 0.65
[2024-08-04 09:01:58.696] [jointLog] [info] Setting consensusSlack to selective-alignment default of 0.35.
[2024-08-04 09:01:58.696] [jointLog] [info] parsing read library format
[2024-08-04 09:01:58.696] [jointLog] [info] There is 1 library.
[2024-08-04 09:01:58.830] [jointLog] [info] Loading pufferfish index
[2024-08-04 09:01:58.847] [jointLog] [info] Loading dense pufferfish index.
[2024-08-04 09:04:11.094] [jointLog] [info] done
[2024-08-04 09:04:11.116] [jointLog] [info] Index contained 251,744 targets
[2024-08-04 09:04:14.650] [jointLog] [info] Number of decoys : 194
[2024-08-04 09:04:14.650] [jointLog] [info] First decoy index : 251,509 
[2024-08-04 09:04:17.416] [jointLog] [info] Automatically detected most likely library type as ISR

[2024-08-04 09:19:29.332] [jointLog] [info] Thread saw mini-batch with a maximum of 0.98% zero probability fragments
[2024-08-04 09:19:29.423] [jointLog] [info] Thread saw mini-batch with a maximum of 1.00% zero probability fragments
[2024-08-04 09:19:29.480] [jointLog] [info] Thread saw mini-batch with a maximum of 0.98% zero probability fragments
[2024-08-04 09:19:29.593] [jointLog] [info] Thread saw mini-batch with a maximum of 1.00% zero probability fragments
[2024-08-04 09:19:29.967] [fileLog] [info] 
At end of round 0
==================
Observed 40301773 total fragments (40301773 in most recent round)

[2024-08-04 09:19:29.966] [jointLog] [info] Computed 394,224 rich equivalence classes for further processing
[2024-08-04 09:19:29.966] [jointLog] [info] Counted 35,724,244 total reads in the equivalence classes 
[2024-08-04 09:19:29.971] [jointLog] [info] Number of mappings discarded because of alignment score : 18,884,286
[2024-08-04 09:19:29.971] [jointLog] [info] Number of fragments entirely discarded because of alignment score : 2,426,082
[2024-08-04 09:19:29.971] [jointLog] [info] Number of fragments discarded because they are best-mapped to decoys : 1,648,310
[2024-08-04 09:19:29.971] [jointLog] [info] Number of fragments discarded because they have only dovetail (discordant) mappings to valid targets : 121,603
[2024-08-04 09:19:29.971] [jointLog] [info] Mapping rate = 88.6419%

[2024-08-04 09:19:29.971] [jointLog] [info] finished quantifyLibrary()
[2024-08-04 09:19:29.972] [jointLog] [info] Starting optimizer
[2024-08-04 09:19:30.256] [jointLog] [info] Marked 0 weighted equivalence classes as degenerate
[2024-08-04 09:19:30.311] [jointLog] [info] iteration = 0 | max rel diff. = 4043.61
[2024-08-04 09:19:30.790] [jointLog] [info] iteration 11, adjusting effective lengths to account for biases
[2024-08-04 09:23:04.193] [jointLog] [info] Computed expected counts (for bias correction)
[2024-08-04 09:23:04.193] [jointLog] [info] processed bias for 0.0% of the transcripts
[2024-08-04 09:23:23.372] [jointLog] [info] processed bias for 10.0% of the transcripts
[2024-08-04 09:23:40.696] [jointLog] [info] processed bias for 20.0% of the transcripts
[2024-08-04 09:23:58.107] [jointLog] [info] processed bias for 30.0% of the transcripts
[2024-08-04 09:24:15.299] [jointLog] [info] processed bias for 40.0% of the transcripts
[2024-08-04 09:24:32.357] [jointLog] [info] processed bias for 50.0% of the transcripts
[2024-08-04 09:24:48.477] [jointLog] [info] processed bias for 60.0% of the transcripts
[2024-08-04 09:25:05.572] [jointLog] [info] processed bias for 70.0% of the transcripts
[2024-08-04 09:25:21.696] [jointLog] [info] processed bias for 80.0% of the transcripts
[2024-08-04 09:25:37.779] [jointLog] [info] processed bias for 90.0% of the transcripts
[2024-08-04 09:25:54.163] [jointLog] [info] processed bias for 100.0% of the transcripts
[2024-08-04 09:25:58.322] [jointLog] [info] iteration = 100 | max rel diff. = 9.02497
[2024-08-04 09:26:02.849] [jointLog] [info] iteration = 200 | max rel diff. = 11.5368
[2024-08-04 09:26:07.424] [jointLog] [info] iteration = 300 | max rel diff. = 5.4724
[2024-08-04 09:26:12.016] [jointLog] [info] iteration = 400 | max rel diff. = 3.22168
[2024-08-04 09:26:16.449] [jointLog] [info] iteration = 500 | max rel diff. = 0.864502
[2024-08-04 09:26:20.687] [jointLog] [info] iteration = 600 | max rel diff. = 0.754834
[2024-08-04 09:26:25.128] [jointLog] [info] iteration = 700 | max rel diff. = 1.25995
[2024-08-04 09:26:29.661] [jointLog] [info] iteration = 800 | max rel diff. = 0.735734
[2024-08-04 09:26:34.205] [jointLog] [info] iteration = 900 | max rel diff. = 0.0266358
[2024-08-04 09:26:38.744] [jointLog] [info] iteration = 1,000 | max rel diff. = 0.0474854
[2024-08-04 09:26:43.235] [jointLog] [info] iteration = 1,100 | max rel diff. = 0.307547
[2024-08-04 09:26:47.739] [jointLog] [info] iteration = 1,200 | max rel diff. = 0.0564725
[2024-08-04 09:26:52.244] [jointLog] [info] iteration = 1,300 | max rel diff. = 0.047166
[2024-08-04 09:26:53.153] [jointLog] [info] iteration = 1,321 | max rel diff. = 0.00692482
[2024-08-04 09:26:53.196] [jointLog] [info] Finished optimizer
[2024-08-04 09:26:53.196] [jointLog] [info] writing output 

[2024-08-04 09:26:53.728] [jointLog] [info] Starting Bootstrapping
[2024-08-04 09:26:53.979] [jointLog] [info] Will draw 50 bootstrap samples
[2024-08-04 09:26:53.979] [jointLog] [info] Optimizing over 394,224 equivalence classes
[2024-08-04 09:26:54.028] [jointLog] [info] Marked 0 weighted equivalence classes as degenerate
[2024-08-04 09:28:08.735] [jointLog] [info] wrote 1 bootstraps
[2024-08-04 09:28:30.359] [jointLog] [info] wrote 2 bootstraps
[2024-08-04 09:28:34.196] [jointLog] [info] wrote 3 bootstraps
[2024-08-04 09:29:47.265] [jointLog] [info] wrote 4 bootstraps
[2024-08-04 09:30:04.167] [jointLog] [info] wrote 5 bootstraps
[2024-08-04 09:30:15.743] [jointLog] [info] wrote 6 bootstraps
[2024-08-04 09:31:11.146] [jointLog] [info] wrote 7 bootstraps
[2024-08-04 09:31:31.966] [jointLog] [info] wrote 8 bootstraps
[2024-08-04 09:31:49.735] [jointLog] [info] wrote 9 bootstraps
[2024-08-04 09:32:54.186] [jointLog] [info] wrote 10 bootstraps
[2024-08-04 09:33:12.613] [jointLog] [info] wrote 11 bootstraps
[2024-08-04 09:33:22.420] [jointLog] [info] wrote 12 bootstraps
[2024-08-04 09:34:18.204] [jointLog] [info] wrote 13 bootstraps
[2024-08-04 09:34:34.560] [jointLog] [info] wrote 14 bootstraps
[2024-08-04 09:34:40.444] [jointLog] [info] wrote 15 bootstraps
[2024-08-04 09:36:02.118] [jointLog] [info] wrote 16 bootstraps
[2024-08-04 09:36:09.651] [jointLog] [info] wrote 17 bootstraps
[2024-08-04 09:36:11.799] [jointLog] [info] wrote 18 bootstraps
[2024-08-04 09:37:20.476] [jointLog] [info] wrote 19 bootstraps
[2024-08-04 09:37:21.860] [jointLog] [info] wrote 20 bootstraps
[2024-08-04 09:37:34.868] [jointLog] [info] wrote 21 bootstraps
[2024-08-04 09:38:20.770] [jointLog] [info] wrote 22 bootstraps
[2024-08-04 09:38:45.379] [jointLog] [info] wrote 23 bootstraps
[2024-08-04 09:38:59.679] [jointLog] [info] wrote 24 bootstraps
[2024-08-04 09:39:59.410] [jointLog] [info] wrote 25 bootstraps
[2024-08-04 09:40:07.201] [jointLog] [info] wrote 26 bootstraps
[2024-08-04 09:40:53.176] [jointLog] [info] wrote 27 bootstraps
[2024-08-04 09:41:01.812] [jointLog] [info] wrote 28 bootstraps
[2024-08-04 09:41:41.218] [jointLog] [info] wrote 29 bootstraps
[2024-08-04 09:42:09.455] [jointLog] [info] wrote 30 bootstraps
[2024-08-04 09:42:39.165] [jointLog] [info] wrote 31 bootstraps
[2024-08-04 09:43:07.647] [jointLog] [info] wrote 32 bootstraps
[2024-08-04 09:43:30.723] [jointLog] [info] wrote 33 bootstraps
[2024-08-04 09:44:25.078] [jointLog] [info] wrote 34 bootstraps
[2024-08-04 09:44:49.324] [jointLog] [info] wrote 35 bootstraps
[2024-08-04 09:45:03.478] [jointLog] [info] wrote 36 bootstraps
[2024-08-04 09:45:56.298] [jointLog] [info] wrote 37 bootstraps
[2024-08-04 09:46:25.066] [jointLog] [info] wrote 38 bootstraps
[2024-08-04 09:46:34.519] [jointLog] [info] wrote 39 bootstraps
[2024-08-04 09:47:01.732] [jointLog] [info] wrote 40 bootstraps
[2024-08-04 09:47:43.666] [jointLog] [info] wrote 41 bootstraps
[2024-08-04 09:48:09.250] [jointLog] [info] wrote 42 bootstraps
[2024-08-04 09:48:09.649] [jointLog] [info] wrote 43 bootstraps
[2024-08-04 09:49:05.760] [jointLog] [info] wrote 44 bootstraps
[2024-08-04 09:49:38.480] [jointLog] [info] wrote 45 bootstraps
[2024-08-04 09:49:49.187] [jointLog] [info] wrote 46 bootstraps
[2024-08-04 09:50:40.214] [jointLog] [info] wrote 47 bootstraps
[2024-08-04 09:51:05.248] [jointLog] [info] wrote 48 bootstraps
[2024-08-04 09:51:14.508] [jointLog] [info] wrote 49 bootstraps
[2024-08-04 09:51:51.031] [jointLog] [info] wrote 50 bootstraps
[2024-08-04 09:51:51.083] [jointLog] [info] Finished Bootstrapping
[2024-08-04 09:51:51.083] [jointLog] [info] Computing gene-level abundance estimates
[2024-08-04 09:52:41.193] [jointLog] [info] There were 252416 transcripts mapping to 62696 genes
[2024-08-04 09:52:41.194] [jointLog] [info] NOTE: We recommend using tximport (https://bioconductor.org/packages/release/bioc/html/tximport.html) for aggregating transcript-level salmon abundance estimates to the gene level.  It is more versatile, exposes more features, and allows considering multi-sample information during aggregation.
[2024-08-04 09:52:41.645] [jointLog] [info] Aggregating expressions to gene level
[2024-08-04 09:52:41.854] [jointLog] [info] done
