[2024-09-01 04:55:39.775] [jointLog] [info] setting maxHashResizeThreads to 4
[2024-09-01 04:55:39.775] [jointLog] [info] Fragment incompatibility prior below threshold.  Incompatible fragments will be ignored.
[2024-09-01 04:55:39.775] [jointLog] [info] Usage of --validateMappings implies use of minScoreFraction. Since not explicitly specified, it is being set to 0.65
[2024-09-01 04:55:39.775] [jointLog] [info] Setting consensusSlack to selective-alignment default of 0.35.
[2024-09-01 04:55:39.775] [jointLog] [info] parsing read library format
[2024-09-01 04:55:39.775] [jointLog] [info] There is 1 library.
[2024-09-01 04:55:39.990] [jointLog] [info] Loading pufferfish index
[2024-09-01 04:55:40.030] [jointLog] [info] Loading dense pufferfish index.
[2024-09-01 04:56:36.200] [jointLog] [info] done
[2024-09-01 04:56:36.200] [jointLog] [info] Index contained 251,744 targets
[2024-09-01 04:56:42.288] [jointLog] [info] Number of decoys : 194
[2024-09-01 04:56:42.288] [jointLog] [info] First decoy index : 251,509 
[2024-09-01 04:56:44.616] [jointLog] [info] Automatically detected most likely library type as ISR

[2024-09-01 05:23:25.767] [jointLog] [info] Thread saw mini-batch with a maximum of 1.20% zero probability fragments
[2024-09-01 05:23:25.812] [jointLog] [info] Thread saw mini-batch with a maximum of 1.28% zero probability fragments
[2024-09-01 05:23:26.045] [jointLog] [info] Thread saw mini-batch with a maximum of 1.28% zero probability fragments
[2024-09-01 05:23:26.150] [jointLog] [info] Thread saw mini-batch with a maximum of 1.16% zero probability fragments
[2024-09-01 05:23:27.114] [fileLog] [info] 
At end of round 0
==================
Observed 54110112 total fragments (54110112 in most recent round)

[2024-09-01 05:23:27.113] [jointLog] [info] Computed 647,243 rich equivalence classes for further processing
[2024-09-01 05:23:27.113] [jointLog] [info] Counted 27,410,412 total reads in the equivalence classes 
[2024-09-01 05:23:27.121] [jointLog] [warning] 2.2177e-05% of fragments were shorter than the k used to build the index.
If this fraction is too large, consider re-building the index with a smaller k.
The minimum read size found was 22.


[2024-09-01 05:23:27.121] [jointLog] [info] Number of mappings discarded because of alignment score : 13,157,259
[2024-09-01 05:23:27.121] [jointLog] [info] Number of fragments entirely discarded because of alignment score : 5,872,324
[2024-09-01 05:23:27.121] [jointLog] [info] Number of fragments discarded because they are best-mapped to decoys : 5,080,291
[2024-09-01 05:23:27.121] [jointLog] [info] Number of fragments discarded because they have only dovetail (discordant) mappings to valid targets : 461,823
[2024-09-01 05:23:27.121] [jointLog] [info] Mapping rate = 50.6567%

[2024-09-01 05:23:27.121] [jointLog] [info] finished quantifyLibrary()
[2024-09-01 05:23:27.123] [jointLog] [info] Starting optimizer
[2024-09-01 05:23:27.618] [jointLog] [info] Marked 0 weighted equivalence classes as degenerate
[2024-09-01 05:23:27.729] [jointLog] [info] iteration = 0 | max rel diff. = 4912.02
[2024-09-01 05:23:29.005] [jointLog] [info] iteration 11, adjusting effective lengths to account for biases
[2024-09-01 05:29:10.493] [jointLog] [info] Computed expected counts (for bias correction)
[2024-09-01 05:29:10.493] [jointLog] [info] processed bias for 0.0% of the transcripts
[2024-09-01 05:29:53.418] [jointLog] [info] processed bias for 10.0% of the transcripts
[2024-09-01 05:30:30.460] [jointLog] [info] processed bias for 20.0% of the transcripts
[2024-09-01 05:31:07.816] [jointLog] [info] processed bias for 30.0% of the transcripts
[2024-09-01 05:31:45.115] [jointLog] [info] processed bias for 40.0% of the transcripts
[2024-09-01 05:32:23.493] [jointLog] [info] processed bias for 50.0% of the transcripts
[2024-09-01 05:32:58.259] [jointLog] [info] processed bias for 60.0% of the transcripts
[2024-09-01 05:33:34.890] [jointLog] [info] processed bias for 70.0% of the transcripts
[2024-09-01 05:34:11.386] [jointLog] [info] processed bias for 80.0% of the transcripts
[2024-09-01 05:34:42.093] [jointLog] [info] processed bias for 90.0% of the transcripts
[2024-09-01 05:35:18.551] [jointLog] [info] processed bias for 100.0% of the transcripts
[2024-09-01 05:35:29.170] [jointLog] [info] iteration = 100 | max rel diff. = 20.6645
[2024-09-01 05:35:40.133] [jointLog] [info] iteration = 200 | max rel diff. = 18.9189
[2024-09-01 05:35:51.341] [jointLog] [info] iteration = 300 | max rel diff. = 3.22598
[2024-09-01 05:36:01.708] [jointLog] [info] iteration = 400 | max rel diff. = 0.378953
[2024-09-01 05:36:12.263] [jointLog] [info] iteration = 500 | max rel diff. = 12.6129
[2024-09-01 05:36:23.409] [jointLog] [info] iteration = 600 | max rel diff. = 0.585929
[2024-09-01 05:36:34.052] [jointLog] [info] iteration = 700 | max rel diff. = 1.13458
[2024-09-01 05:36:45.547] [jointLog] [info] iteration = 800 | max rel diff. = 0.466298
[2024-09-01 05:36:56.709] [jointLog] [info] iteration = 900 | max rel diff. = 0.325848
[2024-09-01 05:37:07.064] [jointLog] [info] iteration = 1,000 | max rel diff. = 0.131059
[2024-09-01 05:37:17.702] [jointLog] [info] iteration = 1,100 | max rel diff. = 0.096929
[2024-09-01 05:37:28.813] [jointLog] [info] iteration = 1,200 | max rel diff. = 0.0720468
[2024-09-01 05:37:39.381] [jointLog] [info] iteration = 1,300 | max rel diff. = 0.811067
[2024-09-01 05:37:49.510] [jointLog] [info] iteration = 1,400 | max rel diff. = 0.132963
[2024-09-01 05:38:01.183] [jointLog] [info] iteration = 1,500 | max rel diff. = 0.0185286
[2024-09-01 05:38:11.667] [jointLog] [info] iteration = 1,600 | max rel diff. = 0.516958
[2024-09-01 05:38:21.824] [jointLog] [info] iteration = 1,700 | max rel diff. = 0.162149
[2024-09-01 05:38:32.550] [jointLog] [info] iteration = 1,800 | max rel diff. = 0.0617994
[2024-09-01 05:38:34.672] [jointLog] [info] iteration = 1,819 | max rel diff. = 0.00989168
[2024-09-01 05:38:34.792] [jointLog] [info] Finished optimizer
[2024-09-01 05:38:34.792] [jointLog] [info] writing output 

[2024-09-01 05:38:36.116] [jointLog] [info] Starting Bootstrapping
[2024-09-01 05:38:36.713] [jointLog] [info] Will draw 50 bootstrap samples
[2024-09-01 05:38:36.713] [jointLog] [info] Optimizing over 647,243 equivalence classes
[2024-09-01 05:38:37.001] [jointLog] [info] Marked 0 weighted equivalence classes as degenerate
[2024-09-01 05:42:08.072] [jointLog] [info] wrote 1 bootstraps
[2024-09-01 05:42:58.548] [jointLog] [info] wrote 2 bootstraps
[2024-09-01 05:43:54.807] [jointLog] [info] wrote 3 bootstraps
[2024-09-01 05:46:26.644] [jointLog] [info] wrote 4 bootstraps
[2024-09-01 05:48:06.122] [jointLog] [info] wrote 5 bootstraps
[2024-09-01 05:48:20.099] [jointLog] [info] wrote 6 bootstraps
[2024-09-01 05:49:49.666] [jointLog] [info] wrote 7 bootstraps
[2024-09-01 05:52:01.959] [jointLog] [info] wrote 8 bootstraps
[2024-09-01 05:52:33.036] [jointLog] [info] wrote 9 bootstraps
[2024-09-01 05:53:36.175] [jointLog] [info] wrote 10 bootstraps
[2024-09-01 05:55:48.198] [jointLog] [info] wrote 11 bootstraps
[2024-09-01 05:56:18.059] [jointLog] [info] wrote 12 bootstraps
[2024-09-01 05:58:42.473] [jointLog] [info] wrote 13 bootstraps
[2024-09-01 06:00:08.774] [jointLog] [info] wrote 14 bootstraps
[2024-09-01 06:00:39.319] [jointLog] [info] wrote 15 bootstraps
[2024-09-01 06:03:01.837] [jointLog] [info] wrote 16 bootstraps
[2024-09-01 06:04:08.538] [jointLog] [info] wrote 17 bootstraps
[2024-09-01 06:04:19.538] [jointLog] [info] wrote 18 bootstraps
[2024-09-01 06:06:56.542] [jointLog] [info] wrote 19 bootstraps
[2024-09-01 06:08:55.346] [jointLog] [info] wrote 20 bootstraps
[2024-09-01 06:09:16.747] [jointLog] [info] wrote 21 bootstraps
[2024-09-01 06:11:24.982] [jointLog] [info] wrote 22 bootstraps
[2024-09-01 06:13:02.333] [jointLog] [info] wrote 23 bootstraps
[2024-09-01 06:13:41.183] [jointLog] [info] wrote 24 bootstraps
[2024-09-01 06:16:22.715] [jointLog] [info] wrote 25 bootstraps
[2024-09-01 06:17:30.585] [jointLog] [info] wrote 26 bootstraps
[2024-09-01 06:17:48.467] [jointLog] [info] wrote 27 bootstraps
[2024-09-01 06:22:15.048] [jointLog] [info] wrote 28 bootstraps
[2024-09-01 06:22:17.427] [jointLog] [info] wrote 29 bootstraps
[2024-09-01 06:22:31.593] [jointLog] [info] wrote 30 bootstraps
[2024-09-01 06:26:22.128] [jointLog] [info] wrote 31 bootstraps
[2024-09-01 06:27:28.804] [jointLog] [info] wrote 32 bootstraps
[2024-09-01 06:28:25.728] [jointLog] [info] wrote 33 bootstraps
[2024-09-01 06:31:01.545] [jointLog] [info] wrote 34 bootstraps
[2024-09-01 06:31:34.382] [jointLog] [info] wrote 35 bootstraps
[2024-09-01 06:33:24.723] [jointLog] [info] wrote 36 bootstraps
[2024-09-01 06:34:23.791] [jointLog] [info] wrote 37 bootstraps
[2024-09-01 06:35:23.592] [jointLog] [info] wrote 38 bootstraps
[2024-09-01 06:36:49.404] [jointLog] [info] wrote 39 bootstraps
[2024-09-01 06:38:10.338] [jointLog] [info] wrote 40 bootstraps
[2024-09-01 06:40:16.691] [jointLog] [info] wrote 41 bootstraps
[2024-09-01 06:40:23.750] [jointLog] [info] wrote 42 bootstraps
[2024-09-01 06:41:54.570] [jointLog] [info] wrote 43 bootstraps
[2024-09-01 06:44:47.234] [jointLog] [info] wrote 44 bootstraps
[2024-09-01 06:44:54.909] [jointLog] [info] wrote 45 bootstraps
[2024-09-01 06:46:57.431] [jointLog] [info] wrote 46 bootstraps
[2024-09-01 06:49:31.481] [jointLog] [info] wrote 47 bootstraps
[2024-09-01 06:50:04.488] [jointLog] [info] wrote 48 bootstraps
[2024-09-01 06:52:32.837] [jointLog] [info] wrote 49 bootstraps
[2024-09-01 06:53:40.903] [jointLog] [info] wrote 50 bootstraps
[2024-09-01 06:53:40.971] [jointLog] [info] Finished Bootstrapping
[2024-09-01 06:53:40.971] [jointLog] [info] Computing gene-level abundance estimates
[2024-09-01 06:54:43.693] [jointLog] [info] There were 252416 transcripts mapping to 62696 genes
[2024-09-01 06:54:43.849] [jointLog] [info] NOTE: We recommend using tximport (https://bioconductor.org/packages/release/bioc/html/tximport.html) for aggregating transcript-level salmon abundance estimates to the gene level.  It is more versatile, exposes more features, and allows considering multi-sample information during aggregation.
[2024-09-01 06:54:44.805] [jointLog] [info] Aggregating expressions to gene level
[2024-09-01 06:54:45.028] [jointLog] [info] done
