[2024-10-18 18:36:37.803] [jointLog] [info] setting maxHashResizeThreads to 4
[2024-10-18 18:36:37.803] [jointLog] [info] Fragment incompatibility prior below threshold.  Incompatible fragments will be ignored.
[2024-10-18 18:36:37.803] [jointLog] [info] Usage of --validateMappings implies use of minScoreFraction. Since not explicitly specified, it is being set to 0.65
[2024-10-18 18:36:37.803] [jointLog] [info] Setting consensusSlack to selective-alignment default of 0.35.
[2024-10-18 18:36:37.803] [jointLog] [info] parsing read library format
[2024-10-18 18:36:37.803] [jointLog] [info] There is 1 library.
[2024-10-18 18:36:37.870] [jointLog] [info] Loading pufferfish index
[2024-10-18 18:36:37.876] [jointLog] [info] Loading dense pufferfish index.
[2024-10-18 18:41:58.752] [jointLog] [info] done
[2024-10-18 18:41:58.752] [jointLog] [info] Index contained 251,744 targets
[2024-10-18 18:42:02.697] [jointLog] [info] Number of decoys : 194
[2024-10-18 18:42:02.697] [jointLog] [info] First decoy index : 251,509 
[2024-10-18 18:42:04.459] [jointLog] [info] Automatically detected most likely library type as ISR

[2024-10-18 19:32:25.225] [jointLog] [info] Thread saw mini-batch with a maximum of 4.60% zero probability fragments
[2024-10-18 19:32:25.282] [jointLog] [info] Thread saw mini-batch with a maximum of 4.64% zero probability fragments
[2024-10-18 19:32:25.318] [jointLog] [info] Thread saw mini-batch with a maximum of 4.82% zero probability fragments
[2024-10-18 19:32:25.356] [jointLog] [info] Thread saw mini-batch with a maximum of 4.64% zero probability fragments
[2024-10-18 19:32:25.774] [jointLog] [info] Computed 377,006 rich equivalence classes for further processing
[2024-10-18 19:32:25.774] [jointLog] [info] Counted 39,049,118 total reads in the equivalence classes 
[2024-10-18 19:32:25.778] [jointLog] [info] Number of mappings discarded because of alignment score : 26,651,774
[2024-10-18 19:32:25.778] [jointLog] [info] Number of fragments entirely discarded because of alignment score : 5,475,847
[2024-10-18 19:32:25.778] [jointLog] [info] Number of fragments discarded because they are best-mapped to decoys : 4,492,253
[2024-10-18 19:32:25.778] [jointLog] [info] Number of fragments discarded because they have only dovetail (discordant) mappings to valid targets : 482,182
[2024-10-18 19:32:25.778] [jointLog] [info] Mapping rate = 65.1488%

[2024-10-18 19:32:25.778] [jointLog] [info] finished quantifyLibrary()
[2024-10-18 19:32:25.780] [jointLog] [info] Starting optimizer
[2024-10-18 19:32:26.087] [jointLog] [info] Marked 0 weighted equivalence classes as degenerate
[2024-10-18 19:32:25.775] [fileLog] [info] 
At end of round 0
==================
Observed 59938341 total fragments (59938341 in most recent round)

[2024-10-18 19:32:26.139] [jointLog] [info] iteration = 0 | max rel diff. = 3395.52
[2024-10-18 19:32:26.592] [jointLog] [info] iteration 11, adjusting effective lengths to account for biases
[2024-10-18 19:35:28.789] [jointLog] [info] Computed expected counts (for bias correction)
[2024-10-18 19:35:28.789] [jointLog] [info] processed bias for 0.0% of the transcripts
[2024-10-18 19:35:45.037] [jointLog] [info] processed bias for 10.0% of the transcripts
[2024-10-18 19:36:00.161] [jointLog] [info] processed bias for 20.0% of the transcripts
[2024-10-18 19:36:15.113] [jointLog] [info] processed bias for 30.0% of the transcripts
[2024-10-18 19:36:30.085] [jointLog] [info] processed bias for 40.0% of the transcripts
[2024-10-18 19:36:45.246] [jointLog] [info] processed bias for 50.0% of the transcripts
[2024-10-18 19:36:59.080] [jointLog] [info] processed bias for 60.0% of the transcripts
[2024-10-18 19:37:12.954] [jointLog] [info] processed bias for 70.0% of the transcripts
[2024-10-18 19:37:26.972] [jointLog] [info] processed bias for 80.0% of the transcripts
[2024-10-18 19:37:40.533] [jointLog] [info] processed bias for 90.0% of the transcripts
[2024-10-18 19:37:54.836] [jointLog] [info] processed bias for 100.0% of the transcripts
[2024-10-18 19:37:58.840] [jointLog] [info] iteration = 100 | max rel diff. = 19.9669
[2024-10-18 19:38:03.234] [jointLog] [info] iteration = 200 | max rel diff. = 13.5118
[2024-10-18 19:38:07.659] [jointLog] [info] iteration = 300 | max rel diff. = 1.93961
[2024-10-18 19:38:12.097] [jointLog] [info] iteration = 400 | max rel diff. = 6.33231
[2024-10-18 19:38:16.506] [jointLog] [info] iteration = 500 | max rel diff. = 1.34995
[2024-10-18 19:38:20.909] [jointLog] [info] iteration = 600 | max rel diff. = 0.701455
[2024-10-18 19:38:25.338] [jointLog] [info] iteration = 700 | max rel diff. = 0.621408
[2024-10-18 19:38:29.781] [jointLog] [info] iteration = 800 | max rel diff. = 0.0341797
[2024-10-18 19:38:34.210] [jointLog] [info] iteration = 900 | max rel diff. = 0.529111
[2024-10-18 19:38:38.610] [jointLog] [info] iteration = 1,000 | max rel diff. = 7.07773
[2024-10-18 19:38:43.028] [jointLog] [info] iteration = 1,100 | max rel diff. = 0.132066
[2024-10-18 19:38:47.276] [jointLog] [info] iteration = 1,200 | max rel diff. = 0.0365515
[2024-10-18 19:38:51.528] [jointLog] [info] iteration = 1,300 | max rel diff. = 0.0416734
[2024-10-18 19:38:55.909] [jointLog] [info] iteration = 1,400 | max rel diff. = 0.0460061
[2024-10-18 19:39:00.300] [jointLog] [info] iteration = 1,500 | max rel diff. = 3.24897
[2024-10-18 19:39:02.901] [jointLog] [info] iteration = 1,560 | max rel diff. = 0.00518153
[2024-10-18 19:39:02.968] [jointLog] [info] Finished optimizer
[2024-10-18 19:39:02.968] [jointLog] [info] writing output 

[2024-10-18 19:39:04.185] [jointLog] [info] Starting Bootstrapping
[2024-10-18 19:39:04.358] [jointLog] [info] Will draw 50 bootstrap samples
[2024-10-18 19:39:04.358] [jointLog] [info] Optimizing over 377,006 equivalence classes
[2024-10-18 19:39:04.405] [jointLog] [info] Marked 0 weighted equivalence classes as degenerate
[2024-10-18 19:40:47.082] [jointLog] [info] wrote 1 bootstraps
[2024-10-18 19:40:59.144] [jointLog] [info] wrote 2 bootstraps
[2024-10-18 19:41:15.954] [jointLog] [info] wrote 3 bootstraps
[2024-10-18 19:42:22.733] [jointLog] [info] wrote 4 bootstraps
[2024-10-18 19:42:39.329] [jointLog] [info] wrote 5 bootstraps
[2024-10-18 19:42:49.168] [jointLog] [info] wrote 6 bootstraps
[2024-10-18 19:44:12.428] [jointLog] [info] wrote 7 bootstraps
[2024-10-18 19:44:28.564] [jointLog] [info] wrote 8 bootstraps
[2024-10-18 19:44:29.695] [jointLog] [info] wrote 9 bootstraps
[2024-10-18 19:46:03.674] [jointLog] [info] wrote 10 bootstraps
[2024-10-18 19:46:07.307] [jointLog] [info] wrote 11 bootstraps
[2024-10-18 19:46:18.477] [jointLog] [info] wrote 12 bootstraps
[2024-10-18 19:47:43.461] [jointLog] [info] wrote 13 bootstraps
[2024-10-18 19:47:46.634] [jointLog] [info] wrote 14 bootstraps
[2024-10-18 19:47:59.131] [jointLog] [info] wrote 15 bootstraps
[2024-10-18 19:49:07.525] [jointLog] [info] wrote 16 bootstraps
[2024-10-18 19:49:34.126] [jointLog] [info] wrote 17 bootstraps
[2024-10-18 19:49:54.608] [jointLog] [info] wrote 18 bootstraps
[2024-10-18 19:50:50.759] [jointLog] [info] wrote 19 bootstraps
[2024-10-18 19:51:33.286] [jointLog] [info] wrote 20 bootstraps
[2024-10-18 19:51:38.897] [jointLog] [info] wrote 21 bootstraps
[2024-10-18 19:52:37.185] [jointLog] [info] wrote 22 bootstraps
[2024-10-18 19:53:15.268] [jointLog] [info] wrote 23 bootstraps
[2024-10-18 19:53:34.212] [jointLog] [info] wrote 24 bootstraps
[2024-10-18 19:54:30.439] [jointLog] [info] wrote 25 bootstraps
[2024-10-18 19:55:14.462] [jointLog] [info] wrote 26 bootstraps
[2024-10-18 19:55:29.303] [jointLog] [info] wrote 27 bootstraps
[2024-10-18 19:56:30.675] [jointLog] [info] wrote 28 bootstraps
[2024-10-18 19:56:45.310] [jointLog] [info] wrote 29 bootstraps
[2024-10-18 19:57:27.954] [jointLog] [info] wrote 30 bootstraps
[2024-10-18 19:58:29.611] [jointLog] [info] wrote 31 bootstraps
[2024-10-18 19:58:53.504] [jointLog] [info] wrote 32 bootstraps
[2024-10-18 19:59:32.118] [jointLog] [info] wrote 33 bootstraps
[2024-10-18 20:00:29.506] [jointLog] [info] wrote 34 bootstraps
[2024-10-18 20:00:36.695] [jointLog] [info] wrote 35 bootstraps
[2024-10-18 20:01:07.757] [jointLog] [info] wrote 36 bootstraps
[2024-10-18 20:02:08.818] [jointLog] [info] wrote 37 bootstraps
[2024-10-18 20:02:23.567] [jointLog] [info] wrote 38 bootstraps
[2024-10-18 20:02:42.178] [jointLog] [info] wrote 39 bootstraps
[2024-10-18 20:04:04.895] [jointLog] [info] wrote 40 bootstraps
[2024-10-18 20:04:18.169] [jointLog] [info] wrote 41 bootstraps
[2024-10-18 20:04:18.630] [jointLog] [info] wrote 42 bootstraps
[2024-10-18 20:05:43.752] [jointLog] [info] wrote 43 bootstraps
[2024-10-18 20:06:00.629] [jointLog] [info] wrote 44 bootstraps
[2024-10-18 20:06:07.837] [jointLog] [info] wrote 45 bootstraps
[2024-10-18 20:07:25.319] [jointLog] [info] wrote 46 bootstraps
[2024-10-18 20:07:40.748] [jointLog] [info] wrote 47 bootstraps
[2024-10-18 20:07:47.222] [jointLog] [info] wrote 48 bootstraps
[2024-10-18 20:09:25.970] [jointLog] [info] wrote 49 bootstraps
[2024-10-18 20:09:48.984] [jointLog] [info] wrote 50 bootstraps
[2024-10-18 20:09:49.041] [jointLog] [info] Finished Bootstrapping
[2024-10-18 20:09:49.041] [jointLog] [info] Computing gene-level abundance estimates
[2024-10-18 20:11:12.325] [jointLog] [info] There were 252416 transcripts mapping to 62696 genes
[2024-10-18 20:11:12.326] [jointLog] [info] NOTE: We recommend using tximport (https://bioconductor.org/packages/release/bioc/html/tximport.html) for aggregating transcript-level salmon abundance estimates to the gene level.  It is more versatile, exposes more features, and allows considering multi-sample information during aggregation.
[2024-10-18 20:11:12.912] [jointLog] [info] Aggregating expressions to gene level
[2024-10-18 20:11:13.117] [jointLog] [info] done
