[2024-07-05 12:42:17.830] [jointLog] [info] setting maxHashResizeThreads to 4
[2024-07-05 12:42:17.830] [jointLog] [info] Fragment incompatibility prior below threshold.  Incompatible fragments will be ignored.
[2024-07-05 12:42:17.830] [jointLog] [info] Usage of --validateMappings implies use of minScoreFraction. Since not explicitly specified, it is being set to 0.65
[2024-07-05 12:42:17.830] [jointLog] [info] Setting consensusSlack to selective-alignment default of 0.35.
[2024-07-05 12:42:17.830] [jointLog] [info] parsing read library format
[2024-07-05 12:42:17.830] [jointLog] [info] There is 1 library.
[2024-07-05 12:42:17.908] [jointLog] [info] Loading pufferfish index
[2024-07-05 12:42:17.909] [jointLog] [info] Loading dense pufferfish index.
[2024-07-05 12:43:08.764] [jointLog] [info] done
[2024-07-05 12:43:08.764] [jointLog] [info] Index contained 251,744 targets
[2024-07-05 12:43:12.161] [jointLog] [info] Number of decoys : 194
[2024-07-05 12:43:12.161] [jointLog] [info] First decoy index : 251,509 
[2024-07-05 12:43:13.466] [jointLog] [info] Automatically detected most likely library type as ISR

[2024-07-05 13:02:08.703] [jointLog] [info] Thread saw mini-batch with a maximum of 1.22% zero probability fragments
[2024-07-05 13:02:08.785] [jointLog] [info] Thread saw mini-batch with a maximum of 1.16% zero probability fragments
[2024-07-05 13:02:08.870] [jointLog] [info] Thread saw mini-batch with a maximum of 1.24% zero probability fragments
[2024-07-05 13:02:08.924] [jointLog] [info] Thread saw mini-batch with a maximum of 1.24% zero probability fragments
[2024-07-05 13:02:09.326] [jointLog] [info] Computed 474,639 rich equivalence classes for further processing
[2024-07-05 13:02:09.326] [jointLog] [info] Counted 36,806,811 total reads in the equivalence classes 
[2024-07-05 13:02:09.330] [jointLog] [info] Number of mappings discarded because of alignment score : 20,855,713
[2024-07-05 13:02:09.330] [jointLog] [info] Number of fragments entirely discarded because of alignment score : 3,331,051
[2024-07-05 13:02:09.330] [jointLog] [info] Number of fragments discarded because they are best-mapped to decoys : 2,273,367
[2024-07-05 13:02:09.330] [jointLog] [info] Number of fragments discarded because they have only dovetail (discordant) mappings to valid targets : 110,475
[2024-07-05 13:02:09.330] [jointLog] [info] Mapping rate = 84.8906%

[2024-07-05 13:02:09.330] [jointLog] [info] finished quantifyLibrary()
[2024-07-05 13:02:09.351] [jointLog] [info] Starting optimizer
[2024-07-05 13:02:09.327] [fileLog] [info] 
At end of round 0
==================
Observed 43357958 total fragments (43357958 in most recent round)

[2024-07-05 13:02:13.127] [jointLog] [info] Marked 0 weighted equivalence classes as degenerate
[2024-07-05 13:02:13.169] [jointLog] [info] iteration = 0 | max rel diff. = 3839.63
[2024-07-05 13:02:13.588] [jointLog] [info] iteration 11, adjusting effective lengths to account for biases
[2024-07-05 13:05:57.597] [jointLog] [info] Computed expected counts (for bias correction)
[2024-07-05 13:05:57.598] [jointLog] [info] processed bias for 0.0% of the transcripts
[2024-07-05 13:06:17.613] [jointLog] [info] processed bias for 10.0% of the transcripts
[2024-07-05 13:06:35.627] [jointLog] [info] processed bias for 20.0% of the transcripts
[2024-07-05 13:06:53.916] [jointLog] [info] processed bias for 30.0% of the transcripts
[2024-07-05 13:07:11.855] [jointLog] [info] processed bias for 40.0% of the transcripts
[2024-07-05 13:07:29.612] [jointLog] [info] processed bias for 50.0% of the transcripts
[2024-07-05 13:07:46.553] [jointLog] [info] processed bias for 60.0% of the transcripts
[2024-07-05 13:08:04.134] [jointLog] [info] processed bias for 70.0% of the transcripts
[2024-07-05 13:08:21.835] [jointLog] [info] processed bias for 80.0% of the transcripts
[2024-07-05 13:08:38.363] [jointLog] [info] processed bias for 90.0% of the transcripts
[2024-07-05 13:08:56.625] [jointLog] [info] processed bias for 100.0% of the transcripts
[2024-07-05 13:09:00.318] [jointLog] [info] iteration = 100 | max rel diff. = 16.323
[2024-07-05 13:09:04.398] [jointLog] [info] iteration = 200 | max rel diff. = 17.4587
[2024-07-05 13:09:08.492] [jointLog] [info] iteration = 300 | max rel diff. = 0.491106
[2024-07-05 13:09:12.586] [jointLog] [info] iteration = 400 | max rel diff. = 2.55378
[2024-07-05 13:09:16.743] [jointLog] [info] iteration = 500 | max rel diff. = 3.77552
[2024-07-05 13:09:20.850] [jointLog] [info] iteration = 600 | max rel diff. = 2.05212
[2024-07-05 13:09:24.803] [jointLog] [info] iteration = 700 | max rel diff. = 1.73278
[2024-07-05 13:09:28.950] [jointLog] [info] iteration = 800 | max rel diff. = 0.242724
[2024-07-05 13:09:32.813] [jointLog] [info] iteration = 900 | max rel diff. = 0.198208
[2024-07-05 13:09:36.894] [jointLog] [info] iteration = 1,000 | max rel diff. = 0.0607412
[2024-07-05 13:09:40.969] [jointLog] [info] iteration = 1,100 | max rel diff. = 0.0353395
[2024-07-05 13:09:43.883] [jointLog] [info] iteration = 1,171 | max rel diff. = 0.00900664
[2024-07-05 13:09:43.945] [jointLog] [info] Finished optimizer
[2024-07-05 13:09:43.945] [jointLog] [info] writing output 

[2024-07-05 13:09:44.543] [jointLog] [info] Starting Bootstrapping
[2024-07-05 13:09:44.736] [jointLog] [info] Will draw 50 bootstrap samples
[2024-07-05 13:09:44.736] [jointLog] [info] Optimizing over 474,639 equivalence classes
[2024-07-05 13:09:44.792] [jointLog] [info] Marked 0 weighted equivalence classes as degenerate
[2024-07-05 13:11:14.586] [jointLog] [info] wrote 1 bootstraps
[2024-07-05 13:11:34.602] [jointLog] [info] wrote 2 bootstraps
[2024-07-05 13:11:41.018] [jointLog] [info] wrote 3 bootstraps
[2024-07-05 13:12:43.906] [jointLog] [info] wrote 4 bootstraps
[2024-07-05 13:12:51.980] [jointLog] [info] wrote 5 bootstraps
[2024-07-05 13:13:10.751] [jointLog] [info] wrote 6 bootstraps
[2024-07-05 13:14:10.632] [jointLog] [info] wrote 7 bootstraps
[2024-07-05 13:14:49.048] [jointLog] [info] wrote 8 bootstraps
[2024-07-05 13:15:02.541] [jointLog] [info] wrote 9 bootstraps
[2024-07-05 13:15:39.618] [jointLog] [info] wrote 10 bootstraps
[2024-07-05 13:16:12.163] [jointLog] [info] wrote 11 bootstraps
[2024-07-05 13:16:47.211] [jointLog] [info] wrote 12 bootstraps
[2024-07-05 13:17:22.684] [jointLog] [info] wrote 13 bootstraps
[2024-07-05 13:17:59.198] [jointLog] [info] wrote 14 bootstraps
[2024-07-05 13:18:20.926] [jointLog] [info] wrote 15 bootstraps
[2024-07-05 13:18:53.342] [jointLog] [info] wrote 16 bootstraps
[2024-07-05 13:19:51.677] [jointLog] [info] wrote 17 bootstraps
[2024-07-05 13:19:53.583] [jointLog] [info] wrote 18 bootstraps
[2024-07-05 13:20:34.258] [jointLog] [info] wrote 19 bootstraps
[2024-07-05 13:21:40.065] [jointLog] [info] wrote 20 bootstraps
[2024-07-05 13:21:52.280] [jointLog] [info] wrote 21 bootstraps
[2024-07-05 13:22:21.337] [jointLog] [info] wrote 22 bootstraps
[2024-07-05 13:23:23.274] [jointLog] [info] wrote 23 bootstraps
[2024-07-05 13:23:49.364] [jointLog] [info] wrote 24 bootstraps
[2024-07-05 13:24:28.680] [jointLog] [info] wrote 25 bootstraps
[2024-07-05 13:25:18.430] [jointLog] [info] wrote 26 bootstraps
[2024-07-05 13:25:18.890] [jointLog] [info] wrote 27 bootstraps
[2024-07-05 13:26:02.299] [jointLog] [info] wrote 28 bootstraps
[2024-07-05 13:27:04.482] [jointLog] [info] wrote 29 bootstraps
[2024-07-05 13:27:11.740] [jointLog] [info] wrote 30 bootstraps
[2024-07-05 13:27:40.960] [jointLog] [info] wrote 31 bootstraps
[2024-07-05 13:28:54.447] [jointLog] [info] wrote 32 bootstraps
[2024-07-05 13:28:57.110] [jointLog] [info] wrote 33 bootstraps
[2024-07-05 13:29:34.840] [jointLog] [info] wrote 34 bootstraps
[2024-07-05 13:30:37.348] [jointLog] [info] wrote 35 bootstraps
[2024-07-05 13:30:51.987] [jointLog] [info] wrote 36 bootstraps
[2024-07-05 13:31:23.726] [jointLog] [info] wrote 37 bootstraps
[2024-07-05 13:32:22.912] [jointLog] [info] wrote 38 bootstraps
[2024-07-05 13:32:39.885] [jointLog] [info] wrote 39 bootstraps
[2024-07-05 13:32:53.596] [jointLog] [info] wrote 40 bootstraps
[2024-07-05 13:33:29.120] [jointLog] [info] wrote 41 bootstraps
[2024-07-05 13:34:23.490] [jointLog] [info] wrote 42 bootstraps
[2024-07-05 13:34:27.488] [jointLog] [info] wrote 43 bootstraps
[2024-07-05 13:34:58.463] [jointLog] [info] wrote 44 bootstraps
[2024-07-05 13:36:08.063] [jointLog] [info] wrote 45 bootstraps
[2024-07-05 13:36:18.081] [jointLog] [info] wrote 46 bootstraps
[2024-07-05 13:36:48.870] [jointLog] [info] wrote 47 bootstraps
[2024-07-05 13:37:44.098] [jointLog] [info] wrote 48 bootstraps
[2024-07-05 13:38:23.800] [jointLog] [info] wrote 49 bootstraps
[2024-07-05 13:38:43.882] [jointLog] [info] wrote 50 bootstraps
[2024-07-05 13:38:43.924] [jointLog] [info] Finished Bootstrapping
[2024-07-05 13:38:43.924] [jointLog] [info] Computing gene-level abundance estimates
[2024-07-05 13:39:43.375] [jointLog] [info] There were 252416 transcripts mapping to 62696 genes
[2024-07-05 13:39:43.376] [jointLog] [info] NOTE: We recommend using tximport (https://bioconductor.org/packages/release/bioc/html/tximport.html) for aggregating transcript-level salmon abundance estimates to the gene level.  It is more versatile, exposes more features, and allows considering multi-sample information during aggregation.
[2024-07-05 13:39:43.946] [jointLog] [info] Aggregating expressions to gene level
[2024-07-05 13:39:44.231] [jointLog] [info] done
