[2024-08-07 03:50:50.245] [jointLog] [info] setting maxHashResizeThreads to 4
[2024-08-07 03:50:50.245] [jointLog] [info] Fragment incompatibility prior below threshold.  Incompatible fragments will be ignored.
[2024-08-07 03:50:50.245] [jointLog] [info] Usage of --validateMappings implies use of minScoreFraction. Since not explicitly specified, it is being set to 0.65
[2024-08-07 03:50:50.245] [jointLog] [info] Setting consensusSlack to selective-alignment default of 0.35.
[2024-08-07 03:50:50.245] [jointLog] [info] parsing read library format
[2024-08-07 03:50:50.245] [jointLog] [info] There is 1 library.
[2024-08-07 03:50:50.368] [jointLog] [info] Loading pufferfish index
[2024-08-07 03:50:50.368] [jointLog] [info] Loading dense pufferfish index.
[2024-08-07 03:51:25.777] [jointLog] [info] done
[2024-08-07 03:51:25.777] [jointLog] [info] Index contained 251,744 targets
[2024-08-07 03:51:29.021] [jointLog] [info] Number of decoys : 194
[2024-08-07 03:51:29.021] [jointLog] [info] First decoy index : 251,509 
[2024-08-07 03:51:30.240] [jointLog] [info] Automatically detected most likely library type as ISR

[2024-08-07 04:07:26.608] [jointLog] [info] Thread saw mini-batch with a maximum of 1.16% zero probability fragments
[2024-08-07 04:07:26.619] [jointLog] [info] Thread saw mini-batch with a maximum of 1.10% zero probability fragments
[2024-08-07 04:07:26.732] [jointLog] [info] Thread saw mini-batch with a maximum of 1.10% zero probability fragments
[2024-08-07 04:07:26.761] [jointLog] [info] Thread saw mini-batch with a maximum of 1.08% zero probability fragments
[2024-08-07 04:07:27.144] [jointLog] [info] Computed 427,463 rich equivalence classes for further processing
[2024-08-07 04:07:27.144] [jointLog] [info] Counted 34,899,045 total reads in the equivalence classes 
[2024-08-07 04:07:27.148] [jointLog] [info] Number of mappings discarded because of alignment score : 17,584,451
[2024-08-07 04:07:27.148] [jointLog] [info] Number of fragments entirely discarded because of alignment score : 3,051,864
[2024-08-07 04:07:27.148] [jointLog] [info] Number of fragments discarded because they are best-mapped to decoys : 2,277,244
[2024-08-07 04:07:27.148] [jointLog] [info] Number of fragments discarded because they have only dovetail (discordant) mappings to valid targets : 130,913
[2024-08-07 04:07:27.148] [jointLog] [info] Mapping rate = 87.5211%

[2024-08-07 04:07:27.148] [jointLog] [info] finished quantifyLibrary()
[2024-08-07 04:07:27.149] [jointLog] [info] Starting optimizer
[2024-08-07 04:07:27.388] [jointLog] [info] Marked 0 weighted equivalence classes as degenerate
[2024-08-07 04:07:27.440] [jointLog] [info] iteration = 0 | max rel diff. = 4184.43
[2024-08-07 04:07:27.144] [fileLog] [info] 
At end of round 0
==================
Observed 39875024 total fragments (39875024 in most recent round)

[2024-08-07 04:07:27.896] [jointLog] [info] iteration 11, adjusting effective lengths to account for biases
[2024-08-07 04:11:22.704] [jointLog] [info] Computed expected counts (for bias correction)
[2024-08-07 04:11:22.704] [jointLog] [info] processed bias for 0.0% of the transcripts
[2024-08-07 04:11:42.297] [jointLog] [info] processed bias for 10.0% of the transcripts
[2024-08-07 04:11:59.798] [jointLog] [info] processed bias for 20.0% of the transcripts
[2024-08-07 04:12:17.813] [jointLog] [info] processed bias for 30.0% of the transcripts
[2024-08-07 04:12:35.803] [jointLog] [info] processed bias for 40.0% of the transcripts
[2024-08-07 04:12:51.813] [jointLog] [info] processed bias for 50.0% of the transcripts
[2024-08-07 04:13:09.784] [jointLog] [info] processed bias for 60.0% of the transcripts
[2024-08-07 04:13:27.881] [jointLog] [info] processed bias for 70.0% of the transcripts
[2024-08-07 04:13:46.681] [jointLog] [info] processed bias for 80.0% of the transcripts
[2024-08-07 04:14:06.865] [jointLog] [info] processed bias for 90.0% of the transcripts
[2024-08-07 04:14:25.334] [jointLog] [info] processed bias for 100.0% of the transcripts
[2024-08-07 04:14:29.359] [jointLog] [info] iteration = 100 | max rel diff. = 17.7954
[2024-08-07 04:14:33.932] [jointLog] [info] iteration = 200 | max rel diff. = 7.53615
[2024-08-07 04:14:38.446] [jointLog] [info] iteration = 300 | max rel diff. = 0.974167
[2024-08-07 04:14:42.993] [jointLog] [info] iteration = 400 | max rel diff. = 1.19655
[2024-08-07 04:14:47.433] [jointLog] [info] iteration = 500 | max rel diff. = 2.07021
[2024-08-07 04:14:51.819] [jointLog] [info] iteration = 600 | max rel diff. = 0.0858046
[2024-08-07 04:14:56.238] [jointLog] [info] iteration = 700 | max rel diff. = 6.27809
[2024-08-07 04:15:00.645] [jointLog] [info] iteration = 800 | max rel diff. = 0.168374
[2024-08-07 04:15:05.063] [jointLog] [info] iteration = 900 | max rel diff. = 0.0498858
[2024-08-07 04:15:09.486] [jointLog] [info] iteration = 1,000 | max rel diff. = 0.0850989
[2024-08-07 04:15:13.852] [jointLog] [info] iteration = 1,100 | max rel diff. = 0.329588
[2024-08-07 04:15:18.229] [jointLog] [info] iteration = 1,200 | max rel diff. = 0.190075
[2024-08-07 04:15:22.621] [jointLog] [info] iteration = 1,300 | max rel diff. = 0.066647
[2024-08-07 04:15:27.002] [jointLog] [info] iteration = 1,400 | max rel diff. = 0.538662
[2024-08-07 04:15:31.381] [jointLog] [info] iteration = 1,500 | max rel diff. = 0.133902
[2024-08-07 04:15:35.756] [jointLog] [info] iteration = 1,600 | max rel diff. = 0.0265133
[2024-08-07 04:15:39.263] [jointLog] [info] iteration = 1,680 | max rel diff. = 0.0027082
[2024-08-07 04:15:39.328] [jointLog] [info] Finished optimizer
[2024-08-07 04:15:39.328] [jointLog] [info] writing output 

[2024-08-07 04:15:39.798] [jointLog] [info] Starting Bootstrapping
[2024-08-07 04:15:39.943] [jointLog] [info] Will draw 50 bootstrap samples
[2024-08-07 04:15:39.943] [jointLog] [info] Optimizing over 427,463 equivalence classes
[2024-08-07 04:15:39.991] [jointLog] [info] Marked 0 weighted equivalence classes as degenerate
[2024-08-07 04:16:59.716] [jointLog] [info] wrote 1 bootstraps
[2024-08-07 04:17:18.477] [jointLog] [info] wrote 2 bootstraps
[2024-08-07 04:17:25.545] [jointLog] [info] wrote 3 bootstraps
[2024-08-07 04:18:42.191] [jointLog] [info] wrote 4 bootstraps
[2024-08-07 04:18:53.101] [jointLog] [info] wrote 5 bootstraps
[2024-08-07 04:19:08.054] [jointLog] [info] wrote 6 bootstraps
[2024-08-07 04:19:47.065] [jointLog] [info] wrote 7 bootstraps
[2024-08-07 04:20:22.986] [jointLog] [info] wrote 8 bootstraps
[2024-08-07 04:20:46.862] [jointLog] [info] wrote 9 bootstraps
[2024-08-07 04:21:24.628] [jointLog] [info] wrote 10 bootstraps
[2024-08-07 04:21:43.612] [jointLog] [info] wrote 11 bootstraps
[2024-08-07 04:22:20.392] [jointLog] [info] wrote 12 bootstraps
[2024-08-07 04:22:43.671] [jointLog] [info] wrote 13 bootstraps
[2024-08-07 04:23:14.373] [jointLog] [info] wrote 14 bootstraps
[2024-08-07 04:23:36.042] [jointLog] [info] wrote 15 bootstraps
[2024-08-07 04:24:11.228] [jointLog] [info] wrote 16 bootstraps
[2024-08-07 04:24:41.224] [jointLog] [info] wrote 17 bootstraps
[2024-08-07 04:25:23.083] [jointLog] [info] wrote 18 bootstraps
[2024-08-07 04:25:38.789] [jointLog] [info] wrote 19 bootstraps
[2024-08-07 04:26:02.098] [jointLog] [info] wrote 20 bootstraps
[2024-08-07 04:27:02.539] [jointLog] [info] wrote 21 bootstraps
[2024-08-07 04:27:14.078] [jointLog] [info] wrote 22 bootstraps
[2024-08-07 04:27:41.838] [jointLog] [info] wrote 23 bootstraps
[2024-08-07 04:28:34.302] [jointLog] [info] wrote 24 bootstraps
[2024-08-07 04:28:35.652] [jointLog] [info] wrote 25 bootstraps
[2024-08-07 04:29:11.082] [jointLog] [info] wrote 26 bootstraps
[2024-08-07 04:29:53.703] [jointLog] [info] wrote 27 bootstraps
[2024-08-07 04:30:11.666] [jointLog] [info] wrote 28 bootstraps
[2024-08-07 04:30:41.164] [jointLog] [info] wrote 29 bootstraps
[2024-08-07 04:31:22.989] [jointLog] [info] wrote 30 bootstraps
[2024-08-07 04:31:55.973] [jointLog] [info] wrote 31 bootstraps
[2024-08-07 04:32:24.444] [jointLog] [info] wrote 32 bootstraps
[2024-08-07 04:32:56.767] [jointLog] [info] wrote 33 bootstraps
[2024-08-07 04:33:13.217] [jointLog] [info] wrote 34 bootstraps
[2024-08-07 04:33:33.121] [jointLog] [info] wrote 35 bootstraps
[2024-08-07 04:34:17.337] [jointLog] [info] wrote 36 bootstraps
[2024-08-07 04:35:03.040] [jointLog] [info] wrote 37 bootstraps
[2024-08-07 04:35:03.880] [jointLog] [info] wrote 38 bootstraps
[2024-08-07 04:36:04.368] [jointLog] [info] wrote 39 bootstraps
[2024-08-07 04:36:15.285] [jointLog] [info] wrote 40 bootstraps
[2024-08-07 04:36:47.668] [jointLog] [info] wrote 41 bootstraps
[2024-08-07 04:37:43.364] [jointLog] [info] wrote 42 bootstraps
[2024-08-07 04:37:50.695] [jointLog] [info] wrote 43 bootstraps
[2024-08-07 04:38:23.429] [jointLog] [info] wrote 44 bootstraps
[2024-08-07 04:39:13.548] [jointLog] [info] wrote 45 bootstraps
[2024-08-07 04:39:29.420] [jointLog] [info] wrote 46 bootstraps
[2024-08-07 04:40:01.119] [jointLog] [info] wrote 47 bootstraps
[2024-08-07 04:40:42.659] [jointLog] [info] wrote 48 bootstraps
[2024-08-07 04:40:51.362] [jointLog] [info] wrote 49 bootstraps
[2024-08-07 04:41:14.632] [jointLog] [info] wrote 50 bootstraps
[2024-08-07 04:41:14.692] [jointLog] [info] Finished Bootstrapping
[2024-08-07 04:41:14.692] [jointLog] [info] Computing gene-level abundance estimates
[2024-08-07 04:42:03.381] [jointLog] [info] There were 252416 transcripts mapping to 62696 genes
[2024-08-07 04:42:03.384] [jointLog] [info] NOTE: We recommend using tximport (https://bioconductor.org/packages/release/bioc/html/tximport.html) for aggregating transcript-level salmon abundance estimates to the gene level.  It is more versatile, exposes more features, and allows considering multi-sample information during aggregation.
[2024-08-07 04:42:03.835] [jointLog] [info] Aggregating expressions to gene level
[2024-08-07 04:42:04.013] [jointLog] [info] done
