[2024-08-07 03:16:15.117] [jointLog] [info] setting maxHashResizeThreads to 4
[2024-08-07 03:16:15.117] [jointLog] [info] Fragment incompatibility prior below threshold.  Incompatible fragments will be ignored.
[2024-08-07 03:16:15.117] [jointLog] [info] Usage of --validateMappings implies use of minScoreFraction. Since not explicitly specified, it is being set to 0.65
[2024-08-07 03:16:15.117] [jointLog] [info] Setting consensusSlack to selective-alignment default of 0.35.
[2024-08-07 03:16:15.118] [jointLog] [info] parsing read library format
[2024-08-07 03:16:15.118] [jointLog] [info] There is 1 library.
[2024-08-07 03:16:15.301] [jointLog] [info] Loading pufferfish index
[2024-08-07 03:16:15.301] [jointLog] [info] Loading dense pufferfish index.
[2024-08-07 03:17:26.886] [jointLog] [info] done
[2024-08-07 03:17:26.886] [jointLog] [info] Index contained 251,744 targets
[2024-08-07 03:17:30.226] [jointLog] [info] Number of decoys : 194
[2024-08-07 03:17:30.226] [jointLog] [info] First decoy index : 251,509 
[2024-08-07 03:17:33.100] [jointLog] [info] Automatically detected most likely library type as ISR

[2024-08-07 03:56:03.273] [jointLog] [info] Thread saw mini-batch with a maximum of 1.02% zero probability fragments
[2024-08-07 03:56:03.656] [jointLog] [info] Thread saw mini-batch with a maximum of 1.02% zero probability fragments
[2024-08-07 03:56:03.757] [jointLog] [info] Thread saw mini-batch with a maximum of 1.00% zero probability fragments
[2024-08-07 03:56:04.394] [jointLog] [info] Thread saw mini-batch with a maximum of 1.04% zero probability fragments
[2024-08-07 03:56:06.669] [jointLog] [info] Computed 425,612 rich equivalence classes for further processing
[2024-08-07 03:56:06.669] [jointLog] [info] Counted 39,069,471 total reads in the equivalence classes 
[2024-08-07 03:56:06.701] [jointLog] [info] Number of mappings discarded because of alignment score : 20,495,260
[2024-08-07 03:56:06.701] [jointLog] [info] Number of fragments entirely discarded because of alignment score : 2,783,990
[2024-08-07 03:56:06.701] [jointLog] [info] Number of fragments discarded because they are best-mapped to decoys : 1,963,890
[2024-08-07 03:56:06.701] [jointLog] [info] Number of fragments discarded because they have only dovetail (discordant) mappings to valid targets : 127,008
[2024-08-07 03:56:06.701] [jointLog] [info] Mapping rate = 88.2584%

[2024-08-07 03:56:06.701] [jointLog] [info] finished quantifyLibrary()
[2024-08-07 03:56:06.717] [jointLog] [info] Starting optimizer
[2024-08-07 03:56:06.683] [fileLog] [info] 
At end of round 0
==================
Observed 44267130 total fragments (44267130 in most recent round)

[2024-08-07 03:56:07.590] [jointLog] [info] Marked 0 weighted equivalence classes as degenerate
[2024-08-07 03:56:07.728] [jointLog] [info] iteration = 0 | max rel diff. = 3393.92
[2024-08-07 03:56:09.010] [jointLog] [info] iteration 11, adjusting effective lengths to account for biases
[2024-08-07 03:59:56.848] [jointLog] [info] Computed expected counts (for bias correction)
[2024-08-07 03:59:56.850] [jointLog] [info] processed bias for 0.0% of the transcripts
[2024-08-07 04:00:17.127] [jointLog] [info] processed bias for 10.0% of the transcripts
[2024-08-07 04:00:35.389] [jointLog] [info] processed bias for 20.0% of the transcripts
[2024-08-07 04:00:53.829] [jointLog] [info] processed bias for 30.0% of the transcripts
[2024-08-07 04:01:11.927] [jointLog] [info] processed bias for 40.0% of the transcripts
[2024-08-07 04:01:29.388] [jointLog] [info] processed bias for 50.0% of the transcripts
[2024-08-07 04:01:45.994] [jointLog] [info] processed bias for 60.0% of the transcripts
[2024-08-07 04:02:04.149] [jointLog] [info] processed bias for 70.0% of the transcripts
[2024-08-07 04:02:21.691] [jointLog] [info] processed bias for 80.0% of the transcripts
[2024-08-07 04:02:38.217] [jointLog] [info] processed bias for 90.0% of the transcripts
[2024-08-07 04:02:56.013] [jointLog] [info] processed bias for 100.0% of the transcripts
[2024-08-07 04:03:09.546] [jointLog] [info] iteration = 100 | max rel diff. = 18.4927
[2024-08-07 04:03:21.730] [jointLog] [info] iteration = 200 | max rel diff. = 12.7816
[2024-08-07 04:03:32.953] [jointLog] [info] iteration = 300 | max rel diff. = 8.54741
[2024-08-07 04:03:42.784] [jointLog] [info] iteration = 400 | max rel diff. = 1.38507
[2024-08-07 04:03:51.949] [jointLog] [info] iteration = 500 | max rel diff. = 0.695069
[2024-08-07 04:04:01.615] [jointLog] [info] iteration = 600 | max rel diff. = 1.87944
[2024-08-07 04:04:10.560] [jointLog] [info] iteration = 700 | max rel diff. = 0.170775
[2024-08-07 04:04:19.250] [jointLog] [info] iteration = 800 | max rel diff. = 0.473672
[2024-08-07 04:04:27.342] [jointLog] [info] iteration = 900 | max rel diff. = 0.163423
[2024-08-07 04:04:35.432] [jointLog] [info] iteration = 1,000 | max rel diff. = 0.0468672
[2024-08-07 04:04:43.168] [jointLog] [info] iteration = 1,100 | max rel diff. = 0.193997
[2024-08-07 04:04:51.106] [jointLog] [info] iteration = 1,200 | max rel diff. = 1.2563
[2024-08-07 04:04:58.615] [jointLog] [info] iteration = 1,300 | max rel diff. = 0.0241371
[2024-08-07 04:05:06.146] [jointLog] [info] iteration = 1,400 | max rel diff. = 0.061903
[2024-08-07 04:05:13.927] [jointLog] [info] iteration = 1,500 | max rel diff. = 0.764354
[2024-08-07 04:05:21.475] [jointLog] [info] iteration = 1,600 | max rel diff. = 0.118969
[2024-08-07 04:05:27.924] [jointLog] [info] iteration = 1,690 | max rel diff. = 0.00913419
[2024-08-07 04:05:28.092] [jointLog] [info] Finished optimizer
[2024-08-07 04:05:28.092] [jointLog] [info] writing output 

[2024-08-07 04:05:28.675] [jointLog] [info] Starting Bootstrapping
[2024-08-07 04:05:28.935] [jointLog] [info] Will draw 50 bootstrap samples
[2024-08-07 04:05:28.936] [jointLog] [info] Optimizing over 425,612 equivalence classes
[2024-08-07 04:05:29.091] [jointLog] [info] Marked 0 weighted equivalence classes as degenerate
[2024-08-07 04:06:43.907] [jointLog] [info] wrote 1 bootstraps
[2024-08-07 04:06:46.667] [jointLog] [info] wrote 2 bootstraps
[2024-08-07 04:08:38.686] [jointLog] [info] wrote 3 bootstraps
[2024-08-07 04:09:02.878] [jointLog] [info] wrote 4 bootstraps
[2024-08-07 04:09:21.765] [jointLog] [info] wrote 5 bootstraps
[2024-08-07 04:11:12.452] [jointLog] [info] wrote 6 bootstraps
[2024-08-07 04:12:45.599] [jointLog] [info] wrote 7 bootstraps
[2024-08-07 04:13:34.229] [jointLog] [info] wrote 8 bootstraps
[2024-08-07 04:14:26.560] [jointLog] [info] wrote 9 bootstraps
[2024-08-07 04:14:38.639] [jointLog] [info] wrote 10 bootstraps
[2024-08-07 04:15:37.267] [jointLog] [info] wrote 11 bootstraps
[2024-08-07 04:16:13.978] [jointLog] [info] wrote 12 bootstraps
[2024-08-07 04:17:09.901] [jointLog] [info] wrote 13 bootstraps
[2024-08-07 04:18:57.778] [jointLog] [info] wrote 14 bootstraps
[2024-08-07 04:19:29.222] [jointLog] [info] wrote 15 bootstraps
[2024-08-07 04:19:38.961] [jointLog] [info] wrote 16 bootstraps
[2024-08-07 04:21:21.056] [jointLog] [info] wrote 17 bootstraps
[2024-08-07 04:22:18.386] [jointLog] [info] wrote 18 bootstraps
[2024-08-07 04:23:09.243] [jointLog] [info] wrote 19 bootstraps
[2024-08-07 04:24:02.543] [jointLog] [info] wrote 20 bootstraps
[2024-08-07 04:24:50.081] [jointLog] [info] wrote 21 bootstraps
[2024-08-07 04:26:26.961] [jointLog] [info] wrote 22 bootstraps
[2024-08-07 04:27:29.331] [jointLog] [info] wrote 23 bootstraps
[2024-08-07 04:27:36.947] [jointLog] [info] wrote 24 bootstraps
[2024-08-07 04:28:08.844] [jointLog] [info] wrote 25 bootstraps
[2024-08-07 04:28:44.166] [jointLog] [info] wrote 26 bootstraps
[2024-08-07 04:29:59.241] [jointLog] [info] wrote 27 bootstraps
[2024-08-07 04:30:28.141] [jointLog] [info] wrote 28 bootstraps
[2024-08-07 04:30:46.305] [jointLog] [info] wrote 29 bootstraps
[2024-08-07 04:32:37.931] [jointLog] [info] wrote 30 bootstraps
[2024-08-07 04:32:43.750] [jointLog] [info] wrote 31 bootstraps
[2024-08-07 04:33:31.237] [jointLog] [info] wrote 32 bootstraps
[2024-08-07 04:34:19.217] [jointLog] [info] wrote 33 bootstraps
[2024-08-07 04:34:30.055] [jointLog] [info] wrote 34 bootstraps
[2024-08-07 04:35:53.491] [jointLog] [info] wrote 35 bootstraps
[2024-08-07 04:36:23.297] [jointLog] [info] wrote 36 bootstraps
[2024-08-07 04:37:34.394] [jointLog] [info] wrote 37 bootstraps
[2024-08-07 04:37:52.303] [jointLog] [info] wrote 38 bootstraps
[2024-08-07 04:38:57.838] [jointLog] [info] wrote 39 bootstraps
[2024-08-07 04:39:10.861] [jointLog] [info] wrote 40 bootstraps
[2024-08-07 04:40:35.478] [jointLog] [info] wrote 41 bootstraps
[2024-08-07 04:40:58.400] [jointLog] [info] wrote 42 bootstraps
[2024-08-07 04:41:38.621] [jointLog] [info] wrote 43 bootstraps
[2024-08-07 04:42:05.158] [jointLog] [info] wrote 44 bootstraps
[2024-08-07 04:42:48.900] [jointLog] [info] wrote 45 bootstraps
[2024-08-07 04:44:07.332] [jointLog] [info] wrote 46 bootstraps
[2024-08-07 04:44:39.791] [jointLog] [info] wrote 47 bootstraps
[2024-08-07 04:44:49.606] [jointLog] [info] wrote 48 bootstraps
[2024-08-07 04:45:46.074] [jointLog] [info] wrote 49 bootstraps
[2024-08-07 04:46:01.373] [jointLog] [info] wrote 50 bootstraps
[2024-08-07 04:46:01.444] [jointLog] [info] Finished Bootstrapping
[2024-08-07 04:46:01.444] [jointLog] [info] Computing gene-level abundance estimates
[2024-08-07 04:46:51.275] [jointLog] [info] There were 252416 transcripts mapping to 62696 genes
[2024-08-07 04:46:51.277] [jointLog] [info] NOTE: We recommend using tximport (https://bioconductor.org/packages/release/bioc/html/tximport.html) for aggregating transcript-level salmon abundance estimates to the gene level.  It is more versatile, exposes more features, and allows considering multi-sample information during aggregation.
[2024-08-07 04:46:51.702] [jointLog] [info] Aggregating expressions to gene level
[2024-08-07 04:46:51.880] [jointLog] [info] done
