[2024-08-07 06:08:55.406] [jointLog] [info] setting maxHashResizeThreads to 4
[2024-08-07 06:08:55.406] [jointLog] [info] Fragment incompatibility prior below threshold.  Incompatible fragments will be ignored.
[2024-08-07 06:08:55.406] [jointLog] [info] Usage of --validateMappings implies use of minScoreFraction. Since not explicitly specified, it is being set to 0.65
[2024-08-07 06:08:55.406] [jointLog] [info] Setting consensusSlack to selective-alignment default of 0.35.
[2024-08-07 06:08:55.406] [jointLog] [info] parsing read library format
[2024-08-07 06:08:55.406] [jointLog] [info] There is 1 library.
[2024-08-07 06:08:55.532] [jointLog] [info] Loading pufferfish index
[2024-08-07 06:08:55.533] [jointLog] [info] Loading dense pufferfish index.
[2024-08-07 06:09:32.408] [jointLog] [info] done
[2024-08-07 06:09:32.408] [jointLog] [info] Index contained 251,744 targets
[2024-08-07 06:09:35.798] [jointLog] [info] Number of decoys : 194
[2024-08-07 06:09:35.798] [jointLog] [info] First decoy index : 251,509 
[2024-08-07 06:09:37.154] [jointLog] [info] Automatically detected most likely library type as ISR

[2024-08-07 06:29:00.103] [jointLog] [info] Thread saw mini-batch with a maximum of 1.20% zero probability fragments
[2024-08-07 06:29:00.146] [jointLog] [info] Thread saw mini-batch with a maximum of 1.20% zero probability fragments
[2024-08-07 06:29:00.190] [jointLog] [info] Thread saw mini-batch with a maximum of 1.20% zero probability fragments
[2024-08-07 06:29:00.227] [jointLog] [info] Thread saw mini-batch with a maximum of 1.24% zero probability fragments
[2024-08-07 06:29:00.734] [jointLog] [info] Computed 480,174 rich equivalence classes for further processing
[2024-08-07 06:29:00.734] [jointLog] [info] Counted 36,580,660 total reads in the equivalence classes 
[2024-08-07 06:29:00.739] [jointLog] [info] Number of mappings discarded because of alignment score : 20,886,514
[2024-08-07 06:29:00.739] [jointLog] [info] Number of fragments entirely discarded because of alignment score : 3,050,316
[2024-08-07 06:29:00.739] [jointLog] [info] Number of fragments discarded because they are best-mapped to decoys : 2,050,094
[2024-08-07 06:29:00.739] [jointLog] [info] Number of fragments discarded because they have only dovetail (discordant) mappings to valid targets : 108,799
[2024-08-07 06:29:00.739] [jointLog] [info] Mapping rate = 86.0855%

[2024-08-07 06:29:00.739] [jointLog] [info] finished quantifyLibrary()
[2024-08-07 06:29:00.740] [jointLog] [info] Starting optimizer
[2024-08-07 06:29:00.734] [fileLog] [info] 
At end of round 0
==================
Observed 42493398 total fragments (42493398 in most recent round)

[2024-08-07 06:29:01.071] [jointLog] [info] Marked 0 weighted equivalence classes as degenerate
[2024-08-07 06:29:01.129] [jointLog] [info] iteration = 0 | max rel diff. = 3901.71
[2024-08-07 06:29:01.649] [jointLog] [info] iteration 11, adjusting effective lengths to account for biases
[2024-08-07 06:33:07.383] [jointLog] [info] Computed expected counts (for bias correction)
[2024-08-07 06:33:07.383] [jointLog] [info] processed bias for 0.0% of the transcripts
[2024-08-07 06:33:29.937] [jointLog] [info] processed bias for 10.0% of the transcripts
[2024-08-07 06:33:49.808] [jointLog] [info] processed bias for 20.0% of the transcripts
[2024-08-07 06:34:09.330] [jointLog] [info] processed bias for 30.0% of the transcripts
[2024-08-07 06:34:28.396] [jointLog] [info] processed bias for 40.0% of the transcripts
[2024-08-07 06:34:47.777] [jointLog] [info] processed bias for 50.0% of the transcripts
[2024-08-07 06:35:04.965] [jointLog] [info] processed bias for 60.0% of the transcripts
[2024-08-07 06:35:23.100] [jointLog] [info] processed bias for 70.0% of the transcripts
[2024-08-07 06:35:41.166] [jointLog] [info] processed bias for 80.0% of the transcripts
[2024-08-07 06:36:00.400] [jointLog] [info] processed bias for 90.0% of the transcripts
[2024-08-07 06:36:20.151] [jointLog] [info] processed bias for 100.0% of the transcripts
[2024-08-07 06:36:24.494] [jointLog] [info] iteration = 100 | max rel diff. = 12.3672
[2024-08-07 06:36:29.268] [jointLog] [info] iteration = 200 | max rel diff. = 5.26192
[2024-08-07 06:36:34.168] [jointLog] [info] iteration = 300 | max rel diff. = 8.49354
[2024-08-07 06:36:39.109] [jointLog] [info] iteration = 400 | max rel diff. = 16.1154
[2024-08-07 06:36:44.003] [jointLog] [info] iteration = 500 | max rel diff. = 0.918532
[2024-08-07 06:36:48.929] [jointLog] [info] iteration = 600 | max rel diff. = 2.04294
[2024-08-07 06:36:53.828] [jointLog] [info] iteration = 700 | max rel diff. = 1.28281
[2024-08-07 06:36:58.699] [jointLog] [info] iteration = 800 | max rel diff. = 0.0533812
[2024-08-07 06:37:03.587] [jointLog] [info] iteration = 900 | max rel diff. = 0.102883
[2024-08-07 06:37:08.297] [jointLog] [info] iteration = 1,000 | max rel diff. = 0.138193
[2024-08-07 06:37:13.095] [jointLog] [info] iteration = 1,100 | max rel diff. = 0.611486
[2024-08-07 06:37:17.896] [jointLog] [info] iteration = 1,200 | max rel diff. = 0.0549638
[2024-08-07 06:37:22.773] [jointLog] [info] iteration = 1,300 | max rel diff. = 0.0737082
[2024-08-07 06:37:27.644] [jointLog] [info] iteration = 1,400 | max rel diff. = 0.891889
[2024-08-07 06:37:32.544] [jointLog] [info] iteration = 1,500 | max rel diff. = 0.0151908
[2024-08-07 06:37:35.550] [jointLog] [info] iteration = 1,563 | max rel diff. = 0.00968602
[2024-08-07 06:37:35.617] [jointLog] [info] Finished optimizer
[2024-08-07 06:37:35.617] [jointLog] [info] writing output 

[2024-08-07 06:37:36.618] [jointLog] [info] Starting Bootstrapping
[2024-08-07 06:37:36.879] [jointLog] [info] Will draw 50 bootstrap samples
[2024-08-07 06:37:36.879] [jointLog] [info] Optimizing over 480,174 equivalence classes
[2024-08-07 06:37:36.952] [jointLog] [info] Marked 0 weighted equivalence classes as degenerate
[2024-08-07 06:39:00.349] [jointLog] [info] wrote 1 bootstraps
[2024-08-07 06:39:26.368] [jointLog] [info] wrote 2 bootstraps
[2024-08-07 06:39:45.055] [jointLog] [info] wrote 3 bootstraps
[2024-08-07 06:40:35.681] [jointLog] [info] wrote 4 bootstraps
[2024-08-07 06:41:11.876] [jointLog] [info] wrote 5 bootstraps
[2024-08-07 06:41:31.946] [jointLog] [info] wrote 6 bootstraps
[2024-08-07 06:42:20.523] [jointLog] [info] wrote 7 bootstraps
[2024-08-07 06:42:49.268] [jointLog] [info] wrote 8 bootstraps
[2024-08-07 06:42:56.184] [jointLog] [info] wrote 9 bootstraps
[2024-08-07 06:44:14.627] [jointLog] [info] wrote 10 bootstraps
[2024-08-07 06:44:20.216] [jointLog] [info] wrote 11 bootstraps
[2024-08-07 06:44:33.521] [jointLog] [info] wrote 12 bootstraps
[2024-08-07 06:46:09.080] [jointLog] [info] wrote 13 bootstraps
[2024-08-07 06:46:20.221] [jointLog] [info] wrote 14 bootstraps
[2024-08-07 06:46:32.922] [jointLog] [info] wrote 15 bootstraps
[2024-08-07 06:47:30.995] [jointLog] [info] wrote 16 bootstraps
[2024-08-07 06:48:05.470] [jointLog] [info] wrote 17 bootstraps
[2024-08-07 06:48:09.004] [jointLog] [info] wrote 18 bootstraps
[2024-08-07 06:49:29.698] [jointLog] [info] wrote 19 bootstraps
[2024-08-07 06:49:56.377] [jointLog] [info] wrote 20 bootstraps
[2024-08-07 06:50:22.341] [jointLog] [info] wrote 21 bootstraps
[2024-08-07 06:51:21.568] [jointLog] [info] wrote 22 bootstraps
[2024-08-07 06:51:49.486] [jointLog] [info] wrote 23 bootstraps
[2024-08-07 06:52:10.605] [jointLog] [info] wrote 24 bootstraps
[2024-08-07 06:53:24.539] [jointLog] [info] wrote 25 bootstraps
[2024-08-07 06:53:33.615] [jointLog] [info] wrote 26 bootstraps
[2024-08-07 06:54:12.565] [jointLog] [info] wrote 27 bootstraps
[2024-08-07 06:54:47.015] [jointLog] [info] wrote 28 bootstraps
[2024-08-07 06:55:14.264] [jointLog] [info] wrote 29 bootstraps
[2024-08-07 06:55:57.943] [jointLog] [info] wrote 30 bootstraps
[2024-08-07 06:56:29.972] [jointLog] [info] wrote 31 bootstraps
[2024-08-07 06:57:23.946] [jointLog] [info] wrote 32 bootstraps
[2024-08-07 06:57:43.406] [jointLog] [info] wrote 33 bootstraps
[2024-08-07 06:58:32.152] [jointLog] [info] wrote 34 bootstraps
[2024-08-07 06:58:47.728] [jointLog] [info] wrote 35 bootstraps
[2024-08-07 06:59:22.842] [jointLog] [info] wrote 36 bootstraps
[2024-08-07 07:00:09.647] [jointLog] [info] wrote 37 bootstraps
[2024-08-07 07:00:49.940] [jointLog] [info] wrote 38 bootstraps
[2024-08-07 07:01:15.086] [jointLog] [info] wrote 39 bootstraps
[2024-08-07 07:02:15.031] [jointLog] [info] wrote 40 bootstraps
[2024-08-07 07:02:38.136] [jointLog] [info] wrote 41 bootstraps
[2024-08-07 07:02:58.477] [jointLog] [info] wrote 42 bootstraps
[2024-08-07 07:03:59.815] [jointLog] [info] wrote 43 bootstraps
[2024-08-07 07:04:22.709] [jointLog] [info] wrote 44 bootstraps
[2024-08-07 07:04:47.990] [jointLog] [info] wrote 45 bootstraps
[2024-08-07 07:05:59.019] [jointLog] [info] wrote 46 bootstraps
[2024-08-07 07:06:40.996] [jointLog] [info] wrote 47 bootstraps
[2024-08-07 07:06:52.610] [jointLog] [info] wrote 48 bootstraps
[2024-08-07 07:08:00.581] [jointLog] [info] wrote 49 bootstraps
[2024-08-07 07:08:57.555] [jointLog] [info] wrote 50 bootstraps
[2024-08-07 07:08:57.622] [jointLog] [info] Finished Bootstrapping
[2024-08-07 07:08:57.622] [jointLog] [info] Computing gene-level abundance estimates
[2024-08-07 07:09:48.467] [jointLog] [info] There were 252416 transcripts mapping to 62696 genes
[2024-08-07 07:09:48.467] [jointLog] [info] NOTE: We recommend using tximport (https://bioconductor.org/packages/release/bioc/html/tximport.html) for aggregating transcript-level salmon abundance estimates to the gene level.  It is more versatile, exposes more features, and allows considering multi-sample information during aggregation.
[2024-08-07 07:09:48.975] [jointLog] [info] Aggregating expressions to gene level
[2024-08-07 07:09:49.225] [jointLog] [info] done
