[2024-09-07 12:52:52.324] [jointLog] [info] setting maxHashResizeThreads to 4
[2024-09-07 12:52:52.324] [jointLog] [info] Fragment incompatibility prior below threshold.  Incompatible fragments will be ignored.
[2024-09-07 12:52:52.324] [jointLog] [info] Usage of --validateMappings implies use of minScoreFraction. Since not explicitly specified, it is being set to 0.65
[2024-09-07 12:52:52.324] [jointLog] [info] Setting consensusSlack to selective-alignment default of 0.35.
[2024-09-07 12:52:52.324] [jointLog] [info] parsing read library format
[2024-09-07 12:52:52.324] [jointLog] [info] There is 1 library.
[2024-09-07 12:52:52.490] [jointLog] [info] Loading pufferfish index
[2024-09-07 12:52:52.490] [jointLog] [info] Loading dense pufferfish index.
[2024-09-07 12:53:28.363] [jointLog] [info] done
[2024-09-07 12:53:28.363] [jointLog] [info] Index contained 251,744 targets
[2024-09-07 12:53:31.664] [jointLog] [info] Number of decoys : 194
[2024-09-07 12:53:31.664] [jointLog] [info] First decoy index : 251,509 
[2024-09-07 12:53:32.670] [jointLog] [info] Automatically detected most likely library type as ISR

[2024-09-07 13:17:31.129] [jointLog] [info] Thread saw mini-batch with a maximum of 1.18% zero probability fragments
[2024-09-07 13:17:31.295] [jointLog] [info] Thread saw mini-batch with a maximum of 1.26% zero probability fragments
[2024-09-07 13:17:31.369] [jointLog] [info] Thread saw mini-batch with a maximum of 1.30% zero probability fragments
[2024-09-07 13:17:31.605] [jointLog] [info] Thread saw mini-batch with a maximum of 1.22% zero probability fragments
[2024-09-07 13:17:32.412] [jointLog] [info] Computed 626,212 rich equivalence classes for further processing
[2024-09-07 13:17:32.412] [jointLog] [info] Counted 36,703,323 total reads in the equivalence classes 
[2024-09-07 13:17:32.416] [jointLog] [warning] 1.97573e-05% of fragments were shorter than the k used to build the index.
If this fraction is too large, consider re-building the index with a smaller k.
The minimum read size found was 21.


[2024-09-07 13:17:32.416] [jointLog] [info] Number of mappings discarded because of alignment score : 12,523,617
[2024-09-07 13:17:32.416] [jointLog] [info] Number of fragments entirely discarded because of alignment score : 6,511,124
[2024-09-07 13:17:32.416] [jointLog] [info] Number of fragments discarded because they are best-mapped to decoys : 5,927,326
[2024-09-07 13:17:32.416] [jointLog] [info] Number of fragments discarded because they have only dovetail (discordant) mappings to valid targets : 233,940
[2024-09-07 13:17:32.416] [jointLog] [info] Mapping rate = 55.7813%

[2024-09-07 13:17:32.416] [jointLog] [info] finished quantifyLibrary()
[2024-09-07 13:17:32.418] [jointLog] [info] Starting optimizer
[2024-09-07 13:17:32.760] [jointLog] [info] Marked 0 weighted equivalence classes as degenerate
[2024-09-07 13:17:32.820] [jointLog] [info] iteration = 0 | max rel diff. = 3836.29
[2024-09-07 13:17:32.413] [fileLog] [info] 
At end of round 0
==================
Observed 65798558 total fragments (65798558 in most recent round)

[2024-09-07 13:17:33.415] [jointLog] [info] iteration 11, adjusting effective lengths to account for biases
[2024-09-07 13:23:41.227] [jointLog] [info] Computed expected counts (for bias correction)
[2024-09-07 13:23:41.227] [jointLog] [info] processed bias for 0.0% of the transcripts
[2024-09-07 13:24:10.110] [jointLog] [info] processed bias for 10.0% of the transcripts
[2024-09-07 13:24:35.339] [jointLog] [info] processed bias for 20.0% of the transcripts
[2024-09-07 13:25:00.958] [jointLog] [info] processed bias for 30.0% of the transcripts
[2024-09-07 13:25:27.346] [jointLog] [info] processed bias for 40.0% of the transcripts
[2024-09-07 13:25:51.477] [jointLog] [info] processed bias for 50.0% of the transcripts
[2024-09-07 13:26:16.941] [jointLog] [info] processed bias for 60.0% of the transcripts
[2024-09-07 13:26:43.722] [jointLog] [info] processed bias for 70.0% of the transcripts
[2024-09-07 13:27:09.460] [jointLog] [info] processed bias for 80.0% of the transcripts
[2024-09-07 13:27:40.779] [jointLog] [info] processed bias for 90.0% of the transcripts
[2024-09-07 13:28:08.654] [jointLog] [info] processed bias for 100.0% of the transcripts
[2024-09-07 13:28:14.238] [jointLog] [info] iteration = 100 | max rel diff. = 13.4404
[2024-09-07 13:28:20.469] [jointLog] [info] iteration = 200 | max rel diff. = 20.2919
[2024-09-07 13:28:26.668] [jointLog] [info] iteration = 300 | max rel diff. = 2.12939
[2024-09-07 13:28:32.901] [jointLog] [info] iteration = 400 | max rel diff. = 15.28
[2024-09-07 13:28:39.165] [jointLog] [info] iteration = 500 | max rel diff. = 0.452942
[2024-09-07 13:28:45.412] [jointLog] [info] iteration = 600 | max rel diff. = 0.223581
[2024-09-07 13:28:51.664] [jointLog] [info] iteration = 700 | max rel diff. = 0.10402
[2024-09-07 13:28:57.915] [jointLog] [info] iteration = 800 | max rel diff. = 0.338393
[2024-09-07 13:29:04.159] [jointLog] [info] iteration = 900 | max rel diff. = 0.0787006
[2024-09-07 13:29:10.410] [jointLog] [info] iteration = 1,000 | max rel diff. = 0.420522
[2024-09-07 13:29:16.658] [jointLog] [info] iteration = 1,100 | max rel diff. = 0.304702
[2024-09-07 13:29:22.904] [jointLog] [info] iteration = 1,200 | max rel diff. = 0.420529
[2024-09-07 13:29:29.162] [jointLog] [info] iteration = 1,300 | max rel diff. = 0.098781
[2024-09-07 13:29:35.413] [jointLog] [info] iteration = 1,400 | max rel diff. = 0.0979645
[2024-09-07 13:29:41.645] [jointLog] [info] iteration = 1,500 | max rel diff. = 0.303599
[2024-09-07 13:29:47.747] [jointLog] [info] iteration = 1,600 | max rel diff. = 0.491813
[2024-09-07 13:29:53.914] [jointLog] [info] iteration = 1,700 | max rel diff. = 0.137604
[2024-09-07 13:30:00.432] [jointLog] [info] iteration = 1,800 | max rel diff. = 0.0665986
[2024-09-07 13:30:06.520] [jointLog] [info] iteration = 1,900 | max rel diff. = 0.0249155
[2024-09-07 13:30:12.592] [jointLog] [info] iteration = 2,000 | max rel diff. = 0.0162939
[2024-09-07 13:30:18.801] [jointLog] [info] iteration = 2,100 | max rel diff. = 0.122534
[2024-09-07 13:30:24.977] [jointLog] [info] iteration = 2,200 | max rel diff. = 0.0191986
[2024-09-07 13:30:31.104] [jointLog] [info] iteration = 2,300 | max rel diff. = 0.0484124
[2024-09-07 13:30:37.347] [jointLog] [info] iteration = 2,400 | max rel diff. = 0.0555873
[2024-09-07 13:30:38.591] [jointLog] [info] iteration = 2,421 | max rel diff. = 0.00797434
[2024-09-07 13:30:38.653] [jointLog] [info] Finished optimizer
[2024-09-07 13:30:38.653] [jointLog] [info] writing output 

[2024-09-07 13:30:39.150] [jointLog] [info] Starting Bootstrapping
[2024-09-07 13:30:39.401] [jointLog] [info] Will draw 50 bootstrap samples
[2024-09-07 13:30:39.401] [jointLog] [info] Optimizing over 626,212 equivalence classes
[2024-09-07 13:30:39.489] [jointLog] [info] Marked 0 weighted equivalence classes as degenerate
[2024-09-07 13:33:07.297] [jointLog] [info] wrote 1 bootstraps
[2024-09-07 13:33:37.904] [jointLog] [info] wrote 2 bootstraps
[2024-09-07 13:34:10.151] [jointLog] [info] wrote 3 bootstraps
[2024-09-07 13:35:50.745] [jointLog] [info] wrote 4 bootstraps
[2024-09-07 13:36:07.765] [jointLog] [info] wrote 5 bootstraps
[2024-09-07 13:36:20.030] [jointLog] [info] wrote 6 bootstraps
[2024-09-07 13:38:07.269] [jointLog] [info] wrote 7 bootstraps
[2024-09-07 13:38:41.973] [jointLog] [info] wrote 8 bootstraps
[2024-09-07 13:38:43.746] [jointLog] [info] wrote 9 bootstraps
[2024-09-07 13:41:18.604] [jointLog] [info] wrote 10 bootstraps
[2024-09-07 13:41:19.618] [jointLog] [info] wrote 11 bootstraps
[2024-09-07 13:41:28.398] [jointLog] [info] wrote 12 bootstraps
[2024-09-07 13:43:34.481] [jointLog] [info] wrote 13 bootstraps
[2024-09-07 13:43:58.435] [jointLog] [info] wrote 14 bootstraps
[2024-09-07 13:44:22.601] [jointLog] [info] wrote 15 bootstraps
[2024-09-07 13:45:51.084] [jointLog] [info] wrote 16 bootstraps
[2024-09-07 13:46:31.345] [jointLog] [info] wrote 17 bootstraps
[2024-09-07 13:46:48.326] [jointLog] [info] wrote 18 bootstraps
[2024-09-07 13:48:29.244] [jointLog] [info] wrote 19 bootstraps
[2024-09-07 13:48:57.182] [jointLog] [info] wrote 20 bootstraps
[2024-09-07 13:49:33.089] [jointLog] [info] wrote 21 bootstraps
[2024-09-07 13:51:04.067] [jointLog] [info] wrote 22 bootstraps
[2024-09-07 13:51:06.172] [jointLog] [info] wrote 23 bootstraps
[2024-09-07 13:52:14.428] [jointLog] [info] wrote 24 bootstraps
[2024-09-07 13:53:20.479] [jointLog] [info] wrote 25 bootstraps
[2024-09-07 13:53:22.957] [jointLog] [info] wrote 26 bootstraps
[2024-09-07 13:55:03.091] [jointLog] [info] wrote 27 bootstraps
[2024-09-07 13:56:01.284] [jointLog] [info] wrote 28 bootstraps
[2024-09-07 13:56:39.046] [jointLog] [info] wrote 29 bootstraps
[2024-09-07 13:57:18.185] [jointLog] [info] wrote 30 bootstraps
[2024-09-07 13:58:30.416] [jointLog] [info] wrote 31 bootstraps
[2024-09-07 13:59:37.318] [jointLog] [info] wrote 32 bootstraps
[2024-09-07 14:00:06.803] [jointLog] [info] wrote 33 bootstraps
[2024-09-07 14:00:39.127] [jointLog] [info] wrote 34 bootstraps
[2024-09-07 14:02:48.204] [jointLog] [info] wrote 35 bootstraps
[2024-09-07 14:03:01.755] [jointLog] [info] wrote 36 bootstraps
[2024-09-07 14:03:11.818] [jointLog] [info] wrote 37 bootstraps
[2024-09-07 14:05:28.178] [jointLog] [info] wrote 38 bootstraps
[2024-09-07 14:05:28.521] [jointLog] [info] wrote 39 bootstraps
[2024-09-07 14:05:46.866] [jointLog] [info] wrote 40 bootstraps
[2024-09-07 14:08:11.227] [jointLog] [info] wrote 41 bootstraps
[2024-09-07 14:08:11.406] [jointLog] [info] wrote 42 bootstraps
[2024-09-07 14:08:44.289] [jointLog] [info] wrote 43 bootstraps
[2024-09-07 14:10:38.281] [jointLog] [info] wrote 44 bootstraps
[2024-09-07 14:11:11.010] [jointLog] [info] wrote 45 bootstraps
[2024-09-07 14:11:37.319] [jointLog] [info] wrote 46 bootstraps
[2024-09-07 14:13:56.314] [jointLog] [info] wrote 47 bootstraps
[2024-09-07 14:14:07.380] [jointLog] [info] wrote 48 bootstraps
[2024-09-07 14:15:22.727] [jointLog] [info] wrote 49 bootstraps
[2024-09-07 14:16:49.530] [jointLog] [info] wrote 50 bootstraps
[2024-09-07 14:16:49.615] [jointLog] [info] Finished Bootstrapping
[2024-09-07 14:16:49.615] [jointLog] [info] Computing gene-level abundance estimates
[2024-09-07 14:17:38.964] [jointLog] [info] There were 252416 transcripts mapping to 62696 genes
[2024-09-07 14:17:38.965] [jointLog] [info] NOTE: We recommend using tximport (https://bioconductor.org/packages/release/bioc/html/tximport.html) for aggregating transcript-level salmon abundance estimates to the gene level.  It is more versatile, exposes more features, and allows considering multi-sample information during aggregation.
[2024-09-07 14:17:39.419] [jointLog] [info] Aggregating expressions to gene level
[2024-09-07 14:17:39.603] [jointLog] [info] done
