[2024-05-20 22:37:36.194] [jointLog] [info] setting maxHashResizeThreads to 4
[2024-05-20 22:37:36.194] [jointLog] [info] Fragment incompatibility prior below threshold.  Incompatible fragments will be ignored.
[2024-05-20 22:37:36.194] [jointLog] [info] Usage of --validateMappings implies use of minScoreFraction. Since not explicitly specified, it is being set to 0.65
[2024-05-20 22:37:36.194] [jointLog] [info] Setting consensusSlack to selective-alignment default of 0.35.
[2024-05-20 22:37:36.194] [jointLog] [info] parsing read library format
[2024-05-20 22:37:36.194] [jointLog] [info] There is 1 library.
[2024-05-20 22:37:36.424] [jointLog] [info] Loading pufferfish index
[2024-05-20 22:37:36.906] [jointLog] [info] Loading dense pufferfish index.
[2024-05-20 23:06:48.951] [jointLog] [info] done
[2024-05-20 23:06:48.951] [jointLog] [info] Index contained 251,744 targets
[2024-05-20 23:06:52.342] [jointLog] [info] Number of decoys : 194
[2024-05-20 23:06:52.342] [jointLog] [info] First decoy index : 251,509 
[2024-05-20 23:06:55.185] [jointLog] [info] Automatically detected most likely library type as ISR

[2024-05-21 00:28:13.256] [jointLog] [info] Thread saw mini-batch with a maximum of 1.20% zero probability fragments
[2024-05-21 00:28:13.393] [jointLog] [info] Thread saw mini-batch with a maximum of 1.18% zero probability fragments
[2024-05-21 00:28:13.480] [jointLog] [info] Thread saw mini-batch with a maximum of 1.14% zero probability fragments
[2024-05-21 00:28:13.545] [jointLog] [info] Thread saw mini-batch with a maximum of 1.16% zero probability fragments
[2024-05-21 00:28:14.257] [fileLog] [info] 
At end of round 0
==================
Observed 244227924 total fragments (244227924 in most recent round)

[2024-05-21 00:28:14.256] [jointLog] [info] Computed 690,797 rich equivalence classes for further processing
[2024-05-21 00:28:14.256] [jointLog] [info] Counted 178,139,168 total reads in the equivalence classes 
[2024-05-21 00:28:14.261] [jointLog] [info] Number of mappings discarded because of alignment score : 75,026,420
[2024-05-21 00:28:14.261] [jointLog] [info] Number of fragments entirely discarded because of alignment score : 14,268,804
[2024-05-21 00:28:14.261] [jointLog] [info] Number of fragments discarded because they are best-mapped to decoys : 12,559,489
[2024-05-21 00:28:14.261] [jointLog] [info] Number of fragments discarded because they have only dovetail (discordant) mappings to valid targets : 1,524,948
[2024-05-21 00:28:14.261] [jointLog] [info] Mapping rate = 72.9397%

[2024-05-21 00:28:14.261] [jointLog] [info] finished quantifyLibrary()
[2024-05-21 00:28:14.649] [jointLog] [info] Starting optimizer
[2024-05-21 00:28:15.130] [jointLog] [info] Marked 0 weighted equivalence classes as degenerate
[2024-05-21 00:28:15.202] [jointLog] [info] iteration = 0 | max rel diff. = 77.6788
[2024-05-21 00:28:15.895] [jointLog] [info] iteration 11, adjusting effective lengths to account for biases
[2024-05-21 00:29:55.981] [jointLog] [info] Computed expected counts (for bias correction)
[2024-05-21 00:29:55.981] [jointLog] [info] processed bias for 0.0% of the transcripts
[2024-05-21 00:30:07.104] [jointLog] [info] processed bias for 10.0% of the transcripts
[2024-05-21 00:30:17.772] [jointLog] [info] processed bias for 20.0% of the transcripts
[2024-05-21 00:30:28.316] [jointLog] [info] processed bias for 30.0% of the transcripts
[2024-05-21 00:30:39.174] [jointLog] [info] processed bias for 40.0% of the transcripts
[2024-05-21 00:30:49.665] [jointLog] [info] processed bias for 50.0% of the transcripts
[2024-05-21 00:30:59.993] [jointLog] [info] processed bias for 60.0% of the transcripts
[2024-05-21 00:31:11.310] [jointLog] [info] processed bias for 70.0% of the transcripts
[2024-05-21 00:31:21.981] [jointLog] [info] processed bias for 80.0% of the transcripts
[2024-05-21 00:31:33.742] [jointLog] [info] processed bias for 90.0% of the transcripts
[2024-05-21 00:31:44.301] [jointLog] [info] processed bias for 100.0% of the transcripts
[2024-05-21 00:31:50.775] [jointLog] [info] iteration = 100 | max rel diff. = 13.5662
[2024-05-21 00:31:58.239] [jointLog] [info] iteration = 200 | max rel diff. = 19.2407
[2024-05-21 00:32:05.735] [jointLog] [info] iteration = 300 | max rel diff. = 6.2479
[2024-05-21 00:32:13.110] [jointLog] [info] iteration = 400 | max rel diff. = 0.63014
[2024-05-21 00:32:20.461] [jointLog] [info] iteration = 500 | max rel diff. = 7.3244
[2024-05-21 00:32:27.711] [jointLog] [info] iteration = 600 | max rel diff. = 1.74078
[2024-05-21 00:32:34.863] [jointLog] [info] iteration = 700 | max rel diff. = 1.12857
[2024-05-21 00:32:41.866] [jointLog] [info] iteration = 800 | max rel diff. = 7.84337
[2024-05-21 00:32:48.961] [jointLog] [info] iteration = 900 | max rel diff. = 0.129886
[2024-05-21 00:32:55.935] [jointLog] [info] iteration = 1,000 | max rel diff. = 0.316985
[2024-05-21 00:33:02.866] [jointLog] [info] iteration = 1,100 | max rel diff. = 8.01672
[2024-05-21 00:33:09.730] [jointLog] [info] iteration = 1,200 | max rel diff. = 0.549447
[2024-05-21 00:33:16.893] [jointLog] [info] iteration = 1,300 | max rel diff. = 0.0518665
[2024-05-21 00:33:23.756] [jointLog] [info] iteration = 1,400 | max rel diff. = 0.0606863
[2024-05-21 00:33:30.688] [jointLog] [info] iteration = 1,500 | max rel diff. = 0.131339
[2024-05-21 00:33:37.676] [jointLog] [info] iteration = 1,600 | max rel diff. = 0.0426729
[2024-05-21 00:33:44.648] [jointLog] [info] iteration = 1,700 | max rel diff. = 0.259339
[2024-05-21 00:33:51.554] [jointLog] [info] iteration = 1,800 | max rel diff. = 0.272782
[2024-05-21 00:33:58.440] [jointLog] [info] iteration = 1,900 | max rel diff. = 2.5876
[2024-05-21 00:34:05.362] [jointLog] [info] iteration = 2,000 | max rel diff. = 0.138698
[2024-05-21 00:34:12.213] [jointLog] [info] iteration = 2,100 | max rel diff. = 0.0277689
[2024-05-21 00:34:13.783] [jointLog] [info] iteration = 2,124 | max rel diff. = 0.00917453
[2024-05-21 00:34:13.858] [jointLog] [info] Finished optimizer
[2024-05-21 00:34:13.858] [jointLog] [info] writing output 

[2024-05-21 00:34:14.330] [jointLog] [info] Starting Bootstrapping
[2024-05-21 00:34:14.584] [jointLog] [info] Will draw 50 bootstrap samples
[2024-05-21 00:34:14.584] [jointLog] [info] Optimizing over 690,797 equivalence classes
[2024-05-21 00:34:14.672] [jointLog] [info] Marked 0 weighted equivalence classes as degenerate
[2024-05-21 00:37:35.381] [jointLog] [info] wrote 1 bootstraps
[2024-05-21 00:37:40.804] [jointLog] [info] wrote 2 bootstraps
[2024-05-21 00:38:20.726] [jointLog] [info] wrote 3 bootstraps
[2024-05-21 00:41:06.264] [jointLog] [info] wrote 4 bootstraps
[2024-05-21 00:41:31.738] [jointLog] [info] wrote 5 bootstraps
[2024-05-21 00:41:54.434] [jointLog] [info] wrote 6 bootstraps
[2024-05-21 00:44:43.109] [jointLog] [info] wrote 7 bootstraps
[2024-05-21 00:45:18.472] [jointLog] [info] wrote 8 bootstraps
[2024-05-21 00:45:33.849] [jointLog] [info] wrote 9 bootstraps
[2024-05-21 00:48:12.700] [jointLog] [info] wrote 10 bootstraps
[2024-05-21 00:48:47.917] [jointLog] [info] wrote 11 bootstraps
[2024-05-21 00:49:08.106] [jointLog] [info] wrote 12 bootstraps
[2024-05-21 00:51:28.813] [jointLog] [info] wrote 13 bootstraps
[2024-05-21 00:52:43.091] [jointLog] [info] wrote 14 bootstraps
[2024-05-21 00:52:44.300] [jointLog] [info] wrote 15 bootstraps
[2024-05-21 00:55:52.373] [jointLog] [info] wrote 16 bootstraps
[2024-05-21 00:56:03.466] [jointLog] [info] wrote 17 bootstraps
[2024-05-21 00:56:25.804] [jointLog] [info] wrote 18 bootstraps
[2024-05-21 01:00:05.627] [jointLog] [info] wrote 19 bootstraps
[2024-05-21 01:00:18.780] [jointLog] [info] wrote 20 bootstraps
[2024-05-21 01:00:35.173] [jointLog] [info] wrote 21 bootstraps
[2024-05-21 01:03:43.990] [jointLog] [info] wrote 22 bootstraps
[2024-05-21 01:03:48.571] [jointLog] [info] wrote 23 bootstraps
[2024-05-21 01:04:13.272] [jointLog] [info] wrote 24 bootstraps
[2024-05-21 01:07:07.497] [jointLog] [info] wrote 25 bootstraps
[2024-05-21 01:07:54.918] [jointLog] [info] wrote 26 bootstraps
[2024-05-21 01:08:14.294] [jointLog] [info] wrote 27 bootstraps
[2024-05-21 01:10:38.106] [jointLog] [info] wrote 28 bootstraps
[2024-05-21 01:11:34.682] [jointLog] [info] wrote 29 bootstraps
[2024-05-21 01:11:40.739] [jointLog] [info] wrote 30 bootstraps
[2024-05-21 01:14:57.064] [jointLog] [info] wrote 31 bootstraps
[2024-05-21 01:15:42.558] [jointLog] [info] wrote 32 bootstraps
[2024-05-21 01:15:46.987] [jointLog] [info] wrote 33 bootstraps
[2024-05-21 01:18:51.596] [jointLog] [info] wrote 34 bootstraps
[2024-05-21 01:19:00.374] [jointLog] [info] wrote 35 bootstraps
[2024-05-21 01:19:54.623] [jointLog] [info] wrote 36 bootstraps
[2024-05-21 01:22:11.728] [jointLog] [info] wrote 37 bootstraps
[2024-05-21 01:23:04.736] [jointLog] [info] wrote 38 bootstraps
[2024-05-21 01:23:08.518] [jointLog] [info] wrote 39 bootstraps
[2024-05-21 01:26:11.177] [jointLog] [info] wrote 40 bootstraps
[2024-05-21 01:26:21.320] [jointLog] [info] wrote 41 bootstraps
[2024-05-21 01:27:21.655] [jointLog] [info] wrote 42 bootstraps
[2024-05-21 01:29:32.486] [jointLog] [info] wrote 43 bootstraps
[2024-05-21 01:29:37.340] [jointLog] [info] wrote 44 bootstraps
[2024-05-21 01:31:27.220] [jointLog] [info] wrote 45 bootstraps
[2024-05-21 01:33:35.666] [jointLog] [info] wrote 46 bootstraps
[2024-05-21 01:33:41.757] [jointLog] [info] wrote 47 bootstraps
[2024-05-21 01:35:40.485] [jointLog] [info] wrote 48 bootstraps
[2024-05-21 01:37:09.775] [jointLog] [info] wrote 49 bootstraps
[2024-05-21 01:37:33.029] [jointLog] [info] wrote 50 bootstraps
[2024-05-21 01:37:33.096] [jointLog] [info] Finished Bootstrapping
[2024-05-21 01:37:33.096] [jointLog] [info] Computing gene-level abundance estimates
[2024-05-21 01:38:26.050] [jointLog] [info] There were 252416 transcripts mapping to 62696 genes
[2024-05-21 01:38:26.051] [jointLog] [info] NOTE: We recommend using tximport (https://bioconductor.org/packages/release/bioc/html/tximport.html) for aggregating transcript-level salmon abundance estimates to the gene level.  It is more versatile, exposes more features, and allows considering multi-sample information during aggregation.
[2024-05-21 01:38:26.572] [jointLog] [info] Aggregating expressions to gene level
[2024-05-21 01:38:26.756] [jointLog] [info] done
