[2024-08-07 05:51:47.261] [jointLog] [info] setting maxHashResizeThreads to 4
[2024-08-07 05:51:47.261] [jointLog] [info] Fragment incompatibility prior below threshold.  Incompatible fragments will be ignored.
[2024-08-07 05:51:47.261] [jointLog] [info] Usage of --validateMappings implies use of minScoreFraction. Since not explicitly specified, it is being set to 0.65
[2024-08-07 05:51:47.261] [jointLog] [info] Setting consensusSlack to selective-alignment default of 0.35.
[2024-08-07 05:51:47.261] [jointLog] [info] parsing read library format
[2024-08-07 05:51:47.261] [jointLog] [info] There is 1 library.
[2024-08-07 05:51:47.461] [jointLog] [info] Loading pufferfish index
[2024-08-07 05:51:47.505] [jointLog] [info] Loading dense pufferfish index.
[2024-08-07 05:54:32.386] [jointLog] [info] done
[2024-08-07 05:54:32.386] [jointLog] [info] Index contained 251,744 targets
[2024-08-07 05:54:35.923] [jointLog] [info] Number of decoys : 194
[2024-08-07 05:54:35.923] [jointLog] [info] First decoy index : 251,509 
[2024-08-07 05:54:37.298] [jointLog] [info] Automatically detected most likely library type as ISR

[2024-08-07 06:25:48.781] [jointLog] [info] Thread saw mini-batch with a maximum of 0.94% zero probability fragments
[2024-08-07 06:25:48.999] [jointLog] [info] Thread saw mini-batch with a maximum of 0.96% zero probability fragments
[2024-08-07 06:25:49.030] [jointLog] [info] Thread saw mini-batch with a maximum of 0.94% zero probability fragments
[2024-08-07 06:25:49.170] [jointLog] [info] Thread saw mini-batch with a maximum of 0.98% zero probability fragments
[2024-08-07 06:25:50.144] [jointLog] [info] Computed 396,491 rich equivalence classes for further processing
[2024-08-07 06:25:50.144] [jointLog] [info] Counted 31,649,581 total reads in the equivalence classes 
[2024-08-07 06:25:50.169] [jointLog] [info] Number of mappings discarded because of alignment score : 16,589,052
[2024-08-07 06:25:50.169] [jointLog] [info] Number of fragments entirely discarded because of alignment score : 2,288,800
[2024-08-07 06:25:50.169] [jointLog] [info] Number of fragments discarded because they are best-mapped to decoys : 1,630,148
[2024-08-07 06:25:50.169] [jointLog] [info] Number of fragments discarded because they have only dovetail (discordant) mappings to valid targets : 131,390
[2024-08-07 06:25:50.169] [jointLog] [info] Mapping rate = 88.1213%

[2024-08-07 06:25:50.169] [jointLog] [info] finished quantifyLibrary()
[2024-08-07 06:25:50.188] [jointLog] [info] Starting optimizer
[2024-08-07 06:25:50.152] [fileLog] [info] 
At end of round 0
==================
Observed 35915944 total fragments (35915944 in most recent round)

[2024-08-07 06:25:50.984] [jointLog] [info] Marked 0 weighted equivalence classes as degenerate
[2024-08-07 06:25:51.161] [jointLog] [info] iteration = 0 | max rel diff. = 4616.53
[2024-08-07 06:25:53.036] [jointLog] [info] iteration 11, adjusting effective lengths to account for biases
[2024-08-07 06:29:50.335] [jointLog] [info] Computed expected counts (for bias correction)
[2024-08-07 06:29:50.336] [jointLog] [info] processed bias for 0.0% of the transcripts
[2024-08-07 06:30:10.302] [jointLog] [info] processed bias for 10.0% of the transcripts
[2024-08-07 06:30:29.070] [jointLog] [info] processed bias for 20.0% of the transcripts
[2024-08-07 06:30:47.340] [jointLog] [info] processed bias for 30.0% of the transcripts
[2024-08-07 06:31:05.754] [jointLog] [info] processed bias for 40.0% of the transcripts
[2024-08-07 06:31:23.413] [jointLog] [info] processed bias for 50.0% of the transcripts
[2024-08-07 06:31:40.844] [jointLog] [info] processed bias for 60.0% of the transcripts
[2024-08-07 06:31:58.867] [jointLog] [info] processed bias for 70.0% of the transcripts
[2024-08-07 06:32:17.955] [jointLog] [info] processed bias for 80.0% of the transcripts
[2024-08-07 06:32:33.524] [jointLog] [info] processed bias for 90.0% of the transcripts
[2024-08-07 06:32:51.653] [jointLog] [info] processed bias for 100.0% of the transcripts
[2024-08-07 06:33:08.927] [jointLog] [info] iteration = 100 | max rel diff. = 19.5971
[2024-08-07 06:33:28.728] [jointLog] [info] iteration = 200 | max rel diff. = 9.62607
[2024-08-07 06:33:47.693] [jointLog] [info] iteration = 300 | max rel diff. = 8.37175
[2024-08-07 06:34:09.287] [jointLog] [info] iteration = 400 | max rel diff. = 2.9405
[2024-08-07 06:34:30.921] [jointLog] [info] iteration = 500 | max rel diff. = 1.00483
[2024-08-07 06:34:52.403] [jointLog] [info] iteration = 600 | max rel diff. = 0.908316
[2024-08-07 06:35:15.085] [jointLog] [info] iteration = 700 | max rel diff. = 1.82568
[2024-08-07 06:35:36.615] [jointLog] [info] iteration = 800 | max rel diff. = 9.86937
[2024-08-07 06:35:58.363] [jointLog] [info] iteration = 900 | max rel diff. = 0.83504
[2024-08-07 06:36:20.250] [jointLog] [info] iteration = 1,000 | max rel diff. = 0.177215
[2024-08-07 06:36:43.002] [jointLog] [info] iteration = 1,100 | max rel diff. = 0.197493
[2024-08-07 06:37:06.798] [jointLog] [info] iteration = 1,200 | max rel diff. = 0.0404685
[2024-08-07 06:37:28.497] [jointLog] [info] iteration = 1,300 | max rel diff. = 0.0211907
[2024-08-07 06:37:50.734] [jointLog] [info] iteration = 1,400 | max rel diff. = 0.0286626
[2024-08-07 06:38:10.886] [jointLog] [info] iteration = 1,500 | max rel diff. = 0.104003
[2024-08-07 06:38:32.687] [jointLog] [info] iteration = 1,600 | max rel diff. = 0.0228263
[2024-08-07 06:38:40.431] [jointLog] [info] iteration = 1,638 | max rel diff. = 0.00192375
[2024-08-07 06:38:40.600] [jointLog] [info] Finished optimizer
[2024-08-07 06:38:40.600] [jointLog] [info] writing output 

[2024-08-07 06:38:41.261] [jointLog] [info] Starting Bootstrapping
[2024-08-07 06:38:41.547] [jointLog] [info] Will draw 50 bootstrap samples
[2024-08-07 06:38:41.547] [jointLog] [info] Optimizing over 396,491 equivalence classes
[2024-08-07 06:38:41.842] [jointLog] [info] Marked 0 weighted equivalence classes as degenerate
[2024-08-07 06:40:22.791] [jointLog] [info] wrote 1 bootstraps
[2024-08-07 06:40:38.882] [jointLog] [info] wrote 2 bootstraps
[2024-08-07 06:40:51.613] [jointLog] [info] wrote 3 bootstraps
[2024-08-07 06:42:20.370] [jointLog] [info] wrote 4 bootstraps
[2024-08-07 06:42:43.044] [jointLog] [info] wrote 5 bootstraps
[2024-08-07 06:42:49.651] [jointLog] [info] wrote 6 bootstraps
[2024-08-07 06:43:34.379] [jointLog] [info] wrote 7 bootstraps
[2024-08-07 06:44:35.720] [jointLog] [info] wrote 8 bootstraps
[2024-08-07 06:44:49.991] [jointLog] [info] wrote 9 bootstraps
[2024-08-07 06:45:08.668] [jointLog] [info] wrote 10 bootstraps
[2024-08-07 06:46:00.489] [jointLog] [info] wrote 11 bootstraps
[2024-08-07 06:46:29.608] [jointLog] [info] wrote 12 bootstraps
[2024-08-07 06:46:52.099] [jointLog] [info] wrote 13 bootstraps
[2024-08-07 06:47:25.624] [jointLog] [info] wrote 14 bootstraps
[2024-08-07 06:47:55.805] [jointLog] [info] wrote 15 bootstraps
[2024-08-07 06:48:22.483] [jointLog] [info] wrote 16 bootstraps
[2024-08-07 06:48:54.900] [jointLog] [info] wrote 17 bootstraps
[2024-08-07 06:49:19.672] [jointLog] [info] wrote 18 bootstraps
[2024-08-07 06:50:19.585] [jointLog] [info] wrote 19 bootstraps
[2024-08-07 06:50:40.508] [jointLog] [info] wrote 20 bootstraps
[2024-08-07 06:51:09.830] [jointLog] [info] wrote 21 bootstraps
[2024-08-07 06:52:05.478] [jointLog] [info] wrote 22 bootstraps
[2024-08-07 06:52:09.054] [jointLog] [info] wrote 23 bootstraps
[2024-08-07 06:52:58.398] [jointLog] [info] wrote 24 bootstraps
[2024-08-07 06:53:44.411] [jointLog] [info] wrote 25 bootstraps
[2024-08-07 06:53:56.785] [jointLog] [info] wrote 26 bootstraps
[2024-08-07 06:54:42.988] [jointLog] [info] wrote 27 bootstraps
[2024-08-07 06:55:00.099] [jointLog] [info] wrote 28 bootstraps
[2024-08-07 06:55:54.295] [jointLog] [info] wrote 29 bootstraps
[2024-08-07 06:56:36.993] [jointLog] [info] wrote 30 bootstraps
[2024-08-07 06:56:42.898] [jointLog] [info] wrote 31 bootstraps
[2024-08-07 06:57:18.677] [jointLog] [info] wrote 32 bootstraps
[2024-08-07 06:58:03.181] [jointLog] [info] wrote 33 bootstraps
[2024-08-07 06:58:27.273] [jointLog] [info] wrote 34 bootstraps
[2024-08-07 06:59:14.450] [jointLog] [info] wrote 35 bootstraps
[2024-08-07 06:59:18.163] [jointLog] [info] wrote 36 bootstraps
[2024-08-07 07:00:19.948] [jointLog] [info] wrote 37 bootstraps
[2024-08-07 07:00:48.813] [jointLog] [info] wrote 38 bootstraps
[2024-08-07 07:00:52.091] [jointLog] [info] wrote 39 bootstraps
[2024-08-07 07:02:17.609] [jointLog] [info] wrote 40 bootstraps
[2024-08-07 07:02:25.437] [jointLog] [info] wrote 41 bootstraps
[2024-08-07 07:02:42.135] [jointLog] [info] wrote 42 bootstraps
[2024-08-07 07:04:08.917] [jointLog] [info] wrote 43 bootstraps
[2024-08-07 07:04:12.434] [jointLog] [info] wrote 44 bootstraps
[2024-08-07 07:04:27.948] [jointLog] [info] wrote 45 bootstraps
[2024-08-07 07:05:26.853] [jointLog] [info] wrote 46 bootstraps
[2024-08-07 07:05:48.246] [jointLog] [info] wrote 47 bootstraps
[2024-08-07 07:06:09.701] [jointLog] [info] wrote 48 bootstraps
[2024-08-07 07:07:26.375] [jointLog] [info] wrote 49 bootstraps
[2024-08-07 07:07:50.102] [jointLog] [info] wrote 50 bootstraps
[2024-08-07 07:07:50.158] [jointLog] [info] Finished Bootstrapping
[2024-08-07 07:07:50.158] [jointLog] [info] Computing gene-level abundance estimates
[2024-08-07 07:08:46.083] [jointLog] [info] There were 252416 transcripts mapping to 62696 genes
[2024-08-07 07:08:46.084] [jointLog] [info] NOTE: We recommend using tximport (https://bioconductor.org/packages/release/bioc/html/tximport.html) for aggregating transcript-level salmon abundance estimates to the gene level.  It is more versatile, exposes more features, and allows considering multi-sample information during aggregation.
[2024-08-07 07:08:46.586] [jointLog] [info] Aggregating expressions to gene level
[2024-08-07 07:08:46.776] [jointLog] [info] done
