[2024-08-07 04:53:40.051] [jointLog] [info] setting maxHashResizeThreads to 4
[2024-08-07 04:53:40.051] [jointLog] [info] Fragment incompatibility prior below threshold.  Incompatible fragments will be ignored.
[2024-08-07 04:53:40.051] [jointLog] [info] Usage of --validateMappings implies use of minScoreFraction. Since not explicitly specified, it is being set to 0.65
[2024-08-07 04:53:40.051] [jointLog] [info] Setting consensusSlack to selective-alignment default of 0.35.
[2024-08-07 04:53:40.051] [jointLog] [info] parsing read library format
[2024-08-07 04:53:40.051] [jointLog] [info] There is 1 library.
[2024-08-07 04:53:40.177] [jointLog] [info] Loading pufferfish index
[2024-08-07 04:53:40.177] [jointLog] [info] Loading dense pufferfish index.
[2024-08-07 04:54:15.770] [jointLog] [info] done
[2024-08-07 04:54:15.770] [jointLog] [info] Index contained 251,744 targets
[2024-08-07 04:54:19.036] [jointLog] [info] Number of decoys : 194
[2024-08-07 04:54:19.036] [jointLog] [info] First decoy index : 251,509 
[2024-08-07 04:54:19.946] [jointLog] [info] Automatically detected most likely library type as ISR

[2024-08-07 05:10:09.018] [jointLog] [info] Thread saw mini-batch with a maximum of 1.04% zero probability fragments
[2024-08-07 05:10:09.081] [jointLog] [info] Thread saw mini-batch with a maximum of 1.00% zero probability fragments
[2024-08-07 05:10:09.195] [jointLog] [info] Thread saw mini-batch with a maximum of 1.02% zero probability fragments
[2024-08-07 05:10:09.228] [jointLog] [info] Thread saw mini-batch with a maximum of 1.10% zero probability fragments
[2024-08-07 05:10:09.674] [fileLog] [info] 
At end of round 0
==================
Observed 37579073 total fragments (37579073 in most recent round)

[2024-08-07 05:10:09.673] [jointLog] [info] Computed 420,515 rich equivalence classes for further processing
[2024-08-07 05:10:09.673] [jointLog] [info] Counted 33,084,000 total reads in the equivalence classes 
[2024-08-07 05:10:09.678] [jointLog] [info] Number of mappings discarded because of alignment score : 17,191,155
[2024-08-07 05:10:09.678] [jointLog] [info] Number of fragments entirely discarded because of alignment score : 2,604,328
[2024-08-07 05:10:09.678] [jointLog] [info] Number of fragments discarded because they are best-mapped to decoys : 1,940,985
[2024-08-07 05:10:09.678] [jointLog] [info] Number of fragments discarded because they have only dovetail (discordant) mappings to valid targets : 149,215
[2024-08-07 05:10:09.678] [jointLog] [info] Mapping rate = 88.0384%

[2024-08-07 05:10:09.678] [jointLog] [info] finished quantifyLibrary()
[2024-08-07 05:10:09.680] [jointLog] [info] Starting optimizer
[2024-08-07 05:10:09.945] [jointLog] [info] Marked 0 weighted equivalence classes as degenerate
[2024-08-07 05:10:09.996] [jointLog] [info] iteration = 0 | max rel diff. = 4430.65
[2024-08-07 05:10:10.447] [jointLog] [info] iteration 11, adjusting effective lengths to account for biases
[2024-08-07 05:13:54.112] [jointLog] [info] Computed expected counts (for bias correction)
[2024-08-07 05:13:54.113] [jointLog] [info] processed bias for 0.0% of the transcripts
[2024-08-07 05:14:14.197] [jointLog] [info] processed bias for 10.0% of the transcripts
[2024-08-07 05:14:32.275] [jointLog] [info] processed bias for 20.0% of the transcripts
[2024-08-07 05:14:50.008] [jointLog] [info] processed bias for 30.0% of the transcripts
[2024-08-07 05:15:07.653] [jointLog] [info] processed bias for 40.0% of the transcripts
[2024-08-07 05:15:25.393] [jointLog] [info] processed bias for 50.0% of the transcripts
[2024-08-07 05:15:42.032] [jointLog] [info] processed bias for 60.0% of the transcripts
[2024-08-07 05:15:58.831] [jointLog] [info] processed bias for 70.0% of the transcripts
[2024-08-07 05:16:14.435] [jointLog] [info] processed bias for 80.0% of the transcripts
[2024-08-07 05:16:31.835] [jointLog] [info] processed bias for 90.0% of the transcripts
[2024-08-07 05:16:49.388] [jointLog] [info] processed bias for 100.0% of the transcripts
[2024-08-07 05:16:53.422] [jointLog] [info] iteration = 100 | max rel diff. = 18.0206
[2024-08-07 05:16:57.808] [jointLog] [info] iteration = 200 | max rel diff. = 4.66392
[2024-08-07 05:17:02.270] [jointLog] [info] iteration = 300 | max rel diff. = 3.83341
[2024-08-07 05:17:06.694] [jointLog] [info] iteration = 400 | max rel diff. = 2.37116
[2024-08-07 05:17:11.111] [jointLog] [info] iteration = 500 | max rel diff. = 0.856331
[2024-08-07 05:17:15.473] [jointLog] [info] iteration = 600 | max rel diff. = 0.223745
[2024-08-07 05:17:19.887] [jointLog] [info] iteration = 700 | max rel diff. = 0.0656247
[2024-08-07 05:17:24.234] [jointLog] [info] iteration = 800 | max rel diff. = 0.334739
[2024-08-07 05:17:28.574] [jointLog] [info] iteration = 900 | max rel diff. = 0.152966
[2024-08-07 05:17:32.818] [jointLog] [info] iteration = 1,000 | max rel diff. = 0.760086
[2024-08-07 05:17:37.114] [jointLog] [info] iteration = 1,100 | max rel diff. = 0.0229108
[2024-08-07 05:17:41.520] [jointLog] [info] iteration = 1,200 | max rel diff. = 0.518313
[2024-08-07 05:17:45.891] [jointLog] [info] iteration = 1,300 | max rel diff. = 0.0901548
[2024-08-07 05:17:50.413] [jointLog] [info] iteration = 1,400 | max rel diff. = 0.0314997
[2024-08-07 05:17:54.984] [jointLog] [info] iteration = 1,500 | max rel diff. = 0.0478103
[2024-08-07 05:17:59.515] [jointLog] [info] iteration = 1,600 | max rel diff. = 0.0394374
[2024-08-07 05:18:00.607] [jointLog] [info] iteration = 1,625 | max rel diff. = 0.00689812
[2024-08-07 05:18:00.674] [jointLog] [info] Finished optimizer
[2024-08-07 05:18:00.674] [jointLog] [info] writing output 

[2024-08-07 05:18:01.211] [jointLog] [info] Starting Bootstrapping
[2024-08-07 05:18:01.401] [jointLog] [info] Will draw 50 bootstrap samples
[2024-08-07 05:18:01.401] [jointLog] [info] Optimizing over 420,515 equivalence classes
[2024-08-07 05:18:01.458] [jointLog] [info] Marked 0 weighted equivalence classes as degenerate
[2024-08-07 05:19:30.728] [jointLog] [info] wrote 1 bootstraps
[2024-08-07 05:19:39.355] [jointLog] [info] wrote 2 bootstraps
[2024-08-07 05:19:40.718] [jointLog] [info] wrote 3 bootstraps
[2024-08-07 05:21:03.276] [jointLog] [info] wrote 4 bootstraps
[2024-08-07 05:21:12.949] [jointLog] [info] wrote 5 bootstraps
[2024-08-07 05:21:16.988] [jointLog] [info] wrote 6 bootstraps
[2024-08-07 05:22:42.846] [jointLog] [info] wrote 7 bootstraps
[2024-08-07 05:22:45.731] [jointLog] [info] wrote 8 bootstraps
[2024-08-07 05:22:46.776] [jointLog] [info] wrote 9 bootstraps
[2024-08-07 05:24:09.884] [jointLog] [info] wrote 10 bootstraps
[2024-08-07 05:24:12.802] [jointLog] [info] wrote 11 bootstraps
[2024-08-07 05:24:35.034] [jointLog] [info] wrote 12 bootstraps
[2024-08-07 05:25:57.711] [jointLog] [info] wrote 13 bootstraps
[2024-08-07 05:25:59.645] [jointLog] [info] wrote 14 bootstraps
[2024-08-07 05:26:15.939] [jointLog] [info] wrote 15 bootstraps
[2024-08-07 05:27:26.896] [jointLog] [info] wrote 16 bootstraps
[2024-08-07 05:27:48.369] [jointLog] [info] wrote 17 bootstraps
[2024-08-07 05:27:55.348] [jointLog] [info] wrote 18 bootstraps
[2024-08-07 05:29:16.960] [jointLog] [info] wrote 19 bootstraps
[2024-08-07 05:29:18.425] [jointLog] [info] wrote 20 bootstraps
[2024-08-07 05:29:53.466] [jointLog] [info] wrote 21 bootstraps
[2024-08-07 05:30:47.597] [jointLog] [info] wrote 22 bootstraps
[2024-08-07 05:30:59.868] [jointLog] [info] wrote 23 bootstraps
[2024-08-07 05:31:32.357] [jointLog] [info] wrote 24 bootstraps
[2024-08-07 05:32:44.583] [jointLog] [info] wrote 25 bootstraps
[2024-08-07 05:32:51.323] [jointLog] [info] wrote 26 bootstraps
[2024-08-07 05:33:09.380] [jointLog] [info] wrote 27 bootstraps
[2024-08-07 05:34:24.077] [jointLog] [info] wrote 28 bootstraps
[2024-08-07 05:34:26.011] [jointLog] [info] wrote 29 bootstraps
[2024-08-07 05:34:52.727] [jointLog] [info] wrote 30 bootstraps
[2024-08-07 05:35:55.409] [jointLog] [info] wrote 31 bootstraps
[2024-08-07 05:36:02.242] [jointLog] [info] wrote 32 bootstraps
[2024-08-07 05:36:02.653] [jointLog] [info] wrote 33 bootstraps
[2024-08-07 05:37:32.340] [jointLog] [info] wrote 34 bootstraps
[2024-08-07 05:37:46.443] [jointLog] [info] wrote 35 bootstraps
[2024-08-07 05:38:12.313] [jointLog] [info] wrote 36 bootstraps
[2024-08-07 05:38:29.920] [jointLog] [info] wrote 37 bootstraps
[2024-08-07 05:39:36.342] [jointLog] [info] wrote 38 bootstraps
[2024-08-07 05:39:52.912] [jointLog] [info] wrote 39 bootstraps
[2024-08-07 05:40:13.262] [jointLog] [info] wrote 40 bootstraps
[2024-08-07 05:41:08.149] [jointLog] [info] wrote 41 bootstraps
[2024-08-07 05:41:31.739] [jointLog] [info] wrote 42 bootstraps
[2024-08-07 05:42:00.577] [jointLog] [info] wrote 43 bootstraps
[2024-08-07 05:42:49.324] [jointLog] [info] wrote 44 bootstraps
[2024-08-07 05:43:09.429] [jointLog] [info] wrote 45 bootstraps
[2024-08-07 05:43:42.481] [jointLog] [info] wrote 46 bootstraps
[2024-08-07 05:44:33.543] [jointLog] [info] wrote 47 bootstraps
[2024-08-07 05:44:43.555] [jointLog] [info] wrote 48 bootstraps
[2024-08-07 05:45:12.521] [jointLog] [info] wrote 49 bootstraps
[2024-08-07 05:46:14.278] [jointLog] [info] wrote 50 bootstraps
[2024-08-07 05:46:14.337] [jointLog] [info] Finished Bootstrapping
[2024-08-07 05:46:14.337] [jointLog] [info] Computing gene-level abundance estimates
[2024-08-07 05:47:03.826] [jointLog] [info] There were 252416 transcripts mapping to 62696 genes
[2024-08-07 05:47:03.828] [jointLog] [info] NOTE: We recommend using tximport (https://bioconductor.org/packages/release/bioc/html/tximport.html) for aggregating transcript-level salmon abundance estimates to the gene level.  It is more versatile, exposes more features, and allows considering multi-sample information during aggregation.
[2024-08-07 05:47:04.324] [jointLog] [info] Aggregating expressions to gene level
[2024-08-07 05:47:04.505] [jointLog] [info] done
