[2024-09-07 12:04:15.969] [jointLog] [info] setting maxHashResizeThreads to 4
[2024-09-07 12:04:15.969] [jointLog] [info] Fragment incompatibility prior below threshold.  Incompatible fragments will be ignored.
[2024-09-07 12:04:15.969] [jointLog] [info] Usage of --validateMappings implies use of minScoreFraction. Since not explicitly specified, it is being set to 0.65
[2024-09-07 12:04:15.969] [jointLog] [info] Setting consensusSlack to selective-alignment default of 0.35.
[2024-09-07 12:04:15.969] [jointLog] [info] parsing read library format
[2024-09-07 12:04:15.969] [jointLog] [info] There is 1 library.
[2024-09-07 12:04:16.036] [jointLog] [info] Loading pufferfish index
[2024-09-07 12:04:16.051] [jointLog] [info] Loading dense pufferfish index.
[2024-09-07 12:06:39.525] [jointLog] [info] done
[2024-09-07 12:06:39.525] [jointLog] [info] Index contained 251,744 targets
[2024-09-07 12:06:43.159] [jointLog] [info] Number of decoys : 194
[2024-09-07 12:06:43.159] [jointLog] [info] First decoy index : 251,509 
[2024-09-07 12:06:44.877] [jointLog] [info] Automatically detected most likely library type as ISR

[2024-09-07 12:36:27.975] [jointLog] [info] Thread saw mini-batch with a maximum of 1.30% zero probability fragments
[2024-09-07 12:36:27.985] [jointLog] [info] Thread saw mini-batch with a maximum of 1.26% zero probability fragments
[2024-09-07 12:36:27.999] [jointLog] [info] Thread saw mini-batch with a maximum of 1.22% zero probability fragments
[2024-09-07 12:36:28.253] [jointLog] [info] Thread saw mini-batch with a maximum of 1.20% zero probability fragments
[2024-09-07 12:36:28.864] [jointLog] [info] Computed 635,590 rich equivalence classes for further processing
[2024-09-07 12:36:28.864] [jointLog] [info] Counted 32,005,276 total reads in the equivalence classes 
[2024-09-07 12:36:28.869] [jointLog] [warning] 1.53437e-05% of fragments were shorter than the k used to build the index.
If this fraction is too large, consider re-building the index with a smaller k.
The minimum read size found was 19.


[2024-09-07 12:36:28.869] [jointLog] [info] Number of mappings discarded because of alignment score : 11,349,871
[2024-09-07 12:36:28.869] [jointLog] [info] Number of fragments entirely discarded because of alignment score : 6,467,059
[2024-09-07 12:36:28.869] [jointLog] [info] Number of fragments discarded because they are best-mapped to decoys : 5,973,418
[2024-09-07 12:36:28.869] [jointLog] [info] Number of fragments discarded because they have only dovetail (discordant) mappings to valid targets : 184,953
[2024-09-07 12:36:28.869] [jointLog] [info] Mapping rate = 54.5643%

[2024-09-07 12:36:28.869] [jointLog] [info] finished quantifyLibrary()
[2024-09-07 12:36:28.873] [jointLog] [info] Starting optimizer
[2024-09-07 12:36:28.864] [fileLog] [info] 
At end of round 0
==================
Observed 58656076 total fragments (58656076 in most recent round)

[2024-09-07 12:36:29.282] [jointLog] [info] Marked 0 weighted equivalence classes as degenerate
[2024-09-07 12:36:29.352] [jointLog] [info] iteration = 0 | max rel diff. = 4508.8
[2024-09-07 12:36:29.995] [jointLog] [info] iteration 11, adjusting effective lengths to account for biases
[2024-09-07 12:43:03.662] [jointLog] [info] Computed expected counts (for bias correction)
[2024-09-07 12:43:03.662] [jointLog] [info] processed bias for 0.0% of the transcripts
[2024-09-07 12:43:37.372] [jointLog] [info] processed bias for 10.0% of the transcripts
[2024-09-07 12:44:07.719] [jointLog] [info] processed bias for 20.0% of the transcripts
[2024-09-07 12:44:37.565] [jointLog] [info] processed bias for 30.0% of the transcripts
[2024-09-07 12:45:08.113] [jointLog] [info] processed bias for 40.0% of the transcripts
[2024-09-07 12:45:39.495] [jointLog] [info] processed bias for 50.0% of the transcripts
[2024-09-07 12:46:07.887] [jointLog] [info] processed bias for 60.0% of the transcripts
[2024-09-07 12:46:38.459] [jointLog] [info] processed bias for 70.0% of the transcripts
[2024-09-07 12:47:06.934] [jointLog] [info] processed bias for 80.0% of the transcripts
[2024-09-07 12:47:33.135] [jointLog] [info] processed bias for 90.0% of the transcripts
[2024-09-07 12:48:03.526] [jointLog] [info] processed bias for 100.0% of the transcripts
[2024-09-07 12:48:09.629] [jointLog] [info] iteration = 100 | max rel diff. = 18.1839
[2024-09-07 12:48:16.425] [jointLog] [info] iteration = 200 | max rel diff. = 20.39
[2024-09-07 12:48:23.262] [jointLog] [info] iteration = 300 | max rel diff. = 1.51078
[2024-09-07 12:48:30.071] [jointLog] [info] iteration = 400 | max rel diff. = 1.32267
[2024-09-07 12:48:36.768] [jointLog] [info] iteration = 500 | max rel diff. = 0.83503
[2024-09-07 12:48:43.561] [jointLog] [info] iteration = 600 | max rel diff. = 1.68646
[2024-09-07 12:48:50.353] [jointLog] [info] iteration = 700 | max rel diff. = 0.479959
[2024-09-07 12:48:56.802] [jointLog] [info] iteration = 800 | max rel diff. = 0.118935
[2024-09-07 12:49:03.487] [jointLog] [info] iteration = 900 | max rel diff. = 0.319163
[2024-09-07 12:49:10.405] [jointLog] [info] iteration = 1,000 | max rel diff. = 0.0679751
[2024-09-07 12:49:17.247] [jointLog] [info] iteration = 1,100 | max rel diff. = 0.17076
[2024-09-07 12:49:24.047] [jointLog] [info] iteration = 1,200 | max rel diff. = 0.166095
[2024-09-07 12:49:30.666] [jointLog] [info] iteration = 1,300 | max rel diff. = 0.864794
[2024-09-07 12:49:37.050] [jointLog] [info] iteration = 1,400 | max rel diff. = 0.306723
[2024-09-07 12:49:43.408] [jointLog] [info] iteration = 1,500 | max rel diff. = 0.0235623
[2024-09-07 12:49:49.561] [jointLog] [info] iteration = 1,600 | max rel diff. = 0.61468
[2024-09-07 12:49:55.578] [jointLog] [info] iteration = 1,700 | max rel diff. = 0.236931
[2024-09-07 12:49:55.951] [jointLog] [info] iteration = 1,707 | max rel diff. = 0.00356775
[2024-09-07 12:49:56.026] [jointLog] [info] Finished optimizer
[2024-09-07 12:49:56.026] [jointLog] [info] writing output 

[2024-09-07 12:49:56.562] [jointLog] [info] Starting Bootstrapping
[2024-09-07 12:49:57.110] [jointLog] [info] Will draw 50 bootstrap samples
[2024-09-07 12:49:57.110] [jointLog] [info] Optimizing over 635,590 equivalence classes
[2024-09-07 12:49:57.198] [jointLog] [info] Marked 0 weighted equivalence classes as degenerate
[2024-09-07 12:52:29.762] [jointLog] [info] wrote 1 bootstraps
[2024-09-07 12:52:33.983] [jointLog] [info] wrote 2 bootstraps
[2024-09-07 12:52:46.563] [jointLog] [info] wrote 3 bootstraps
[2024-09-07 12:55:30.869] [jointLog] [info] wrote 4 bootstraps
[2024-09-07 12:55:30.959] [jointLog] [info] wrote 5 bootstraps
[2024-09-07 12:55:32.468] [jointLog] [info] wrote 6 bootstraps
[2024-09-07 12:58:05.652] [jointLog] [info] wrote 7 bootstraps
[2024-09-07 12:58:12.593] [jointLog] [info] wrote 8 bootstraps
[2024-09-07 12:58:25.265] [jointLog] [info] wrote 9 bootstraps
[2024-09-07 13:00:39.947] [jointLog] [info] wrote 10 bootstraps
[2024-09-07 13:01:19.960] [jointLog] [info] wrote 11 bootstraps
[2024-09-07 13:01:21.088] [jointLog] [info] wrote 12 bootstraps
[2024-09-07 13:03:01.063] [jointLog] [info] wrote 13 bootstraps
[2024-09-07 13:03:42.607] [jointLog] [info] wrote 14 bootstraps
[2024-09-07 13:04:27.139] [jointLog] [info] wrote 15 bootstraps
[2024-09-07 13:05:47.545] [jointLog] [info] wrote 16 bootstraps
[2024-09-07 13:06:35.649] [jointLog] [info] wrote 17 bootstraps
[2024-09-07 13:07:30.108] [jointLog] [info] wrote 18 bootstraps
[2024-09-07 13:08:42.753] [jointLog] [info] wrote 19 bootstraps
[2024-09-07 13:09:01.027] [jointLog] [info] wrote 20 bootstraps
[2024-09-07 13:10:41.375] [jointLog] [info] wrote 21 bootstraps
[2024-09-07 13:11:21.807] [jointLog] [info] wrote 22 bootstraps
[2024-09-07 13:12:00.725] [jointLog] [info] wrote 23 bootstraps
[2024-09-07 13:13:48.786] [jointLog] [info] wrote 24 bootstraps
[2024-09-07 13:14:30.295] [jointLog] [info] wrote 25 bootstraps
[2024-09-07 13:14:38.027] [jointLog] [info] wrote 26 bootstraps
[2024-09-07 13:17:32.732] [jointLog] [info] wrote 27 bootstraps
[2024-09-07 13:18:07.198] [jointLog] [info] wrote 28 bootstraps
[2024-09-07 13:18:09.207] [jointLog] [info] wrote 29 bootstraps
[2024-09-07 13:20:23.464] [jointLog] [info] wrote 30 bootstraps
[2024-09-07 13:20:43.463] [jointLog] [info] wrote 31 bootstraps
[2024-09-07 13:21:08.112] [jointLog] [info] wrote 32 bootstraps
[2024-09-07 13:23:47.351] [jointLog] [info] wrote 33 bootstraps
[2024-09-07 13:23:47.570] [jointLog] [info] wrote 34 bootstraps
[2024-09-07 13:24:01.245] [jointLog] [info] wrote 35 bootstraps
[2024-09-07 13:27:00.531] [jointLog] [info] wrote 36 bootstraps
[2024-09-07 13:27:06.726] [jointLog] [info] wrote 37 bootstraps
[2024-09-07 13:27:39.184] [jointLog] [info] wrote 38 bootstraps
[2024-09-07 13:29:55.939] [jointLog] [info] wrote 39 bootstraps
[2024-09-07 13:30:03.127] [jointLog] [info] wrote 40 bootstraps
[2024-09-07 13:31:03.540] [jointLog] [info] wrote 41 bootstraps
[2024-09-07 13:33:10.623] [jointLog] [info] wrote 42 bootstraps
[2024-09-07 13:33:33.670] [jointLog] [info] wrote 43 bootstraps
[2024-09-07 13:33:39.461] [jointLog] [info] wrote 44 bootstraps
[2024-09-07 13:35:46.980] [jointLog] [info] wrote 45 bootstraps
[2024-09-07 13:36:16.239] [jointLog] [info] wrote 46 bootstraps
[2024-09-07 13:36:24.905] [jointLog] [info] wrote 47 bootstraps
[2024-09-07 13:38:47.019] [jointLog] [info] wrote 48 bootstraps
[2024-09-07 13:38:47.394] [jointLog] [info] wrote 49 bootstraps
[2024-09-07 13:39:33.435] [jointLog] [info] wrote 50 bootstraps
[2024-09-07 13:39:33.517] [jointLog] [info] Finished Bootstrapping
[2024-09-07 13:39:33.517] [jointLog] [info] Computing gene-level abundance estimates
[2024-09-07 13:40:31.516] [jointLog] [info] There were 252416 transcripts mapping to 62696 genes
[2024-09-07 13:40:31.516] [jointLog] [info] NOTE: We recommend using tximport (https://bioconductor.org/packages/release/bioc/html/tximport.html) for aggregating transcript-level salmon abundance estimates to the gene level.  It is more versatile, exposes more features, and allows considering multi-sample information during aggregation.
[2024-09-07 13:40:32.135] [jointLog] [info] Aggregating expressions to gene level
[2024-09-07 13:40:32.339] [jointLog] [info] done
