[2024-08-07 12:31:46.147] [jointLog] [info] setting maxHashResizeThreads to 4
[2024-08-07 12:31:46.147] [jointLog] [info] Fragment incompatibility prior below threshold.  Incompatible fragments will be ignored.
[2024-08-07 12:31:46.147] [jointLog] [info] Usage of --validateMappings implies use of minScoreFraction. Since not explicitly specified, it is being set to 0.65
[2024-08-07 12:31:46.147] [jointLog] [info] Setting consensusSlack to selective-alignment default of 0.35.
[2024-08-07 12:31:46.147] [jointLog] [info] parsing read library format
[2024-08-07 12:31:46.147] [jointLog] [info] There is 1 library.
[2024-08-07 12:31:46.545] [jointLog] [info] Loading pufferfish index
[2024-08-07 12:31:46.609] [jointLog] [info] Loading dense pufferfish index.
[2024-08-07 12:35:25.640] [jointLog] [info] done
[2024-08-07 12:35:25.640] [jointLog] [info] Index contained 251,744 targets
[2024-08-07 12:35:32.339] [jointLog] [info] Number of decoys : 194
[2024-08-07 12:35:32.339] [jointLog] [info] First decoy index : 251,509 
[2024-08-07 12:35:34.410] [jointLog] [info] Automatically detected most likely library type as ISR

[2024-08-07 12:58:19.459] [jointLog] [info] Thread saw mini-batch with a maximum of 1.08% zero probability fragments
[2024-08-07 12:58:19.502] [jointLog] [info] Thread saw mini-batch with a maximum of 1.06% zero probability fragments
[2024-08-07 12:58:19.567] [jointLog] [info] Thread saw mini-batch with a maximum of 1.00% zero probability fragments
[2024-08-07 12:58:19.567] [jointLog] [info] Thread saw mini-batch with a maximum of 1.00% zero probability fragments
[2024-08-07 12:58:20.306] [fileLog] [info] 
At end of round 0
==================
Observed 35638719 total fragments (35638719 in most recent round)

[2024-08-07 12:58:20.306] [jointLog] [info] Computed 395,375 rich equivalence classes for further processing
[2024-08-07 12:58:20.306] [jointLog] [info] Counted 31,345,986 total reads in the equivalence classes 
[2024-08-07 12:58:20.320] [jointLog] [info] Number of mappings discarded because of alignment score : 15,212,362
[2024-08-07 12:58:20.320] [jointLog] [info] Number of fragments entirely discarded because of alignment score : 2,471,075
[2024-08-07 12:58:20.320] [jointLog] [info] Number of fragments discarded because they are best-mapped to decoys : 1,836,123
[2024-08-07 12:58:20.320] [jointLog] [info] Number of fragments discarded because they have only dovetail (discordant) mappings to valid targets : 132,657
[2024-08-07 12:58:20.320] [jointLog] [info] Mapping rate = 87.9549%

[2024-08-07 12:58:20.320] [jointLog] [info] finished quantifyLibrary()
[2024-08-07 12:58:20.324] [jointLog] [info] Starting optimizer
[2024-08-07 12:58:20.885] [jointLog] [info] Marked 0 weighted equivalence classes as degenerate
[2024-08-07 12:58:20.964] [jointLog] [info] iteration = 0 | max rel diff. = 4626.53
[2024-08-07 12:58:21.587] [jointLog] [info] iteration 11, adjusting effective lengths to account for biases
[2024-08-07 13:02:31.634] [jointLog] [info] Computed expected counts (for bias correction)
[2024-08-07 13:02:31.635] [jointLog] [info] processed bias for 0.0% of the transcripts
[2024-08-07 13:03:00.976] [jointLog] [info] processed bias for 10.0% of the transcripts
[2024-08-07 13:03:25.871] [jointLog] [info] processed bias for 20.0% of the transcripts
[2024-08-07 13:03:51.283] [jointLog] [info] processed bias for 30.0% of the transcripts
[2024-08-07 13:04:18.945] [jointLog] [info] processed bias for 40.0% of the transcripts
[2024-08-07 13:04:46.988] [jointLog] [info] processed bias for 50.0% of the transcripts
[2024-08-07 13:05:12.239] [jointLog] [info] processed bias for 60.0% of the transcripts
[2024-08-07 13:05:39.395] [jointLog] [info] processed bias for 70.0% of the transcripts
[2024-08-07 13:06:04.566] [jointLog] [info] processed bias for 80.0% of the transcripts
[2024-08-07 13:06:30.454] [jointLog] [info] processed bias for 90.0% of the transcripts
[2024-08-07 13:06:57.163] [jointLog] [info] processed bias for 100.0% of the transcripts
[2024-08-07 13:07:02.711] [jointLog] [info] iteration = 100 | max rel diff. = 16.6195
[2024-08-07 13:07:09.471] [jointLog] [info] iteration = 200 | max rel diff. = 17.6607
[2024-08-07 13:07:16.122] [jointLog] [info] iteration = 300 | max rel diff. = 13.9549
[2024-08-07 13:07:22.602] [jointLog] [info] iteration = 400 | max rel diff. = 0.539506
[2024-08-07 13:07:29.761] [jointLog] [info] iteration = 500 | max rel diff. = 0.225916
[2024-08-07 13:07:36.521] [jointLog] [info] iteration = 600 | max rel diff. = 0.145294
[2024-08-07 13:07:43.717] [jointLog] [info] iteration = 700 | max rel diff. = 0.409481
[2024-08-07 13:07:52.662] [jointLog] [info] iteration = 800 | max rel diff. = 0.611597
[2024-08-07 13:08:01.064] [jointLog] [info] iteration = 900 | max rel diff. = 0.178332
[2024-08-07 13:08:07.289] [jointLog] [info] iteration = 1,000 | max rel diff. = 0.122819
[2024-08-07 13:08:13.376] [jointLog] [info] iteration = 1,100 | max rel diff. = 0.0304521
[2024-08-07 13:08:20.720] [jointLog] [info] iteration = 1,200 | max rel diff. = 0.620731
[2024-08-07 13:08:28.706] [jointLog] [info] iteration = 1,300 | max rel diff. = 0.0873626
[2024-08-07 13:08:34.574] [jointLog] [info] iteration = 1,400 | max rel diff. = 0.0300892
[2024-08-07 13:08:41.146] [jointLog] [info] iteration = 1,500 | max rel diff. = 0.0843252
[2024-08-07 13:08:48.009] [jointLog] [info] iteration = 1,600 | max rel diff. = 0.0334967
[2024-08-07 13:08:53.477] [jointLog] [info] iteration = 1,685 | max rel diff. = 0.00153503
[2024-08-07 13:08:53.639] [jointLog] [info] Finished optimizer
[2024-08-07 13:08:53.639] [jointLog] [info] writing output 

[2024-08-07 13:08:54.144] [jointLog] [info] Starting Bootstrapping
[2024-08-07 13:08:54.525] [jointLog] [info] Will draw 50 bootstrap samples
[2024-08-07 13:08:54.525] [jointLog] [info] Optimizing over 395,375 equivalence classes
[2024-08-07 13:08:54.678] [jointLog] [info] Marked 0 weighted equivalence classes as degenerate
[2024-08-07 13:11:21.094] [jointLog] [info] wrote 1 bootstraps
[2024-08-07 13:11:30.867] [jointLog] [info] wrote 2 bootstraps
[2024-08-07 13:11:49.753] [jointLog] [info] wrote 3 bootstraps
[2024-08-07 13:13:41.482] [jointLog] [info] wrote 4 bootstraps
[2024-08-07 13:13:49.624] [jointLog] [info] wrote 5 bootstraps
[2024-08-07 13:14:06.508] [jointLog] [info] wrote 6 bootstraps
[2024-08-07 13:16:10.591] [jointLog] [info] wrote 7 bootstraps
[2024-08-07 13:17:03.679] [jointLog] [info] wrote 8 bootstraps
[2024-08-07 13:17:29.231] [jointLog] [info] wrote 9 bootstraps
[2024-08-07 13:19:29.987] [jointLog] [info] wrote 10 bootstraps
[2024-08-07 13:19:47.649] [jointLog] [info] wrote 11 bootstraps
[2024-08-07 13:20:28.739] [jointLog] [info] wrote 12 bootstraps
[2024-08-07 13:22:08.087] [jointLog] [info] wrote 13 bootstraps
[2024-08-07 13:23:02.528] [jointLog] [info] wrote 14 bootstraps
[2024-08-07 13:23:04.265] [jointLog] [info] wrote 15 bootstraps
[2024-08-07 13:25:23.630] [jointLog] [info] wrote 16 bootstraps
[2024-08-07 13:25:35.723] [jointLog] [info] wrote 17 bootstraps
[2024-08-07 13:26:05.683] [jointLog] [info] wrote 18 bootstraps
[2024-08-07 13:27:17.786] [jointLog] [info] wrote 19 bootstraps
[2024-08-07 13:28:33.353] [jointLog] [info] wrote 20 bootstraps
[2024-08-07 13:28:39.382] [jointLog] [info] wrote 21 bootstraps
[2024-08-07 13:29:24.994] [jointLog] [info] wrote 22 bootstraps
[2024-08-07 13:31:01.090] [jointLog] [info] wrote 23 bootstraps
[2024-08-07 13:31:28.458] [jointLog] [info] wrote 24 bootstraps
[2024-08-07 13:31:43.296] [jointLog] [info] wrote 25 bootstraps
[2024-08-07 13:33:25.482] [jointLog] [info] wrote 26 bootstraps
[2024-08-07 13:34:34.980] [jointLog] [info] wrote 27 bootstraps
[2024-08-07 13:35:16.482] [jointLog] [info] wrote 28 bootstraps
[2024-08-07 13:35:50.253] [jointLog] [info] wrote 29 bootstraps
[2024-08-07 13:37:38.316] [jointLog] [info] wrote 30 bootstraps
[2024-08-07 13:38:16.049] [jointLog] [info] wrote 31 bootstraps
[2024-08-07 13:38:33.456] [jointLog] [info] wrote 32 bootstraps
[2024-08-07 13:39:45.404] [jointLog] [info] wrote 33 bootstraps
[2024-08-07 13:40:29.234] [jointLog] [info] wrote 34 bootstraps
[2024-08-07 13:40:37.219] [jointLog] [info] wrote 35 bootstraps
[2024-08-07 13:42:44.498] [jointLog] [info] wrote 36 bootstraps
[2024-08-07 13:43:22.564] [jointLog] [info] wrote 37 bootstraps
[2024-08-07 13:44:02.919] [jointLog] [info] wrote 38 bootstraps
[2024-08-07 13:45:14.195] [jointLog] [info] wrote 39 bootstraps
[2024-08-07 13:46:07.089] [jointLog] [info] wrote 40 bootstraps
[2024-08-07 13:47:07.563] [jointLog] [info] wrote 41 bootstraps
[2024-08-07 13:47:52.175] [jointLog] [info] wrote 42 bootstraps
[2024-08-07 13:49:14.587] [jointLog] [info] wrote 43 bootstraps
[2024-08-07 13:49:31.979] [jointLog] [info] wrote 44 bootstraps
[2024-08-07 13:50:57.742] [jointLog] [info] wrote 45 bootstraps
[2024-08-07 13:51:25.619] [jointLog] [info] wrote 46 bootstraps
[2024-08-07 13:52:09.008] [jointLog] [info] wrote 47 bootstraps
[2024-08-07 13:53:50.365] [jointLog] [info] wrote 48 bootstraps
[2024-08-07 13:54:02.708] [jointLog] [info] wrote 49 bootstraps
[2024-08-07 13:54:06.831] [jointLog] [info] wrote 50 bootstraps
[2024-08-07 13:54:06.866] [jointLog] [info] Finished Bootstrapping
[2024-08-07 13:54:06.866] [jointLog] [info] Computing gene-level abundance estimates
[2024-08-07 13:55:18.587] [jointLog] [info] There were 252416 transcripts mapping to 62696 genes
[2024-08-07 13:55:18.591] [jointLog] [info] NOTE: We recommend using tximport (https://bioconductor.org/packages/release/bioc/html/tximport.html) for aggregating transcript-level salmon abundance estimates to the gene level.  It is more versatile, exposes more features, and allows considering multi-sample information during aggregation.
[2024-08-07 13:55:20.037] [jointLog] [info] Aggregating expressions to gene level
[2024-08-07 13:55:20.466] [jointLog] [info] done
