[2024-08-07 04:51:01.924] [jointLog] [info] setting maxHashResizeThreads to 4
[2024-08-07 04:51:01.924] [jointLog] [info] Fragment incompatibility prior below threshold.  Incompatible fragments will be ignored.
[2024-08-07 04:51:01.924] [jointLog] [info] Usage of --validateMappings implies use of minScoreFraction. Since not explicitly specified, it is being set to 0.65
[2024-08-07 04:51:01.924] [jointLog] [info] Setting consensusSlack to selective-alignment default of 0.35.
[2024-08-07 04:51:01.924] [jointLog] [info] parsing read library format
[2024-08-07 04:51:01.925] [jointLog] [info] There is 1 library.
[2024-08-07 04:51:02.061] [jointLog] [info] Loading pufferfish index
[2024-08-07 04:51:02.061] [jointLog] [info] Loading dense pufferfish index.
[2024-08-07 04:52:09.144] [jointLog] [info] done
[2024-08-07 04:52:09.144] [jointLog] [info] Index contained 251,744 targets
[2024-08-07 04:52:12.246] [jointLog] [info] Number of decoys : 194
[2024-08-07 04:52:12.246] [jointLog] [info] First decoy index : 251,509 
[2024-08-07 04:52:13.708] [jointLog] [info] Automatically detected most likely library type as ISR

[2024-08-07 05:16:57.243] [jointLog] [info] Thread saw mini-batch with a maximum of 1.02% zero probability fragments
[2024-08-07 05:16:57.356] [jointLog] [info] Thread saw mini-batch with a maximum of 1.12% zero probability fragments
[2024-08-07 05:16:57.601] [jointLog] [info] Thread saw mini-batch with a maximum of 0.98% zero probability fragments
[2024-08-07 05:16:57.695] [jointLog] [info] Thread saw mini-batch with a maximum of 1.00% zero probability fragments
[2024-08-07 05:16:58.450] [fileLog] [info] 
At end of round 0
==================
Observed 37030795 total fragments (37030795 in most recent round)

[2024-08-07 05:16:58.445] [jointLog] [info] Computed 405,670 rich equivalence classes for further processing
[2024-08-07 05:16:58.445] [jointLog] [info] Counted 32,217,643 total reads in the equivalence classes 
[2024-08-07 05:16:58.466] [jointLog] [info] Number of mappings discarded because of alignment score : 15,501,794
[2024-08-07 05:16:58.466] [jointLog] [info] Number of fragments entirely discarded because of alignment score : 3,180,581
[2024-08-07 05:16:58.466] [jointLog] [info] Number of fragments discarded because they are best-mapped to decoys : 2,516,892
[2024-08-07 05:16:58.466] [jointLog] [info] Number of fragments discarded because they have only dovetail (discordant) mappings to valid targets : 112,595
[2024-08-07 05:16:58.466] [jointLog] [info] Mapping rate = 87.0023%

[2024-08-07 05:16:58.467] [jointLog] [info] finished quantifyLibrary()
[2024-08-07 05:16:58.492] [jointLog] [info] Starting optimizer
[2024-08-07 05:16:58.927] [jointLog] [info] Marked 0 weighted equivalence classes as degenerate
[2024-08-07 05:16:58.987] [jointLog] [info] iteration = 0 | max rel diff. = 4540.78
[2024-08-07 05:16:59.531] [jointLog] [info] iteration 11, adjusting effective lengths to account for biases
[2024-08-07 05:20:48.079] [jointLog] [info] Computed expected counts (for bias correction)
[2024-08-07 05:20:48.079] [jointLog] [info] processed bias for 0.0% of the transcripts
[2024-08-07 05:21:08.185] [jointLog] [info] processed bias for 10.0% of the transcripts
[2024-08-07 05:21:27.198] [jointLog] [info] processed bias for 20.0% of the transcripts
[2024-08-07 05:21:45.956] [jointLog] [info] processed bias for 30.0% of the transcripts
[2024-08-07 05:22:04.501] [jointLog] [info] processed bias for 40.0% of the transcripts
[2024-08-07 05:22:22.464] [jointLog] [info] processed bias for 50.0% of the transcripts
[2024-08-07 05:22:40.272] [jointLog] [info] processed bias for 60.0% of the transcripts
[2024-08-07 05:22:58.683] [jointLog] [info] processed bias for 70.0% of the transcripts
[2024-08-07 05:23:16.959] [jointLog] [info] processed bias for 80.0% of the transcripts
[2024-08-07 05:23:33.500] [jointLog] [info] processed bias for 90.0% of the transcripts
[2024-08-07 05:23:50.877] [jointLog] [info] processed bias for 100.0% of the transcripts
[2024-08-07 05:23:58.913] [jointLog] [info] iteration = 100 | max rel diff. = 15.4777
[2024-08-07 05:24:07.248] [jointLog] [info] iteration = 200 | max rel diff. = 20.4729
[2024-08-07 05:24:14.019] [jointLog] [info] iteration = 300 | max rel diff. = 1.57954
[2024-08-07 05:24:20.476] [jointLog] [info] iteration = 400 | max rel diff. = 1.54348
[2024-08-07 05:24:27.977] [jointLog] [info] iteration = 500 | max rel diff. = 0.32908
[2024-08-07 05:24:37.869] [jointLog] [info] iteration = 600 | max rel diff. = 1.45836
[2024-08-07 05:24:46.669] [jointLog] [info] iteration = 700 | max rel diff. = 0.530745
[2024-08-07 05:24:55.914] [jointLog] [info] iteration = 800 | max rel diff. = 0.134648
[2024-08-07 05:25:04.690] [jointLog] [info] iteration = 900 | max rel diff. = 0.278361
[2024-08-07 05:25:13.717] [jointLog] [info] iteration = 1,000 | max rel diff. = 1.27694
[2024-08-07 05:25:22.886] [jointLog] [info] iteration = 1,100 | max rel diff. = 0.386529
[2024-08-07 05:25:30.533] [jointLog] [info] iteration = 1,200 | max rel diff. = 0.0598551
[2024-08-07 05:25:40.354] [jointLog] [info] iteration = 1,300 | max rel diff. = 0.762217
[2024-08-07 05:25:48.289] [jointLog] [info] iteration = 1,398 | max rel diff. = 0.00664486
[2024-08-07 05:25:48.430] [jointLog] [info] Finished optimizer
[2024-08-07 05:25:48.430] [jointLog] [info] writing output 

[2024-08-07 05:25:48.972] [jointLog] [info] Starting Bootstrapping
[2024-08-07 05:25:49.190] [jointLog] [info] Will draw 50 bootstrap samples
[2024-08-07 05:25:49.190] [jointLog] [info] Optimizing over 405,670 equivalence classes
[2024-08-07 05:25:49.287] [jointLog] [info] Marked 0 weighted equivalence classes as degenerate
[2024-08-07 05:27:45.444] [jointLog] [info] wrote 1 bootstraps
[2024-08-07 05:27:54.679] [jointLog] [info] wrote 2 bootstraps
[2024-08-07 05:29:21.958] [jointLog] [info] wrote 3 bootstraps
[2024-08-07 05:29:56.123] [jointLog] [info] wrote 4 bootstraps
[2024-08-07 05:29:58.615] [jointLog] [info] wrote 5 bootstraps
[2024-08-07 05:32:16.579] [jointLog] [info] wrote 6 bootstraps
[2024-08-07 05:32:35.767] [jointLog] [info] wrote 7 bootstraps
[2024-08-07 05:33:17.786] [jointLog] [info] wrote 8 bootstraps
[2024-08-07 05:34:19.318] [jointLog] [info] wrote 9 bootstraps
[2024-08-07 05:34:32.515] [jointLog] [info] wrote 10 bootstraps
[2024-08-07 05:36:02.752] [jointLog] [info] wrote 11 bootstraps
[2024-08-07 05:36:24.748] [jointLog] [info] wrote 12 bootstraps
[2024-08-07 05:36:58.490] [jointLog] [info] wrote 13 bootstraps
[2024-08-07 05:37:50.797] [jointLog] [info] wrote 14 bootstraps
[2024-08-07 05:38:48.139] [jointLog] [info] wrote 15 bootstraps
[2024-08-07 05:39:55.758] [jointLog] [info] wrote 16 bootstraps
[2024-08-07 05:40:53.509] [jointLog] [info] wrote 17 bootstraps
[2024-08-07 05:41:03.036] [jointLog] [info] wrote 18 bootstraps
[2024-08-07 05:41:49.125] [jointLog] [info] wrote 19 bootstraps
[2024-08-07 05:43:05.766] [jointLog] [info] wrote 20 bootstraps
[2024-08-07 05:44:11.457] [jointLog] [info] wrote 21 bootstraps
[2024-08-07 05:44:23.688] [jointLog] [info] wrote 22 bootstraps
[2024-08-07 05:44:52.125] [jointLog] [info] wrote 23 bootstraps
[2024-08-07 05:45:37.120] [jointLog] [info] wrote 24 bootstraps
[2024-08-07 05:46:20.495] [jointLog] [info] wrote 25 bootstraps
[2024-08-07 05:47:07.037] [jointLog] [info] wrote 26 bootstraps
[2024-08-07 05:47:33.710] [jointLog] [info] wrote 27 bootstraps
[2024-08-07 05:48:05.758] [jointLog] [info] wrote 28 bootstraps
[2024-08-07 05:49:21.305] [jointLog] [info] wrote 29 bootstraps
[2024-08-07 05:49:47.256] [jointLog] [info] wrote 30 bootstraps
[2024-08-07 05:50:26.459] [jointLog] [info] wrote 31 bootstraps
[2024-08-07 05:50:50.571] [jointLog] [info] wrote 32 bootstraps
[2024-08-07 05:50:59.943] [jointLog] [info] wrote 33 bootstraps
[2024-08-07 05:52:18.460] [jointLog] [info] wrote 34 bootstraps
[2024-08-07 05:53:24.341] [jointLog] [info] wrote 35 bootstraps
[2024-08-07 05:54:53.515] [jointLog] [info] wrote 36 bootstraps
[2024-08-07 05:55:19.772] [jointLog] [info] wrote 37 bootstraps
[2024-08-07 05:55:37.636] [jointLog] [info] wrote 38 bootstraps
[2024-08-07 05:56:50.818] [jointLog] [info] wrote 39 bootstraps
[2024-08-07 05:56:51.416] [jointLog] [info] wrote 40 bootstraps
[2024-08-07 05:57:12.407] [jointLog] [info] wrote 41 bootstraps
[2024-08-07 05:59:12.422] [jointLog] [info] wrote 42 bootstraps
[2024-08-07 05:59:17.778] [jointLog] [info] wrote 43 bootstraps
[2024-08-07 06:00:54.618] [jointLog] [info] wrote 44 bootstraps
[2024-08-07 06:01:40.519] [jointLog] [info] wrote 45 bootstraps
[2024-08-07 06:01:41.493] [jointLog] [info] wrote 46 bootstraps
[2024-08-07 06:02:12.352] [jointLog] [info] wrote 47 bootstraps
[2024-08-07 06:05:18.432] [jointLog] [info] wrote 48 bootstraps
[2024-08-07 06:05:20.799] [jointLog] [info] wrote 49 bootstraps
[2024-08-07 06:05:22.929] [jointLog] [info] wrote 50 bootstraps
[2024-08-07 06:05:23.027] [jointLog] [info] Finished Bootstrapping
[2024-08-07 06:05:23.027] [jointLog] [info] Computing gene-level abundance estimates
[2024-08-07 06:06:13.647] [jointLog] [info] There were 252416 transcripts mapping to 62696 genes
[2024-08-07 06:06:13.648] [jointLog] [info] NOTE: We recommend using tximport (https://bioconductor.org/packages/release/bioc/html/tximport.html) for aggregating transcript-level salmon abundance estimates to the gene level.  It is more versatile, exposes more features, and allows considering multi-sample information during aggregation.
[2024-08-07 06:06:14.105] [jointLog] [info] Aggregating expressions to gene level
[2024-08-07 06:06:14.335] [jointLog] [info] done
