[2024-08-07 02:42:55.373] [jointLog] [info] setting maxHashResizeThreads to 4
[2024-08-07 02:42:55.373] [jointLog] [info] Fragment incompatibility prior below threshold.  Incompatible fragments will be ignored.
[2024-08-07 02:42:55.373] [jointLog] [info] Usage of --validateMappings implies use of minScoreFraction. Since not explicitly specified, it is being set to 0.65
[2024-08-07 02:42:55.373] [jointLog] [info] Setting consensusSlack to selective-alignment default of 0.35.
[2024-08-07 02:42:55.373] [jointLog] [info] parsing read library format
[2024-08-07 02:42:55.373] [jointLog] [info] There is 1 library.
[2024-08-07 02:42:55.497] [jointLog] [info] Loading pufferfish index
[2024-08-07 02:42:55.497] [jointLog] [info] Loading dense pufferfish index.
[2024-08-07 02:43:31.517] [jointLog] [info] done
[2024-08-07 02:43:31.517] [jointLog] [info] Index contained 251,744 targets
[2024-08-07 02:43:34.834] [jointLog] [info] Number of decoys : 194
[2024-08-07 02:43:34.834] [jointLog] [info] First decoy index : 251,509 
[2024-08-07 02:43:36.177] [jointLog] [info] Automatically detected most likely library type as ISR

[2024-08-07 03:10:04.724] [jointLog] [info] Thread saw mini-batch with a maximum of 1.14% zero probability fragments
[2024-08-07 03:10:04.805] [jointLog] [info] Thread saw mini-batch with a maximum of 1.12% zero probability fragments
[2024-08-07 03:10:04.875] [jointLog] [info] Thread saw mini-batch with a maximum of 1.16% zero probability fragments
[2024-08-07 03:10:05.065] [jointLog] [info] Thread saw mini-batch with a maximum of 1.26% zero probability fragments
[2024-08-07 03:10:05.620] [jointLog] [info] Computed 484,337 rich equivalence classes for further processing
[2024-08-07 03:10:05.620] [jointLog] [info] Counted 39,530,763 total reads in the equivalence classes 
[2024-08-07 03:10:05.625] [jointLog] [info] Number of mappings discarded because of alignment score : 23,487,670
[2024-08-07 03:10:05.625] [jointLog] [info] Number of fragments entirely discarded because of alignment score : 3,995,565
[2024-08-07 03:10:05.625] [jointLog] [info] Number of fragments discarded because they are best-mapped to decoys : 2,737,528
[2024-08-07 03:10:05.625] [jointLog] [info] Number of fragments discarded because they have only dovetail (discordant) mappings to valid targets : 155,961
[2024-08-07 03:10:05.625] [jointLog] [info] Mapping rate = 83.5184%

[2024-08-07 03:10:05.625] [jointLog] [info] finished quantifyLibrary()
[2024-08-07 03:10:05.648] [jointLog] [info] Starting optimizer
[2024-08-07 03:10:05.621] [fileLog] [info] 
At end of round 0
==================
Observed 47331776 total fragments (47331776 in most recent round)

[2024-08-07 03:10:05.956] [jointLog] [info] Marked 0 weighted equivalence classes as degenerate
[2024-08-07 03:10:06.018] [jointLog] [info] iteration = 0 | max rel diff. = 3264.74
[2024-08-07 03:10:06.469] [jointLog] [info] iteration 11, adjusting effective lengths to account for biases
[2024-08-07 03:14:14.774] [jointLog] [info] Computed expected counts (for bias correction)
[2024-08-07 03:14:14.775] [jointLog] [info] processed bias for 0.0% of the transcripts
[2024-08-07 03:14:36.185] [jointLog] [info] processed bias for 10.0% of the transcripts
[2024-08-07 03:14:56.025] [jointLog] [info] processed bias for 20.0% of the transcripts
[2024-08-07 03:15:15.700] [jointLog] [info] processed bias for 30.0% of the transcripts
[2024-08-07 03:15:35.037] [jointLog] [info] processed bias for 40.0% of the transcripts
[2024-08-07 03:15:54.063] [jointLog] [info] processed bias for 50.0% of the transcripts
[2024-08-07 03:16:13.346] [jointLog] [info] processed bias for 60.0% of the transcripts
[2024-08-07 03:16:31.806] [jointLog] [info] processed bias for 70.0% of the transcripts
[2024-08-07 03:16:50.837] [jointLog] [info] processed bias for 80.0% of the transcripts
[2024-08-07 03:17:09.839] [jointLog] [info] processed bias for 90.0% of the transcripts
[2024-08-07 03:17:27.479] [jointLog] [info] processed bias for 100.0% of the transcripts
[2024-08-07 03:17:31.743] [jointLog] [info] iteration = 100 | max rel diff. = 14.4047
[2024-08-07 03:17:36.633] [jointLog] [info] iteration = 200 | max rel diff. = 13.0118
[2024-08-07 03:17:41.502] [jointLog] [info] iteration = 300 | max rel diff. = 6.72906
[2024-08-07 03:17:46.521] [jointLog] [info] iteration = 400 | max rel diff. = 0.45389
[2024-08-07 03:17:51.518] [jointLog] [info] iteration = 500 | max rel diff. = 1.01247
[2024-08-07 03:17:56.544] [jointLog] [info] iteration = 600 | max rel diff. = 0.214543
[2024-08-07 03:18:01.527] [jointLog] [info] iteration = 700 | max rel diff. = 5.50108
[2024-08-07 03:18:06.516] [jointLog] [info] iteration = 800 | max rel diff. = 0.324548
[2024-08-07 03:18:11.488] [jointLog] [info] iteration = 900 | max rel diff. = 0.626334
[2024-08-07 03:18:16.419] [jointLog] [info] iteration = 1,000 | max rel diff. = 0.768441
[2024-08-07 03:18:21.301] [jointLog] [info] iteration = 1,100 | max rel diff. = 0.0684186
[2024-08-07 03:18:22.886] [jointLog] [info] iteration = 1,134 | max rel diff. = 0.00808911
[2024-08-07 03:18:22.951] [jointLog] [info] Finished optimizer
[2024-08-07 03:18:22.951] [jointLog] [info] writing output 

[2024-08-07 03:18:23.415] [jointLog] [info] Starting Bootstrapping
[2024-08-07 03:18:23.593] [jointLog] [info] Will draw 50 bootstrap samples
[2024-08-07 03:18:23.593] [jointLog] [info] Optimizing over 484,337 equivalence classes
[2024-08-07 03:18:23.648] [jointLog] [info] Marked 0 weighted equivalence classes as degenerate
[2024-08-07 03:19:53.995] [jointLog] [info] wrote 1 bootstraps
[2024-08-07 03:19:56.209] [jointLog] [info] wrote 2 bootstraps
[2024-08-07 03:20:31.431] [jointLog] [info] wrote 3 bootstraps
[2024-08-07 03:21:37.073] [jointLog] [info] wrote 4 bootstraps
[2024-08-07 03:22:01.132] [jointLog] [info] wrote 5 bootstraps
[2024-08-07 03:22:08.107] [jointLog] [info] wrote 6 bootstraps
[2024-08-07 03:23:15.716] [jointLog] [info] wrote 7 bootstraps
[2024-08-07 03:23:42.598] [jointLog] [info] wrote 8 bootstraps
[2024-08-07 03:23:43.017] [jointLog] [info] wrote 9 bootstraps
[2024-08-07 03:24:54.326] [jointLog] [info] wrote 10 bootstraps
[2024-08-07 03:25:19.663] [jointLog] [info] wrote 11 bootstraps
[2024-08-07 03:25:45.578] [jointLog] [info] wrote 12 bootstraps
[2024-08-07 03:26:41.472] [jointLog] [info] wrote 13 bootstraps
[2024-08-07 03:26:51.737] [jointLog] [info] wrote 14 bootstraps
[2024-08-07 03:27:41.105] [jointLog] [info] wrote 15 bootstraps
[2024-08-07 03:28:25.338] [jointLog] [info] wrote 16 bootstraps
[2024-08-07 03:28:38.361] [jointLog] [info] wrote 17 bootstraps
[2024-08-07 03:29:38.360] [jointLog] [info] wrote 18 bootstraps
[2024-08-07 03:30:30.927] [jointLog] [info] wrote 19 bootstraps
[2024-08-07 03:30:38.524] [jointLog] [info] wrote 20 bootstraps
[2024-08-07 03:31:06.935] [jointLog] [info] wrote 21 bootstraps
[2024-08-07 03:32:04.780] [jointLog] [info] wrote 22 bootstraps
[2024-08-07 03:32:39.610] [jointLog] [info] wrote 23 bootstraps
[2024-08-07 03:33:33.822] [jointLog] [info] wrote 24 bootstraps
[2024-08-07 03:33:34.415] [jointLog] [info] wrote 25 bootstraps
[2024-08-07 03:34:25.188] [jointLog] [info] wrote 26 bootstraps
[2024-08-07 03:35:35.270] [jointLog] [info] wrote 27 bootstraps
[2024-08-07 03:35:37.103] [jointLog] [info] wrote 28 bootstraps
[2024-08-07 03:36:30.686] [jointLog] [info] wrote 29 bootstraps
[2024-08-07 03:37:15.556] [jointLog] [info] wrote 30 bootstraps
[2024-08-07 03:37:43.686] [jointLog] [info] wrote 31 bootstraps
[2024-08-07 03:38:17.182] [jointLog] [info] wrote 32 bootstraps
[2024-08-07 03:39:14.079] [jointLog] [info] wrote 33 bootstraps
[2024-08-07 03:39:42.263] [jointLog] [info] wrote 34 bootstraps
[2024-08-07 03:40:13.561] [jointLog] [info] wrote 35 bootstraps
[2024-08-07 03:40:57.948] [jointLog] [info] wrote 36 bootstraps
[2024-08-07 03:41:19.023] [jointLog] [info] wrote 37 bootstraps
[2024-08-07 03:41:49.109] [jointLog] [info] wrote 38 bootstraps
[2024-08-07 03:43:00.455] [jointLog] [info] wrote 39 bootstraps
[2024-08-07 03:43:04.029] [jointLog] [info] wrote 40 bootstraps
[2024-08-07 03:43:51.353] [jointLog] [info] wrote 41 bootstraps
[2024-08-07 03:44:59.190] [jointLog] [info] wrote 42 bootstraps
[2024-08-07 03:44:59.245] [jointLog] [info] wrote 43 bootstraps
[2024-08-07 03:45:55.560] [jointLog] [info] wrote 44 bootstraps
[2024-08-07 03:46:22.323] [jointLog] [info] wrote 45 bootstraps
[2024-08-07 03:46:45.966] [jointLog] [info] wrote 46 bootstraps
[2024-08-07 03:47:51.927] [jointLog] [info] wrote 47 bootstraps
[2024-08-07 03:48:06.447] [jointLog] [info] wrote 48 bootstraps
[2024-08-07 03:48:15.034] [jointLog] [info] wrote 49 bootstraps
[2024-08-07 03:49:16.714] [jointLog] [info] wrote 50 bootstraps
[2024-08-07 03:49:16.781] [jointLog] [info] Finished Bootstrapping
[2024-08-07 03:49:16.781] [jointLog] [info] Computing gene-level abundance estimates
[2024-08-07 03:50:06.170] [jointLog] [info] There were 252416 transcripts mapping to 62696 genes
[2024-08-07 03:50:06.173] [jointLog] [info] NOTE: We recommend using tximport (https://bioconductor.org/packages/release/bioc/html/tximport.html) for aggregating transcript-level salmon abundance estimates to the gene level.  It is more versatile, exposes more features, and allows considering multi-sample information during aggregation.
[2024-08-07 03:50:06.612] [jointLog] [info] Aggregating expressions to gene level
[2024-08-07 03:50:06.789] [jointLog] [info] done
