[2024-10-18 20:14:05.782] [jointLog] [info] setting maxHashResizeThreads to 4
[2024-10-18 20:14:05.782] [jointLog] [info] Fragment incompatibility prior below threshold.  Incompatible fragments will be ignored.
[2024-10-18 20:14:05.782] [jointLog] [info] Usage of --validateMappings implies use of minScoreFraction. Since not explicitly specified, it is being set to 0.65
[2024-10-18 20:14:05.782] [jointLog] [info] Setting consensusSlack to selective-alignment default of 0.35.
[2024-10-18 20:14:05.782] [jointLog] [info] parsing read library format
[2024-10-18 20:14:05.782] [jointLog] [info] There is 1 library.
[2024-10-18 20:14:05.833] [jointLog] [info] Loading pufferfish index
[2024-10-18 20:14:05.834] [jointLog] [info] Loading dense pufferfish index.
[2024-10-18 20:14:49.960] [jointLog] [info] done
[2024-10-18 20:14:49.960] [jointLog] [info] Index contained 251,744 targets
[2024-10-18 20:14:53.756] [jointLog] [info] Number of decoys : 194
[2024-10-18 20:14:53.756] [jointLog] [info] First decoy index : 251,509 
[2024-10-18 20:14:55.992] [jointLog] [info] Automatically detected most likely library type as ISR

[2024-10-18 20:51:14.942] [jointLog] [info] Thread saw mini-batch with a maximum of 3.90% zero probability fragments
[2024-10-18 20:51:15.333] [jointLog] [info] Thread saw mini-batch with a maximum of 4.08% zero probability fragments
[2024-10-18 20:51:15.349] [jointLog] [info] Thread saw mini-batch with a maximum of 3.90% zero probability fragments
[2024-10-18 20:51:15.491] [jointLog] [info] Thread saw mini-batch with a maximum of 3.96% zero probability fragments
[2024-10-18 20:51:15.767] [jointLog] [info] Computed 210,560 rich equivalence classes for further processing
[2024-10-18 20:51:15.767] [jointLog] [info] Counted 24,572,099 total reads in the equivalence classes 
[2024-10-18 20:51:15.775] [jointLog] [info] Number of mappings discarded because of alignment score : 20,356,301
[2024-10-18 20:51:15.775] [jointLog] [info] Number of fragments entirely discarded because of alignment score : 5,104,996
[2024-10-18 20:51:15.775] [jointLog] [info] Number of fragments discarded because they are best-mapped to decoys : 4,400,513
[2024-10-18 20:51:15.775] [jointLog] [info] Number of fragments discarded because they have only dovetail (discordant) mappings to valid targets : 298,081
[2024-10-18 20:51:15.776] [jointLog] [info] Mapping rate = 43.3979%

[2024-10-18 20:51:15.776] [jointLog] [info] finished quantifyLibrary()
[2024-10-18 20:51:15.777] [jointLog] [info] Starting optimizer
[2024-10-18 20:51:15.768] [fileLog] [info] 
At end of round 0
==================
Observed 56620515 total fragments (56620515 in most recent round)

[2024-10-18 20:51:16.012] [jointLog] [info] Marked 0 weighted equivalence classes as degenerate
[2024-10-18 20:51:16.051] [jointLog] [info] iteration = 0 | max rel diff. = 4964.69
[2024-10-18 20:51:16.422] [jointLog] [info] iteration 11, adjusting effective lengths to account for biases
[2024-10-18 20:53:37.195] [jointLog] [info] Computed expected counts (for bias correction)
[2024-10-18 20:53:37.195] [jointLog] [info] processed bias for 0.0% of the transcripts
[2024-10-18 20:53:50.140] [jointLog] [info] processed bias for 10.0% of the transcripts
[2024-10-18 20:54:02.017] [jointLog] [info] processed bias for 20.0% of the transcripts
[2024-10-18 20:54:13.852] [jointLog] [info] processed bias for 30.0% of the transcripts
[2024-10-18 20:54:25.543] [jointLog] [info] processed bias for 40.0% of the transcripts
[2024-10-18 20:54:37.319] [jointLog] [info] processed bias for 50.0% of the transcripts
[2024-10-18 20:54:49.273] [jointLog] [info] processed bias for 60.0% of the transcripts
[2024-10-18 20:55:00.372] [jointLog] [info] processed bias for 70.0% of the transcripts
[2024-10-18 20:55:10.350] [jointLog] [info] processed bias for 80.0% of the transcripts
[2024-10-18 20:55:20.613] [jointLog] [info] processed bias for 90.0% of the transcripts
[2024-10-18 20:55:31.531] [jointLog] [info] processed bias for 100.0% of the transcripts
[2024-10-18 20:55:34.592] [jointLog] [info] iteration = 100 | max rel diff. = 15.5829
[2024-10-18 20:55:38.053] [jointLog] [info] iteration = 200 | max rel diff. = 18.1053
[2024-10-18 20:55:41.462] [jointLog] [info] iteration = 300 | max rel diff. = 5.65601
[2024-10-18 20:55:44.863] [jointLog] [info] iteration = 400 | max rel diff. = 17.909
[2024-10-18 20:55:48.291] [jointLog] [info] iteration = 500 | max rel diff. = 0.338583
[2024-10-18 20:55:51.680] [jointLog] [info] iteration = 600 | max rel diff. = 0.299813
[2024-10-18 20:55:55.106] [jointLog] [info] iteration = 700 | max rel diff. = 1.86219
[2024-10-18 20:55:58.477] [jointLog] [info] iteration = 800 | max rel diff. = 0.126082
[2024-10-18 20:56:01.833] [jointLog] [info] iteration = 900 | max rel diff. = 0.131568
[2024-10-18 20:56:05.249] [jointLog] [info] iteration = 1,000 | max rel diff. = 0.137928
[2024-10-18 20:56:08.680] [jointLog] [info] iteration = 1,100 | max rel diff. = 7.8509
[2024-10-18 20:56:12.047] [jointLog] [info] iteration = 1,200 | max rel diff. = 0.0240343
[2024-10-18 20:56:15.433] [jointLog] [info] iteration = 1,300 | max rel diff. = 0.0350893
[2024-10-18 20:56:18.881] [jointLog] [info] iteration = 1,400 | max rel diff. = 0.0697809
[2024-10-18 20:56:21.252] [jointLog] [info] iteration = 1,472 | max rel diff. = 0.00856713
[2024-10-18 20:56:21.324] [jointLog] [info] Finished optimizer
[2024-10-18 20:56:21.324] [jointLog] [info] writing output 

[2024-10-18 20:56:22.105] [jointLog] [info] Starting Bootstrapping
[2024-10-18 20:56:22.238] [jointLog] [info] Will draw 50 bootstrap samples
[2024-10-18 20:56:22.238] [jointLog] [info] Optimizing over 210,560 equivalence classes
[2024-10-18 20:56:22.270] [jointLog] [info] Marked 0 weighted equivalence classes as degenerate
[2024-10-18 20:57:30.715] [jointLog] [info] wrote 1 bootstraps
[2024-10-18 20:57:33.213] [jointLog] [info] wrote 2 bootstraps
[2024-10-18 20:57:36.536] [jointLog] [info] wrote 3 bootstraps
[2024-10-18 20:58:39.419] [jointLog] [info] wrote 4 bootstraps
[2024-10-18 20:58:40.942] [jointLog] [info] wrote 5 bootstraps
[2024-10-18 20:58:53.180] [jointLog] [info] wrote 6 bootstraps
[2024-10-18 20:59:45.259] [jointLog] [info] wrote 7 bootstraps
[2024-10-18 20:59:50.398] [jointLog] [info] wrote 8 bootstraps
[2024-10-18 21:00:04.726] [jointLog] [info] wrote 9 bootstraps
[2024-10-18 21:00:54.702] [jointLog] [info] wrote 10 bootstraps
[2024-10-18 21:01:00.369] [jointLog] [info] wrote 11 bootstraps
[2024-10-18 21:01:15.282] [jointLog] [info] wrote 12 bootstraps
[2024-10-18 21:02:11.584] [jointLog] [info] wrote 13 bootstraps
[2024-10-18 21:02:20.737] [jointLog] [info] wrote 14 bootstraps
[2024-10-18 21:02:30.475] [jointLog] [info] wrote 15 bootstraps
[2024-10-18 21:03:06.018] [jointLog] [info] wrote 16 bootstraps
[2024-10-18 21:03:28.952] [jointLog] [info] wrote 17 bootstraps
[2024-10-18 21:03:37.331] [jointLog] [info] wrote 18 bootstraps
[2024-10-18 21:04:20.715] [jointLog] [info] wrote 19 bootstraps
[2024-10-18 21:04:26.093] [jointLog] [info] wrote 20 bootstraps
[2024-10-18 21:04:48.001] [jointLog] [info] wrote 21 bootstraps
[2024-10-18 21:05:28.104] [jointLog] [info] wrote 22 bootstraps
[2024-10-18 21:05:30.033] [jointLog] [info] wrote 23 bootstraps
[2024-10-18 21:05:54.538] [jointLog] [info] wrote 24 bootstraps
[2024-10-18 21:06:32.644] [jointLog] [info] wrote 25 bootstraps
[2024-10-18 21:06:37.083] [jointLog] [info] wrote 26 bootstraps
[2024-10-18 21:07:09.595] [jointLog] [info] wrote 27 bootstraps
[2024-10-18 21:07:35.082] [jointLog] [info] wrote 28 bootstraps
[2024-10-18 21:07:52.473] [jointLog] [info] wrote 29 bootstraps
[2024-10-18 21:08:18.024] [jointLog] [info] wrote 30 bootstraps
[2024-10-18 21:08:41.877] [jointLog] [info] wrote 31 bootstraps
[2024-10-18 21:08:44.756] [jointLog] [info] wrote 32 bootstraps
[2024-10-18 21:09:26.083] [jointLog] [info] wrote 33 bootstraps
[2024-10-18 21:09:49.107] [jointLog] [info] wrote 34 bootstraps
[2024-10-18 21:09:52.815] [jointLog] [info] wrote 35 bootstraps
[2024-10-18 21:10:30.558] [jointLog] [info] wrote 36 bootstraps
[2024-10-18 21:10:59.615] [jointLog] [info] wrote 37 bootstraps
[2024-10-18 21:11:03.918] [jointLog] [info] wrote 38 bootstraps
[2024-10-18 21:11:41.221] [jointLog] [info] wrote 39 bootstraps
[2024-10-18 21:12:07.612] [jointLog] [info] wrote 40 bootstraps
[2024-10-18 21:12:08.665] [jointLog] [info] wrote 41 bootstraps
[2024-10-18 21:12:47.813] [jointLog] [info] wrote 42 bootstraps
[2024-10-18 21:13:12.807] [jointLog] [info] wrote 43 bootstraps
[2024-10-18 21:13:33.332] [jointLog] [info] wrote 44 bootstraps
[2024-10-18 21:13:59.001] [jointLog] [info] wrote 45 bootstraps
[2024-10-18 21:14:27.389] [jointLog] [info] wrote 46 bootstraps
[2024-10-18 21:14:46.546] [jointLog] [info] wrote 47 bootstraps
[2024-10-18 21:15:26.045] [jointLog] [info] wrote 48 bootstraps
[2024-10-18 21:15:43.929] [jointLog] [info] wrote 49 bootstraps
[2024-10-18 21:16:23.574] [jointLog] [info] wrote 50 bootstraps
[2024-10-18 21:16:23.614] [jointLog] [info] Finished Bootstrapping
[2024-10-18 21:16:23.614] [jointLog] [info] Computing gene-level abundance estimates
[2024-10-18 21:17:35.224] [jointLog] [info] There were 252416 transcripts mapping to 62696 genes
[2024-10-18 21:17:35.228] [jointLog] [info] NOTE: We recommend using tximport (https://bioconductor.org/packages/release/bioc/html/tximport.html) for aggregating transcript-level salmon abundance estimates to the gene level.  It is more versatile, exposes more features, and allows considering multi-sample information during aggregation.
[2024-10-18 21:17:37.599] [jointLog] [info] Aggregating expressions to gene level
[2024-10-18 21:17:43.415] [jointLog] [info] done
