[2024-08-07 08:50:47.270] [jointLog] [info] setting maxHashResizeThreads to 4
[2024-08-07 08:50:47.270] [jointLog] [info] Fragment incompatibility prior below threshold.  Incompatible fragments will be ignored.
[2024-08-07 08:50:47.270] [jointLog] [info] Usage of --validateMappings implies use of minScoreFraction. Since not explicitly specified, it is being set to 0.65
[2024-08-07 08:50:47.270] [jointLog] [info] Setting consensusSlack to selective-alignment default of 0.35.
[2024-08-07 08:50:47.270] [jointLog] [info] parsing read library format
[2024-08-07 08:50:47.270] [jointLog] [info] There is 1 library.
[2024-08-07 08:50:47.388] [jointLog] [info] Loading pufferfish index
[2024-08-07 08:50:47.389] [jointLog] [info] Loading dense pufferfish index.
[2024-08-07 08:51:28.415] [jointLog] [info] done
[2024-08-07 08:51:28.415] [jointLog] [info] Index contained 251,744 targets
[2024-08-07 08:51:31.929] [jointLog] [info] Number of decoys : 194
[2024-08-07 08:51:31.929] [jointLog] [info] First decoy index : 251,509 
[2024-08-07 08:51:33.331] [jointLog] [info] Automatically detected most likely library type as ISR

[2024-08-07 09:11:00.377] [jointLog] [info] Thread saw mini-batch with a maximum of 1.00% zero probability fragments
[2024-08-07 09:11:00.552] [jointLog] [info] Thread saw mini-batch with a maximum of 0.98% zero probability fragments
[2024-08-07 09:11:00.653] [jointLog] [info] Thread saw mini-batch with a maximum of 0.92% zero probability fragments
[2024-08-07 09:11:00.905] [jointLog] [info] Thread saw mini-batch with a maximum of 0.98% zero probability fragments
[2024-08-07 09:11:01.308] [jointLog] [info] Computed 403,992 rich equivalence classes for further processing
[2024-08-07 09:11:01.308] [jointLog] [info] Counted 35,277,590 total reads in the equivalence classes 
[2024-08-07 09:11:01.312] [jointLog] [info] Number of mappings discarded because of alignment score : 19,598,674
[2024-08-07 09:11:01.312] [jointLog] [info] Number of fragments entirely discarded because of alignment score : 2,764,825
[2024-08-07 09:11:01.312] [jointLog] [info] Number of fragments discarded because they are best-mapped to decoys : 1,908,312
[2024-08-07 09:11:01.312] [jointLog] [info] Number of fragments discarded because they have only dovetail (discordant) mappings to valid targets : 142,110
[2024-08-07 09:11:01.312] [jointLog] [info] Mapping rate = 86.7412%

[2024-08-07 09:11:01.312] [jointLog] [info] finished quantifyLibrary()
[2024-08-07 09:11:01.313] [jointLog] [info] Starting optimizer
[2024-08-07 09:11:01.554] [jointLog] [info] Marked 0 weighted equivalence classes as degenerate
[2024-08-07 09:11:01.601] [jointLog] [info] iteration = 0 | max rel diff. = 4117.45
[2024-08-07 09:11:01.308] [fileLog] [info] 
At end of round 0
==================
Observed 40669925 total fragments (40669925 in most recent round)

[2024-08-07 09:11:02.010] [jointLog] [info] iteration 11, adjusting effective lengths to account for biases
[2024-08-07 09:14:55.427] [jointLog] [info] Computed expected counts (for bias correction)
[2024-08-07 09:14:55.428] [jointLog] [info] processed bias for 0.0% of the transcripts
[2024-08-07 09:15:16.120] [jointLog] [info] processed bias for 10.0% of the transcripts
[2024-08-07 09:15:34.564] [jointLog] [info] processed bias for 20.0% of the transcripts
[2024-08-07 09:15:52.523] [jointLog] [info] processed bias for 30.0% of the transcripts
[2024-08-07 09:16:11.199] [jointLog] [info] processed bias for 40.0% of the transcripts
[2024-08-07 09:16:28.477] [jointLog] [info] processed bias for 50.0% of the transcripts
[2024-08-07 09:16:45.669] [jointLog] [info] processed bias for 60.0% of the transcripts
[2024-08-07 09:17:03.852] [jointLog] [info] processed bias for 70.0% of the transcripts
[2024-08-07 09:17:22.644] [jointLog] [info] processed bias for 80.0% of the transcripts
[2024-08-07 09:17:43.012] [jointLog] [info] processed bias for 90.0% of the transcripts
[2024-08-07 09:18:01.015] [jointLog] [info] processed bias for 100.0% of the transcripts
[2024-08-07 09:18:05.122] [jointLog] [info] iteration = 100 | max rel diff. = 18.1941
[2024-08-07 09:18:09.790] [jointLog] [info] iteration = 200 | max rel diff. = 3.55793
[2024-08-07 09:18:14.456] [jointLog] [info] iteration = 300 | max rel diff. = 13.3161
[2024-08-07 09:18:18.946] [jointLog] [info] iteration = 400 | max rel diff. = 0.509892
[2024-08-07 09:18:23.609] [jointLog] [info] iteration = 500 | max rel diff. = 1.73494
[2024-08-07 09:18:28.156] [jointLog] [info] iteration = 600 | max rel diff. = 2.03444
[2024-08-07 09:18:32.646] [jointLog] [info] iteration = 700 | max rel diff. = 3.06519
[2024-08-07 09:18:37.135] [jointLog] [info] iteration = 800 | max rel diff. = 2.55473
[2024-08-07 09:18:41.641] [jointLog] [info] iteration = 900 | max rel diff. = 3.45748
[2024-08-07 09:18:46.074] [jointLog] [info] iteration = 1,000 | max rel diff. = 1.76863
[2024-08-07 09:18:50.596] [jointLog] [info] iteration = 1,100 | max rel diff. = 0.0248303
[2024-08-07 09:18:55.087] [jointLog] [info] iteration = 1,200 | max rel diff. = 0.744691
[2024-08-07 09:18:59.573] [jointLog] [info] iteration = 1,300 | max rel diff. = 0.0365411
[2024-08-07 09:19:04.171] [jointLog] [info] iteration = 1,400 | max rel diff. = 0.0487746
[2024-08-07 09:19:08.607] [jointLog] [info] iteration = 1,500 | max rel diff. = 1.53868
[2024-08-07 09:19:13.186] [jointLog] [info] iteration = 1,600 | max rel diff. = 0.0249486
[2024-08-07 09:19:16.471] [jointLog] [info] iteration = 1,673 | max rel diff. = 0.00259939
[2024-08-07 09:19:16.545] [jointLog] [info] Finished optimizer
[2024-08-07 09:19:16.545] [jointLog] [info] writing output 

[2024-08-07 09:19:17.149] [jointLog] [info] Starting Bootstrapping
[2024-08-07 09:19:17.394] [jointLog] [info] Will draw 50 bootstrap samples
[2024-08-07 09:19:17.394] [jointLog] [info] Optimizing over 403,992 equivalence classes
[2024-08-07 09:19:17.453] [jointLog] [info] Marked 0 weighted equivalence classes as degenerate
[2024-08-07 09:20:59.300] [jointLog] [info] wrote 1 bootstraps
[2024-08-07 09:21:06.689] [jointLog] [info] wrote 2 bootstraps
[2024-08-07 09:21:07.587] [jointLog] [info] wrote 3 bootstraps
[2024-08-07 09:22:50.827] [jointLog] [info] wrote 4 bootstraps
[2024-08-07 09:22:51.169] [jointLog] [info] wrote 5 bootstraps
[2024-08-07 09:23:06.192] [jointLog] [info] wrote 6 bootstraps
[2024-08-07 09:24:25.524] [jointLog] [info] wrote 7 bootstraps
[2024-08-07 09:24:31.452] [jointLog] [info] wrote 8 bootstraps
[2024-08-07 09:24:45.470] [jointLog] [info] wrote 9 bootstraps
[2024-08-07 09:26:04.629] [jointLog] [info] wrote 10 bootstraps
[2024-08-07 09:26:18.039] [jointLog] [info] wrote 11 bootstraps
[2024-08-07 09:26:18.632] [jointLog] [info] wrote 12 bootstraps
[2024-08-07 09:27:32.449] [jointLog] [info] wrote 13 bootstraps
[2024-08-07 09:27:57.722] [jointLog] [info] wrote 14 bootstraps
[2024-08-07 09:28:14.307] [jointLog] [info] wrote 15 bootstraps
[2024-08-07 09:28:49.384] [jointLog] [info] wrote 16 bootstraps
[2024-08-07 09:29:45.799] [jointLog] [info] wrote 17 bootstraps
[2024-08-07 09:29:57.198] [jointLog] [info] wrote 18 bootstraps
[2024-08-07 09:30:19.030] [jointLog] [info] wrote 19 bootstraps
[2024-08-07 09:31:26.446] [jointLog] [info] wrote 20 bootstraps
[2024-08-07 09:31:44.005] [jointLog] [info] wrote 21 bootstraps
[2024-08-07 09:31:44.985] [jointLog] [info] wrote 22 bootstraps
[2024-08-07 09:33:10.174] [jointLog] [info] wrote 23 bootstraps
[2024-08-07 09:33:28.641] [jointLog] [info] wrote 24 bootstraps
[2024-08-07 09:33:36.688] [jointLog] [info] wrote 25 bootstraps
[2024-08-07 09:34:52.881] [jointLog] [info] wrote 26 bootstraps
[2024-08-07 09:35:09.647] [jointLog] [info] wrote 27 bootstraps
[2024-08-07 09:35:12.750] [jointLog] [info] wrote 28 bootstraps
[2024-08-07 09:36:25.853] [jointLog] [info] wrote 29 bootstraps
[2024-08-07 09:36:27.846] [jointLog] [info] wrote 30 bootstraps
[2024-08-07 09:36:48.774] [jointLog] [info] wrote 31 bootstraps
[2024-08-07 09:38:11.967] [jointLog] [info] wrote 32 bootstraps
[2024-08-07 09:38:17.211] [jointLog] [info] wrote 33 bootstraps
[2024-08-07 09:38:20.430] [jointLog] [info] wrote 34 bootstraps
[2024-08-07 09:39:44.939] [jointLog] [info] wrote 35 bootstraps
[2024-08-07 09:39:56.367] [jointLog] [info] wrote 36 bootstraps
[2024-08-07 09:40:04.357] [jointLog] [info] wrote 37 bootstraps
[2024-08-07 09:41:13.349] [jointLog] [info] wrote 38 bootstraps
[2024-08-07 09:41:17.020] [jointLog] [info] wrote 39 bootstraps
[2024-08-07 09:41:37.011] [jointLog] [info] wrote 40 bootstraps
[2024-08-07 09:42:43.164] [jointLog] [info] wrote 41 bootstraps
[2024-08-07 09:42:54.436] [jointLog] [info] wrote 42 bootstraps
[2024-08-07 09:43:38.320] [jointLog] [info] wrote 43 bootstraps
[2024-08-07 09:44:07.080] [jointLog] [info] wrote 44 bootstraps
[2024-08-07 09:44:20.568] [jointLog] [info] wrote 45 bootstraps
[2024-08-07 09:45:25.725] [jointLog] [info] wrote 46 bootstraps
[2024-08-07 09:45:38.159] [jointLog] [info] wrote 47 bootstraps
[2024-08-07 09:46:12.834] [jointLog] [info] wrote 48 bootstraps
[2024-08-07 09:47:15.086] [jointLog] [info] wrote 49 bootstraps
[2024-08-07 09:47:18.462] [jointLog] [info] wrote 50 bootstraps
[2024-08-07 09:47:18.523] [jointLog] [info] Finished Bootstrapping
[2024-08-07 09:47:18.523] [jointLog] [info] Computing gene-level abundance estimates
[2024-08-07 09:48:15.592] [jointLog] [info] There were 252416 transcripts mapping to 62696 genes
[2024-08-07 09:48:15.593] [jointLog] [info] NOTE: We recommend using tximport (https://bioconductor.org/packages/release/bioc/html/tximport.html) for aggregating transcript-level salmon abundance estimates to the gene level.  It is more versatile, exposes more features, and allows considering multi-sample information during aggregation.
[2024-08-07 09:48:16.105] [jointLog] [info] Aggregating expressions to gene level
[2024-08-07 09:48:16.308] [jointLog] [info] done
