[2023-02-24 16:20:30.098] [jointLog] [info] setting maxHashResizeThreads to 4
[2023-02-24 16:20:30.098] [jointLog] [info] Fragment incompatibility prior below threshold.  Incompatible fragments will be ignored.
[2023-02-24 16:20:30.098] [jointLog] [info] Usage of --validateMappings implies use of minScoreFraction. Since not explicitly specified, it is being set to 0.65
[2023-02-24 16:20:30.098] [jointLog] [info] Setting consensusSlack to selective-alignment default of 0.35.
[2023-02-24 16:20:30.098] [jointLog] [info] parsing read library format
[2023-02-24 16:20:30.098] [jointLog] [info] There is 1 library.
[2023-02-24 16:20:31.780] [jointLog] [info] Loading pufferfish index
[2023-02-24 16:20:33.157] [jointLog] [info] Loading dense pufferfish index.
[2023-02-24 16:26:13.018] [jointLog] [info] done
[2023-02-24 16:26:13.018] [jointLog] [info] Index contained 251,744 targets
[2023-02-24 16:26:16.766] [jointLog] [info] Number of decoys : 194
[2023-02-24 16:26:16.766] [jointLog] [info] First decoy index : 251,509 
[2023-02-24 16:26:18.577] [jointLog] [info] Automatically detected most likely library type as IU

[2023-02-24 16:53:23.888] [fileLog] [info] 
At end of round 0
==================
Observed 60103279 total fragments (60103279 in most recent round)

[2023-02-24 16:53:23.887] [jointLog] [info] Computed 404,635 rich equivalence classes for further processing
[2023-02-24 16:53:23.887] [jointLog] [info] Counted 52,757,830 total reads in the equivalence classes 
[2023-02-24 16:53:23.892] [jointLog] [warning] 9.98282e-06% of fragments were shorter than the k used to build the index.
If this fraction is too large, consider re-building the index with a smaller k.
The minimum read size found was 16.


[2023-02-24 16:53:23.892] [jointLog] [info] Number of mappings discarded because of alignment score : 28,708,266
[2023-02-24 16:53:23.892] [jointLog] [info] Number of fragments entirely discarded because of alignment score : 4,157,364
[2023-02-24 16:53:23.892] [jointLog] [info] Number of fragments discarded because they are best-mapped to decoys : 2,971,475
[2023-02-24 16:53:23.892] [jointLog] [info] Number of fragments discarded because they have only dovetail (discordant) mappings to valid targets : 196,589
[2023-02-24 16:53:23.892] [jointLog] [info] Mapping rate = 87.7786%

[2023-02-24 16:53:23.892] [jointLog] [info] finished quantifyLibrary()
[2023-02-24 16:53:23.893] [jointLog] [info] Starting optimizer
[2023-02-24 16:53:24.141] [jointLog] [info] Marked 0 weighted equivalence classes as degenerate
[2023-02-24 16:53:24.190] [jointLog] [info] iteration = 0 | max rel diff. = 101.147
[2023-02-24 16:53:24.605] [jointLog] [info] iteration 11, adjusting effective lengths to account for biases
[2023-02-24 16:55:40.584] [jointLog] [info] Computed expected counts (for bias correction)
[2023-02-24 16:55:40.585] [jointLog] [info] processed bias for 0.0% of the transcripts
[2023-02-24 16:55:52.480] [jointLog] [info] processed bias for 10.0% of the transcripts
[2023-02-24 16:56:02.873] [jointLog] [info] processed bias for 20.0% of the transcripts
[2023-02-24 16:56:14.134] [jointLog] [info] processed bias for 30.0% of the transcripts
[2023-02-24 16:56:25.006] [jointLog] [info] processed bias for 40.0% of the transcripts
[2023-02-24 16:56:35.392] [jointLog] [info] processed bias for 50.0% of the transcripts
[2023-02-24 16:56:45.963] [jointLog] [info] processed bias for 60.0% of the transcripts
[2023-02-24 16:56:56.449] [jointLog] [info] processed bias for 70.0% of the transcripts
[2023-02-24 16:57:07.030] [jointLog] [info] processed bias for 80.0% of the transcripts
[2023-02-24 16:57:18.961] [jointLog] [info] processed bias for 90.0% of the transcripts
[2023-02-24 16:57:30.263] [jointLog] [info] processed bias for 100.0% of the transcripts
[2023-02-24 16:57:33.652] [jointLog] [info] iteration = 100 | max rel diff. = 18.5296
[2023-02-24 16:57:37.382] [jointLog] [info] iteration = 200 | max rel diff. = 19.0491
[2023-02-24 16:57:41.129] [jointLog] [info] iteration = 300 | max rel diff. = 8.98739
[2023-02-24 16:57:44.875] [jointLog] [info] iteration = 400 | max rel diff. = 1.31623
[2023-02-24 16:57:48.597] [jointLog] [info] iteration = 500 | max rel diff. = 6.6558
[2023-02-24 16:57:52.337] [jointLog] [info] iteration = 600 | max rel diff. = 9.98401
[2023-02-24 16:57:56.073] [jointLog] [info] iteration = 700 | max rel diff. = 0.107108
[2023-02-24 16:57:59.812] [jointLog] [info] iteration = 800 | max rel diff. = 0.587859
[2023-02-24 16:58:03.526] [jointLog] [info] iteration = 900 | max rel diff. = 0.0684474
[2023-02-24 16:58:07.276] [jointLog] [info] iteration = 1,000 | max rel diff. = 0.394527
[2023-02-24 16:58:11.022] [jointLog] [info] iteration = 1,100 | max rel diff. = 0.0493086
[2023-02-24 16:58:14.753] [jointLog] [info] iteration = 1,200 | max rel diff. = 0.121658
[2023-02-24 16:58:18.460] [jointLog] [info] iteration = 1,300 | max rel diff. = 0.0383028
[2023-02-24 16:58:22.180] [jointLog] [info] iteration = 1,400 | max rel diff. = 0.0658748
[2023-02-24 16:58:25.900] [jointLog] [info] iteration = 1,500 | max rel diff. = 0.0570477
[2023-02-24 16:58:27.690] [jointLog] [info] iteration = 1,549 | max rel diff. = 0.0043134
[2023-02-24 16:58:27.754] [jointLog] [info] Finished optimizer
[2023-02-24 16:58:27.754] [jointLog] [info] writing output 

[2023-02-24 16:58:28.294] [jointLog] [info] Starting Bootstrapping
[2023-02-24 16:58:28.498] [jointLog] [info] Will draw 50 bootstrap samples
[2023-02-24 16:58:28.498] [jointLog] [info] Optimizing over 404,635 equivalence classes
[2023-02-24 16:58:28.545] [jointLog] [info] Marked 0 weighted equivalence classes as degenerate
[2023-02-24 17:00:07.196] [jointLog] [info] wrote 1 bootstraps
[2023-02-24 17:00:16.504] [jointLog] [info] wrote 2 bootstraps
[2023-02-24 17:00:18.658] [jointLog] [info] wrote 3 bootstraps
[2023-02-24 17:01:58.748] [jointLog] [info] wrote 4 bootstraps
[2023-02-24 17:02:02.508] [jointLog] [info] wrote 5 bootstraps
[2023-02-24 17:02:11.184] [jointLog] [info] wrote 6 bootstraps
[2023-02-24 17:03:43.266] [jointLog] [info] wrote 7 bootstraps
[2023-02-24 17:03:53.515] [jointLog] [info] wrote 8 bootstraps
[2023-02-24 17:03:59.833] [jointLog] [info] wrote 9 bootstraps
[2023-02-24 17:05:18.634] [jointLog] [info] wrote 10 bootstraps
[2023-02-24 17:05:35.633] [jointLog] [info] wrote 11 bootstraps
[2023-02-24 17:05:44.634] [jointLog] [info] wrote 12 bootstraps
[2023-02-24 17:06:47.385] [jointLog] [info] wrote 13 bootstraps
[2023-02-24 17:07:10.832] [jointLog] [info] wrote 14 bootstraps
[2023-02-24 17:07:21.665] [jointLog] [info] wrote 15 bootstraps
[2023-02-24 17:08:29.805] [jointLog] [info] wrote 16 bootstraps
[2023-02-24 17:08:50.260] [jointLog] [info] wrote 17 bootstraps
[2023-02-24 17:08:57.474] [jointLog] [info] wrote 18 bootstraps
[2023-02-24 17:10:26.966] [jointLog] [info] wrote 19 bootstraps
[2023-02-24 17:10:39.669] [jointLog] [info] wrote 20 bootstraps
[2023-02-24 17:11:04.009] [jointLog] [info] wrote 21 bootstraps
[2023-02-24 17:12:09.116] [jointLog] [info] wrote 22 bootstraps
[2023-02-24 17:12:32.413] [jointLog] [info] wrote 23 bootstraps
[2023-02-24 17:13:05.804] [jointLog] [info] wrote 24 bootstraps
[2023-02-24 17:13:30.640] [jointLog] [info] wrote 25 bootstraps
[2023-02-24 17:14:40.950] [jointLog] [info] wrote 26 bootstraps
[2023-02-24 17:14:51.276] [jointLog] [info] wrote 27 bootstraps
[2023-02-24 17:15:05.394] [jointLog] [info] wrote 28 bootstraps
[2023-02-24 17:16:32.936] [jointLog] [info] wrote 29 bootstraps
[2023-02-24 17:16:44.157] [jointLog] [info] wrote 30 bootstraps
[2023-02-24 17:16:45.931] [jointLog] [info] wrote 31 bootstraps
[2023-02-24 17:18:21.168] [jointLog] [info] wrote 32 bootstraps
[2023-02-24 17:18:24.466] [jointLog] [info] wrote 33 bootstraps
[2023-02-24 17:18:38.388] [jointLog] [info] wrote 34 bootstraps
[2023-02-24 17:20:06.716] [jointLog] [info] wrote 35 bootstraps
[2023-02-24 17:20:19.103] [jointLog] [info] wrote 36 bootstraps
[2023-02-24 17:20:29.528] [jointLog] [info] wrote 37 bootstraps
[2023-02-24 17:22:04.706] [jointLog] [info] wrote 38 bootstraps
[2023-02-24 17:22:08.977] [jointLog] [info] wrote 39 bootstraps
[2023-02-24 17:23:11.408] [jointLog] [info] wrote 40 bootstraps
[2023-02-24 17:23:27.656] [jointLog] [info] wrote 41 bootstraps
[2023-02-24 17:23:38.348] [jointLog] [info] wrote 42 bootstraps
[2023-02-24 17:24:51.369] [jointLog] [info] wrote 43 bootstraps
[2023-02-24 17:25:16.323] [jointLog] [info] wrote 44 bootstraps
[2023-02-24 17:25:20.641] [jointLog] [info] wrote 45 bootstraps
[2023-02-24 17:26:32.028] [jointLog] [info] wrote 46 bootstraps
[2023-02-24 17:26:57.715] [jointLog] [info] wrote 47 bootstraps
[2023-02-24 17:27:42.976] [jointLog] [info] wrote 48 bootstraps
[2023-02-24 17:28:15.814] [jointLog] [info] wrote 49 bootstraps
[2023-02-24 17:28:58.851] [jointLog] [info] wrote 50 bootstraps
[2023-02-24 17:28:58.916] [jointLog] [info] Finished Bootstrapping
[2023-02-24 17:28:58.916] [jointLog] [info] Computing gene-level abundance estimates
[2023-02-24 17:30:08.376] [jointLog] [info] There were 252416 transcripts mapping to 62696 genes
[2023-02-24 17:30:08.380] [jointLog] [info] NOTE: We recommend using tximport (https://bioconductor.org/packages/release/bioc/html/tximport.html) for aggregating transcript-level salmon abundance estimates to the gene level.  It is more versatile, exposes more features, and allows considering multi-sample information during aggregation.
[2023-02-24 17:30:09.059] [jointLog] [info] Aggregating expressions to gene level
[2023-02-24 17:30:09.290] [jointLog] [info] done
