[2023-02-16 14:59:50.908] [jointLog] [info] setting maxHashResizeThreads to 4
[2023-02-16 14:59:50.908] [jointLog] [info] Fragment incompatibility prior below threshold.  Incompatible fragments will be ignored.
[2023-02-16 14:59:50.908] [jointLog] [info] Usage of --validateMappings implies use of minScoreFraction. Since not explicitly specified, it is being set to 0.65
[2023-02-16 14:59:50.908] [jointLog] [info] Setting consensusSlack to selective-alignment default of 0.35.
[2023-02-16 14:59:50.908] [jointLog] [info] parsing read library format
[2023-02-16 14:59:50.908] [jointLog] [info] There is 1 library.
[2023-02-16 14:59:51.008] [jointLog] [info] Loading pufferfish index
[2023-02-16 14:59:51.039] [jointLog] [info] Loading dense pufferfish index.
[2023-02-16 15:04:23.388] [jointLog] [info] done
[2023-02-16 15:04:23.388] [jointLog] [info] Index contained 251,744 targets
[2023-02-16 15:04:27.049] [jointLog] [info] Number of decoys : 194
[2023-02-16 15:04:27.049] [jointLog] [info] First decoy index : 251,509 
[2023-02-16 15:04:31.393] [jointLog] [info] Automatically detected most likely library type as IU

[2023-02-16 15:25:53.555] [jointLog] [info] Computed 382,015 rich equivalence classes for further processing
[2023-02-16 15:25:53.555] [jointLog] [info] Counted 54,729,593 total reads in the equivalence classes 
[2023-02-16 15:25:53.558] [jointLog] [warning] 1.27965e-05% of fragments were shorter than the k used to build the index.
If this fraction is too large, consider re-building the index with a smaller k.
The minimum read size found was 16.


[2023-02-16 15:25:53.558] [jointLog] [info] Number of mappings discarded because of alignment score : 28,701,611
[2023-02-16 15:25:53.558] [jointLog] [info] Number of fragments entirely discarded because of alignment score : 4,569,821
[2023-02-16 15:25:53.558] [jointLog] [info] Number of fragments discarded because they are best-mapped to decoys : 3,377,610
[2023-02-16 15:25:53.558] [jointLog] [info] Number of fragments discarded because they have only dovetail (discordant) mappings to valid targets : 186,152
[2023-02-16 15:25:53.558] [jointLog] [info] Mapping rate = 87.5437%

[2023-02-16 15:25:53.558] [jointLog] [info] finished quantifyLibrary()
[2023-02-16 15:25:53.560] [jointLog] [info] Starting optimizer
[2023-02-16 15:25:53.754] [jointLog] [info] Marked 0 weighted equivalence classes as degenerate
[2023-02-16 15:25:53.555] [fileLog] [info] 
At end of round 0
==================
Observed 62516881 total fragments (62516881 in most recent round)

[2023-02-16 15:25:53.791] [jointLog] [info] iteration = 0 | max rel diff. = 67.8666
[2023-02-16 15:25:54.153] [jointLog] [info] iteration 11, adjusting effective lengths to account for biases
[2023-02-16 15:27:49.111] [jointLog] [info] Computed expected counts (for bias correction)
[2023-02-16 15:27:49.112] [jointLog] [info] processed bias for 0.0% of the transcripts
[2023-02-16 15:27:59.184] [jointLog] [info] processed bias for 10.0% of the transcripts
[2023-02-16 15:28:08.620] [jointLog] [info] processed bias for 20.0% of the transcripts
[2023-02-16 15:28:18.136] [jointLog] [info] processed bias for 30.0% of the transcripts
[2023-02-16 15:28:27.383] [jointLog] [info] processed bias for 40.0% of the transcripts
[2023-02-16 15:28:36.752] [jointLog] [info] processed bias for 50.0% of the transcripts
[2023-02-16 15:28:45.779] [jointLog] [info] processed bias for 60.0% of the transcripts
[2023-02-16 15:28:54.899] [jointLog] [info] processed bias for 70.0% of the transcripts
[2023-02-16 15:29:04.257] [jointLog] [info] processed bias for 80.0% of the transcripts
[2023-02-16 15:29:13.604] [jointLog] [info] processed bias for 90.0% of the transcripts
[2023-02-16 15:29:23.196] [jointLog] [info] processed bias for 100.0% of the transcripts
[2023-02-16 15:29:26.130] [jointLog] [info] iteration = 100 | max rel diff. = 12.5589
[2023-02-16 15:29:29.389] [jointLog] [info] iteration = 200 | max rel diff. = 12.2318
[2023-02-16 15:29:32.662] [jointLog] [info] iteration = 300 | max rel diff. = 3.24939
[2023-02-16 15:29:35.892] [jointLog] [info] iteration = 400 | max rel diff. = 10.7465
[2023-02-16 15:29:39.160] [jointLog] [info] iteration = 500 | max rel diff. = 14.7095
[2023-02-16 15:29:42.462] [jointLog] [info] iteration = 600 | max rel diff. = 0.560109
[2023-02-16 15:29:45.804] [jointLog] [info] iteration = 700 | max rel diff. = 0.289592
[2023-02-16 15:29:49.084] [jointLog] [info] iteration = 800 | max rel diff. = 0.721824
[2023-02-16 15:29:52.406] [jointLog] [info] iteration = 900 | max rel diff. = 0.529835
[2023-02-16 15:29:55.716] [jointLog] [info] iteration = 1,000 | max rel diff. = 0.125038
[2023-02-16 15:29:59.028] [jointLog] [info] iteration = 1,100 | max rel diff. = 1.02423
[2023-02-16 15:30:02.327] [jointLog] [info] iteration = 1,200 | max rel diff. = 0.0795877
[2023-02-16 15:30:05.572] [jointLog] [info] iteration = 1,300 | max rel diff. = 0.143946
[2023-02-16 15:30:08.823] [jointLog] [info] iteration = 1,400 | max rel diff. = 0.0394113
[2023-02-16 15:30:10.869] [jointLog] [info] iteration = 1,464 | max rel diff. = 0.00633754
[2023-02-16 15:30:10.921] [jointLog] [info] Finished optimizer
[2023-02-16 15:30:10.921] [jointLog] [info] writing output 

[2023-02-16 15:30:13.594] [jointLog] [info] Starting Bootstrapping
[2023-02-16 15:30:13.750] [jointLog] [info] Will draw 50 bootstrap samples
[2023-02-16 15:30:13.750] [jointLog] [info] Optimizing over 382,015 equivalence classes
[2023-02-16 15:30:13.790] [jointLog] [info] Marked 0 weighted equivalence classes as degenerate
[2023-02-16 15:31:55.109] [jointLog] [info] wrote 1 bootstraps
[2023-02-16 15:31:58.988] [jointLog] [info] wrote 2 bootstraps
[2023-02-16 15:32:05.179] [jointLog] [info] wrote 3 bootstraps
[2023-02-16 15:33:12.022] [jointLog] [info] wrote 4 bootstraps
[2023-02-16 15:33:27.707] [jointLog] [info] wrote 5 bootstraps
[2023-02-16 15:33:55.029] [jointLog] [info] wrote 6 bootstraps
[2023-02-16 15:34:49.687] [jointLog] [info] wrote 7 bootstraps
[2023-02-16 15:34:52.810] [jointLog] [info] wrote 8 bootstraps
[2023-02-16 15:35:26.556] [jointLog] [info] wrote 9 bootstraps
[2023-02-16 15:36:38.293] [jointLog] [info] wrote 10 bootstraps
[2023-02-16 15:36:46.817] [jointLog] [info] wrote 11 bootstraps
[2023-02-16 15:36:54.996] [jointLog] [info] wrote 12 bootstraps
[2023-02-16 15:38:09.449] [jointLog] [info] wrote 13 bootstraps
[2023-02-16 15:38:23.388] [jointLog] [info] wrote 14 bootstraps
[2023-02-16 15:38:25.366] [jointLog] [info] wrote 15 bootstraps
[2023-02-16 15:39:44.631] [jointLog] [info] wrote 16 bootstraps
[2023-02-16 15:39:50.429] [jointLog] [info] wrote 17 bootstraps
[2023-02-16 15:40:08.722] [jointLog] [info] wrote 18 bootstraps
[2023-02-16 15:41:18.530] [jointLog] [info] wrote 19 bootstraps
[2023-02-16 15:41:33.159] [jointLog] [info] wrote 20 bootstraps
[2023-02-16 15:41:57.970] [jointLog] [info] wrote 21 bootstraps
[2023-02-16 15:42:46.943] [jointLog] [info] wrote 22 bootstraps
[2023-02-16 15:43:07.294] [jointLog] [info] wrote 23 bootstraps
[2023-02-16 15:43:32.163] [jointLog] [info] wrote 24 bootstraps
[2023-02-16 15:44:26.950] [jointLog] [info] wrote 25 bootstraps
[2023-02-16 15:44:32.116] [jointLog] [info] wrote 26 bootstraps
[2023-02-16 15:44:44.150] [jointLog] [info] wrote 27 bootstraps
[2023-02-16 15:46:02.837] [jointLog] [info] wrote 28 bootstraps
[2023-02-16 15:46:10.175] [jointLog] [info] wrote 29 bootstraps
[2023-02-16 15:46:30.172] [jointLog] [info] wrote 30 bootstraps
[2023-02-16 15:47:36.111] [jointLog] [info] wrote 31 bootstraps
[2023-02-16 15:47:37.212] [jointLog] [info] wrote 32 bootstraps
[2023-02-16 15:48:08.076] [jointLog] [info] wrote 33 bootstraps
[2023-02-16 15:49:15.417] [jointLog] [info] wrote 34 bootstraps
[2023-02-16 15:49:27.015] [jointLog] [info] wrote 35 bootstraps
[2023-02-16 15:49:47.935] [jointLog] [info] wrote 36 bootstraps
[2023-02-16 15:50:35.318] [jointLog] [info] wrote 37 bootstraps
[2023-02-16 15:50:52.367] [jointLog] [info] wrote 38 bootstraps
[2023-02-16 15:51:13.043] [jointLog] [info] wrote 39 bootstraps
[2023-02-16 15:51:59.384] [jointLog] [info] wrote 40 bootstraps
[2023-02-16 15:52:26.230] [jointLog] [info] wrote 41 bootstraps
[2023-02-16 15:52:52.252] [jointLog] [info] wrote 42 bootstraps
[2023-02-16 15:53:20.349] [jointLog] [info] wrote 43 bootstraps
[2023-02-16 15:53:55.943] [jointLog] [info] wrote 44 bootstraps
[2023-02-16 15:54:23.435] [jointLog] [info] wrote 45 bootstraps
[2023-02-16 15:54:50.193] [jointLog] [info] wrote 46 bootstraps
[2023-02-16 15:55:40.678] [jointLog] [info] wrote 47 bootstraps
[2023-02-16 15:55:54.491] [jointLog] [info] wrote 48 bootstraps
[2023-02-16 15:56:27.774] [jointLog] [info] wrote 49 bootstraps
[2023-02-16 15:57:01.870] [jointLog] [info] wrote 50 bootstraps
[2023-02-16 15:57:01.898] [jointLog] [info] Finished Bootstrapping
[2023-02-16 15:57:01.898] [jointLog] [info] Computing gene-level abundance estimates
[2023-02-16 15:57:58.353] [jointLog] [info] There were 252416 transcripts mapping to 62696 genes
[2023-02-16 15:57:58.355] [jointLog] [info] NOTE: We recommend using tximport (https://bioconductor.org/packages/release/bioc/html/tximport.html) for aggregating transcript-level salmon abundance estimates to the gene level.  It is more versatile, exposes more features, and allows considering multi-sample information during aggregation.
[2023-02-16 15:57:58.898] [jointLog] [info] Aggregating expressions to gene level
[2023-02-16 15:57:59.087] [jointLog] [info] done
