[2024-08-07 00:55:06.799] [jointLog] [info] setting maxHashResizeThreads to 4
[2024-08-07 00:55:06.799] [jointLog] [info] Fragment incompatibility prior below threshold.  Incompatible fragments will be ignored.
[2024-08-07 00:55:06.799] [jointLog] [info] Usage of --validateMappings implies use of minScoreFraction. Since not explicitly specified, it is being set to 0.65
[2024-08-07 00:55:06.799] [jointLog] [info] Setting consensusSlack to selective-alignment default of 0.35.
[2024-08-07 00:55:06.799] [jointLog] [info] parsing read library format
[2024-08-07 00:55:06.799] [jointLog] [info] There is 1 library.
[2024-08-07 00:55:06.921] [jointLog] [info] Loading pufferfish index
[2024-08-07 00:55:06.922] [jointLog] [info] Loading dense pufferfish index.
[2024-08-07 00:57:46.985] [jointLog] [info] done
[2024-08-07 00:57:46.985] [jointLog] [info] Index contained 251,744 targets
[2024-08-07 00:57:50.500] [jointLog] [info] Number of decoys : 194
[2024-08-07 00:57:50.500] [jointLog] [info] First decoy index : 251,509 
[2024-08-07 00:57:52.481] [jointLog] [info] Automatically detected most likely library type as ISR

[2024-08-07 01:20:41.666] [jointLog] [info] Thread saw mini-batch with a maximum of 2.86% zero probability fragments
[2024-08-07 01:20:41.952] [jointLog] [info] Thread saw mini-batch with a maximum of 2.96% zero probability fragments
[2024-08-07 01:20:42.174] [jointLog] [info] Thread saw mini-batch with a maximum of 2.92% zero probability fragments
[2024-08-07 01:20:42.266] [jointLog] [info] Thread saw mini-batch with a maximum of 2.98% zero probability fragments
[2024-08-07 01:20:42.513] [fileLog] [info] 
At end of round 0
==================
Observed 36589381 total fragments (36589381 in most recent round)

[2024-08-07 01:20:42.513] [jointLog] [info] Computed 144,942 rich equivalence classes for further processing
[2024-08-07 01:20:42.513] [jointLog] [info] Counted 18,385,180 total reads in the equivalence classes 
[2024-08-07 01:20:42.516] [jointLog] [info] Number of mappings discarded because of alignment score : 28,030,626
[2024-08-07 01:20:42.516] [jointLog] [info] Number of fragments entirely discarded because of alignment score : 4,859,125
[2024-08-07 01:20:42.516] [jointLog] [info] Number of fragments discarded because they are best-mapped to decoys : 2,076,729
[2024-08-07 01:20:42.516] [jointLog] [info] Number of fragments discarded because they have only dovetail (discordant) mappings to valid targets : 55,322
[2024-08-07 01:20:42.516] [jointLog] [info] Mapping rate = 50.2473%

[2024-08-07 01:20:42.516] [jointLog] [info] finished quantifyLibrary()
[2024-08-07 01:20:42.517] [jointLog] [info] Starting optimizer
[2024-08-07 01:20:42.695] [jointLog] [info] Marked 0 weighted equivalence classes as degenerate
[2024-08-07 01:20:42.737] [jointLog] [info] iteration = 0 | max rel diff. = 4583.63
[2024-08-07 01:20:43.065] [jointLog] [info] iteration 11, adjusting effective lengths to account for biases
[2024-08-07 01:23:24.461] [jointLog] [info] Computed expected counts (for bias correction)
[2024-08-07 01:23:24.461] [jointLog] [info] processed bias for 0.0% of the transcripts
[2024-08-07 01:23:37.403] [jointLog] [info] processed bias for 10.0% of the transcripts
[2024-08-07 01:23:50.163] [jointLog] [info] processed bias for 20.0% of the transcripts
[2024-08-07 01:24:02.419] [jointLog] [info] processed bias for 30.0% of the transcripts
[2024-08-07 01:24:15.271] [jointLog] [info] processed bias for 40.0% of the transcripts
[2024-08-07 01:24:27.207] [jointLog] [info] processed bias for 50.0% of the transcripts
[2024-08-07 01:24:39.305] [jointLog] [info] processed bias for 60.0% of the transcripts
[2024-08-07 01:24:52.309] [jointLog] [info] processed bias for 70.0% of the transcripts
[2024-08-07 01:25:05.158] [jointLog] [info] processed bias for 80.0% of the transcripts
[2024-08-07 01:25:18.535] [jointLog] [info] processed bias for 90.0% of the transcripts
[2024-08-07 01:25:31.030] [jointLog] [info] processed bias for 100.0% of the transcripts
[2024-08-07 01:25:33.471] [jointLog] [info] iteration = 100 | max rel diff. = 20.0577
[2024-08-07 01:25:36.171] [jointLog] [info] iteration = 200 | max rel diff. = 14.6355
[2024-08-07 01:25:38.871] [jointLog] [info] iteration = 300 | max rel diff. = 7.79321
[2024-08-07 01:25:41.552] [jointLog] [info] iteration = 400 | max rel diff. = 1.31465
[2024-08-07 01:25:44.274] [jointLog] [info] iteration = 500 | max rel diff. = 0.785567
[2024-08-07 01:25:47.008] [jointLog] [info] iteration = 600 | max rel diff. = 5.32308
[2024-08-07 01:25:49.717] [jointLog] [info] iteration = 700 | max rel diff. = 2.43682
[2024-08-07 01:25:52.395] [jointLog] [info] iteration = 800 | max rel diff. = 8.43797
[2024-08-07 01:25:55.089] [jointLog] [info] iteration = 900 | max rel diff. = 0.647057
[2024-08-07 01:25:57.822] [jointLog] [info] iteration = 1,000 | max rel diff. = 0.601484
[2024-08-07 01:25:58.795] [jointLog] [info] iteration = 1,036 | max rel diff. = 0.00816643
[2024-08-07 01:25:58.860] [jointLog] [info] Finished optimizer
[2024-08-07 01:25:58.860] [jointLog] [info] writing output 

[2024-08-07 01:25:59.297] [jointLog] [info] Starting Bootstrapping
[2024-08-07 01:25:59.357] [jointLog] [info] Will draw 50 bootstrap samples
[2024-08-07 01:25:59.357] [jointLog] [info] Optimizing over 144,942 equivalence classes
[2024-08-07 01:25:59.378] [jointLog] [info] Marked 0 weighted equivalence classes as degenerate
[2024-08-07 01:26:47.337] [jointLog] [info] wrote 1 bootstraps
[2024-08-07 01:26:50.167] [jointLog] [info] wrote 2 bootstraps
[2024-08-07 01:26:55.508] [jointLog] [info] wrote 3 bootstraps
[2024-08-07 01:27:38.015] [jointLog] [info] wrote 4 bootstraps
[2024-08-07 01:27:38.281] [jointLog] [info] wrote 5 bootstraps
[2024-08-07 01:27:38.568] [jointLog] [info] wrote 6 bootstraps
[2024-08-07 01:28:25.980] [jointLog] [info] wrote 7 bootstraps
[2024-08-07 01:28:31.476] [jointLog] [info] wrote 8 bootstraps
[2024-08-07 01:28:31.851] [jointLog] [info] wrote 9 bootstraps
[2024-08-07 01:29:16.469] [jointLog] [info] wrote 10 bootstraps
[2024-08-07 01:29:20.040] [jointLog] [info] wrote 11 bootstraps
[2024-08-07 01:29:25.683] [jointLog] [info] wrote 12 bootstraps
[2024-08-07 01:30:06.287] [jointLog] [info] wrote 13 bootstraps
[2024-08-07 01:30:08.055] [jointLog] [info] wrote 14 bootstraps
[2024-08-07 01:30:08.194] [jointLog] [info] wrote 15 bootstraps
[2024-08-07 01:30:57.022] [jointLog] [info] wrote 16 bootstraps
[2024-08-07 01:30:58.990] [jointLog] [info] wrote 17 bootstraps
[2024-08-07 01:31:02.978] [jointLog] [info] wrote 18 bootstraps
[2024-08-07 01:31:49.211] [jointLog] [info] wrote 19 bootstraps
[2024-08-07 01:31:53.586] [jointLog] [info] wrote 20 bootstraps
[2024-08-07 01:31:54.217] [jointLog] [info] wrote 21 bootstraps
[2024-08-07 01:32:40.584] [jointLog] [info] wrote 22 bootstraps
[2024-08-07 01:32:46.625] [jointLog] [info] wrote 23 bootstraps
[2024-08-07 01:32:47.086] [jointLog] [info] wrote 24 bootstraps
[2024-08-07 01:33:34.979] [jointLog] [info] wrote 25 bootstraps
[2024-08-07 01:33:35.074] [jointLog] [info] wrote 26 bootstraps
[2024-08-07 01:33:39.322] [jointLog] [info] wrote 27 bootstraps
[2024-08-07 01:34:17.726] [jointLog] [info] wrote 28 bootstraps
[2024-08-07 01:34:26.264] [jointLog] [info] wrote 29 bootstraps
[2024-08-07 01:34:32.310] [jointLog] [info] wrote 30 bootstraps
[2024-08-07 01:35:06.022] [jointLog] [info] wrote 31 bootstraps
[2024-08-07 01:35:19.415] [jointLog] [info] wrote 32 bootstraps
[2024-08-07 01:35:23.419] [jointLog] [info] wrote 33 bootstraps
[2024-08-07 01:35:55.721] [jointLog] [info] wrote 34 bootstraps
[2024-08-07 01:36:13.712] [jointLog] [info] wrote 35 bootstraps
[2024-08-07 01:36:21.145] [jointLog] [info] wrote 36 bootstraps
[2024-08-07 01:36:54.507] [jointLog] [info] wrote 37 bootstraps
[2024-08-07 01:37:03.798] [jointLog] [info] wrote 38 bootstraps
[2024-08-07 01:37:05.598] [jointLog] [info] wrote 39 bootstraps
[2024-08-07 01:37:43.546] [jointLog] [info] wrote 40 bootstraps
[2024-08-07 01:37:47.998] [jointLog] [info] wrote 41 bootstraps
[2024-08-07 01:37:59.289] [jointLog] [info] wrote 42 bootstraps
[2024-08-07 01:38:31.597] [jointLog] [info] wrote 43 bootstraps
[2024-08-07 01:38:41.927] [jointLog] [info] wrote 44 bootstraps
[2024-08-07 01:38:48.016] [jointLog] [info] wrote 45 bootstraps
[2024-08-07 01:39:19.530] [jointLog] [info] wrote 46 bootstraps
[2024-08-07 01:39:36.486] [jointLog] [info] wrote 47 bootstraps
[2024-08-07 01:39:40.309] [jointLog] [info] wrote 48 bootstraps
[2024-08-07 01:40:10.416] [jointLog] [info] wrote 49 bootstraps
[2024-08-07 01:40:29.477] [jointLog] [info] wrote 50 bootstraps
[2024-08-07 01:40:29.504] [jointLog] [info] Finished Bootstrapping
[2024-08-07 01:40:29.504] [jointLog] [info] Computing gene-level abundance estimates
[2024-08-07 01:41:24.639] [jointLog] [info] There were 252416 transcripts mapping to 62696 genes
[2024-08-07 01:41:24.639] [jointLog] [info] NOTE: We recommend using tximport (https://bioconductor.org/packages/release/bioc/html/tximport.html) for aggregating transcript-level salmon abundance estimates to the gene level.  It is more versatile, exposes more features, and allows considering multi-sample information during aggregation.
[2024-08-07 01:41:25.070] [jointLog] [info] Aggregating expressions to gene level
[2024-08-07 01:41:25.235] [jointLog] [info] done
