[2024-08-06 02:58:40.089] [jointLog] [info] setting maxHashResizeThreads to 4
[2024-08-06 02:58:40.089] [jointLog] [info] Fragment incompatibility prior below threshold.  Incompatible fragments will be ignored.
[2024-08-06 02:58:40.089] [jointLog] [info] Usage of --validateMappings implies use of minScoreFraction. Since not explicitly specified, it is being set to 0.65
[2024-08-06 02:58:40.089] [jointLog] [info] Setting consensusSlack to selective-alignment default of 0.35.
[2024-08-06 02:58:40.089] [jointLog] [info] parsing read library format
[2024-08-06 02:58:40.089] [jointLog] [info] There is 1 library.
[2024-08-06 02:58:40.272] [jointLog] [info] Loading pufferfish index
[2024-08-06 02:58:40.326] [jointLog] [info] Loading dense pufferfish index.
[2024-08-06 03:00:58.036] [jointLog] [info] done
[2024-08-06 03:00:58.036] [jointLog] [info] Index contained 251,744 targets
[2024-08-06 03:01:01.436] [jointLog] [info] Number of decoys : 194
[2024-08-06 03:01:01.436] [jointLog] [info] First decoy index : 251,509 
[2024-08-06 03:01:02.896] [jointLog] [info] Automatically detected most likely library type as ISR

[2024-08-06 03:37:36.320] [jointLog] [info] Thread saw mini-batch with a maximum of 1.24% zero probability fragments
[2024-08-06 03:37:36.337] [jointLog] [info] Thread saw mini-batch with a maximum of 1.06% zero probability fragments
[2024-08-06 03:37:36.400] [jointLog] [info] Thread saw mini-batch with a maximum of 1.04% zero probability fragments
[2024-08-06 03:37:36.548] [jointLog] [info] Thread saw mini-batch with a maximum of 1.10% zero probability fragments
[2024-08-06 03:37:37.767] [jointLog] [info] Computed 402,644 rich equivalence classes for further processing
[2024-08-06 03:37:37.767] [jointLog] [info] Counted 41,536,255 total reads in the equivalence classes 
[2024-08-06 03:37:37.793] [jointLog] [info] Number of mappings discarded because of alignment score : 22,370,471
[2024-08-06 03:37:37.793] [jointLog] [info] Number of fragments entirely discarded because of alignment score : 3,007,140
[2024-08-06 03:37:37.793] [jointLog] [info] Number of fragments discarded because they are best-mapped to decoys : 2,117,056
[2024-08-06 03:37:37.793] [jointLog] [info] Number of fragments discarded because they have only dovetail (discordant) mappings to valid targets : 114,906
[2024-08-06 03:37:37.793] [jointLog] [info] Mapping rate = 88.514%

[2024-08-06 03:37:37.793] [jointLog] [info] finished quantifyLibrary()
[2024-08-06 03:37:37.794] [jointLog] [info] Starting optimizer
[2024-08-06 03:37:37.776] [fileLog] [info] 
At end of round 0
==================
Observed 46926212 total fragments (46926212 in most recent round)

[2024-08-06 03:37:38.303] [jointLog] [info] Marked 0 weighted equivalence classes as degenerate
[2024-08-06 03:37:38.365] [jointLog] [info] iteration = 0 | max rel diff. = 2793.36
[2024-08-06 03:37:38.948] [jointLog] [info] iteration 11, adjusting effective lengths to account for biases
[2024-08-06 03:41:32.229] [jointLog] [info] Computed expected counts (for bias correction)
[2024-08-06 03:41:32.230] [jointLog] [info] processed bias for 0.0% of the transcripts
[2024-08-06 03:41:53.268] [jointLog] [info] processed bias for 10.0% of the transcripts
[2024-08-06 03:42:12.031] [jointLog] [info] processed bias for 20.0% of the transcripts
[2024-08-06 03:42:30.947] [jointLog] [info] processed bias for 30.0% of the transcripts
[2024-08-06 03:42:49.785] [jointLog] [info] processed bias for 40.0% of the transcripts
[2024-08-06 03:43:08.151] [jointLog] [info] processed bias for 50.0% of the transcripts
[2024-08-06 03:43:25.277] [jointLog] [info] processed bias for 60.0% of the transcripts
[2024-08-06 03:43:42.120] [jointLog] [info] processed bias for 70.0% of the transcripts
[2024-08-06 03:43:59.686] [jointLog] [info] processed bias for 80.0% of the transcripts
[2024-08-06 03:44:19.743] [jointLog] [info] processed bias for 90.0% of the transcripts
[2024-08-06 03:44:37.286] [jointLog] [info] processed bias for 100.0% of the transcripts
[2024-08-06 03:44:43.089] [jointLog] [info] iteration = 100 | max rel diff. = 17.0133
[2024-08-06 03:44:48.558] [jointLog] [info] iteration = 200 | max rel diff. = 12.5056
[2024-08-06 03:44:54.685] [jointLog] [info] iteration = 300 | max rel diff. = 0.505841
[2024-08-06 03:45:01.268] [jointLog] [info] iteration = 400 | max rel diff. = 1.82531
[2024-08-06 03:45:06.783] [jointLog] [info] iteration = 500 | max rel diff. = 1.25163
[2024-08-06 03:45:12.668] [jointLog] [info] iteration = 600 | max rel diff. = 0.163145
[2024-08-06 03:45:17.905] [jointLog] [info] iteration = 700 | max rel diff. = 0.305756
[2024-08-06 03:45:23.328] [jointLog] [info] iteration = 800 | max rel diff. = 0.462693
[2024-08-06 03:45:29.550] [jointLog] [info] iteration = 900 | max rel diff. = 13.0328
[2024-08-06 03:45:35.783] [jointLog] [info] iteration = 1,000 | max rel diff. = 0.0180093
[2024-08-06 03:45:40.824] [jointLog] [info] iteration = 1,066 | max rel diff. = 0.00772658
[2024-08-06 03:45:41.132] [jointLog] [info] Finished optimizer
[2024-08-06 03:45:41.132] [jointLog] [info] writing output 

[2024-08-06 03:45:41.836] [jointLog] [info] Starting Bootstrapping
[2024-08-06 03:45:42.143] [jointLog] [info] Will draw 50 bootstrap samples
[2024-08-06 03:45:42.143] [jointLog] [info] Optimizing over 402,644 equivalence classes
[2024-08-06 03:45:42.281] [jointLog] [info] Marked 0 weighted equivalence classes as degenerate
[2024-08-06 03:47:34.692] [jointLog] [info] wrote 1 bootstraps
[2024-08-06 03:47:37.641] [jointLog] [info] wrote 2 bootstraps
[2024-08-06 03:49:14.927] [jointLog] [info] wrote 3 bootstraps
[2024-08-06 03:49:24.059] [jointLog] [info] wrote 4 bootstraps
[2024-08-06 03:49:40.726] [jointLog] [info] wrote 5 bootstraps
[2024-08-06 03:50:38.622] [jointLog] [info] wrote 6 bootstraps
[2024-08-06 03:51:39.281] [jointLog] [info] wrote 7 bootstraps
[2024-08-06 03:52:26.113] [jointLog] [info] wrote 8 bootstraps
[2024-08-06 03:52:47.116] [jointLog] [info] wrote 9 bootstraps
[2024-08-06 03:53:56.565] [jointLog] [info] wrote 10 bootstraps
[2024-08-06 03:55:29.075] [jointLog] [info] wrote 11 bootstraps
[2024-08-06 03:55:55.984] [jointLog] [info] wrote 12 bootstraps
[2024-08-06 03:56:01.188] [jointLog] [info] wrote 13 bootstraps
[2024-08-06 03:57:46.670] [jointLog] [info] wrote 14 bootstraps
[2024-08-06 03:58:22.508] [jointLog] [info] wrote 15 bootstraps
[2024-08-06 03:58:42.682] [jointLog] [info] wrote 16 bootstraps
[2024-08-06 04:00:30.435] [jointLog] [info] wrote 17 bootstraps
[2024-08-06 04:00:32.717] [jointLog] [info] wrote 18 bootstraps
[2024-08-06 04:01:52.370] [jointLog] [info] wrote 19 bootstraps
[2024-08-06 04:01:53.124] [jointLog] [info] wrote 20 bootstraps
[2024-08-06 04:02:12.586] [jointLog] [info] wrote 21 bootstraps
[2024-08-06 04:03:28.267] [jointLog] [info] wrote 22 bootstraps
[2024-08-06 04:04:05.490] [jointLog] [info] wrote 23 bootstraps
[2024-08-06 04:05:14.641] [jointLog] [info] wrote 24 bootstraps
[2024-08-06 04:05:36.423] [jointLog] [info] wrote 25 bootstraps
[2024-08-06 04:05:41.477] [jointLog] [info] wrote 26 bootstraps
[2024-08-06 04:06:53.752] [jointLog] [info] wrote 27 bootstraps
[2024-08-06 04:07:44.836] [jointLog] [info] wrote 28 bootstraps
[2024-08-06 04:08:36.001] [jointLog] [info] wrote 29 bootstraps
[2024-08-06 04:08:58.271] [jointLog] [info] wrote 30 bootstraps
[2024-08-06 04:09:03.234] [jointLog] [info] wrote 31 bootstraps
[2024-08-06 04:10:07.888] [jointLog] [info] wrote 32 bootstraps
[2024-08-06 04:10:22.591] [jointLog] [info] wrote 33 bootstraps
[2024-08-06 04:11:54.877] [jointLog] [info] wrote 34 bootstraps
[2024-08-06 04:12:00.608] [jointLog] [info] wrote 35 bootstraps
[2024-08-06 04:12:06.462] [jointLog] [info] wrote 36 bootstraps
[2024-08-06 04:13:16.265] [jointLog] [info] wrote 37 bootstraps
[2024-08-06 04:13:53.777] [jointLog] [info] wrote 38 bootstraps
[2024-08-06 04:14:43.226] [jointLog] [info] wrote 39 bootstraps
[2024-08-06 04:15:07.317] [jointLog] [info] wrote 40 bootstraps
[2024-08-06 04:15:23.809] [jointLog] [info] wrote 41 bootstraps
[2024-08-06 04:16:48.512] [jointLog] [info] wrote 42 bootstraps
[2024-08-06 04:16:49.029] [jointLog] [info] wrote 43 bootstraps
[2024-08-06 04:17:43.347] [jointLog] [info] wrote 44 bootstraps
[2024-08-06 04:18:09.289] [jointLog] [info] wrote 45 bootstraps
[2024-08-06 04:18:17.245] [jointLog] [info] wrote 46 bootstraps
[2024-08-06 04:20:22.559] [jointLog] [info] wrote 47 bootstraps
[2024-08-06 04:20:33.476] [jointLog] [info] wrote 48 bootstraps
[2024-08-06 04:21:59.128] [jointLog] [info] wrote 49 bootstraps
[2024-08-06 04:22:52.859] [jointLog] [info] wrote 50 bootstraps
[2024-08-06 04:22:52.922] [jointLog] [info] Finished Bootstrapping
[2024-08-06 04:22:52.923] [jointLog] [info] Computing gene-level abundance estimates
[2024-08-06 04:23:47.755] [jointLog] [info] There were 252416 transcripts mapping to 62696 genes
[2024-08-06 04:23:47.755] [jointLog] [info] NOTE: We recommend using tximport (https://bioconductor.org/packages/release/bioc/html/tximport.html) for aggregating transcript-level salmon abundance estimates to the gene level.  It is more versatile, exposes more features, and allows considering multi-sample information during aggregation.
[2024-08-06 04:23:48.192] [jointLog] [info] Aggregating expressions to gene level
[2024-08-06 04:23:48.382] [jointLog] [info] done
