[2024-09-07 12:15:19.127] [jointLog] [info] setting maxHashResizeThreads to 4
[2024-09-07 12:15:19.127] [jointLog] [info] Fragment incompatibility prior below threshold.  Incompatible fragments will be ignored.
[2024-09-07 12:15:19.127] [jointLog] [info] Usage of --validateMappings implies use of minScoreFraction. Since not explicitly specified, it is being set to 0.65
[2024-09-07 12:15:19.127] [jointLog] [info] Setting consensusSlack to selective-alignment default of 0.35.
[2024-09-07 12:15:19.127] [jointLog] [info] parsing read library format
[2024-09-07 12:15:19.127] [jointLog] [info] There is 1 library.
[2024-09-07 12:15:19.206] [jointLog] [info] Loading pufferfish index
[2024-09-07 12:15:19.216] [jointLog] [info] Loading dense pufferfish index.
[2024-09-07 12:17:12.357] [jointLog] [info] done
[2024-09-07 12:17:12.375] [jointLog] [info] Index contained 251,744 targets
[2024-09-07 12:17:15.709] [jointLog] [info] Number of decoys : 194
[2024-09-07 12:17:15.709] [jointLog] [info] First decoy index : 251,509 
[2024-09-07 12:17:16.941] [jointLog] [info] Automatically detected most likely library type as ISR

[2024-09-07 12:38:21.532] [jointLog] [info] Thread saw mini-batch with a maximum of 1.26% zero probability fragments
[2024-09-07 12:38:21.614] [jointLog] [info] Thread saw mini-batch with a maximum of 1.34% zero probability fragments
[2024-09-07 12:38:21.746] [jointLog] [info] Thread saw mini-batch with a maximum of 1.20% zero probability fragments
[2024-09-07 12:38:21.860] [jointLog] [info] Thread saw mini-batch with a maximum of 1.32% zero probability fragments
[2024-09-07 12:38:22.553] [jointLog] [info] Computed 646,437 rich equivalence classes for further processing
[2024-09-07 12:38:22.553] [jointLog] [info] Counted 33,285,152 total reads in the equivalence classes 
[2024-09-07 12:38:22.557] [jointLog] [warning] 1.49997e-05% of fragments were shorter than the k used to build the index.
If this fraction is too large, consider re-building the index with a smaller k.
The minimum read size found was 23.


[2024-09-07 12:38:22.557] [jointLog] [info] Number of mappings discarded because of alignment score : 11,696,964
[2024-09-07 12:38:22.557] [jointLog] [info] Number of fragments entirely discarded because of alignment score : 6,305,839
[2024-09-07 12:38:22.557] [jointLog] [info] Number of fragments discarded because they are best-mapped to decoys : 5,793,613
[2024-09-07 12:38:22.557] [jointLog] [info] Number of fragments discarded because they have only dovetail (discordant) mappings to valid targets : 190,041
[2024-09-07 12:38:22.557] [jointLog] [info] Mapping rate = 55.474%

[2024-09-07 12:38:22.557] [jointLog] [info] finished quantifyLibrary()
[2024-09-07 12:38:22.577] [jointLog] [info] Starting optimizer
[2024-09-07 12:38:22.554] [fileLog] [info] 
At end of round 0
==================
Observed 60001396 total fragments (60001396 in most recent round)

[2024-09-07 12:38:36.699] [jointLog] [info] Marked 0 weighted equivalence classes as degenerate
[2024-09-07 12:38:36.764] [jointLog] [info] iteration = 0 | max rel diff. = 4382.56
[2024-09-07 12:38:37.421] [jointLog] [info] iteration 11, adjusting effective lengths to account for biases
[2024-09-07 12:44:42.667] [jointLog] [info] Computed expected counts (for bias correction)
[2024-09-07 12:44:42.667] [jointLog] [info] processed bias for 0.0% of the transcripts
[2024-09-07 12:45:12.398] [jointLog] [info] processed bias for 10.0% of the transcripts
[2024-09-07 12:45:39.691] [jointLog] [info] processed bias for 20.0% of the transcripts
[2024-09-07 12:46:05.897] [jointLog] [info] processed bias for 30.0% of the transcripts
[2024-09-07 12:46:33.830] [jointLog] [info] processed bias for 40.0% of the transcripts
[2024-09-07 12:47:00.295] [jointLog] [info] processed bias for 50.0% of the transcripts
[2024-09-07 12:47:28.415] [jointLog] [info] processed bias for 60.0% of the transcripts
[2024-09-07 12:47:55.750] [jointLog] [info] processed bias for 70.0% of the transcripts
[2024-09-07 12:48:25.966] [jointLog] [info] processed bias for 80.0% of the transcripts
[2024-09-07 12:48:54.532] [jointLog] [info] processed bias for 90.0% of the transcripts
[2024-09-07 12:49:22.977] [jointLog] [info] processed bias for 100.0% of the transcripts
[2024-09-07 12:49:28.407] [jointLog] [info] iteration = 100 | max rel diff. = 16.8465
[2024-09-07 12:49:34.413] [jointLog] [info] iteration = 200 | max rel diff. = 9.22783
[2024-09-07 12:49:40.412] [jointLog] [info] iteration = 300 | max rel diff. = 14.992
[2024-09-07 12:49:46.295] [jointLog] [info] iteration = 400 | max rel diff. = 11.4882
[2024-09-07 12:49:52.131] [jointLog] [info] iteration = 500 | max rel diff. = 2.2068
[2024-09-07 12:49:58.017] [jointLog] [info] iteration = 600 | max rel diff. = 7.85842
[2024-09-07 12:50:03.861] [jointLog] [info] iteration = 700 | max rel diff. = 0.179965
[2024-09-07 12:50:09.744] [jointLog] [info] iteration = 800 | max rel diff. = 0.271866
[2024-09-07 12:50:15.673] [jointLog] [info] iteration = 900 | max rel diff. = 3.39746
[2024-09-07 12:50:21.497] [jointLog] [info] iteration = 1,000 | max rel diff. = 2.49314
[2024-09-07 12:50:27.354] [jointLog] [info] iteration = 1,100 | max rel diff. = 0.933848
[2024-09-07 12:50:33.234] [jointLog] [info] iteration = 1,200 | max rel diff. = 0.0399373
[2024-09-07 12:50:39.131] [jointLog] [info] iteration = 1,300 | max rel diff. = 0.0806697
[2024-09-07 12:50:45.086] [jointLog] [info] iteration = 1,400 | max rel diff. = 1.90004
[2024-09-07 12:50:50.972] [jointLog] [info] iteration = 1,500 | max rel diff. = 0.344219
[2024-09-07 12:50:56.874] [jointLog] [info] iteration = 1,600 | max rel diff. = 0.0257985
[2024-09-07 12:50:58.947] [jointLog] [info] iteration = 1,637 | max rel diff. = 0.00954593
[2024-09-07 12:50:58.988] [jointLog] [info] Finished optimizer
[2024-09-07 12:50:58.988] [jointLog] [info] writing output 

[2024-09-07 12:50:59.452] [jointLog] [info] Starting Bootstrapping
[2024-09-07 12:50:59.675] [jointLog] [info] Will draw 50 bootstrap samples
[2024-09-07 12:50:59.675] [jointLog] [info] Optimizing over 646,437 equivalence classes
[2024-09-07 12:50:59.745] [jointLog] [info] Marked 0 weighted equivalence classes as degenerate
[2024-09-07 12:53:04.784] [jointLog] [info] wrote 1 bootstraps
[2024-09-07 12:53:08.862] [jointLog] [info] wrote 2 bootstraps
[2024-09-07 12:54:12.633] [jointLog] [info] wrote 3 bootstraps
[2024-09-07 12:55:20.689] [jointLog] [info] wrote 4 bootstraps
[2024-09-07 12:55:57.688] [jointLog] [info] wrote 5 bootstraps
[2024-09-07 12:56:53.884] [jointLog] [info] wrote 6 bootstraps
[2024-09-07 12:57:15.533] [jointLog] [info] wrote 7 bootstraps
[2024-09-07 12:58:05.044] [jointLog] [info] wrote 8 bootstraps
[2024-09-07 12:59:44.341] [jointLog] [info] wrote 9 bootstraps
[2024-09-07 12:59:45.052] [jointLog] [info] wrote 10 bootstraps
[2024-09-07 13:00:31.196] [jointLog] [info] wrote 11 bootstraps
[2024-09-07 13:01:56.971] [jointLog] [info] wrote 12 bootstraps
[2024-09-07 13:02:16.322] [jointLog] [info] wrote 13 bootstraps
[2024-09-07 13:03:25.876] [jointLog] [info] wrote 14 bootstraps
[2024-09-07 13:04:41.093] [jointLog] [info] wrote 15 bootstraps
[2024-09-07 13:05:40.618] [jointLog] [info] wrote 16 bootstraps
[2024-09-07 13:06:06.071] [jointLog] [info] wrote 17 bootstraps
[2024-09-07 13:07:15.834] [jointLog] [info] wrote 18 bootstraps
[2024-09-07 13:08:12.360] [jointLog] [info] wrote 19 bootstraps
[2024-09-07 13:08:48.235] [jointLog] [info] wrote 20 bootstraps
[2024-09-07 13:09:33.685] [jointLog] [info] wrote 21 bootstraps
[2024-09-07 13:11:08.866] [jointLog] [info] wrote 22 bootstraps
[2024-09-07 13:11:41.971] [jointLog] [info] wrote 23 bootstraps
[2024-09-07 13:11:44.509] [jointLog] [info] wrote 24 bootstraps
[2024-09-07 13:13:56.112] [jointLog] [info] wrote 25 bootstraps
[2024-09-07 13:13:57.552] [jointLog] [info] wrote 26 bootstraps
[2024-09-07 13:14:14.371] [jointLog] [info] wrote 27 bootstraps
[2024-09-07 13:16:22.829] [jointLog] [info] wrote 28 bootstraps
[2024-09-07 13:16:30.370] [jointLog] [info] wrote 29 bootstraps
[2024-09-07 13:16:33.021] [jointLog] [info] wrote 30 bootstraps
[2024-09-07 13:18:49.977] [jointLog] [info] wrote 31 bootstraps
[2024-09-07 13:19:28.123] [jointLog] [info] wrote 32 bootstraps
[2024-09-07 13:19:45.175] [jointLog] [info] wrote 33 bootstraps
[2024-09-07 13:21:42.439] [jointLog] [info] wrote 34 bootstraps
[2024-09-07 13:21:49.229] [jointLog] [info] wrote 35 bootstraps
[2024-09-07 13:23:08.542] [jointLog] [info] wrote 36 bootstraps
[2024-09-07 13:23:44.937] [jointLog] [info] wrote 37 bootstraps
[2024-09-07 13:24:22.824] [jointLog] [info] wrote 38 bootstraps
[2024-09-07 13:26:10.945] [jointLog] [info] wrote 39 bootstraps
[2024-09-07 13:26:22.226] [jointLog] [info] wrote 40 bootstraps
[2024-09-07 13:26:31.914] [jointLog] [info] wrote 41 bootstraps
[2024-09-07 13:28:34.396] [jointLog] [info] wrote 42 bootstraps
[2024-09-07 13:28:48.492] [jointLog] [info] wrote 43 bootstraps
[2024-09-07 13:29:07.210] [jointLog] [info] wrote 44 bootstraps
[2024-09-07 13:30:53.518] [jointLog] [info] wrote 45 bootstraps
[2024-09-07 13:31:23.076] [jointLog] [info] wrote 46 bootstraps
[2024-09-07 13:31:47.496] [jointLog] [info] wrote 47 bootstraps
[2024-09-07 13:34:01.076] [jointLog] [info] wrote 48 bootstraps
[2024-09-07 13:34:30.588] [jointLog] [info] wrote 49 bootstraps
[2024-09-07 13:34:31.962] [jointLog] [info] wrote 50 bootstraps
[2024-09-07 13:34:32.023] [jointLog] [info] Finished Bootstrapping
[2024-09-07 13:34:32.023] [jointLog] [info] Computing gene-level abundance estimates
[2024-09-07 13:35:21.944] [jointLog] [info] There were 252416 transcripts mapping to 62696 genes
[2024-09-07 13:35:21.944] [jointLog] [info] NOTE: We recommend using tximport (https://bioconductor.org/packages/release/bioc/html/tximport.html) for aggregating transcript-level salmon abundance estimates to the gene level.  It is more versatile, exposes more features, and allows considering multi-sample information during aggregation.
[2024-09-07 13:35:22.381] [jointLog] [info] Aggregating expressions to gene level
[2024-09-07 13:35:22.546] [jointLog] [info] done
