[2024-10-18 16:54:51.512] [jointLog] [info] setting maxHashResizeThreads to 4
[2024-10-18 16:54:51.512] [jointLog] [info] Fragment incompatibility prior below threshold.  Incompatible fragments will be ignored.
[2024-10-18 16:54:51.512] [jointLog] [info] Usage of --validateMappings implies use of minScoreFraction. Since not explicitly specified, it is being set to 0.65
[2024-10-18 16:54:51.512] [jointLog] [info] Setting consensusSlack to selective-alignment default of 0.35.
[2024-10-18 16:54:51.512] [jointLog] [info] parsing read library format
[2024-10-18 16:54:51.512] [jointLog] [info] There is 1 library.
[2024-10-18 16:54:51.551] [jointLog] [info] Loading pufferfish index
[2024-10-18 16:54:51.592] [jointLog] [info] Loading dense pufferfish index.
[2024-10-18 16:57:33.087] [jointLog] [info] done
[2024-10-18 16:57:33.087] [jointLog] [info] Index contained 251,744 targets
[2024-10-18 16:57:35.333] [jointLog] [info] Number of decoys : 194
[2024-10-18 16:57:35.333] [jointLog] [info] First decoy index : 251,509 
[2024-10-18 16:57:36.206] [jointLog] [info] Automatically detected most likely library type as ISR

[2024-10-18 17:21:50.756] [jointLog] [info] Thread saw mini-batch with a maximum of 5.16% zero probability fragments
[2024-10-18 17:21:50.764] [jointLog] [info] Thread saw mini-batch with a maximum of 5.26% zero probability fragments
[2024-10-18 17:21:50.801] [jointLog] [info] Thread saw mini-batch with a maximum of 5.10% zero probability fragments
[2024-10-18 17:21:51.059] [jointLog] [info] Thread saw mini-batch with a maximum of 5.16% zero probability fragments
[2024-10-18 17:21:51.235] [jointLog] [info] Computed 384,459 rich equivalence classes for further processing
[2024-10-18 17:21:51.235] [jointLog] [info] Counted 34,434,737 total reads in the equivalence classes 
[2024-10-18 17:21:51.238] [jointLog] [info] Number of mappings discarded because of alignment score : 25,573,316
[2024-10-18 17:21:51.238] [jointLog] [info] Number of fragments entirely discarded because of alignment score : 7,141,558
[2024-10-18 17:21:51.238] [jointLog] [info] Number of fragments discarded because they are best-mapped to decoys : 6,136,571
[2024-10-18 17:21:51.238] [jointLog] [info] Number of fragments discarded because they have only dovetail (discordant) mappings to valid targets : 442,080
[2024-10-18 17:21:51.238] [jointLog] [info] Mapping rate = 54.2718%

[2024-10-18 17:21:51.238] [jointLog] [info] finished quantifyLibrary()
[2024-10-18 17:21:51.312] [jointLog] [info] Starting optimizer
[2024-10-18 17:21:51.236] [fileLog] [info] 
At end of round 0
==================
Observed 63448644 total fragments (63448644 in most recent round)

[2024-10-18 17:21:51.629] [jointLog] [info] Marked 0 weighted equivalence classes as degenerate
[2024-10-18 17:21:51.712] [jointLog] [info] iteration = 0 | max rel diff. = 4180.14
[2024-10-18 17:21:52.283] [jointLog] [info] iteration 11, adjusting effective lengths to account for biases
[2024-10-18 17:22:58.309] [jointLog] [info] Computed expected counts (for bias correction)
[2024-10-18 17:22:58.309] [jointLog] [info] processed bias for 0.0% of the transcripts
[2024-10-18 17:23:04.440] [jointLog] [info] processed bias for 10.0% of the transcripts
[2024-10-18 17:23:10.150] [jointLog] [info] processed bias for 20.0% of the transcripts
[2024-10-18 17:23:16.008] [jointLog] [info] processed bias for 30.0% of the transcripts
[2024-10-18 17:23:22.556] [jointLog] [info] processed bias for 40.0% of the transcripts
[2024-10-18 17:23:28.738] [jointLog] [info] processed bias for 50.0% of the transcripts
[2024-10-18 17:23:34.818] [jointLog] [info] processed bias for 60.0% of the transcripts
[2024-10-18 17:23:40.562] [jointLog] [info] processed bias for 70.0% of the transcripts
[2024-10-18 17:23:45.886] [jointLog] [info] processed bias for 80.0% of the transcripts
[2024-10-18 17:23:51.385] [jointLog] [info] processed bias for 90.0% of the transcripts
[2024-10-18 17:23:56.945] [jointLog] [info] processed bias for 100.0% of the transcripts
[2024-10-18 17:24:01.363] [jointLog] [info] iteration = 100 | max rel diff. = 19.217
[2024-10-18 17:24:06.481] [jointLog] [info] iteration = 200 | max rel diff. = 12.827
[2024-10-18 17:24:11.491] [jointLog] [info] iteration = 300 | max rel diff. = 1.29046
[2024-10-18 17:24:16.044] [jointLog] [info] iteration = 400 | max rel diff. = 7.68739
[2024-10-18 17:24:20.645] [jointLog] [info] iteration = 500 | max rel diff. = 2.99196
[2024-10-18 17:24:25.309] [jointLog] [info] iteration = 600 | max rel diff. = 0.26424
[2024-10-18 17:24:30.040] [jointLog] [info] iteration = 700 | max rel diff. = 0.156465
[2024-10-18 17:24:34.918] [jointLog] [info] iteration = 800 | max rel diff. = 0.229218
[2024-10-18 17:24:39.752] [jointLog] [info] iteration = 900 | max rel diff. = 0.912339
[2024-10-18 17:24:44.621] [jointLog] [info] iteration = 1,000 | max rel diff. = 0.892348
[2024-10-18 17:24:49.546] [jointLog] [info] iteration = 1,100 | max rel diff. = 0.133216
[2024-10-18 17:24:54.443] [jointLog] [info] iteration = 1,200 | max rel diff. = 0.0966584
[2024-10-18 17:24:59.351] [jointLog] [info] iteration = 1,300 | max rel diff. = 0.0519433
[2024-10-18 17:25:01.444] [jointLog] [info] iteration = 1,343 | max rel diff. = 0.00978129
[2024-10-18 17:25:01.490] [jointLog] [info] Finished optimizer
[2024-10-18 17:25:01.490] [jointLog] [info] writing output 

[2024-10-18 17:25:01.691] [jointLog] [info] Starting Bootstrapping
[2024-10-18 17:25:01.759] [jointLog] [info] Will draw 50 bootstrap samples
[2024-10-18 17:25:01.759] [jointLog] [info] Optimizing over 384,459 equivalence classes
[2024-10-18 17:25:01.788] [jointLog] [info] Marked 0 weighted equivalence classes as degenerate
[2024-10-18 17:26:09.030] [jointLog] [info] wrote 1 bootstraps
[2024-10-18 17:26:15.198] [jointLog] [info] wrote 2 bootstraps
[2024-10-18 17:26:22.618] [jointLog] [info] wrote 3 bootstraps
[2024-10-18 17:27:08.703] [jointLog] [info] wrote 4 bootstraps
[2024-10-18 17:27:17.992] [jointLog] [info] wrote 5 bootstraps
[2024-10-18 17:27:47.310] [jointLog] [info] wrote 6 bootstraps
[2024-10-18 17:28:11.255] [jointLog] [info] wrote 7 bootstraps
[2024-10-18 17:28:19.628] [jointLog] [info] wrote 8 bootstraps
[2024-10-18 17:29:03.748] [jointLog] [info] wrote 9 bootstraps
[2024-10-18 17:29:34.444] [jointLog] [info] wrote 10 bootstraps
[2024-10-18 17:29:36.970] [jointLog] [info] wrote 11 bootstraps
[2024-10-18 17:30:14.326] [jointLog] [info] wrote 12 bootstraps
[2024-10-18 17:30:33.111] [jointLog] [info] wrote 13 bootstraps
[2024-10-18 17:30:53.976] [jointLog] [info] wrote 14 bootstraps
[2024-10-18 17:31:08.812] [jointLog] [info] wrote 15 bootstraps
[2024-10-18 17:31:45.946] [jointLog] [info] wrote 16 bootstraps
[2024-10-18 17:32:01.332] [jointLog] [info] wrote 17 bootstraps
[2024-10-18 17:32:16.265] [jointLog] [info] wrote 18 bootstraps
[2024-10-18 17:33:08.216] [jointLog] [info] wrote 19 bootstraps
[2024-10-18 17:33:10.203] [jointLog] [info] wrote 20 bootstraps
[2024-10-18 17:33:28.864] [jointLog] [info] wrote 21 bootstraps
[2024-10-18 17:34:16.719] [jointLog] [info] wrote 22 bootstraps
[2024-10-18 17:34:20.501] [jointLog] [info] wrote 23 bootstraps
[2024-10-18 17:34:39.238] [jointLog] [info] wrote 24 bootstraps
[2024-10-18 17:35:19.006] [jointLog] [info] wrote 25 bootstraps
[2024-10-18 17:35:29.952] [jointLog] [info] wrote 26 bootstraps
[2024-10-18 17:35:45.519] [jointLog] [info] wrote 27 bootstraps
[2024-10-18 17:36:31.750] [jointLog] [info] wrote 28 bootstraps
[2024-10-18 17:36:42.504] [jointLog] [info] wrote 29 bootstraps
[2024-10-18 17:36:54.795] [jointLog] [info] wrote 30 bootstraps
[2024-10-18 17:37:37.012] [jointLog] [info] wrote 31 bootstraps
[2024-10-18 17:37:54.281] [jointLog] [info] wrote 32 bootstraps
[2024-10-18 17:38:13.736] [jointLog] [info] wrote 33 bootstraps
[2024-10-18 17:38:48.131] [jointLog] [info] wrote 34 bootstraps
[2024-10-18 17:39:10.882] [jointLog] [info] wrote 35 bootstraps
[2024-10-18 17:39:28.113] [jointLog] [info] wrote 36 bootstraps
[2024-10-18 17:39:41.584] [jointLog] [info] wrote 37 bootstraps
[2024-10-18 17:40:20.216] [jointLog] [info] wrote 38 bootstraps
[2024-10-18 17:40:47.064] [jointLog] [info] wrote 39 bootstraps
[2024-10-18 17:40:52.372] [jointLog] [info] wrote 40 bootstraps
[2024-10-18 17:41:35.942] [jointLog] [info] wrote 41 bootstraps
[2024-10-18 17:42:03.732] [jointLog] [info] wrote 42 bootstraps
[2024-10-18 17:42:06.147] [jointLog] [info] wrote 43 bootstraps
[2024-10-18 17:42:31.644] [jointLog] [info] wrote 44 bootstraps
[2024-10-18 17:42:59.517] [jointLog] [info] wrote 45 bootstraps
[2024-10-18 17:43:16.484] [jointLog] [info] wrote 46 bootstraps
[2024-10-18 17:43:39.425] [jointLog] [info] wrote 47 bootstraps
[2024-10-18 17:44:02.385] [jointLog] [info] wrote 48 bootstraps
[2024-10-18 17:44:10.962] [jointLog] [info] wrote 49 bootstraps
[2024-10-18 17:44:48.858] [jointLog] [info] wrote 50 bootstraps
[2024-10-18 17:44:48.881] [jointLog] [info] Finished Bootstrapping
[2024-10-18 17:44:48.881] [jointLog] [info] Computing gene-level abundance estimates
[2024-10-18 17:45:04.800] [jointLog] [info] There were 252416 transcripts mapping to 62696 genes
[2024-10-18 17:45:04.800] [jointLog] [info] NOTE: We recommend using tximport (https://bioconductor.org/packages/release/bioc/html/tximport.html) for aggregating transcript-level salmon abundance estimates to the gene level.  It is more versatile, exposes more features, and allows considering multi-sample information during aggregation.
[2024-10-18 17:45:06.701] [jointLog] [info] Aggregating expressions to gene level
[2024-10-18 17:45:07.355] [jointLog] [info] done
