[2024-09-01 02:57:36.519] [jointLog] [info] setting maxHashResizeThreads to 4
[2024-09-01 02:57:36.519] [jointLog] [info] Fragment incompatibility prior below threshold.  Incompatible fragments will be ignored.
[2024-09-01 02:57:36.519] [jointLog] [info] Usage of --validateMappings implies use of minScoreFraction. Since not explicitly specified, it is being set to 0.65
[2024-09-01 02:57:36.519] [jointLog] [info] Setting consensusSlack to selective-alignment default of 0.35.
[2024-09-01 02:57:36.520] [jointLog] [info] parsing read library format
[2024-09-01 02:57:36.520] [jointLog] [info] There is 1 library.
[2024-09-01 02:57:36.668] [jointLog] [info] Loading pufferfish index
[2024-09-01 02:57:36.668] [jointLog] [info] Loading dense pufferfish index.
[2024-09-01 02:58:30.220] [jointLog] [info] done
[2024-09-01 02:58:30.220] [jointLog] [info] Index contained 251,744 targets
[2024-09-01 02:58:34.925] [jointLog] [info] Number of decoys : 194
[2024-09-01 02:58:34.925] [jointLog] [info] First decoy index : 251,509 
[2024-09-01 02:58:37.249] [jointLog] [info] Automatically detected most likely library type as ISR

[2024-09-01 03:24:19.409] [jointLog] [info] Thread saw mini-batch with a maximum of 1.20% zero probability fragments
[2024-09-01 03:24:19.734] [jointLog] [info] Thread saw mini-batch with a maximum of 1.18% zero probability fragments
[2024-09-01 03:24:19.762] [jointLog] [info] Thread saw mini-batch with a maximum of 1.30% zero probability fragments
[2024-09-01 03:24:19.835] [jointLog] [info] Thread saw mini-batch with a maximum of 1.20% zero probability fragments
[2024-09-01 03:24:20.898] [fileLog] [info] 
At end of round 0
==================
Observed 52088412 total fragments (52088412 in most recent round)

[2024-09-01 03:24:20.892] [jointLog] [info] Computed 625,166 rich equivalence classes for further processing
[2024-09-01 03:24:20.892] [jointLog] [info] Counted 24,544,709 total reads in the equivalence classes 
[2024-09-01 03:24:20.905] [jointLog] [warning] 1.72783e-05% of fragments were shorter than the k used to build the index.
If this fraction is too large, consider re-building the index with a smaller k.
The minimum read size found was 22.


[2024-09-01 03:24:20.905] [jointLog] [info] Number of mappings discarded because of alignment score : 11,943,612
[2024-09-01 03:24:20.905] [jointLog] [info] Number of fragments entirely discarded because of alignment score : 5,860,821
[2024-09-01 03:24:20.905] [jointLog] [info] Number of fragments discarded because they are best-mapped to decoys : 5,112,471
[2024-09-01 03:24:20.905] [jointLog] [info] Number of fragments discarded because they have only dovetail (discordant) mappings to valid targets : 413,125
[2024-09-01 03:24:20.905] [jointLog] [info] Mapping rate = 47.1212%

[2024-09-01 03:24:20.905] [jointLog] [info] finished quantifyLibrary()
[2024-09-01 03:24:20.917] [jointLog] [info] Starting optimizer
[2024-09-01 03:25:18.251] [jointLog] [info] Marked 0 weighted equivalence classes as degenerate
[2024-09-01 03:25:18.333] [jointLog] [info] iteration = 0 | max rel diff. = 4965.79
[2024-09-01 03:25:19.216] [jointLog] [info] iteration 11, adjusting effective lengths to account for biases
[2024-09-01 03:31:07.866] [jointLog] [info] Computed expected counts (for bias correction)
[2024-09-01 03:31:07.867] [jointLog] [info] processed bias for 0.0% of the transcripts
[2024-09-01 03:31:52.018] [jointLog] [info] processed bias for 10.0% of the transcripts
[2024-09-01 03:32:29.825] [jointLog] [info] processed bias for 20.0% of the transcripts
[2024-09-01 03:33:09.091] [jointLog] [info] processed bias for 30.0% of the transcripts
[2024-09-01 03:33:47.143] [jointLog] [info] processed bias for 40.0% of the transcripts
[2024-09-01 03:34:28.636] [jointLog] [info] processed bias for 50.0% of the transcripts
[2024-09-01 03:35:03.961] [jointLog] [info] processed bias for 60.0% of the transcripts
[2024-09-01 03:35:42.200] [jointLog] [info] processed bias for 70.0% of the transcripts
[2024-09-01 03:36:18.674] [jointLog] [info] processed bias for 80.0% of the transcripts
[2024-09-01 03:36:53.203] [jointLog] [info] processed bias for 90.0% of the transcripts
[2024-09-01 03:37:30.595] [jointLog] [info] processed bias for 100.0% of the transcripts
[2024-09-01 03:37:40.190] [jointLog] [info] iteration = 100 | max rel diff. = 19.9485
[2024-09-01 03:37:51.633] [jointLog] [info] iteration = 200 | max rel diff. = 6.63358
[2024-09-01 03:38:01.261] [jointLog] [info] iteration = 300 | max rel diff. = 1.07174
[2024-09-01 03:38:11.268] [jointLog] [info] iteration = 400 | max rel diff. = 3.58784
[2024-09-01 03:38:22.019] [jointLog] [info] iteration = 500 | max rel diff. = 7.84438
[2024-09-01 03:38:33.810] [jointLog] [info] iteration = 600 | max rel diff. = 0.395523
[2024-09-01 03:38:44.887] [jointLog] [info] iteration = 700 | max rel diff. = 0.431936
[2024-09-01 03:38:55.906] [jointLog] [info] iteration = 800 | max rel diff. = 0.679638
[2024-09-01 03:39:05.733] [jointLog] [info] iteration = 900 | max rel diff. = 0.460191
[2024-09-01 03:39:14.882] [jointLog] [info] iteration = 1,000 | max rel diff. = 0.121651
[2024-09-01 03:39:24.582] [jointLog] [info] iteration = 1,100 | max rel diff. = 0.458912
[2024-09-01 03:39:34.400] [jointLog] [info] iteration = 1,200 | max rel diff. = 11.3898
[2024-09-01 03:39:43.802] [jointLog] [info] iteration = 1,300 | max rel diff. = 0.508966
[2024-09-01 03:39:53.342] [jointLog] [info] iteration = 1,400 | max rel diff. = 0.999464
[2024-09-01 03:40:02.776] [jointLog] [info] iteration = 1,500 | max rel diff. = 0.28663
[2024-09-01 03:40:12.301] [jointLog] [info] iteration = 1,600 | max rel diff. = 0.0317849
[2024-09-01 03:40:22.051] [jointLog] [info] iteration = 1,700 | max rel diff. = 0.0507358
[2024-09-01 03:40:31.673] [jointLog] [info] iteration = 1,800 | max rel diff. = 0.0411809
[2024-09-01 03:40:38.610] [jointLog] [info] iteration = 1,880 | max rel diff. = 0.00913787
[2024-09-01 03:40:38.693] [jointLog] [info] Finished optimizer
[2024-09-01 03:40:38.693] [jointLog] [info] writing output 

[2024-09-01 03:40:39.583] [jointLog] [info] Starting Bootstrapping
[2024-09-01 03:40:39.923] [jointLog] [info] Will draw 50 bootstrap samples
[2024-09-01 03:40:39.923] [jointLog] [info] Optimizing over 625,166 equivalence classes
[2024-09-01 03:40:40.025] [jointLog] [info] Marked 0 weighted equivalence classes as degenerate
[2024-09-01 03:44:06.947] [jointLog] [info] wrote 1 bootstraps
[2024-09-01 03:44:38.651] [jointLog] [info] wrote 2 bootstraps
[2024-09-01 03:45:05.965] [jointLog] [info] wrote 3 bootstraps
[2024-09-01 03:47:50.139] [jointLog] [info] wrote 4 bootstraps
[2024-09-01 03:47:52.632] [jointLog] [info] wrote 5 bootstraps
[2024-09-01 03:48:24.674] [jointLog] [info] wrote 6 bootstraps
[2024-09-01 03:52:07.419] [jointLog] [info] wrote 7 bootstraps
[2024-09-01 03:52:10.655] [jointLog] [info] wrote 8 bootstraps
[2024-09-01 03:52:29.901] [jointLog] [info] wrote 9 bootstraps
[2024-09-01 03:55:25.941] [jointLog] [info] wrote 10 bootstraps
[2024-09-01 03:56:16.385] [jointLog] [info] wrote 11 bootstraps
[2024-09-01 03:56:22.106] [jointLog] [info] wrote 12 bootstraps
[2024-09-01 04:00:38.104] [jointLog] [info] wrote 13 bootstraps
[2024-09-01 04:00:46.477] [jointLog] [info] wrote 14 bootstraps
[2024-09-01 04:01:04.178] [jointLog] [info] wrote 15 bootstraps
[2024-09-01 04:03:57.314] [jointLog] [info] wrote 16 bootstraps
[2024-09-01 04:04:54.680] [jointLog] [info] wrote 17 bootstraps
[2024-09-01 04:05:02.601] [jointLog] [info] wrote 18 bootstraps
[2024-09-01 04:08:12.799] [jointLog] [info] wrote 19 bootstraps
[2024-09-01 04:08:22.282] [jointLog] [info] wrote 20 bootstraps
[2024-09-01 04:09:09.454] [jointLog] [info] wrote 21 bootstraps
[2024-09-01 04:11:43.909] [jointLog] [info] wrote 22 bootstraps
[2024-09-01 04:12:23.194] [jointLog] [info] wrote 23 bootstraps
[2024-09-01 04:13:11.552] [jointLog] [info] wrote 24 bootstraps
[2024-09-01 04:16:00.087] [jointLog] [info] wrote 25 bootstraps
[2024-09-01 04:16:15.603] [jointLog] [info] wrote 26 bootstraps
[2024-09-01 04:17:53.766] [jointLog] [info] wrote 27 bootstraps
[2024-09-01 04:20:04.570] [jointLog] [info] wrote 28 bootstraps
[2024-09-01 04:20:04.742] [jointLog] [info] wrote 29 bootstraps
[2024-09-01 04:21:39.917] [jointLog] [info] wrote 30 bootstraps
[2024-09-01 04:24:11.474] [jointLog] [info] wrote 31 bootstraps
[2024-09-01 04:24:12.279] [jointLog] [info] wrote 32 bootstraps
[2024-09-01 04:25:37.892] [jointLog] [info] wrote 33 bootstraps
[2024-09-01 04:28:09.229] [jointLog] [info] wrote 34 bootstraps
[2024-09-01 04:28:38.274] [jointLog] [info] wrote 35 bootstraps
[2024-09-01 04:30:02.873] [jointLog] [info] wrote 36 bootstraps
[2024-09-01 04:32:43.694] [jointLog] [info] wrote 37 bootstraps
[2024-09-01 04:33:09.907] [jointLog] [info] wrote 38 bootstraps
[2024-09-01 04:34:08.472] [jointLog] [info] wrote 39 bootstraps
[2024-09-01 04:36:21.041] [jointLog] [info] wrote 40 bootstraps
[2024-09-01 04:36:58.300] [jointLog] [info] wrote 41 bootstraps
[2024-09-01 04:38:56.435] [jointLog] [info] wrote 42 bootstraps
[2024-09-01 04:40:10.720] [jointLog] [info] wrote 43 bootstraps
[2024-09-01 04:40:44.728] [jointLog] [info] wrote 44 bootstraps
[2024-09-01 04:43:01.036] [jointLog] [info] wrote 45 bootstraps
[2024-09-01 04:43:52.305] [jointLog] [info] wrote 46 bootstraps
[2024-09-01 04:44:37.036] [jointLog] [info] wrote 47 bootstraps
[2024-09-01 04:46:28.642] [jointLog] [info] wrote 48 bootstraps
[2024-09-01 04:48:09.793] [jointLog] [info] wrote 49 bootstraps
[2024-09-01 04:48:46.421] [jointLog] [info] wrote 50 bootstraps
[2024-09-01 04:48:46.536] [jointLog] [info] Finished Bootstrapping
[2024-09-01 04:48:46.536] [jointLog] [info] Computing gene-level abundance estimates
[2024-09-01 04:49:46.695] [jointLog] [info] There were 252416 transcripts mapping to 62696 genes
[2024-09-01 04:49:46.695] [jointLog] [info] NOTE: We recommend using tximport (https://bioconductor.org/packages/release/bioc/html/tximport.html) for aggregating transcript-level salmon abundance estimates to the gene level.  It is more versatile, exposes more features, and allows considering multi-sample information during aggregation.
[2024-09-01 04:49:48.295] [jointLog] [info] Aggregating expressions to gene level
[2024-09-01 04:49:48.778] [jointLog] [info] done
