[2024-07-06 09:24:37.146] [jointLog] [info] setting maxHashResizeThreads to 4
[2024-07-06 09:24:37.146] [jointLog] [info] Fragment incompatibility prior below threshold.  Incompatible fragments will be ignored.
[2024-07-06 09:24:37.146] [jointLog] [info] Usage of --validateMappings implies use of minScoreFraction. Since not explicitly specified, it is being set to 0.65
[2024-07-06 09:24:37.146] [jointLog] [info] Setting consensusSlack to selective-alignment default of 0.35.
[2024-07-06 09:24:37.146] [jointLog] [info] parsing read library format
[2024-07-06 09:24:37.146] [jointLog] [info] There is 1 library.
[2024-07-06 09:24:37.190] [jointLog] [info] Loading pufferfish index
[2024-07-06 09:24:37.190] [jointLog] [info] Loading dense pufferfish index.
[2024-07-06 09:25:14.851] [jointLog] [info] done
[2024-07-06 09:25:14.851] [jointLog] [info] Index contained 251,744 targets
[2024-07-06 09:25:18.072] [jointLog] [info] Number of decoys : 194
[2024-07-06 09:25:18.072] [jointLog] [info] First decoy index : 251,509 
[2024-07-06 09:25:19.056] [jointLog] [info] Automatically detected most likely library type as ISR

[2024-07-06 09:44:39.720] [jointLog] [info] Thread saw mini-batch with a maximum of 1.28% zero probability fragments
[2024-07-06 09:44:39.915] [jointLog] [info] Thread saw mini-batch with a maximum of 1.24% zero probability fragments
[2024-07-06 09:44:39.961] [jointLog] [info] Thread saw mini-batch with a maximum of 1.30% zero probability fragments
[2024-07-06 09:44:40.102] [jointLog] [info] Thread saw mini-batch with a maximum of 1.26% zero probability fragments
[2024-07-06 09:44:40.401] [fileLog] [info] 
At end of round 0
==================
Observed 45902623 total fragments (45902623 in most recent round)

[2024-07-06 09:44:40.401] [jointLog] [info] Computed 413,137 rich equivalence classes for further processing
[2024-07-06 09:44:40.401] [jointLog] [info] Counted 37,958,993 total reads in the equivalence classes 
[2024-07-06 09:44:40.404] [jointLog] [info] Number of mappings discarded because of alignment score : 23,779,474
[2024-07-06 09:44:40.404] [jointLog] [info] Number of fragments entirely discarded because of alignment score : 4,058,496
[2024-07-06 09:44:40.404] [jointLog] [info] Number of fragments discarded because they are best-mapped to decoys : 2,744,857
[2024-07-06 09:44:40.404] [jointLog] [info] Number of fragments discarded because they have only dovetail (discordant) mappings to valid targets : 116,398
[2024-07-06 09:44:40.404] [jointLog] [info] Mapping rate = 82.6946%

[2024-07-06 09:44:40.404] [jointLog] [info] finished quantifyLibrary()
[2024-07-06 09:44:40.405] [jointLog] [info] Starting optimizer
[2024-07-06 09:44:43.983] [jointLog] [info] Marked 0 weighted equivalence classes as degenerate
[2024-07-06 09:44:44.039] [jointLog] [info] iteration = 0 | max rel diff. = 3626.89
[2024-07-06 09:44:44.532] [jointLog] [info] iteration 11, adjusting effective lengths to account for biases
[2024-07-06 09:46:36.692] [jointLog] [info] Computed expected counts (for bias correction)
[2024-07-06 09:46:36.692] [jointLog] [info] processed bias for 0.0% of the transcripts
[2024-07-06 09:46:50.364] [jointLog] [info] processed bias for 10.0% of the transcripts
[2024-07-06 09:47:02.993] [jointLog] [info] processed bias for 20.0% of the transcripts
[2024-07-06 09:47:15.760] [jointLog] [info] processed bias for 30.0% of the transcripts
[2024-07-06 09:47:28.157] [jointLog] [info] processed bias for 40.0% of the transcripts
[2024-07-06 09:47:40.503] [jointLog] [info] processed bias for 50.0% of the transcripts
[2024-07-06 09:47:51.982] [jointLog] [info] processed bias for 60.0% of the transcripts
[2024-07-06 09:48:03.465] [jointLog] [info] processed bias for 70.0% of the transcripts
[2024-07-06 09:48:15.435] [jointLog] [info] processed bias for 80.0% of the transcripts
[2024-07-06 09:48:28.146] [jointLog] [info] processed bias for 90.0% of the transcripts
[2024-07-06 09:48:40.941] [jointLog] [info] processed bias for 100.0% of the transcripts
[2024-07-06 09:48:44.622] [jointLog] [info] iteration = 100 | max rel diff. = 13.4964
[2024-07-06 09:48:48.685] [jointLog] [info] iteration = 200 | max rel diff. = 18.9569
[2024-07-06 09:48:52.717] [jointLog] [info] iteration = 300 | max rel diff. = 17.4492
[2024-07-06 09:48:56.753] [jointLog] [info] iteration = 400 | max rel diff. = 7.36214
[2024-07-06 09:49:00.785] [jointLog] [info] iteration = 500 | max rel diff. = 4.27429
[2024-07-06 09:49:04.847] [jointLog] [info] iteration = 600 | max rel diff. = 4.52497
[2024-07-06 09:49:08.878] [jointLog] [info] iteration = 700 | max rel diff. = 0.573759
[2024-07-06 09:49:12.919] [jointLog] [info] iteration = 800 | max rel diff. = 0.0940962
[2024-07-06 09:49:16.961] [jointLog] [info] iteration = 900 | max rel diff. = 0.136489
[2024-07-06 09:49:21.022] [jointLog] [info] iteration = 1,000 | max rel diff. = 0.123018
[2024-07-06 09:49:25.057] [jointLog] [info] iteration = 1,100 | max rel diff. = 0.0530149
[2024-07-06 09:49:29.082] [jointLog] [info] iteration = 1,200 | max rel diff. = 0.0329342
[2024-07-06 09:49:33.135] [jointLog] [info] iteration = 1,300 | max rel diff. = 0.0499105
[2024-07-06 09:49:37.192] [jointLog] [info] iteration = 1,400 | max rel diff. = 0.136385
[2024-07-06 09:49:41.230] [jointLog] [info] iteration = 1,500 | max rel diff. = 0.053081
[2024-07-06 09:49:45.271] [jointLog] [info] iteration = 1,600 | max rel diff. = 0.294436
[2024-07-06 09:49:49.312] [jointLog] [info] iteration = 1,700 | max rel diff. = 0.15054
[2024-07-06 09:49:53.341] [jointLog] [info] iteration = 1,800 | max rel diff. = 0.322253
[2024-07-06 09:49:57.372] [jointLog] [info] iteration = 1,900 | max rel diff. = 1.85113
[2024-07-06 09:49:57.413] [jointLog] [info] iteration = 1,902 | max rel diff. = 0.00951765
[2024-07-06 09:49:57.471] [jointLog] [info] Finished optimizer
[2024-07-06 09:49:57.471] [jointLog] [info] writing output 

[2024-07-06 09:49:57.894] [jointLog] [info] Starting Bootstrapping
[2024-07-06 09:49:58.024] [jointLog] [info] Will draw 50 bootstrap samples
[2024-07-06 09:49:58.024] [jointLog] [info] Optimizing over 413,137 equivalence classes
[2024-07-06 09:49:58.070] [jointLog] [info] Marked 0 weighted equivalence classes as degenerate
[2024-07-06 09:51:23.437] [jointLog] [info] wrote 1 bootstraps
[2024-07-06 09:51:38.747] [jointLog] [info] wrote 2 bootstraps
[2024-07-06 09:51:52.535] [jointLog] [info] wrote 3 bootstraps
[2024-07-06 09:52:50.874] [jointLog] [info] wrote 4 bootstraps
[2024-07-06 09:53:02.700] [jointLog] [info] wrote 5 bootstraps
[2024-07-06 09:53:38.306] [jointLog] [info] wrote 6 bootstraps
[2024-07-06 09:54:04.577] [jointLog] [info] wrote 7 bootstraps
[2024-07-06 09:54:43.423] [jointLog] [info] wrote 8 bootstraps
[2024-07-06 09:55:22.035] [jointLog] [info] wrote 9 bootstraps
[2024-07-06 09:55:44.959] [jointLog] [info] wrote 10 bootstraps
[2024-07-06 09:56:08.737] [jointLog] [info] wrote 11 bootstraps
[2024-07-06 09:56:48.200] [jointLog] [info] wrote 12 bootstraps
[2024-07-06 09:57:24.281] [jointLog] [info] wrote 13 bootstraps
[2024-07-06 09:57:29.300] [jointLog] [info] wrote 14 bootstraps
[2024-07-06 09:58:01.404] [jointLog] [info] wrote 15 bootstraps
[2024-07-06 09:58:48.928] [jointLog] [info] wrote 16 bootstraps
[2024-07-06 09:59:25.362] [jointLog] [info] wrote 17 bootstraps
[2024-07-06 09:59:29.001] [jointLog] [info] wrote 18 bootstraps
[2024-07-06 10:00:31.247] [jointLog] [info] wrote 19 bootstraps
[2024-07-06 10:01:05.975] [jointLog] [info] wrote 20 bootstraps
[2024-07-06 10:01:09.091] [jointLog] [info] wrote 21 bootstraps
[2024-07-06 10:01:55.088] [jointLog] [info] wrote 22 bootstraps
[2024-07-06 10:02:35.299] [jointLog] [info] wrote 23 bootstraps
[2024-07-06 10:02:38.199] [jointLog] [info] wrote 24 bootstraps
[2024-07-06 10:03:28.587] [jointLog] [info] wrote 25 bootstraps
[2024-07-06 10:03:53.382] [jointLog] [info] wrote 26 bootstraps
[2024-07-06 10:04:10.616] [jointLog] [info] wrote 27 bootstraps
[2024-07-06 10:05:08.966] [jointLog] [info] wrote 28 bootstraps
[2024-07-06 10:05:10.727] [jointLog] [info] wrote 29 bootstraps
[2024-07-06 10:05:51.543] [jointLog] [info] wrote 30 bootstraps
[2024-07-06 10:06:42.832] [jointLog] [info] wrote 31 bootstraps
[2024-07-06 10:06:50.886] [jointLog] [info] wrote 32 bootstraps
[2024-07-06 10:07:36.356] [jointLog] [info] wrote 33 bootstraps
[2024-07-06 10:08:05.964] [jointLog] [info] wrote 34 bootstraps
[2024-07-06 10:08:15.654] [jointLog] [info] wrote 35 bootstraps
[2024-07-06 10:09:15.716] [jointLog] [info] wrote 36 bootstraps
[2024-07-06 10:09:53.789] [jointLog] [info] wrote 37 bootstraps
[2024-07-06 10:09:55.898] [jointLog] [info] wrote 38 bootstraps
[2024-07-06 10:10:31.499] [jointLog] [info] wrote 39 bootstraps
[2024-07-06 10:11:08.317] [jointLog] [info] wrote 40 bootstraps
[2024-07-06 10:11:35.659] [jointLog] [info] wrote 41 bootstraps
[2024-07-06 10:12:16.590] [jointLog] [info] wrote 42 bootstraps
[2024-07-06 10:12:20.460] [jointLog] [info] wrote 43 bootstraps
[2024-07-06 10:13:15.292] [jointLog] [info] wrote 44 bootstraps
[2024-07-06 10:13:36.847] [jointLog] [info] wrote 45 bootstraps
[2024-07-06 10:13:48.566] [jointLog] [info] wrote 46 bootstraps
[2024-07-06 10:15:11.014] [jointLog] [info] wrote 47 bootstraps
[2024-07-06 10:15:24.104] [jointLog] [info] wrote 48 bootstraps
[2024-07-06 10:15:27.831] [jointLog] [info] wrote 49 bootstraps
[2024-07-06 10:16:59.827] [jointLog] [info] wrote 50 bootstraps
[2024-07-06 10:16:59.870] [jointLog] [info] Finished Bootstrapping
[2024-07-06 10:16:59.870] [jointLog] [info] Computing gene-level abundance estimates
[2024-07-06 10:17:43.778] [jointLog] [info] There were 252416 transcripts mapping to 62696 genes
[2024-07-06 10:17:43.898] [jointLog] [info] NOTE: We recommend using tximport (https://bioconductor.org/packages/release/bioc/html/tximport.html) for aggregating transcript-level salmon abundance estimates to the gene level.  It is more versatile, exposes more features, and allows considering multi-sample information during aggregation.
[2024-07-06 10:17:44.449] [jointLog] [info] Aggregating expressions to gene level
[2024-07-06 10:17:44.633] [jointLog] [info] done
