[2024-03-20 19:03:47.662] [jointLog] [info] setting maxHashResizeThreads to 4
[2024-03-20 19:03:47.662] [jointLog] [info] Fragment incompatibility prior below threshold.  Incompatible fragments will be ignored.
[2024-03-20 19:03:47.662] [jointLog] [info] Usage of --validateMappings implies use of minScoreFraction. Since not explicitly specified, it is being set to 0.65
[2024-03-20 19:03:47.662] [jointLog] [info] Setting consensusSlack to selective-alignment default of 0.35.
[2024-03-20 19:03:47.662] [jointLog] [info] parsing read library format
[2024-03-20 19:03:47.662] [jointLog] [info] There is 1 library.
[2024-03-20 19:03:47.720] [jointLog] [info] Loading pufferfish index
[2024-03-20 19:03:47.720] [jointLog] [info] Loading dense pufferfish index.
[2024-03-20 19:04:29.269] [jointLog] [info] done
[2024-03-20 19:04:29.269] [jointLog] [info] Index contained 251,744 targets
[2024-03-20 19:04:33.087] [jointLog] [info] Number of decoys : 194
[2024-03-20 19:04:33.087] [jointLog] [info] First decoy index : 251,509 
[2024-03-20 19:04:33.963] [jointLog] [info] Automatically detected most likely library type as ISR

[2024-03-20 19:34:07.456] [jointLog] [info] Thread saw mini-batch with a maximum of 1.20% zero probability fragments
[2024-03-20 19:34:07.478] [jointLog] [info] Thread saw mini-batch with a maximum of 1.10% zero probability fragments
[2024-03-20 19:34:07.586] [jointLog] [info] Thread saw mini-batch with a maximum of 1.18% zero probability fragments
[2024-03-20 19:34:07.705] [jointLog] [info] Thread saw mini-batch with a maximum of 1.12% zero probability fragments
[2024-03-20 19:34:08.376] [jointLog] [info] Computed 697,711 rich equivalence classes for further processing
[2024-03-20 19:34:08.376] [jointLog] [info] Counted 45,756,456 total reads in the equivalence classes 
[2024-03-20 19:34:08.380] [jointLog] [warning] 1.70556e-05% of fragments were shorter than the k used to build the index.
If this fraction is too large, consider re-building the index with a smaller k.
The minimum read size found was 15.


[2024-03-20 19:34:08.380] [jointLog] [info] Number of mappings discarded because of alignment score : 16,479,784
[2024-03-20 19:34:08.380] [jointLog] [info] Number of fragments entirely discarded because of alignment score : 5,464,751
[2024-03-20 19:34:08.380] [jointLog] [info] Number of fragments discarded because they are best-mapped to decoys : 4,936,761
[2024-03-20 19:34:08.380] [jointLog] [info] Number of fragments discarded because they have only dovetail (discordant) mappings to valid targets : 275,706
[2024-03-20 19:34:08.380] [jointLog] [info] Mapping rate = 70.9458%

[2024-03-20 19:34:08.380] [jointLog] [info] finished quantifyLibrary()
[2024-03-20 19:34:08.376] [fileLog] [info] 
At end of round 0
==================
Observed 64494947 total fragments (64494947 in most recent round)

[2024-03-20 19:34:09.038] [jointLog] [info] Starting optimizer
[2024-03-20 19:34:09.432] [jointLog] [info] Marked 0 weighted equivalence classes as degenerate
[2024-03-20 19:34:09.513] [jointLog] [info] iteration = 0 | max rel diff. = 1614.75
[2024-03-20 19:34:10.287] [jointLog] [info] iteration 11, adjusting effective lengths to account for biases
[2024-03-20 19:37:20.399] [jointLog] [info] Computed expected counts (for bias correction)
[2024-03-20 19:37:20.400] [jointLog] [info] processed bias for 0.0% of the transcripts
[2024-03-20 19:37:42.127] [jointLog] [info] processed bias for 10.0% of the transcripts
[2024-03-20 19:38:01.720] [jointLog] [info] processed bias for 20.0% of the transcripts
[2024-03-20 19:38:21.215] [jointLog] [info] processed bias for 30.0% of the transcripts
[2024-03-20 19:38:43.052] [jointLog] [info] processed bias for 40.0% of the transcripts
[2024-03-20 19:39:03.314] [jointLog] [info] processed bias for 50.0% of the transcripts
[2024-03-20 19:39:23.914] [jointLog] [info] processed bias for 60.0% of the transcripts
[2024-03-20 19:39:43.730] [jointLog] [info] processed bias for 70.0% of the transcripts
[2024-03-20 19:40:02.248] [jointLog] [info] processed bias for 80.0% of the transcripts
[2024-03-20 19:40:21.669] [jointLog] [info] processed bias for 90.0% of the transcripts
[2024-03-20 19:40:41.538] [jointLog] [info] processed bias for 100.0% of the transcripts
[2024-03-20 19:40:48.462] [jointLog] [info] iteration = 100 | max rel diff. = 19.699
[2024-03-20 19:40:56.001] [jointLog] [info] iteration = 200 | max rel diff. = 5.68124
[2024-03-20 19:41:03.169] [jointLog] [info] iteration = 300 | max rel diff. = 4.72513
[2024-03-20 19:41:10.792] [jointLog] [info] iteration = 400 | max rel diff. = 2.59034
[2024-03-20 19:41:18.207] [jointLog] [info] iteration = 500 | max rel diff. = 1.27677
[2024-03-20 19:41:24.845] [jointLog] [info] iteration = 600 | max rel diff. = 0.676724
[2024-03-20 19:41:31.436] [jointLog] [info] iteration = 700 | max rel diff. = 0.163493
[2024-03-20 19:41:38.027] [jointLog] [info] iteration = 800 | max rel diff. = 0.0830751
[2024-03-20 19:41:44.587] [jointLog] [info] iteration = 900 | max rel diff. = 0.0725781
[2024-03-20 19:41:51.283] [jointLog] [info] iteration = 1,000 | max rel diff. = 0.216722
[2024-03-20 19:41:57.797] [jointLog] [info] iteration = 1,100 | max rel diff. = 0.191213
[2024-03-20 19:42:05.206] [jointLog] [info] iteration = 1,200 | max rel diff. = 0.0219988
[2024-03-20 19:42:12.685] [jointLog] [info] iteration = 1,300 | max rel diff. = 0.244192
[2024-03-20 19:42:19.357] [jointLog] [info] iteration = 1,400 | max rel diff. = 0.0768176
[2024-03-20 19:42:24.748] [jointLog] [info] iteration = 1,484 | max rel diff. = 0.00897149
[2024-03-20 19:42:24.825] [jointLog] [info] Finished optimizer
[2024-03-20 19:42:24.825] [jointLog] [info] writing output 

[2024-03-20 19:42:25.249] [jointLog] [info] Starting Bootstrapping
[2024-03-20 19:42:25.554] [jointLog] [info] Will draw 50 bootstrap samples
[2024-03-20 19:42:25.554] [jointLog] [info] Optimizing over 697,711 equivalence classes
[2024-03-20 19:42:25.653] [jointLog] [info] Marked 0 weighted equivalence classes as degenerate
[2024-03-20 19:45:08.407] [jointLog] [info] wrote 1 bootstraps
[2024-03-20 19:45:26.744] [jointLog] [info] wrote 2 bootstraps
[2024-03-20 19:45:27.798] [jointLog] [info] wrote 3 bootstraps
[2024-03-20 19:47:50.020] [jointLog] [info] wrote 4 bootstraps
[2024-03-20 19:48:18.432] [jointLog] [info] wrote 5 bootstraps
[2024-03-20 19:48:56.249] [jointLog] [info] wrote 6 bootstraps
[2024-03-20 19:51:08.853] [jointLog] [info] wrote 7 bootstraps
[2024-03-20 19:51:22.737] [jointLog] [info] wrote 8 bootstraps
[2024-03-20 19:51:44.953] [jointLog] [info] wrote 9 bootstraps
[2024-03-20 19:53:28.952] [jointLog] [info] wrote 10 bootstraps
[2024-03-20 19:53:47.781] [jointLog] [info] wrote 11 bootstraps
[2024-03-20 19:55:03.894] [jointLog] [info] wrote 12 bootstraps
[2024-03-20 19:56:28.635] [jointLog] [info] wrote 13 bootstraps
[2024-03-20 19:56:59.095] [jointLog] [info] wrote 14 bootstraps
[2024-03-20 19:57:12.991] [jointLog] [info] wrote 15 bootstraps
[2024-03-20 19:59:06.692] [jointLog] [info] wrote 16 bootstraps
[2024-03-20 19:59:42.993] [jointLog] [info] wrote 17 bootstraps
[2024-03-20 20:00:30.384] [jointLog] [info] wrote 18 bootstraps
[2024-03-20 20:02:10.867] [jointLog] [info] wrote 19 bootstraps
[2024-03-20 20:02:28.418] [jointLog] [info] wrote 20 bootstraps
[2024-03-20 20:03:51.301] [jointLog] [info] wrote 21 bootstraps
[2024-03-20 20:04:37.936] [jointLog] [info] wrote 22 bootstraps
[2024-03-20 20:05:54.446] [jointLog] [info] wrote 23 bootstraps
[2024-03-20 20:06:41.328] [jointLog] [info] wrote 24 bootstraps
[2024-03-20 20:08:06.935] [jointLog] [info] wrote 25 bootstraps
[2024-03-20 20:08:20.584] [jointLog] [info] wrote 26 bootstraps
[2024-03-20 20:10:22.928] [jointLog] [info] wrote 27 bootstraps
[2024-03-20 20:11:14.760] [jointLog] [info] wrote 28 bootstraps
[2024-03-20 20:11:26.936] [jointLog] [info] wrote 29 bootstraps
[2024-03-20 20:13:27.925] [jointLog] [info] wrote 30 bootstraps
[2024-03-20 20:14:12.744] [jointLog] [info] wrote 31 bootstraps
[2024-03-20 20:14:13.325] [jointLog] [info] wrote 32 bootstraps
[2024-03-20 20:16:25.382] [jointLog] [info] wrote 33 bootstraps
[2024-03-20 20:16:45.911] [jointLog] [info] wrote 34 bootstraps
[2024-03-20 20:17:35.256] [jointLog] [info] wrote 35 bootstraps
[2024-03-20 20:18:22.436] [jointLog] [info] wrote 36 bootstraps
[2024-03-20 20:19:40.068] [jointLog] [info] wrote 37 bootstraps
[2024-03-20 20:20:07.912] [jointLog] [info] wrote 38 bootstraps
[2024-03-20 20:21:12.980] [jointLog] [info] wrote 39 bootstraps
[2024-03-20 20:22:22.446] [jointLog] [info] wrote 40 bootstraps
[2024-03-20 20:23:11.640] [jointLog] [info] wrote 41 bootstraps
[2024-03-20 20:24:14.113] [jointLog] [info] wrote 42 bootstraps
[2024-03-20 20:25:02.340] [jointLog] [info] wrote 43 bootstraps
[2024-03-20 20:26:18.711] [jointLog] [info] wrote 44 bootstraps
[2024-03-20 20:27:20.915] [jointLog] [info] wrote 45 bootstraps
[2024-03-20 20:28:15.294] [jointLog] [info] wrote 46 bootstraps
[2024-03-20 20:28:54.045] [jointLog] [info] wrote 47 bootstraps
[2024-03-20 20:30:43.596] [jointLog] [info] wrote 48 bootstraps
[2024-03-20 20:31:26.762] [jointLog] [info] wrote 49 bootstraps
[2024-03-20 20:31:37.715] [jointLog] [info] wrote 50 bootstraps
[2024-03-20 20:31:37.782] [jointLog] [info] Finished Bootstrapping
[2024-03-20 20:31:37.782] [jointLog] [info] Computing gene-level abundance estimates
[2024-03-20 20:32:24.233] [jointLog] [info] There were 252416 transcripts mapping to 62696 genes
[2024-03-20 20:32:24.234] [jointLog] [info] NOTE: We recommend using tximport (https://bioconductor.org/packages/release/bioc/html/tximport.html) for aggregating transcript-level salmon abundance estimates to the gene level.  It is more versatile, exposes more features, and allows considering multi-sample information during aggregation.
[2024-03-20 20:32:24.848] [jointLog] [info] Aggregating expressions to gene level
[2024-03-20 20:32:25.034] [jointLog] [info] done
