[2024-08-07 02:52:05.827] [jointLog] [info] setting maxHashResizeThreads to 4
[2024-08-07 02:52:05.827] [jointLog] [info] Fragment incompatibility prior below threshold.  Incompatible fragments will be ignored.
[2024-08-07 02:52:05.827] [jointLog] [info] Usage of --validateMappings implies use of minScoreFraction. Since not explicitly specified, it is being set to 0.65
[2024-08-07 02:52:05.827] [jointLog] [info] Setting consensusSlack to selective-alignment default of 0.35.
[2024-08-07 02:52:05.827] [jointLog] [info] parsing read library format
[2024-08-07 02:52:05.827] [jointLog] [info] There is 1 library.
[2024-08-07 02:52:05.949] [jointLog] [info] Loading pufferfish index
[2024-08-07 02:52:05.949] [jointLog] [info] Loading dense pufferfish index.
[2024-08-07 02:52:41.385] [jointLog] [info] done
[2024-08-07 02:52:41.385] [jointLog] [info] Index contained 251,744 targets
[2024-08-07 02:52:44.637] [jointLog] [info] Number of decoys : 194
[2024-08-07 02:52:44.637] [jointLog] [info] First decoy index : 251,509 
[2024-08-07 02:52:46.288] [jointLog] [info] Automatically detected most likely library type as ISR

[2024-08-07 03:09:40.179] [jointLog] [info] Thread saw mini-batch with a maximum of 1.02% zero probability fragments
[2024-08-07 03:09:40.391] [jointLog] [info] Thread saw mini-batch with a maximum of 1.08% zero probability fragments
[2024-08-07 03:09:40.442] [jointLog] [info] Thread saw mini-batch with a maximum of 1.08% zero probability fragments
[2024-08-07 03:09:40.614] [jointLog] [info] Thread saw mini-batch with a maximum of 1.20% zero probability fragments
[2024-08-07 03:09:41.152] [fileLog] [info] 
At end of round 0
==================
Observed 39792284 total fragments (39792284 in most recent round)

[2024-08-07 03:09:41.152] [jointLog] [info] Computed 469,693 rich equivalence classes for further processing
[2024-08-07 03:09:41.152] [jointLog] [info] Counted 34,256,076 total reads in the equivalence classes 
[2024-08-07 03:09:41.156] [jointLog] [info] Number of mappings discarded because of alignment score : 17,834,480
[2024-08-07 03:09:41.156] [jointLog] [info] Number of fragments entirely discarded because of alignment score : 3,061,214
[2024-08-07 03:09:41.156] [jointLog] [info] Number of fragments discarded because they are best-mapped to decoys : 2,257,192
[2024-08-07 03:09:41.156] [jointLog] [info] Number of fragments discarded because they have only dovetail (discordant) mappings to valid targets : 134,661
[2024-08-07 03:09:41.156] [jointLog] [info] Mapping rate = 86.0872%

[2024-08-07 03:09:41.156] [jointLog] [info] finished quantifyLibrary()
[2024-08-07 03:09:41.166] [jointLog] [info] Starting optimizer
[2024-08-07 03:09:41.489] [jointLog] [info] Marked 0 weighted equivalence classes as degenerate
[2024-08-07 03:09:41.543] [jointLog] [info] iteration = 0 | max rel diff. = 4275.95
[2024-08-07 03:09:42.033] [jointLog] [info] iteration 11, adjusting effective lengths to account for biases
[2024-08-07 03:13:47.036] [jointLog] [info] Computed expected counts (for bias correction)
[2024-08-07 03:13:47.037] [jointLog] [info] processed bias for 0.0% of the transcripts
[2024-08-07 03:14:07.293] [jointLog] [info] processed bias for 10.0% of the transcripts
[2024-08-07 03:14:25.693] [jointLog] [info] processed bias for 20.0% of the transcripts
[2024-08-07 03:14:44.655] [jointLog] [info] processed bias for 30.0% of the transcripts
[2024-08-07 03:15:03.344] [jointLog] [info] processed bias for 40.0% of the transcripts
[2024-08-07 03:15:21.778] [jointLog] [info] processed bias for 50.0% of the transcripts
[2024-08-07 03:15:39.551] [jointLog] [info] processed bias for 60.0% of the transcripts
[2024-08-07 03:15:59.127] [jointLog] [info] processed bias for 70.0% of the transcripts
[2024-08-07 03:16:18.144] [jointLog] [info] processed bias for 80.0% of the transcripts
[2024-08-07 03:16:39.272] [jointLog] [info] processed bias for 90.0% of the transcripts
[2024-08-07 03:16:57.762] [jointLog] [info] processed bias for 100.0% of the transcripts
[2024-08-07 03:17:02.084] [jointLog] [info] iteration = 100 | max rel diff. = 16.3922
[2024-08-07 03:17:06.788] [jointLog] [info] iteration = 200 | max rel diff. = 3.25295
[2024-08-07 03:17:11.582] [jointLog] [info] iteration = 300 | max rel diff. = 1.09705
[2024-08-07 03:17:16.306] [jointLog] [info] iteration = 400 | max rel diff. = 0.632761
[2024-08-07 03:17:21.020] [jointLog] [info] iteration = 500 | max rel diff. = 0.139013
[2024-08-07 03:17:25.756] [jointLog] [info] iteration = 600 | max rel diff. = 1.24215
[2024-08-07 03:17:30.833] [jointLog] [info] iteration = 700 | max rel diff. = 0.254205
[2024-08-07 03:17:35.754] [jointLog] [info] iteration = 800 | max rel diff. = 1.11932
[2024-08-07 03:17:40.586] [jointLog] [info] iteration = 900 | max rel diff. = 0.103585
[2024-08-07 03:17:43.628] [jointLog] [info] iteration = 964 | max rel diff. = 0.00915515
[2024-08-07 03:17:43.694] [jointLog] [info] Finished optimizer
[2024-08-07 03:17:43.694] [jointLog] [info] writing output 

[2024-08-07 03:17:44.149] [jointLog] [info] Starting Bootstrapping
[2024-08-07 03:17:44.314] [jointLog] [info] Will draw 50 bootstrap samples
[2024-08-07 03:17:44.314] [jointLog] [info] Optimizing over 469,693 equivalence classes
[2024-08-07 03:17:44.368] [jointLog] [info] Marked 0 weighted equivalence classes as degenerate
[2024-08-07 03:19:26.309] [jointLog] [info] wrote 1 bootstraps
[2024-08-07 03:19:59.391] [jointLog] [info] wrote 2 bootstraps
[2024-08-07 03:20:00.439] [jointLog] [info] wrote 3 bootstraps
[2024-08-07 03:21:20.463] [jointLog] [info] wrote 4 bootstraps
[2024-08-07 03:21:51.909] [jointLog] [info] wrote 5 bootstraps
[2024-08-07 03:21:55.790] [jointLog] [info] wrote 6 bootstraps
[2024-08-07 03:22:53.318] [jointLog] [info] wrote 7 bootstraps
[2024-08-07 03:23:08.626] [jointLog] [info] wrote 8 bootstraps
[2024-08-07 03:23:34.844] [jointLog] [info] wrote 9 bootstraps
[2024-08-07 03:24:24.687] [jointLog] [info] wrote 10 bootstraps
[2024-08-07 03:24:52.536] [jointLog] [info] wrote 11 bootstraps
[2024-08-07 03:25:00.193] [jointLog] [info] wrote 12 bootstraps
[2024-08-07 03:26:09.722] [jointLog] [info] wrote 13 bootstraps
[2024-08-07 03:26:41.651] [jointLog] [info] wrote 14 bootstraps
[2024-08-07 03:26:46.252] [jointLog] [info] wrote 15 bootstraps
[2024-08-07 03:27:36.776] [jointLog] [info] wrote 16 bootstraps
[2024-08-07 03:28:26.290] [jointLog] [info] wrote 17 bootstraps
[2024-08-07 03:28:31.499] [jointLog] [info] wrote 18 bootstraps
[2024-08-07 03:28:54.582] [jointLog] [info] wrote 19 bootstraps
[2024-08-07 03:29:56.763] [jointLog] [info] wrote 20 bootstraps
[2024-08-07 03:30:10.223] [jointLog] [info] wrote 21 bootstraps
[2024-08-07 03:30:21.522] [jointLog] [info] wrote 22 bootstraps
[2024-08-07 03:31:43.792] [jointLog] [info] wrote 23 bootstraps
[2024-08-07 03:31:57.940] [jointLog] [info] wrote 24 bootstraps
[2024-08-07 03:32:21.947] [jointLog] [info] wrote 25 bootstraps
[2024-08-07 03:33:21.289] [jointLog] [info] wrote 26 bootstraps
[2024-08-07 03:33:33.849] [jointLog] [info] wrote 27 bootstraps
[2024-08-07 03:34:32.114] [jointLog] [info] wrote 28 bootstraps
[2024-08-07 03:34:52.023] [jointLog] [info] wrote 29 bootstraps
[2024-08-07 03:35:17.583] [jointLog] [info] wrote 30 bootstraps
[2024-08-07 03:36:13.106] [jointLog] [info] wrote 31 bootstraps
[2024-08-07 03:36:49.401] [jointLog] [info] wrote 32 bootstraps
[2024-08-07 03:37:11.198] [jointLog] [info] wrote 33 bootstraps
[2024-08-07 03:38:02.306] [jointLog] [info] wrote 34 bootstraps
[2024-08-07 03:38:22.015] [jointLog] [info] wrote 35 bootstraps
[2024-08-07 03:38:49.413] [jointLog] [info] wrote 36 bootstraps
[2024-08-07 03:40:00.953] [jointLog] [info] wrote 37 bootstraps
[2024-08-07 03:40:03.385] [jointLog] [info] wrote 38 bootstraps
[2024-08-07 03:40:24.903] [jointLog] [info] wrote 39 bootstraps
[2024-08-07 03:41:44.291] [jointLog] [info] wrote 40 bootstraps
[2024-08-07 03:41:58.068] [jointLog] [info] wrote 41 bootstraps
[2024-08-07 03:42:22.378] [jointLog] [info] wrote 42 bootstraps
[2024-08-07 03:43:39.579] [jointLog] [info] wrote 43 bootstraps
[2024-08-07 03:43:50.568] [jointLog] [info] wrote 44 bootstraps
[2024-08-07 03:43:51.750] [jointLog] [info] wrote 45 bootstraps
[2024-08-07 03:45:11.341] [jointLog] [info] wrote 46 bootstraps
[2024-08-07 03:45:18.193] [jointLog] [info] wrote 47 bootstraps
[2024-08-07 03:45:53.915] [jointLog] [info] wrote 48 bootstraps
[2024-08-07 03:46:40.292] [jointLog] [info] wrote 49 bootstraps
[2024-08-07 03:47:12.199] [jointLog] [info] wrote 50 bootstraps
[2024-08-07 03:47:12.269] [jointLog] [info] Finished Bootstrapping
[2024-08-07 03:47:12.269] [jointLog] [info] Computing gene-level abundance estimates
[2024-08-07 03:48:02.989] [jointLog] [info] There were 252416 transcripts mapping to 62696 genes
[2024-08-07 03:48:02.989] [jointLog] [info] NOTE: We recommend using tximport (https://bioconductor.org/packages/release/bioc/html/tximport.html) for aggregating transcript-level salmon abundance estimates to the gene level.  It is more versatile, exposes more features, and allows considering multi-sample information during aggregation.
[2024-08-07 03:48:03.448] [jointLog] [info] Aggregating expressions to gene level
[2024-08-07 03:48:03.613] [jointLog] [info] done
