[2024-09-01 06:14:49.279] [jointLog] [info] setting maxHashResizeThreads to 4
[2024-09-01 06:14:49.279] [jointLog] [info] Fragment incompatibility prior below threshold.  Incompatible fragments will be ignored.
[2024-09-01 06:14:49.279] [jointLog] [info] Usage of --validateMappings implies use of minScoreFraction. Since not explicitly specified, it is being set to 0.65
[2024-09-01 06:14:49.279] [jointLog] [info] Setting consensusSlack to selective-alignment default of 0.35.
[2024-09-01 06:14:49.279] [jointLog] [info] parsing read library format
[2024-09-01 06:14:49.279] [jointLog] [info] There is 1 library.
[2024-09-01 06:14:49.835] [jointLog] [info] Loading pufferfish index
[2024-09-01 06:14:50.011] [jointLog] [info] Loading dense pufferfish index.
[2024-09-01 06:18:43.853] [jointLog] [info] done
[2024-09-01 06:18:43.853] [jointLog] [info] Index contained 251,744 targets
[2024-09-01 06:18:50.953] [jointLog] [info] Number of decoys : 194
[2024-09-01 06:18:50.953] [jointLog] [info] First decoy index : 251,509 
[2024-09-01 06:18:53.381] [jointLog] [info] Automatically detected most likely library type as ISR

[2024-09-01 07:03:58.764] [jointLog] [info] Thread saw mini-batch with a maximum of 1.20% zero probability fragments
[2024-09-01 07:03:58.988] [jointLog] [info] Thread saw mini-batch with a maximum of 1.30% zero probability fragments
[2024-09-01 07:03:59.056] [jointLog] [info] Thread saw mini-batch with a maximum of 1.16% zero probability fragments
[2024-09-01 07:03:59.396] [jointLog] [info] Thread saw mini-batch with a maximum of 1.24% zero probability fragments
[2024-09-01 07:04:01.831] [fileLog] [info] 
At end of round 0
==================
Observed 54735958 total fragments (54735958 in most recent round)

[2024-09-01 07:04:01.822] [jointLog] [info] Computed 624,713 rich equivalence classes for further processing
[2024-09-01 07:04:01.822] [jointLog] [info] Counted 26,791,985 total reads in the equivalence classes 
[2024-09-01 07:04:01.845] [jointLog] [warning] 2.00965e-05% of fragments were shorter than the k used to build the index.
If this fraction is too large, consider re-building the index with a smaller k.
The minimum read size found was 19.


[2024-09-01 07:04:01.845] [jointLog] [info] Number of mappings discarded because of alignment score : 12,102,353
[2024-09-01 07:04:01.845] [jointLog] [info] Number of fragments entirely discarded because of alignment score : 5,935,288
[2024-09-01 07:04:01.845] [jointLog] [info] Number of fragments discarded because they are best-mapped to decoys : 5,211,603
[2024-09-01 07:04:01.845] [jointLog] [info] Number of fragments discarded because they have only dovetail (discordant) mappings to valid targets : 399,428
[2024-09-01 07:04:01.845] [jointLog] [info] Mapping rate = 48.9477%

[2024-09-01 07:04:01.845] [jointLog] [info] finished quantifyLibrary()
[2024-09-01 07:04:02.081] [jointLog] [info] Starting optimizer
[2024-09-01 07:04:03.675] [jointLog] [info] Marked 0 weighted equivalence classes as degenerate
[2024-09-01 07:04:03.882] [jointLog] [info] iteration = 0 | max rel diff. = 4905.89
[2024-09-01 07:04:05.942] [jointLog] [info] iteration 11, adjusting effective lengths to account for biases
[2024-09-01 07:10:45.604] [jointLog] [info] Computed expected counts (for bias correction)
[2024-09-01 07:10:45.607] [jointLog] [info] processed bias for 0.0% of the transcripts
[2024-09-01 07:11:19.950] [jointLog] [info] processed bias for 10.0% of the transcripts
[2024-09-01 07:11:51.478] [jointLog] [info] processed bias for 20.0% of the transcripts
[2024-09-01 07:12:23.571] [jointLog] [info] processed bias for 30.0% of the transcripts
[2024-09-01 07:12:53.486] [jointLog] [info] processed bias for 40.0% of the transcripts
[2024-09-01 07:13:26.129] [jointLog] [info] processed bias for 50.0% of the transcripts
[2024-09-01 07:13:55.103] [jointLog] [info] processed bias for 60.0% of the transcripts
[2024-09-01 07:14:24.782] [jointLog] [info] processed bias for 70.0% of the transcripts
[2024-09-01 07:14:54.447] [jointLog] [info] processed bias for 80.0% of the transcripts
[2024-09-01 07:15:22.626] [jointLog] [info] processed bias for 90.0% of the transcripts
[2024-09-01 07:15:53.261] [jointLog] [info] processed bias for 100.0% of the transcripts
[2024-09-01 07:16:14.337] [jointLog] [info] iteration = 100 | max rel diff. = 19.6356
[2024-09-01 07:16:37.016] [jointLog] [info] iteration = 200 | max rel diff. = 20.5241
[2024-09-01 07:17:00.044] [jointLog] [info] iteration = 300 | max rel diff. = 18.9294
[2024-09-01 07:17:24.106] [jointLog] [info] iteration = 400 | max rel diff. = 0.678932
[2024-09-01 07:17:49.207] [jointLog] [info] iteration = 500 | max rel diff. = 1.69206
[2024-09-01 07:18:13.774] [jointLog] [info] iteration = 600 | max rel diff. = 0.248741
[2024-09-01 07:18:38.646] [jointLog] [info] iteration = 700 | max rel diff. = 7.81386
[2024-09-01 07:19:03.794] [jointLog] [info] iteration = 800 | max rel diff. = 0.279379
[2024-09-01 07:19:28.617] [jointLog] [info] iteration = 900 | max rel diff. = 0.214836
[2024-09-01 07:19:53.918] [jointLog] [info] iteration = 1,000 | max rel diff. = 0.129919
[2024-09-01 07:20:20.641] [jointLog] [info] iteration = 1,100 | max rel diff. = 10.5644
[2024-09-01 07:20:47.156] [jointLog] [info] iteration = 1,200 | max rel diff. = 0.0526747
[2024-09-01 07:21:13.615] [jointLog] [info] iteration = 1,300 | max rel diff. = 0.587375
[2024-09-01 07:21:39.363] [jointLog] [info] iteration = 1,400 | max rel diff. = 0.049289
[2024-09-01 07:22:04.640] [jointLog] [info] iteration = 1,500 | max rel diff. = 0.0459234
[2024-09-01 07:22:29.142] [jointLog] [info] iteration = 1,600 | max rel diff. = 0.0976033
[2024-09-01 07:22:54.992] [jointLog] [info] iteration = 1,700 | max rel diff. = 0.0710666
[2024-09-01 07:23:20.111] [jointLog] [info] iteration = 1,800 | max rel diff. = 0.0476914
[2024-09-01 07:23:45.917] [jointLog] [info] iteration = 1,900 | max rel diff. = 0.0370568
[2024-09-01 07:24:11.751] [jointLog] [info] iteration = 2,000 | max rel diff. = 0.281851
[2024-09-01 07:24:37.337] [jointLog] [info] iteration = 2,100 | max rel diff. = 0.0198421
[2024-09-01 07:25:03.257] [jointLog] [info] iteration = 2,200 | max rel diff. = 0.0525128
[2024-09-01 07:25:27.907] [jointLog] [info] iteration = 2,300 | max rel diff. = 0.103027
[2024-09-01 07:25:52.594] [jointLog] [info] iteration = 2,400 | max rel diff. = 0.0244302
[2024-09-01 07:26:03.111] [jointLog] [info] iteration = 2,442 | max rel diff. = 0.00900989
[2024-09-01 07:26:03.330] [jointLog] [info] Finished optimizer
[2024-09-01 07:26:03.331] [jointLog] [info] writing output 

[2024-09-01 07:26:04.038] [jointLog] [info] Starting Bootstrapping
[2024-09-01 07:26:04.903] [jointLog] [info] Will draw 50 bootstrap samples
[2024-09-01 07:26:04.903] [jointLog] [info] Optimizing over 624,713 equivalence classes
[2024-09-01 07:26:05.407] [jointLog] [info] Marked 0 weighted equivalence classes as degenerate
[2024-09-01 07:49:12.874] [jointLog] [info] wrote 1 bootstraps
[2024-09-01 07:51:49.492] [jointLog] [info] wrote 2 bootstraps
[2024-09-01 07:53:14.043] [jointLog] [info] wrote 3 bootstraps
[2024-09-01 08:13:55.276] [jointLog] [info] wrote 4 bootstraps
[2024-09-01 08:15:46.486] [jointLog] [info] wrote 5 bootstraps
[2024-09-01 08:17:43.002] [jointLog] [info] wrote 6 bootstraps
[2024-09-01 08:40:33.112] [jointLog] [info] wrote 7 bootstraps
[2024-09-01 08:40:58.010] [jointLog] [info] wrote 8 bootstraps
[2024-09-01 08:48:06.756] [jointLog] [info] wrote 9 bootstraps
[2024-09-01 09:06:29.108] [jointLog] [info] wrote 10 bootstraps
[2024-09-01 09:07:59.947] [jointLog] [info] wrote 11 bootstraps
[2024-09-01 09:15:13.376] [jointLog] [info] wrote 12 bootstraps
[2024-09-01 09:33:11.425] [jointLog] [info] wrote 13 bootstraps
[2024-09-01 09:33:54.779] [jointLog] [info] wrote 14 bootstraps
[2024-09-01 09:36:30.561] [jointLog] [info] wrote 15 bootstraps
[2024-09-01 09:51:56.267] [jointLog] [info] wrote 16 bootstraps
[2024-09-01 09:55:14.575] [jointLog] [info] wrote 17 bootstraps
[2024-09-01 09:59:11.166] [jointLog] [info] wrote 18 bootstraps
[2024-09-01 10:12:51.078] [jointLog] [info] wrote 19 bootstraps
[2024-09-01 10:15:33.277] [jointLog] [info] wrote 20 bootstraps
[2024-09-01 10:24:43.842] [jointLog] [info] wrote 21 bootstraps
[2024-09-01 10:30:55.526] [jointLog] [info] wrote 22 bootstraps
[2024-09-01 10:39:14.942] [jointLog] [info] wrote 23 bootstraps
[2024-09-01 10:44:29.037] [jointLog] [info] wrote 24 bootstraps
[2024-09-01 10:50:59.578] [jointLog] [info] wrote 25 bootstraps
[2024-09-01 10:57:44.865] [jointLog] [info] wrote 26 bootstraps
[2024-09-01 11:08:58.554] [jointLog] [info] wrote 27 bootstraps
[2024-09-01 11:10:05.419] [jointLog] [info] wrote 28 bootstraps
[2024-09-01 11:21:07.637] [jointLog] [info] wrote 29 bootstraps
[2024-09-01 11:29:59.489] [jointLog] [info] wrote 30 bootstraps
[2024-09-01 11:34:18.393] [jointLog] [info] wrote 31 bootstraps
[2024-09-01 11:40:39.136] [jointLog] [info] wrote 32 bootstraps
[2024-09-01 11:49:04.250] [jointLog] [info] wrote 33 bootstraps
[2024-09-01 11:58:20.060] [jointLog] [info] wrote 34 bootstraps
[2024-09-01 12:06:54.587] [jointLog] [info] wrote 35 bootstraps
[2024-09-01 12:18:00.739] [jointLog] [info] wrote 36 bootstraps
[2024-09-01 12:22:50.438] [jointLog] [info] wrote 37 bootstraps
[2024-09-01 12:37:06.827] [jointLog] [info] wrote 38 bootstraps
[2024-09-01 12:39:28.213] [jointLog] [info] wrote 39 bootstraps
[2024-09-01 12:46:53.372] [jointLog] [info] wrote 40 bootstraps
[2024-09-01 12:51:54.202] [jointLog] [info] wrote 41 bootstraps
[2024-09-01 13:01:02.804] [jointLog] [info] wrote 42 bootstraps
[2024-09-01 13:06:55.543] [jointLog] [info] wrote 43 bootstraps
[2024-09-01 13:11:37.503] [jointLog] [info] wrote 44 bootstraps
[2024-09-01 13:19:01.944] [jointLog] [info] wrote 45 bootstraps
[2024-09-01 13:28:13.287] [jointLog] [info] wrote 46 bootstraps
[2024-09-01 13:31:10.574] [jointLog] [info] wrote 47 bootstraps
[2024-09-01 13:31:19.544] [jointLog] [info] wrote 48 bootstraps
[2024-09-01 13:46:02.856] [jointLog] [info] wrote 49 bootstraps
[2024-09-01 13:47:16.727] [jointLog] [info] wrote 50 bootstraps
[2024-09-01 13:47:16.885] [jointLog] [info] Finished Bootstrapping
[2024-09-01 13:47:16.885] [jointLog] [info] Computing gene-level abundance estimates
[2024-09-01 13:48:19.740] [jointLog] [info] There were 252416 transcripts mapping to 62696 genes
[2024-09-01 13:48:19.743] [jointLog] [info] NOTE: We recommend using tximport (https://bioconductor.org/packages/release/bioc/html/tximport.html) for aggregating transcript-level salmon abundance estimates to the gene level.  It is more versatile, exposes more features, and allows considering multi-sample information during aggregation.
[2024-09-01 13:48:20.854] [jointLog] [info] Aggregating expressions to gene level
[2024-09-01 13:48:21.246] [jointLog] [info] done
