[2024-08-03 22:54:54.195] [jointLog] [info] setting maxHashResizeThreads to 4
[2024-08-03 22:54:54.195] [jointLog] [info] Fragment incompatibility prior below threshold.  Incompatible fragments will be ignored.
[2024-08-03 22:54:54.195] [jointLog] [info] Usage of --validateMappings implies use of minScoreFraction. Since not explicitly specified, it is being set to 0.65
[2024-08-03 22:54:54.195] [jointLog] [info] Setting consensusSlack to selective-alignment default of 0.35.
[2024-08-03 22:54:54.195] [jointLog] [info] parsing read library format
[2024-08-03 22:54:54.196] [jointLog] [info] There is 1 library.
[2024-08-03 22:54:54.301] [jointLog] [info] Loading pufferfish index
[2024-08-03 22:54:54.301] [jointLog] [info] Loading dense pufferfish index.
[2024-08-03 22:55:32.407] [jointLog] [info] done
[2024-08-03 22:55:32.407] [jointLog] [info] Index contained 251,744 targets
[2024-08-03 22:55:36.375] [jointLog] [info] Number of decoys : 194
[2024-08-03 22:55:36.375] [jointLog] [info] First decoy index : 251,509 
[2024-08-03 22:55:37.956] [jointLog] [info] Automatically detected most likely library type as ISR

[2024-08-03 23:13:07.031] [jointLog] [info] Thread saw mini-batch with a maximum of 1.12% zero probability fragments
[2024-08-03 23:13:07.216] [jointLog] [info] Thread saw mini-batch with a maximum of 1.08% zero probability fragments
[2024-08-03 23:13:07.224] [jointLog] [info] Thread saw mini-batch with a maximum of 1.08% zero probability fragments
[2024-08-03 23:13:07.232] [jointLog] [info] Thread saw mini-batch with a maximum of 1.26% zero probability fragments
[2024-08-03 23:13:07.733] [jointLog] [info] Computed 481,575 rich equivalence classes for further processing
[2024-08-03 23:13:07.733] [jointLog] [info] Counted 40,056,492 total reads in the equivalence classes 
[2024-08-03 23:13:07.737] [jointLog] [info] Number of mappings discarded because of alignment score : 21,477,725
[2024-08-03 23:13:07.737] [jointLog] [info] Number of fragments entirely discarded because of alignment score : 3,499,526
[2024-08-03 23:13:07.737] [jointLog] [info] Number of fragments discarded because they are best-mapped to decoys : 2,564,780
[2024-08-03 23:13:07.737] [jointLog] [info] Number of fragments discarded because they have only dovetail (discordant) mappings to valid targets : 145,213
[2024-08-03 23:13:07.737] [jointLog] [info] Mapping rate = 86.1263%

[2024-08-03 23:13:07.737] [jointLog] [info] finished quantifyLibrary()
[2024-08-03 23:13:07.733] [fileLog] [info] 
At end of round 0
==================
Observed 46509023 total fragments (46509023 in most recent round)

[2024-08-03 23:13:08.308] [jointLog] [info] Starting optimizer
[2024-08-03 23:13:08.662] [jointLog] [info] Marked 0 weighted equivalence classes as degenerate
[2024-08-03 23:13:08.718] [jointLog] [info] iteration = 0 | max rel diff. = 3164.97
[2024-08-03 23:13:09.236] [jointLog] [info] iteration 11, adjusting effective lengths to account for biases
[2024-08-03 23:17:20.054] [jointLog] [info] Computed expected counts (for bias correction)
[2024-08-03 23:17:20.054] [jointLog] [info] processed bias for 0.0% of the transcripts
[2024-08-03 23:17:41.009] [jointLog] [info] processed bias for 10.0% of the transcripts
[2024-08-03 23:18:00.291] [jointLog] [info] processed bias for 20.0% of the transcripts
[2024-08-03 23:18:19.887] [jointLog] [info] processed bias for 30.0% of the transcripts
[2024-08-03 23:18:39.761] [jointLog] [info] processed bias for 40.0% of the transcripts
[2024-08-03 23:18:58.975] [jointLog] [info] processed bias for 50.0% of the transcripts
[2024-08-03 23:19:17.521] [jointLog] [info] processed bias for 60.0% of the transcripts
[2024-08-03 23:19:37.957] [jointLog] [info] processed bias for 70.0% of the transcripts
[2024-08-03 23:19:57.702] [jointLog] [info] processed bias for 80.0% of the transcripts
[2024-08-03 23:20:20.240] [jointLog] [info] processed bias for 90.0% of the transcripts
[2024-08-03 23:20:38.858] [jointLog] [info] processed bias for 100.0% of the transcripts
[2024-08-03 23:20:43.116] [jointLog] [info] iteration = 100 | max rel diff. = 9.38884
[2024-08-03 23:20:47.715] [jointLog] [info] iteration = 200 | max rel diff. = 10.5268
[2024-08-03 23:20:52.443] [jointLog] [info] iteration = 300 | max rel diff. = 1.00927
[2024-08-03 23:20:57.118] [jointLog] [info] iteration = 400 | max rel diff. = 0.350653
[2024-08-03 23:21:01.815] [jointLog] [info] iteration = 500 | max rel diff. = 17.9098
[2024-08-03 23:21:06.442] [jointLog] [info] iteration = 600 | max rel diff. = 0.256008
[2024-08-03 23:21:11.170] [jointLog] [info] iteration = 700 | max rel diff. = 0.160566
[2024-08-03 23:21:15.766] [jointLog] [info] iteration = 800 | max rel diff. = 0.103311
[2024-08-03 23:21:20.420] [jointLog] [info] iteration = 900 | max rel diff. = 0.170672
[2024-08-03 23:21:24.909] [jointLog] [info] iteration = 1,000 | max rel diff. = 0.449963
[2024-08-03 23:21:29.664] [jointLog] [info] iteration = 1,100 | max rel diff. = 0.0243555
[2024-08-03 23:21:34.305] [jointLog] [info] iteration = 1,200 | max rel diff. = 11.0353
[2024-08-03 23:21:38.932] [jointLog] [info] iteration = 1,300 | max rel diff. = 0.418676
[2024-08-03 23:21:43.539] [jointLog] [info] iteration = 1,400 | max rel diff. = 0.421745
[2024-08-03 23:21:48.241] [jointLog] [info] iteration = 1,500 | max rel diff. = 0.0326787
[2024-08-03 23:21:52.763] [jointLog] [info] iteration = 1,600 | max rel diff. = 0.0223562
[2024-08-03 23:21:54.763] [jointLog] [info] iteration = 1,647 | max rel diff. = 0.00650723
[2024-08-03 23:21:54.824] [jointLog] [info] Finished optimizer
[2024-08-03 23:21:54.824] [jointLog] [info] writing output 

[2024-08-03 23:21:55.334] [jointLog] [info] Starting Bootstrapping
[2024-08-03 23:21:55.530] [jointLog] [info] Will draw 50 bootstrap samples
[2024-08-03 23:21:55.530] [jointLog] [info] Optimizing over 481,575 equivalence classes
[2024-08-03 23:21:55.583] [jointLog] [info] Marked 0 weighted equivalence classes as degenerate
[2024-08-03 23:23:38.111] [jointLog] [info] wrote 1 bootstraps
[2024-08-03 23:23:45.817] [jointLog] [info] wrote 2 bootstraps
[2024-08-03 23:23:52.600] [jointLog] [info] wrote 3 bootstraps
[2024-08-03 23:25:22.147] [jointLog] [info] wrote 4 bootstraps
[2024-08-03 23:25:30.935] [jointLog] [info] wrote 5 bootstraps
[2024-08-03 23:25:51.744] [jointLog] [info] wrote 6 bootstraps
[2024-08-03 23:27:09.381] [jointLog] [info] wrote 7 bootstraps
[2024-08-03 23:27:38.732] [jointLog] [info] wrote 8 bootstraps
[2024-08-03 23:27:42.173] [jointLog] [info] wrote 9 bootstraps
[2024-08-03 23:29:01.312] [jointLog] [info] wrote 10 bootstraps
[2024-08-03 23:29:13.847] [jointLog] [info] wrote 11 bootstraps
[2024-08-03 23:29:42.477] [jointLog] [info] wrote 12 bootstraps
[2024-08-03 23:30:35.594] [jointLog] [info] wrote 13 bootstraps
[2024-08-03 23:30:57.676] [jointLog] [info] wrote 14 bootstraps
[2024-08-03 23:31:23.530] [jointLog] [info] wrote 15 bootstraps
[2024-08-03 23:32:12.347] [jointLog] [info] wrote 16 bootstraps
[2024-08-03 23:32:37.958] [jointLog] [info] wrote 17 bootstraps
[2024-08-03 23:32:52.721] [jointLog] [info] wrote 18 bootstraps
[2024-08-03 23:34:07.990] [jointLog] [info] wrote 19 bootstraps
[2024-08-03 23:34:19.473] [jointLog] [info] wrote 20 bootstraps
[2024-08-03 23:34:38.091] [jointLog] [info] wrote 21 bootstraps
[2024-08-03 23:36:03.080] [jointLog] [info] wrote 22 bootstraps
[2024-08-03 23:36:04.161] [jointLog] [info] wrote 23 bootstraps
[2024-08-03 23:36:45.759] [jointLog] [info] wrote 24 bootstraps
[2024-08-03 23:37:46.277] [jointLog] [info] wrote 25 bootstraps
[2024-08-03 23:37:51.638] [jointLog] [info] wrote 26 bootstraps
[2024-08-03 23:38:09.352] [jointLog] [info] wrote 27 bootstraps
[2024-08-03 23:39:13.866] [jointLog] [info] wrote 28 bootstraps
[2024-08-03 23:39:57.827] [jointLog] [info] wrote 29 bootstraps
[2024-08-03 23:40:12.049] [jointLog] [info] wrote 30 bootstraps
[2024-08-03 23:40:41.332] [jointLog] [info] wrote 31 bootstraps
[2024-08-03 23:41:40.634] [jointLog] [info] wrote 32 bootstraps
[2024-08-03 23:42:22.338] [jointLog] [info] wrote 33 bootstraps
[2024-08-03 23:42:57.005] [jointLog] [info] wrote 34 bootstraps
[2024-08-03 23:43:57.809] [jointLog] [info] wrote 35 bootstraps
[2024-08-03 23:44:04.218] [jointLog] [info] wrote 36 bootstraps
[2024-08-03 23:45:03.815] [jointLog] [info] wrote 37 bootstraps
[2024-08-03 23:45:49.135] [jointLog] [info] wrote 38 bootstraps
[2024-08-03 23:45:54.500] [jointLog] [info] wrote 39 bootstraps
[2024-08-03 23:47:28.514] [jointLog] [info] wrote 40 bootstraps
[2024-08-03 23:47:36.023] [jointLog] [info] wrote 41 bootstraps
[2024-08-03 23:47:42.297] [jointLog] [info] wrote 42 bootstraps
[2024-08-03 23:49:00.205] [jointLog] [info] wrote 43 bootstraps
[2024-08-03 23:49:12.453] [jointLog] [info] wrote 44 bootstraps
[2024-08-03 23:49:33.356] [jointLog] [info] wrote 45 bootstraps
[2024-08-03 23:51:04.440] [jointLog] [info] wrote 46 bootstraps
[2024-08-03 23:51:10.771] [jointLog] [info] wrote 47 bootstraps
[2024-08-03 23:51:16.477] [jointLog] [info] wrote 48 bootstraps
[2024-08-03 23:52:59.113] [jointLog] [info] wrote 49 bootstraps
[2024-08-03 23:52:59.668] [jointLog] [info] wrote 50 bootstraps
[2024-08-03 23:52:59.721] [jointLog] [info] Finished Bootstrapping
[2024-08-03 23:52:59.721] [jointLog] [info] Computing gene-level abundance estimates
[2024-08-03 23:53:52.513] [jointLog] [info] There were 252416 transcripts mapping to 62696 genes
[2024-08-03 23:53:52.535] [jointLog] [info] NOTE: We recommend using tximport (https://bioconductor.org/packages/release/bioc/html/tximport.html) for aggregating transcript-level salmon abundance estimates to the gene level.  It is more versatile, exposes more features, and allows considering multi-sample information during aggregation.
[2024-08-03 23:53:53.376] [jointLog] [info] Aggregating expressions to gene level
[2024-08-03 23:53:54.034] [jointLog] [info] done
