[2024-09-01 01:07:42.335] [jointLog] [info] setting maxHashResizeThreads to 4
[2024-09-01 01:07:42.335] [jointLog] [info] Fragment incompatibility prior below threshold.  Incompatible fragments will be ignored.
[2024-09-01 01:07:42.335] [jointLog] [info] Usage of --validateMappings implies use of minScoreFraction. Since not explicitly specified, it is being set to 0.65
[2024-09-01 01:07:42.335] [jointLog] [info] Setting consensusSlack to selective-alignment default of 0.35.
[2024-09-01 01:07:42.335] [jointLog] [info] parsing read library format
[2024-09-01 01:07:42.340] [jointLog] [info] There is 1 library.
[2024-09-01 01:07:42.518] [jointLog] [info] Loading pufferfish index
[2024-09-01 01:07:42.811] [jointLog] [info] Loading dense pufferfish index.
[2024-09-01 01:08:47.222] [jointLog] [info] done
[2024-09-01 01:08:47.222] [jointLog] [info] Index contained 251,744 targets
[2024-09-01 01:08:53.306] [jointLog] [info] Number of decoys : 194
[2024-09-01 01:08:53.306] [jointLog] [info] First decoy index : 251,509 
[2024-09-01 01:08:55.225] [jointLog] [info] Automatically detected most likely library type as ISR

[2024-09-01 01:33:13.253] [jointLog] [info] Thread saw mini-batch with a maximum of 1.24% zero probability fragments
[2024-09-01 01:33:13.276] [jointLog] [info] Thread saw mini-batch with a maximum of 1.22% zero probability fragments
[2024-09-01 01:33:13.339] [jointLog] [info] Thread saw mini-batch with a maximum of 1.26% zero probability fragments
[2024-09-01 01:33:13.601] [jointLog] [info] Thread saw mini-batch with a maximum of 1.36% zero probability fragments
[2024-09-01 01:33:14.415] [jointLog] [info] Computed 626,089 rich equivalence classes for further processing
[2024-09-01 01:33:14.415] [jointLog] [info] Counted 25,266,179 total reads in the equivalence classes 
[2024-09-01 01:33:14.424] [jointLog] [warning] 1.80673e-05% of fragments were shorter than the k used to build the index.
If this fraction is too large, consider re-building the index with a smaller k.
The minimum read size found was 17.


[2024-09-01 01:33:14.424] [jointLog] [info] Number of mappings discarded because of alignment score : 11,851,979
[2024-09-01 01:33:14.424] [jointLog] [info] Number of fragments entirely discarded because of alignment score : 5,590,224
[2024-09-01 01:33:14.424] [jointLog] [info] Number of fragments discarded because they are best-mapped to decoys : 4,858,376
[2024-09-01 01:33:14.424] [jointLog] [info] Number of fragments discarded because they have only dovetail (discordant) mappings to valid targets : 416,831
[2024-09-01 01:33:14.424] [jointLog] [info] Mapping rate = 50.7214%

[2024-09-01 01:33:14.424] [jointLog] [info] finished quantifyLibrary()
[2024-09-01 01:33:14.416] [fileLog] [info] 
At end of round 0
==================
Observed 49813668 total fragments (49813668 in most recent round)

[2024-09-01 01:33:14.833] [jointLog] [info] Starting optimizer
[2024-09-01 01:33:15.340] [jointLog] [info] Marked 0 weighted equivalence classes as degenerate
[2024-09-01 01:33:15.429] [jointLog] [info] iteration = 0 | max rel diff. = 4947.62
[2024-09-01 01:33:16.400] [jointLog] [info] iteration 11, adjusting effective lengths to account for biases
[2024-09-01 01:38:57.206] [jointLog] [info] Computed expected counts (for bias correction)
[2024-09-01 01:38:57.207] [jointLog] [info] processed bias for 0.0% of the transcripts
[2024-09-01 01:39:39.568] [jointLog] [info] processed bias for 10.0% of the transcripts
[2024-09-01 01:40:19.534] [jointLog] [info] processed bias for 20.0% of the transcripts
[2024-09-01 01:40:57.492] [jointLog] [info] processed bias for 30.0% of the transcripts
[2024-09-01 01:41:35.338] [jointLog] [info] processed bias for 40.0% of the transcripts
[2024-09-01 01:42:13.916] [jointLog] [info] processed bias for 50.0% of the transcripts
[2024-09-01 01:42:48.840] [jointLog] [info] processed bias for 60.0% of the transcripts
[2024-09-01 01:43:27.119] [jointLog] [info] processed bias for 70.0% of the transcripts
[2024-09-01 01:44:03.976] [jointLog] [info] processed bias for 80.0% of the transcripts
[2024-09-01 01:44:38.424] [jointLog] [info] processed bias for 90.0% of the transcripts
[2024-09-01 01:45:14.733] [jointLog] [info] processed bias for 100.0% of the transcripts
[2024-09-01 01:45:25.463] [jointLog] [info] iteration = 100 | max rel diff. = 18.6982
[2024-09-01 01:45:36.372] [jointLog] [info] iteration = 200 | max rel diff. = 17.7075
[2024-09-01 01:45:47.072] [jointLog] [info] iteration = 300 | max rel diff. = 3.45632
[2024-09-01 01:45:57.653] [jointLog] [info] iteration = 400 | max rel diff. = 5.89176
[2024-09-01 01:46:07.813] [jointLog] [info] iteration = 500 | max rel diff. = 6.46227
[2024-09-01 01:46:17.445] [jointLog] [info] iteration = 600 | max rel diff. = 1.17937
[2024-09-01 01:46:27.087] [jointLog] [info] iteration = 700 | max rel diff. = 19.4929
[2024-09-01 01:46:37.905] [jointLog] [info] iteration = 800 | max rel diff. = 0.257218
[2024-09-01 01:46:48.313] [jointLog] [info] iteration = 900 | max rel diff. = 0.0908909
[2024-09-01 01:46:57.829] [jointLog] [info] iteration = 1,000 | max rel diff. = 0.247903
[2024-09-01 01:47:07.299] [jointLog] [info] iteration = 1,100 | max rel diff. = 0.199021
[2024-09-01 01:47:16.968] [jointLog] [info] iteration = 1,200 | max rel diff. = 0.0755764
[2024-09-01 01:47:20.490] [jointLog] [info] iteration = 1,236 | max rel diff. = 0.00700351
[2024-09-01 01:47:20.580] [jointLog] [info] Finished optimizer
[2024-09-01 01:47:20.580] [jointLog] [info] writing output 

[2024-09-01 01:47:21.572] [jointLog] [info] Starting Bootstrapping
[2024-09-01 01:47:22.164] [jointLog] [info] Will draw 50 bootstrap samples
[2024-09-01 01:47:22.164] [jointLog] [info] Optimizing over 626,089 equivalence classes
[2024-09-01 01:47:22.290] [jointLog] [info] Marked 0 weighted equivalence classes as degenerate
[2024-09-01 01:50:44.855] [jointLog] [info] wrote 1 bootstraps
[2024-09-01 01:51:11.362] [jointLog] [info] wrote 2 bootstraps
[2024-09-01 01:51:22.486] [jointLog] [info] wrote 3 bootstraps
[2024-09-01 01:53:52.974] [jointLog] [info] wrote 4 bootstraps
[2024-09-01 01:54:55.623] [jointLog] [info] wrote 5 bootstraps
[2024-09-01 01:55:23.078] [jointLog] [info] wrote 6 bootstraps
[2024-09-01 01:57:41.592] [jointLog] [info] wrote 7 bootstraps
[2024-09-01 01:58:34.111] [jointLog] [info] wrote 8 bootstraps
[2024-09-01 01:59:42.837] [jointLog] [info] wrote 9 bootstraps
[2024-09-01 02:01:09.212] [jointLog] [info] wrote 10 bootstraps
[2024-09-01 02:01:48.795] [jointLog] [info] wrote 11 bootstraps
[2024-09-01 02:03:50.282] [jointLog] [info] wrote 12 bootstraps
[2024-09-01 02:05:14.411] [jointLog] [info] wrote 13 bootstraps
[2024-09-01 02:05:56.556] [jointLog] [info] wrote 14 bootstraps
[2024-09-01 02:07:06.263] [jointLog] [info] wrote 15 bootstraps
[2024-09-01 02:08:54.986] [jointLog] [info] wrote 16 bootstraps
[2024-09-01 02:10:16.596] [jointLog] [info] wrote 17 bootstraps
[2024-09-01 02:10:34.855] [jointLog] [info] wrote 18 bootstraps
[2024-09-01 02:12:21.995] [jointLog] [info] wrote 19 bootstraps
[2024-09-01 02:13:23.148] [jointLog] [info] wrote 20 bootstraps
[2024-09-01 02:14:54.399] [jointLog] [info] wrote 21 bootstraps
[2024-09-01 02:16:15.111] [jointLog] [info] wrote 22 bootstraps
[2024-09-01 02:17:31.111] [jointLog] [info] wrote 23 bootstraps
[2024-09-01 02:17:49.063] [jointLog] [info] wrote 24 bootstraps
[2024-09-01 02:19:43.489] [jointLog] [info] wrote 25 bootstraps
[2024-09-01 02:21:09.718] [jointLog] [info] wrote 26 bootstraps
[2024-09-01 02:21:38.126] [jointLog] [info] wrote 27 bootstraps
[2024-09-01 02:23:07.456] [jointLog] [info] wrote 28 bootstraps
[2024-09-01 02:24:36.409] [jointLog] [info] wrote 29 bootstraps
[2024-09-01 02:24:39.268] [jointLog] [info] wrote 30 bootstraps
[2024-09-01 02:26:35.423] [jointLog] [info] wrote 31 bootstraps
[2024-09-01 02:28:02.243] [jointLog] [info] wrote 32 bootstraps
[2024-09-01 02:29:30.577] [jointLog] [info] wrote 33 bootstraps
[2024-09-01 02:30:52.596] [jointLog] [info] wrote 34 bootstraps
[2024-09-01 02:31:13.681] [jointLog] [info] wrote 35 bootstraps
[2024-09-01 02:32:58.232] [jointLog] [info] wrote 36 bootstraps
[2024-09-01 02:34:26.402] [jointLog] [info] wrote 37 bootstraps
[2024-09-01 02:35:37.231] [jointLog] [info] wrote 38 bootstraps
[2024-09-01 02:35:46.567] [jointLog] [info] wrote 39 bootstraps
[2024-09-01 02:38:18.942] [jointLog] [info] wrote 40 bootstraps
[2024-09-01 02:38:29.232] [jointLog] [info] wrote 41 bootstraps
[2024-09-01 02:39:37.550] [jointLog] [info] wrote 42 bootstraps
[2024-09-01 02:41:51.235] [jointLog] [info] wrote 43 bootstraps
[2024-09-01 02:43:00.215] [jointLog] [info] wrote 44 bootstraps
[2024-09-01 02:43:05.231] [jointLog] [info] wrote 45 bootstraps
[2024-09-01 02:45:14.178] [jointLog] [info] wrote 46 bootstraps
[2024-09-01 02:46:47.331] [jointLog] [info] wrote 47 bootstraps
[2024-09-01 02:46:59.541] [jointLog] [info] wrote 48 bootstraps
[2024-09-01 02:49:10.298] [jointLog] [info] wrote 49 bootstraps
[2024-09-01 02:50:18.459] [jointLog] [info] wrote 50 bootstraps
[2024-09-01 02:50:18.599] [jointLog] [info] Finished Bootstrapping
[2024-09-01 02:50:18.599] [jointLog] [info] Computing gene-level abundance estimates
[2024-09-01 02:51:14.992] [jointLog] [info] There were 252416 transcripts mapping to 62696 genes
[2024-09-01 02:51:15.013] [jointLog] [info] NOTE: We recommend using tximport (https://bioconductor.org/packages/release/bioc/html/tximport.html) for aggregating transcript-level salmon abundance estimates to the gene level.  It is more versatile, exposes more features, and allows considering multi-sample information during aggregation.
[2024-09-01 02:51:15.726] [jointLog] [info] Aggregating expressions to gene level
[2024-09-01 02:51:16.033] [jointLog] [info] done
