[2023-02-16 14:59:54.955] [jointLog] [info] setting maxHashResizeThreads to 4
[2023-02-16 14:59:54.955] [jointLog] [info] Fragment incompatibility prior below threshold.  Incompatible fragments will be ignored.
[2023-02-16 14:59:54.955] [jointLog] [info] Usage of --validateMappings implies use of minScoreFraction. Since not explicitly specified, it is being set to 0.65
[2023-02-16 14:59:54.955] [jointLog] [info] Setting consensusSlack to selective-alignment default of 0.35.
[2023-02-16 14:59:54.955] [jointLog] [info] parsing read library format
[2023-02-16 14:59:54.955] [jointLog] [info] There is 1 library.
[2023-02-16 14:59:55.055] [jointLog] [info] Loading pufferfish index
[2023-02-16 14:59:55.056] [jointLog] [info] Loading dense pufferfish index.
[2023-02-16 15:04:59.721] [jointLog] [info] done
[2023-02-16 15:04:59.721] [jointLog] [info] Index contained 251,744 targets
[2023-02-16 15:05:03.033] [jointLog] [info] Number of decoys : 194
[2023-02-16 15:05:03.033] [jointLog] [info] First decoy index : 251,509 
[2023-02-16 15:05:03.856] [jointLog] [info] Automatically detected most likely library type as IU

[2023-02-16 15:27:31.057] [fileLog] [info] 
At end of round 0
==================
Observed 72307742 total fragments (72307742 in most recent round)

[2023-02-16 15:27:31.057] [jointLog] [info] Computed 405,647 rich equivalence classes for further processing
[2023-02-16 15:27:31.057] [jointLog] [info] Counted 63,477,875 total reads in the equivalence classes 
[2023-02-16 15:27:31.060] [jointLog] [warning] 2.07447e-05% of fragments were shorter than the k used to build the index.
If this fraction is too large, consider re-building the index with a smaller k.
The minimum read size found was 16.


[2023-02-16 15:27:31.060] [jointLog] [info] Number of mappings discarded because of alignment score : 30,921,487
[2023-02-16 15:27:31.060] [jointLog] [info] Number of fragments entirely discarded because of alignment score : 5,193,353
[2023-02-16 15:27:31.060] [jointLog] [info] Number of fragments discarded because they are best-mapped to decoys : 3,882,281
[2023-02-16 15:27:31.060] [jointLog] [info] Number of fragments discarded because they have only dovetail (discordant) mappings to valid targets : 173,909
[2023-02-16 15:27:31.060] [jointLog] [info] Mapping rate = 87.7885%

[2023-02-16 15:27:31.060] [jointLog] [info] finished quantifyLibrary()
[2023-02-16 15:27:31.062] [jointLog] [info] Starting optimizer
[2023-02-16 15:27:31.288] [jointLog] [info] Marked 0 weighted equivalence classes as degenerate
[2023-02-16 15:27:31.336] [jointLog] [info] iteration = 0 | max rel diff. = 33.2003
[2023-02-16 15:27:31.756] [jointLog] [info] iteration 11, adjusting effective lengths to account for biases
[2023-02-16 15:28:40.801] [jointLog] [info] Computed expected counts (for bias correction)
[2023-02-16 15:28:40.802] [jointLog] [info] processed bias for 0.0% of the transcripts
[2023-02-16 15:28:48.739] [jointLog] [info] processed bias for 10.0% of the transcripts
[2023-02-16 15:28:55.858] [jointLog] [info] processed bias for 20.0% of the transcripts
[2023-02-16 15:29:03.160] [jointLog] [info] processed bias for 30.0% of the transcripts
[2023-02-16 15:29:11.334] [jointLog] [info] processed bias for 40.0% of the transcripts
[2023-02-16 15:29:19.036] [jointLog] [info] processed bias for 50.0% of the transcripts
[2023-02-16 15:29:26.108] [jointLog] [info] processed bias for 60.0% of the transcripts
[2023-02-16 15:29:33.915] [jointLog] [info] processed bias for 70.0% of the transcripts
[2023-02-16 15:29:41.738] [jointLog] [info] processed bias for 80.0% of the transcripts
[2023-02-16 15:29:49.368] [jointLog] [info] processed bias for 90.0% of the transcripts
[2023-02-16 15:29:56.546] [jointLog] [info] processed bias for 100.0% of the transcripts
[2023-02-16 15:30:00.294] [jointLog] [info] iteration = 100 | max rel diff. = 8.961
[2023-02-16 15:30:04.420] [jointLog] [info] iteration = 200 | max rel diff. = 3.45667
[2023-02-16 15:30:08.449] [jointLog] [info] iteration = 300 | max rel diff. = 1.31403
[2023-02-16 15:30:12.508] [jointLog] [info] iteration = 400 | max rel diff. = 1.09902
[2023-02-16 15:30:16.549] [jointLog] [info] iteration = 500 | max rel diff. = 0.567858
[2023-02-16 15:30:20.749] [jointLog] [info] iteration = 600 | max rel diff. = 0.218807
[2023-02-16 15:30:25.047] [jointLog] [info] iteration = 700 | max rel diff. = 0.253252
[2023-02-16 15:30:29.401] [jointLog] [info] iteration = 800 | max rel diff. = 0.0356305
[2023-02-16 15:30:33.616] [jointLog] [info] iteration = 900 | max rel diff. = 0.0577711
[2023-02-16 15:30:37.739] [jointLog] [info] iteration = 1,000 | max rel diff. = 0.148378
[2023-02-16 15:30:41.793] [jointLog] [info] iteration = 1,100 | max rel diff. = 2.62186
[2023-02-16 15:30:45.832] [jointLog] [info] iteration = 1,200 | max rel diff. = 0.0366854
[2023-02-16 15:30:49.942] [jointLog] [info] iteration = 1,300 | max rel diff. = 0.186682
[2023-02-16 15:30:54.027] [jointLog] [info] iteration = 1,400 | max rel diff. = 0.0405602
[2023-02-16 15:30:58.169] [jointLog] [info] iteration = 1,500 | max rel diff. = 0.117448
[2023-02-16 15:30:58.585] [jointLog] [info] iteration = 1,511 | max rel diff. = 0.00624827
[2023-02-16 15:30:58.646] [jointLog] [info] Finished optimizer
[2023-02-16 15:30:58.646] [jointLog] [info] writing output 

[2023-02-16 15:30:59.076] [jointLog] [info] Starting Bootstrapping
[2023-02-16 15:30:59.215] [jointLog] [info] Will draw 50 bootstrap samples
[2023-02-16 15:30:59.215] [jointLog] [info] Optimizing over 405,647 equivalence classes
[2023-02-16 15:30:59.259] [jointLog] [info] Marked 0 weighted equivalence classes as degenerate
[2023-02-16 15:32:28.592] [jointLog] [info] wrote 1 bootstraps
[2023-02-16 15:32:40.266] [jointLog] [info] wrote 2 bootstraps
[2023-02-16 15:32:51.154] [jointLog] [info] wrote 3 bootstraps
[2023-02-16 15:33:52.930] [jointLog] [info] wrote 4 bootstraps
[2023-02-16 15:34:32.886] [jointLog] [info] wrote 5 bootstraps
[2023-02-16 15:34:38.461] [jointLog] [info] wrote 6 bootstraps
[2023-02-16 15:35:36.218] [jointLog] [info] wrote 7 bootstraps
[2023-02-16 15:36:10.654] [jointLog] [info] wrote 8 bootstraps
[2023-02-16 15:36:23.214] [jointLog] [info] wrote 9 bootstraps
[2023-02-16 15:37:13.352] [jointLog] [info] wrote 10 bootstraps
[2023-02-16 15:37:48.541] [jointLog] [info] wrote 11 bootstraps
[2023-02-16 15:38:26.234] [jointLog] [info] wrote 12 bootstraps
[2023-02-16 15:39:13.606] [jointLog] [info] wrote 13 bootstraps
[2023-02-16 15:39:40.507] [jointLog] [info] wrote 14 bootstraps
[2023-02-16 15:40:10.649] [jointLog] [info] wrote 15 bootstraps
[2023-02-16 15:40:50.527] [jointLog] [info] wrote 16 bootstraps
[2023-02-16 15:41:40.577] [jointLog] [info] wrote 17 bootstraps
[2023-02-16 15:41:59.771] [jointLog] [info] wrote 18 bootstraps
[2023-02-16 15:42:32.161] [jointLog] [info] wrote 19 bootstraps
[2023-02-16 15:43:08.701] [jointLog] [info] wrote 20 bootstraps
[2023-02-16 15:43:42.235] [jointLog] [info] wrote 21 bootstraps
[2023-02-16 15:44:18.580] [jointLog] [info] wrote 22 bootstraps
[2023-02-16 15:44:49.351] [jointLog] [info] wrote 23 bootstraps
[2023-02-16 15:45:33.319] [jointLog] [info] wrote 24 bootstraps
[2023-02-16 15:46:02.300] [jointLog] [info] wrote 25 bootstraps
[2023-02-16 15:46:41.282] [jointLog] [info] wrote 26 bootstraps
[2023-02-16 15:47:11.081] [jointLog] [info] wrote 27 bootstraps
[2023-02-16 15:47:48.913] [jointLog] [info] wrote 28 bootstraps
[2023-02-16 15:48:16.033] [jointLog] [info] wrote 29 bootstraps
[2023-02-16 15:48:54.046] [jointLog] [info] wrote 30 bootstraps
[2023-02-16 15:49:12.504] [jointLog] [info] wrote 31 bootstraps
[2023-02-16 15:49:56.712] [jointLog] [info] wrote 32 bootstraps
[2023-02-16 15:50:36.345] [jointLog] [info] wrote 33 bootstraps
[2023-02-16 15:51:15.069] [jointLog] [info] wrote 34 bootstraps
[2023-02-16 15:51:55.095] [jointLog] [info] wrote 35 bootstraps
[2023-02-16 15:52:10.855] [jointLog] [info] wrote 36 bootstraps
[2023-02-16 15:52:42.693] [jointLog] [info] wrote 37 bootstraps
[2023-02-16 15:53:11.101] [jointLog] [info] wrote 38 bootstraps
[2023-02-16 15:53:51.690] [jointLog] [info] wrote 39 bootstraps
[2023-02-16 15:54:28.427] [jointLog] [info] wrote 40 bootstraps
[2023-02-16 15:54:39.882] [jointLog] [info] wrote 41 bootstraps
[2023-02-16 15:55:44.412] [jointLog] [info] wrote 42 bootstraps
[2023-02-16 15:55:58.455] [jointLog] [info] wrote 43 bootstraps
[2023-02-16 15:56:04.021] [jointLog] [info] wrote 44 bootstraps
[2023-02-16 15:57:22.370] [jointLog] [info] wrote 45 bootstraps
[2023-02-16 15:57:27.159] [jointLog] [info] wrote 46 bootstraps
[2023-02-16 15:57:34.520] [jointLog] [info] wrote 47 bootstraps
[2023-02-16 15:59:03.898] [jointLog] [info] wrote 48 bootstraps
[2023-02-16 15:59:08.018] [jointLog] [info] wrote 49 bootstraps
[2023-02-16 15:59:20.739] [jointLog] [info] wrote 50 bootstraps
[2023-02-16 15:59:20.809] [jointLog] [info] Finished Bootstrapping
[2023-02-16 15:59:20.809] [jointLog] [info] Computing gene-level abundance estimates
[2023-02-16 16:00:09.425] [jointLog] [info] There were 252416 transcripts mapping to 62696 genes
[2023-02-16 16:00:09.426] [jointLog] [info] NOTE: We recommend using tximport (https://bioconductor.org/packages/release/bioc/html/tximport.html) for aggregating transcript-level salmon abundance estimates to the gene level.  It is more versatile, exposes more features, and allows considering multi-sample information during aggregation.
[2023-02-16 16:00:09.968] [jointLog] [info] Aggregating expressions to gene level
[2023-02-16 16:00:10.155] [jointLog] [info] done
