[2023-02-16 15:00:01.158] [jointLog] [info] setting maxHashResizeThreads to 4
[2023-02-16 15:00:01.158] [jointLog] [info] Fragment incompatibility prior below threshold.  Incompatible fragments will be ignored.
[2023-02-16 15:00:01.158] [jointLog] [info] Usage of --validateMappings implies use of minScoreFraction. Since not explicitly specified, it is being set to 0.65
[2023-02-16 15:00:01.158] [jointLog] [info] Setting consensusSlack to selective-alignment default of 0.35.
[2023-02-16 15:00:01.158] [jointLog] [info] parsing read library format
[2023-02-16 15:00:01.158] [jointLog] [info] There is 1 library.
[2023-02-16 15:00:01.299] [jointLog] [info] Loading pufferfish index
[2023-02-16 15:00:01.303] [jointLog] [info] Loading dense pufferfish index.
[2023-02-16 15:04:33.786] [jointLog] [info] done
[2023-02-16 15:04:33.786] [jointLog] [info] Index contained 251,744 targets
[2023-02-16 15:04:38.225] [jointLog] [info] Number of decoys : 194
[2023-02-16 15:04:38.225] [jointLog] [info] First decoy index : 251,509 
[2023-02-16 15:04:39.932] [jointLog] [info] Automatically detected most likely library type as IU

[2023-02-16 15:36:29.950] [jointLog] [info] Computed 402,927 rich equivalence classes for further processing
[2023-02-16 15:36:29.950] [jointLog] [info] Counted 53,981,944 total reads in the equivalence classes 
[2023-02-16 15:36:29.958] [jointLog] [warning] 1.31333e-05% of fragments were shorter than the k used to build the index.
If this fraction is too large, consider re-building the index with a smaller k.
The minimum read size found was 19.


[2023-02-16 15:36:29.958] [jointLog] [info] Number of mappings discarded because of alignment score : 28,682,086
[2023-02-16 15:36:29.958] [jointLog] [info] Number of fragments entirely discarded because of alignment score : 4,198,152
[2023-02-16 15:36:29.958] [jointLog] [info] Number of fragments discarded because they are best-mapped to decoys : 3,134,396
[2023-02-16 15:36:29.958] [jointLog] [info] Number of fragments discarded because they have only dovetail (discordant) mappings to valid targets : 172,776
[2023-02-16 15:36:29.958] [jointLog] [info] Mapping rate = 88.6202%

[2023-02-16 15:36:29.958] [jointLog] [info] finished quantifyLibrary()
[2023-02-16 15:36:29.960] [jointLog] [info] Starting optimizer
[2023-02-16 15:36:29.951] [fileLog] [info] 
At end of round 0
==================
Observed 60913840 total fragments (60913840 in most recent round)

[2023-02-16 15:36:30.389] [jointLog] [info] Marked 0 weighted equivalence classes as degenerate
[2023-02-16 15:36:30.451] [jointLog] [info] iteration = 0 | max rel diff. = 33.0004
[2023-02-16 15:36:31.049] [jointLog] [info] iteration 11, adjusting effective lengths to account for biases
[2023-02-16 15:39:46.306] [jointLog] [info] Computed expected counts (for bias correction)
[2023-02-16 15:39:46.306] [jointLog] [info] processed bias for 0.0% of the transcripts
[2023-02-16 15:40:02.430] [jointLog] [info] processed bias for 10.0% of the transcripts
[2023-02-16 15:40:19.066] [jointLog] [info] processed bias for 20.0% of the transcripts
[2023-02-16 15:40:37.522] [jointLog] [info] processed bias for 30.0% of the transcripts
[2023-02-16 15:40:53.400] [jointLog] [info] processed bias for 40.0% of the transcripts
[2023-02-16 15:41:10.113] [jointLog] [info] processed bias for 50.0% of the transcripts
[2023-02-16 15:41:26.578] [jointLog] [info] processed bias for 60.0% of the transcripts
[2023-02-16 15:41:43.580] [jointLog] [info] processed bias for 70.0% of the transcripts
[2023-02-16 15:42:00.570] [jointLog] [info] processed bias for 80.0% of the transcripts
[2023-02-16 15:42:19.325] [jointLog] [info] processed bias for 90.0% of the transcripts
[2023-02-16 15:42:35.687] [jointLog] [info] processed bias for 100.0% of the transcripts
[2023-02-16 15:42:40.667] [jointLog] [info] iteration = 100 | max rel diff. = 18.282
[2023-02-16 15:42:45.878] [jointLog] [info] iteration = 200 | max rel diff. = 10.0142
[2023-02-16 15:42:51.637] [jointLog] [info] iteration = 300 | max rel diff. = 9.60712
[2023-02-16 15:42:57.308] [jointLog] [info] iteration = 400 | max rel diff. = 0.848974
[2023-02-16 15:43:03.035] [jointLog] [info] iteration = 500 | max rel diff. = 0.0839242
[2023-02-16 15:43:08.997] [jointLog] [info] iteration = 600 | max rel diff. = 10.4417
[2023-02-16 15:43:14.228] [jointLog] [info] iteration = 700 | max rel diff. = 0.105995
[2023-02-16 15:43:19.637] [jointLog] [info] iteration = 800 | max rel diff. = 0.340148
[2023-02-16 15:43:25.080] [jointLog] [info] iteration = 900 | max rel diff. = 0.344969
[2023-02-16 15:43:30.363] [jointLog] [info] iteration = 1,000 | max rel diff. = 0.334847
[2023-02-16 15:43:35.630] [jointLog] [info] iteration = 1,100 | max rel diff. = 0.15951
[2023-02-16 15:43:41.151] [jointLog] [info] iteration = 1,200 | max rel diff. = 0.0813727
[2023-02-16 15:43:46.563] [jointLog] [info] iteration = 1,300 | max rel diff. = 0.0116341
[2023-02-16 15:43:52.253] [jointLog] [info] iteration = 1,400 | max rel diff. = 0.0337814
[2023-02-16 15:43:57.466] [jointLog] [info] iteration = 1,500 | max rel diff. = 0.0583484
[2023-02-16 15:44:02.781] [jointLog] [info] iteration = 1,600 | max rel diff. = 0.120545
[2023-02-16 15:44:07.714] [jointLog] [info] iteration = 1,700 | max rel diff. = 0.0489024
[2023-02-16 15:44:08.962] [jointLog] [info] iteration = 1,723 | max rel diff. = 0.00652035
[2023-02-16 15:44:09.040] [jointLog] [info] Finished optimizer
[2023-02-16 15:44:09.040] [jointLog] [info] writing output 

[2023-02-16 15:44:09.716] [jointLog] [info] Starting Bootstrapping
[2023-02-16 15:44:09.957] [jointLog] [info] Will draw 50 bootstrap samples
[2023-02-16 15:44:09.957] [jointLog] [info] Optimizing over 402,927 equivalence classes
[2023-02-16 15:44:10.006] [jointLog] [info] Marked 0 weighted equivalence classes as degenerate
[2023-02-16 15:46:16.464] [jointLog] [info] wrote 1 bootstraps
[2023-02-16 15:46:25.074] [jointLog] [info] wrote 2 bootstraps
[2023-02-16 15:46:54.400] [jointLog] [info] wrote 3 bootstraps
[2023-02-16 15:48:48.659] [jointLog] [info] wrote 4 bootstraps
[2023-02-16 15:49:02.215] [jointLog] [info] wrote 5 bootstraps
[2023-02-16 15:49:50.926] [jointLog] [info] wrote 6 bootstraps
[2023-02-16 15:51:27.287] [jointLog] [info] wrote 7 bootstraps
[2023-02-16 15:51:50.026] [jointLog] [info] wrote 8 bootstraps
[2023-02-16 15:52:07.559] [jointLog] [info] wrote 9 bootstraps
[2023-02-16 15:54:05.683] [jointLog] [info] wrote 10 bootstraps
[2023-02-16 15:54:56.136] [jointLog] [info] wrote 11 bootstraps
[2023-02-16 15:55:06.175] [jointLog] [info] wrote 12 bootstraps
[2023-02-16 15:56:17.038] [jointLog] [info] wrote 13 bootstraps
[2023-02-16 15:57:34.830] [jointLog] [info] wrote 14 bootstraps
[2023-02-16 15:57:39.515] [jointLog] [info] wrote 15 bootstraps
[2023-02-16 15:58:56.280] [jointLog] [info] wrote 16 bootstraps
[2023-02-16 15:59:44.141] [jointLog] [info] wrote 17 bootstraps
[2023-02-16 16:00:04.400] [jointLog] [info] wrote 18 bootstraps
[2023-02-16 16:01:19.554] [jointLog] [info] wrote 19 bootstraps
[2023-02-16 16:02:03.586] [jointLog] [info] wrote 20 bootstraps
[2023-02-16 16:02:16.069] [jointLog] [info] wrote 21 bootstraps
[2023-02-16 16:03:43.365] [jointLog] [info] wrote 22 bootstraps
[2023-02-16 16:04:17.734] [jointLog] [info] wrote 23 bootstraps
[2023-02-16 16:04:38.677] [jointLog] [info] wrote 24 bootstraps
[2023-02-16 16:06:38.098] [jointLog] [info] wrote 25 bootstraps
[2023-02-16 16:06:40.101] [jointLog] [info] wrote 26 bootstraps
[2023-02-16 16:07:36.082] [jointLog] [info] wrote 27 bootstraps
[2023-02-16 16:08:50.357] [jointLog] [info] wrote 28 bootstraps
[2023-02-16 16:09:05.581] [jointLog] [info] wrote 29 bootstraps
[2023-02-16 16:10:13.108] [jointLog] [info] wrote 30 bootstraps
[2023-02-16 16:12:04.973] [jointLog] [info] wrote 31 bootstraps
[2023-02-16 16:12:16.085] [jointLog] [info] wrote 32 bootstraps
[2023-02-16 16:12:16.623] [jointLog] [info] wrote 33 bootstraps
[2023-02-16 16:14:31.194] [jointLog] [info] wrote 34 bootstraps
[2023-02-16 16:14:38.015] [jointLog] [info] wrote 35 bootstraps
[2023-02-16 16:14:40.144] [jointLog] [info] wrote 36 bootstraps
[2023-02-16 16:16:55.784] [jointLog] [info] wrote 37 bootstraps
[2023-02-16 16:17:03.093] [jointLog] [info] wrote 38 bootstraps
[2023-02-16 16:17:23.029] [jointLog] [info] wrote 39 bootstraps
[2023-02-16 16:18:49.511] [jointLog] [info] wrote 40 bootstraps
[2023-02-16 16:19:40.116] [jointLog] [info] wrote 41 bootstraps
[2023-02-16 16:19:45.127] [jointLog] [info] wrote 42 bootstraps
[2023-02-16 16:21:49.959] [jointLog] [info] wrote 43 bootstraps
[2023-02-16 16:21:54.121] [jointLog] [info] wrote 44 bootstraps
[2023-02-16 16:22:19.845] [jointLog] [info] wrote 45 bootstraps
[2023-02-16 16:24:00.394] [jointLog] [info] wrote 46 bootstraps
[2023-02-16 16:24:33.778] [jointLog] [info] wrote 47 bootstraps
[2023-02-16 16:24:34.188] [jointLog] [info] wrote 48 bootstraps
[2023-02-16 16:26:32.698] [jointLog] [info] wrote 49 bootstraps
[2023-02-16 16:26:46.853] [jointLog] [info] wrote 50 bootstraps
[2023-02-16 16:26:46.946] [jointLog] [info] Finished Bootstrapping
[2023-02-16 16:26:46.946] [jointLog] [info] Computing gene-level abundance estimates
[2023-02-16 16:28:03.414] [jointLog] [info] There were 252416 transcripts mapping to 62696 genes
[2023-02-16 16:28:03.414] [jointLog] [info] NOTE: We recommend using tximport (https://bioconductor.org/packages/release/bioc/html/tximport.html) for aggregating transcript-level salmon abundance estimates to the gene level.  It is more versatile, exposes more features, and allows considering multi-sample information during aggregation.
[2023-02-16 16:28:03.974] [jointLog] [info] Aggregating expressions to gene level
[2023-02-16 16:28:04.316] [jointLog] [info] done
