[2024-08-07 07:12:20.925] [jointLog] [info] setting maxHashResizeThreads to 4
[2024-08-07 07:12:20.925] [jointLog] [info] Fragment incompatibility prior below threshold.  Incompatible fragments will be ignored.
[2024-08-07 07:12:20.925] [jointLog] [info] Usage of --validateMappings implies use of minScoreFraction. Since not explicitly specified, it is being set to 0.65
[2024-08-07 07:12:20.926] [jointLog] [info] Setting consensusSlack to selective-alignment default of 0.35.
[2024-08-07 07:12:20.926] [jointLog] [info] parsing read library format
[2024-08-07 07:12:20.926] [jointLog] [info] There is 1 library.
[2024-08-07 07:12:21.442] [jointLog] [info] Loading pufferfish index
[2024-08-07 07:12:21.459] [jointLog] [info] Loading dense pufferfish index.
[2024-08-07 07:15:18.029] [jointLog] [info] done
[2024-08-07 07:15:18.030] [jointLog] [info] Index contained 251,744 targets
[2024-08-07 07:15:21.979] [jointLog] [info] Number of decoys : 194
[2024-08-07 07:15:21.979] [jointLog] [info] First decoy index : 251,509 
[2024-08-07 07:15:25.326] [jointLog] [info] Automatically detected most likely library type as ISR

[2024-08-07 07:56:18.493] [jointLog] [info] Thread saw mini-batch with a maximum of 1.10% zero probability fragments
[2024-08-07 07:56:18.526] [jointLog] [info] Thread saw mini-batch with a maximum of 1.18% zero probability fragments
[2024-08-07 07:56:18.550] [jointLog] [info] Thread saw mini-batch with a maximum of 1.20% zero probability fragments
[2024-08-07 07:56:18.556] [jointLog] [info] Thread saw mini-batch with a maximum of 1.06% zero probability fragments
[2024-08-07 07:56:19.819] [fileLog] [info] 
At end of round 0
==================
Observed 38855718 total fragments (38855718 in most recent round)

[2024-08-07 07:56:19.813] [jointLog] [info] Computed 413,177 rich equivalence classes for further processing
[2024-08-07 07:56:19.814] [jointLog] [info] Counted 34,235,474 total reads in the equivalence classes 
[2024-08-07 07:56:19.828] [jointLog] [info] Number of mappings discarded because of alignment score : 18,417,147
[2024-08-07 07:56:19.828] [jointLog] [info] Number of fragments entirely discarded because of alignment score : 2,323,403
[2024-08-07 07:56:19.828] [jointLog] [info] Number of fragments discarded because they are best-mapped to decoys : 1,617,309
[2024-08-07 07:56:19.828] [jointLog] [info] Number of fragments discarded because they have only dovetail (discordant) mappings to valid targets : 110,759
[2024-08-07 07:56:19.828] [jointLog] [info] Mapping rate = 88.1092%

[2024-08-07 07:56:19.828] [jointLog] [info] finished quantifyLibrary()
[2024-08-07 07:56:19.830] [jointLog] [info] Starting optimizer
[2024-08-07 07:56:20.242] [jointLog] [info] Marked 0 weighted equivalence classes as degenerate
[2024-08-07 07:56:20.326] [jointLog] [info] iteration = 0 | max rel diff. = 4286.12
[2024-08-07 07:56:21.352] [jointLog] [info] iteration 11, adjusting effective lengths to account for biases
[2024-08-07 07:59:56.062] [jointLog] [info] Computed expected counts (for bias correction)
[2024-08-07 07:59:56.063] [jointLog] [info] processed bias for 0.0% of the transcripts
[2024-08-07 08:00:15.909] [jointLog] [info] processed bias for 10.0% of the transcripts
[2024-08-07 08:00:33.244] [jointLog] [info] processed bias for 20.0% of the transcripts
[2024-08-07 08:00:50.751] [jointLog] [info] processed bias for 30.0% of the transcripts
[2024-08-07 08:01:08.474] [jointLog] [info] processed bias for 40.0% of the transcripts
[2024-08-07 08:01:25.649] [jointLog] [info] processed bias for 50.0% of the transcripts
[2024-08-07 08:01:42.225] [jointLog] [info] processed bias for 60.0% of the transcripts
[2024-08-07 08:01:59.023] [jointLog] [info] processed bias for 70.0% of the transcripts
[2024-08-07 08:02:14.331] [jointLog] [info] processed bias for 80.0% of the transcripts
[2024-08-07 08:02:30.940] [jointLog] [info] processed bias for 90.0% of the transcripts
[2024-08-07 08:02:48.572] [jointLog] [info] processed bias for 100.0% of the transcripts
[2024-08-07 08:02:57.551] [jointLog] [info] iteration = 100 | max rel diff. = 15.5814
[2024-08-07 08:03:05.217] [jointLog] [info] iteration = 200 | max rel diff. = 6.66638
[2024-08-07 08:03:11.943] [jointLog] [info] iteration = 300 | max rel diff. = 6.84287
[2024-08-07 08:03:18.702] [jointLog] [info] iteration = 400 | max rel diff. = 2.47699
[2024-08-07 08:03:25.817] [jointLog] [info] iteration = 500 | max rel diff. = 0.712948
[2024-08-07 08:03:33.079] [jointLog] [info] iteration = 600 | max rel diff. = 0.278308
[2024-08-07 08:03:39.816] [jointLog] [info] iteration = 700 | max rel diff. = 0.339524
[2024-08-07 08:03:44.957] [jointLog] [info] iteration = 800 | max rel diff. = 0.113602
[2024-08-07 08:03:49.848] [jointLog] [info] iteration = 900 | max rel diff. = 14.452
[2024-08-07 08:03:55.159] [jointLog] [info] iteration = 1,000 | max rel diff. = 0.0684581
[2024-08-07 08:04:00.579] [jointLog] [info] iteration = 1,100 | max rel diff. = 0.0161252
[2024-08-07 08:04:05.785] [jointLog] [info] iteration = 1,200 | max rel diff. = 0.122479
[2024-08-07 08:04:10.617] [jointLog] [info] iteration = 1,300 | max rel diff. = 0.516805
[2024-08-07 08:04:15.178] [jointLog] [info] iteration = 1,400 | max rel diff. = 0.089278
[2024-08-07 08:04:19.850] [jointLog] [info] iteration = 1,500 | max rel diff. = 1.2194
[2024-08-07 08:04:23.387] [jointLog] [info] iteration = 1,581 | max rel diff. = 0.00400994
[2024-08-07 08:04:23.463] [jointLog] [info] Finished optimizer
[2024-08-07 08:04:23.463] [jointLog] [info] writing output 

[2024-08-07 08:04:23.942] [jointLog] [info] Starting Bootstrapping
[2024-08-07 08:04:24.092] [jointLog] [info] Will draw 50 bootstrap samples
[2024-08-07 08:04:24.092] [jointLog] [info] Optimizing over 413,177 equivalence classes
[2024-08-07 08:04:24.143] [jointLog] [info] Marked 0 weighted equivalence classes as degenerate
[2024-08-07 08:05:54.235] [jointLog] [info] wrote 1 bootstraps
[2024-08-07 08:06:05.228] [jointLog] [info] wrote 2 bootstraps
[2024-08-07 08:06:48.890] [jointLog] [info] wrote 3 bootstraps
[2024-08-07 08:07:03.959] [jointLog] [info] wrote 4 bootstraps
[2024-08-07 08:07:34.155] [jointLog] [info] wrote 5 bootstraps
[2024-08-07 08:08:37.159] [jointLog] [info] wrote 6 bootstraps
[2024-08-07 08:08:40.560] [jointLog] [info] wrote 7 bootstraps
[2024-08-07 08:09:08.915] [jointLog] [info] wrote 8 bootstraps
[2024-08-07 08:09:54.079] [jointLog] [info] wrote 9 bootstraps
[2024-08-07 08:10:08.071] [jointLog] [info] wrote 10 bootstraps
[2024-08-07 08:10:39.800] [jointLog] [info] wrote 11 bootstraps
[2024-08-07 08:11:33.294] [jointLog] [info] wrote 12 bootstraps
[2024-08-07 08:12:03.691] [jointLog] [info] wrote 13 bootstraps
[2024-08-07 08:12:38.581] [jointLog] [info] wrote 14 bootstraps
[2024-08-07 08:13:05.529] [jointLog] [info] wrote 15 bootstraps
[2024-08-07 08:13:38.891] [jointLog] [info] wrote 16 bootstraps
[2024-08-07 08:14:15.899] [jointLog] [info] wrote 17 bootstraps
[2024-08-07 08:15:20.427] [jointLog] [info] wrote 18 bootstraps
[2024-08-07 08:15:21.268] [jointLog] [info] wrote 19 bootstraps
[2024-08-07 08:15:59.305] [jointLog] [info] wrote 20 bootstraps
[2024-08-07 08:16:46.156] [jointLog] [info] wrote 21 bootstraps
[2024-08-07 08:17:28.316] [jointLog] [info] wrote 22 bootstraps
[2024-08-07 08:18:11.423] [jointLog] [info] wrote 23 bootstraps
[2024-08-07 08:19:17.746] [jointLog] [info] wrote 24 bootstraps
[2024-08-07 08:19:24.783] [jointLog] [info] wrote 25 bootstraps
[2024-08-07 08:19:25.627] [jointLog] [info] wrote 26 bootstraps
[2024-08-07 08:20:40.369] [jointLog] [info] wrote 27 bootstraps
[2024-08-07 08:20:53.016] [jointLog] [info] wrote 28 bootstraps
[2024-08-07 08:22:14.745] [jointLog] [info] wrote 29 bootstraps
[2024-08-07 08:22:15.289] [jointLog] [info] wrote 30 bootstraps
[2024-08-07 08:22:47.842] [jointLog] [info] wrote 31 bootstraps
[2024-08-07 08:23:33.547] [jointLog] [info] wrote 32 bootstraps
[2024-08-07 08:23:55.610] [jointLog] [info] wrote 33 bootstraps
[2024-08-07 08:24:50.397] [jointLog] [info] wrote 34 bootstraps
[2024-08-07 08:25:05.742] [jointLog] [info] wrote 35 bootstraps
[2024-08-07 08:25:51.521] [jointLog] [info] wrote 36 bootstraps
[2024-08-07 08:26:29.684] [jointLog] [info] wrote 37 bootstraps
[2024-08-07 08:27:35.395] [jointLog] [info] wrote 38 bootstraps
[2024-08-07 08:27:36.931] [jointLog] [info] wrote 39 bootstraps
[2024-08-07 08:28:48.751] [jointLog] [info] wrote 40 bootstraps
[2024-08-07 08:28:51.054] [jointLog] [info] wrote 41 bootstraps
[2024-08-07 08:29:53.899] [jointLog] [info] wrote 42 bootstraps
[2024-08-07 08:30:04.413] [jointLog] [info] wrote 43 bootstraps
[2024-08-07 08:30:11.748] [jointLog] [info] wrote 44 bootstraps
[2024-08-07 08:31:35.084] [jointLog] [info] wrote 45 bootstraps
[2024-08-07 08:31:47.959] [jointLog] [info] wrote 46 bootstraps
[2024-08-07 08:32:56.154] [jointLog] [info] wrote 47 bootstraps
[2024-08-07 08:33:12.875] [jointLog] [info] wrote 48 bootstraps
[2024-08-07 08:33:13.775] [jointLog] [info] wrote 49 bootstraps
[2024-08-07 08:34:44.751] [jointLog] [info] wrote 50 bootstraps
[2024-08-07 08:34:44.795] [jointLog] [info] Finished Bootstrapping
[2024-08-07 08:34:44.795] [jointLog] [info] Computing gene-level abundance estimates
[2024-08-07 08:35:35.625] [jointLog] [info] There were 252416 transcripts mapping to 62696 genes
[2024-08-07 08:35:35.626] [jointLog] [info] NOTE: We recommend using tximport (https://bioconductor.org/packages/release/bioc/html/tximport.html) for aggregating transcript-level salmon abundance estimates to the gene level.  It is more versatile, exposes more features, and allows considering multi-sample information during aggregation.
[2024-08-07 08:35:36.094] [jointLog] [info] Aggregating expressions to gene level
[2024-08-07 08:35:36.259] [jointLog] [info] done
