[2023-02-16 14:59:58.441] [jointLog] [info] setting maxHashResizeThreads to 4
[2023-02-16 14:59:58.441] [jointLog] [info] Fragment incompatibility prior below threshold.  Incompatible fragments will be ignored.
[2023-02-16 14:59:58.441] [jointLog] [info] Usage of --validateMappings implies use of minScoreFraction. Since not explicitly specified, it is being set to 0.65
[2023-02-16 14:59:58.441] [jointLog] [info] Setting consensusSlack to selective-alignment default of 0.35.
[2023-02-16 14:59:58.441] [jointLog] [info] parsing read library format
[2023-02-16 14:59:58.441] [jointLog] [info] There is 1 library.
[2023-02-16 14:59:58.504] [jointLog] [info] Loading pufferfish index
[2023-02-16 14:59:58.505] [jointLog] [info] Loading dense pufferfish index.
[2023-02-16 15:04:23.347] [jointLog] [info] done
[2023-02-16 15:04:23.347] [jointLog] [info] Index contained 251,744 targets
[2023-02-16 15:04:25.804] [jointLog] [info] Number of decoys : 194
[2023-02-16 15:04:25.804] [jointLog] [info] First decoy index : 251,509 
[2023-02-16 15:04:31.127] [jointLog] [info] Automatically detected most likely library type as IU

[2023-02-16 15:19:42.221] [fileLog] [info] 
At end of round 0
==================
Observed 62459049 total fragments (62459049 in most recent round)

[2023-02-16 15:19:42.220] [jointLog] [info] Computed 410,323 rich equivalence classes for further processing
[2023-02-16 15:19:42.220] [jointLog] [info] Counted 57,154,124 total reads in the equivalence classes 
[2023-02-16 15:19:42.225] [jointLog] [warning] 4.96325e-05% of fragments were shorter than the k used to build the index.
If this fraction is too large, consider re-building the index with a smaller k.
The minimum read size found was 15.


[2023-02-16 15:19:42.225] [jointLog] [info] Number of mappings discarded because of alignment score : 34,209,089
[2023-02-16 15:19:42.225] [jointLog] [info] Number of fragments entirely discarded because of alignment score : 3,348,367
[2023-02-16 15:19:42.225] [jointLog] [info] Number of fragments discarded because they are best-mapped to decoys : 2,188,213
[2023-02-16 15:19:42.225] [jointLog] [info] Number of fragments discarded because they have only dovetail (discordant) mappings to valid targets : 190,029
[2023-02-16 15:19:42.225] [jointLog] [info] Mapping rate = 91.5066%

[2023-02-16 15:19:42.225] [jointLog] [info] finished quantifyLibrary()
[2023-02-16 15:19:42.226] [jointLog] [info] Starting optimizer
[2023-02-16 15:19:42.462] [jointLog] [info] Marked 0 weighted equivalence classes as degenerate
[2023-02-16 15:19:42.529] [jointLog] [info] iteration = 0 | max rel diff. = 33.8513
[2023-02-16 15:19:42.978] [jointLog] [info] iteration 11, adjusting effective lengths to account for biases
[2023-02-16 15:20:39.924] [jointLog] [info] Computed expected counts (for bias correction)
[2023-02-16 15:20:39.925] [jointLog] [info] processed bias for 0.0% of the transcripts
[2023-02-16 15:20:46.400] [jointLog] [info] processed bias for 10.0% of the transcripts
[2023-02-16 15:20:52.409] [jointLog] [info] processed bias for 20.0% of the transcripts
[2023-02-16 15:20:58.493] [jointLog] [info] processed bias for 30.0% of the transcripts
[2023-02-16 15:21:04.657] [jointLog] [info] processed bias for 40.0% of the transcripts
[2023-02-16 15:21:10.597] [jointLog] [info] processed bias for 50.0% of the transcripts
[2023-02-16 15:21:16.506] [jointLog] [info] processed bias for 60.0% of the transcripts
[2023-02-16 15:21:22.499] [jointLog] [info] processed bias for 70.0% of the transcripts
[2023-02-16 15:21:28.747] [jointLog] [info] processed bias for 80.0% of the transcripts
[2023-02-16 15:21:35.333] [jointLog] [info] processed bias for 90.0% of the transcripts
[2023-02-16 15:21:41.026] [jointLog] [info] processed bias for 100.0% of the transcripts
[2023-02-16 15:21:44.325] [jointLog] [info] iteration = 100 | max rel diff. = 12.3968
[2023-02-16 15:21:48.093] [jointLog] [info] iteration = 200 | max rel diff. = 7.50041
[2023-02-16 15:21:51.641] [jointLog] [info] iteration = 300 | max rel diff. = 17.8863
[2023-02-16 15:21:55.267] [jointLog] [info] iteration = 400 | max rel diff. = 2.98905
[2023-02-16 15:21:58.810] [jointLog] [info] iteration = 500 | max rel diff. = 4.68472
[2023-02-16 15:22:02.283] [jointLog] [info] iteration = 600 | max rel diff. = 0.75357
[2023-02-16 15:22:05.860] [jointLog] [info] iteration = 700 | max rel diff. = 2.44355
[2023-02-16 15:22:09.571] [jointLog] [info] iteration = 800 | max rel diff. = 0.0561257
[2023-02-16 15:22:13.280] [jointLog] [info] iteration = 900 | max rel diff. = 0.709372
[2023-02-16 15:22:17.041] [jointLog] [info] iteration = 1,000 | max rel diff. = 0.122333
[2023-02-16 15:22:20.714] [jointLog] [info] iteration = 1,100 | max rel diff. = 0.0528404
[2023-02-16 15:22:24.388] [jointLog] [info] iteration = 1,200 | max rel diff. = 0.0386807
[2023-02-16 15:22:28.106] [jointLog] [info] iteration = 1,300 | max rel diff. = 0.468696
[2023-02-16 15:22:31.699] [jointLog] [info] iteration = 1,400 | max rel diff. = 0.113423
[2023-02-16 15:22:35.566] [jointLog] [info] iteration = 1,500 | max rel diff. = 0.0389983
[2023-02-16 15:22:39.228] [jointLog] [info] iteration = 1,600 | max rel diff. = 0.0952518
[2023-02-16 15:22:43.018] [jointLog] [info] iteration = 1,700 | max rel diff. = 0.0523217
[2023-02-16 15:22:46.583] [jointLog] [info] iteration = 1,800 | max rel diff. = 20.7179
[2023-02-16 15:22:50.173] [jointLog] [info] iteration = 1,900 | max rel diff. = 0.0191266
[2023-02-16 15:22:52.087] [jointLog] [info] iteration = 1,954 | max rel diff. = 0.00361367
[2023-02-16 15:22:52.137] [jointLog] [info] Finished optimizer
[2023-02-16 15:22:52.137] [jointLog] [info] writing output 

[2023-02-16 15:22:52.485] [jointLog] [info] Starting Bootstrapping
[2023-02-16 15:22:52.610] [jointLog] [info] Will draw 50 bootstrap samples
[2023-02-16 15:22:52.610] [jointLog] [info] Optimizing over 410,323 equivalence classes
[2023-02-16 15:22:52.657] [jointLog] [info] Marked 0 weighted equivalence classes as degenerate
[2023-02-16 15:24:13.703] [jointLog] [info] wrote 1 bootstraps
[2023-02-16 15:24:30.820] [jointLog] [info] wrote 2 bootstraps
[2023-02-16 15:24:30.861] [jointLog] [info] wrote 3 bootstraps
[2023-02-16 15:26:00.892] [jointLog] [info] wrote 4 bootstraps
[2023-02-16 15:26:04.570] [jointLog] [info] wrote 5 bootstraps
[2023-02-16 15:26:22.305] [jointLog] [info] wrote 6 bootstraps
[2023-02-16 15:27:10.210] [jointLog] [info] wrote 7 bootstraps
[2023-02-16 15:27:40.588] [jointLog] [info] wrote 8 bootstraps
[2023-02-16 15:27:43.753] [jointLog] [info] wrote 9 bootstraps
[2023-02-16 15:28:38.485] [jointLog] [info] wrote 10 bootstraps
[2023-02-16 15:29:02.098] [jointLog] [info] wrote 11 bootstraps
[2023-02-16 15:29:15.945] [jointLog] [info] wrote 12 bootstraps
[2023-02-16 15:30:15.228] [jointLog] [info] wrote 13 bootstraps
[2023-02-16 15:30:32.498] [jointLog] [info] wrote 14 bootstraps
[2023-02-16 15:30:50.717] [jointLog] [info] wrote 15 bootstraps
[2023-02-16 15:31:51.516] [jointLog] [info] wrote 16 bootstraps
[2023-02-16 15:32:25.466] [jointLog] [info] wrote 17 bootstraps
[2023-02-16 15:32:31.750] [jointLog] [info] wrote 18 bootstraps
[2023-02-16 15:33:29.290] [jointLog] [info] wrote 19 bootstraps
[2023-02-16 15:33:51.155] [jointLog] [info] wrote 20 bootstraps
[2023-02-16 15:34:04.384] [jointLog] [info] wrote 21 bootstraps
[2023-02-16 15:35:08.874] [jointLog] [info] wrote 22 bootstraps
[2023-02-16 15:35:32.517] [jointLog] [info] wrote 23 bootstraps
[2023-02-16 15:35:39.127] [jointLog] [info] wrote 24 bootstraps
[2023-02-16 15:36:51.888] [jointLog] [info] wrote 25 bootstraps
[2023-02-16 15:37:07.365] [jointLog] [info] wrote 26 bootstraps
[2023-02-16 15:37:13.597] [jointLog] [info] wrote 27 bootstraps
[2023-02-16 15:38:20.836] [jointLog] [info] wrote 28 bootstraps
[2023-02-16 15:38:34.183] [jointLog] [info] wrote 29 bootstraps
[2023-02-16 15:38:42.582] [jointLog] [info] wrote 30 bootstraps
[2023-02-16 15:39:49.272] [jointLog] [info] wrote 31 bootstraps
[2023-02-16 15:40:11.322] [jointLog] [info] wrote 32 bootstraps
[2023-02-16 15:40:25.676] [jointLog] [info] wrote 33 bootstraps
[2023-02-16 15:41:12.083] [jointLog] [info] wrote 34 bootstraps
[2023-02-16 15:41:38.629] [jointLog] [info] wrote 35 bootstraps
[2023-02-16 15:42:01.665] [jointLog] [info] wrote 36 bootstraps
[2023-02-16 15:42:50.613] [jointLog] [info] wrote 37 bootstraps
[2023-02-16 15:42:57.582] [jointLog] [info] wrote 38 bootstraps
[2023-02-16 15:43:34.842] [jointLog] [info] wrote 39 bootstraps
[2023-02-16 15:44:18.412] [jointLog] [info] wrote 40 bootstraps
[2023-02-16 15:44:39.268] [jointLog] [info] wrote 41 bootstraps
[2023-02-16 15:45:05.913] [jointLog] [info] wrote 42 bootstraps
[2023-02-16 15:45:38.066] [jointLog] [info] wrote 43 bootstraps
[2023-02-16 15:46:16.455] [jointLog] [info] wrote 44 bootstraps
[2023-02-16 15:46:51.333] [jointLog] [info] wrote 45 bootstraps
[2023-02-16 15:47:15.478] [jointLog] [info] wrote 46 bootstraps
[2023-02-16 15:47:46.840] [jointLog] [info] wrote 47 bootstraps
[2023-02-16 15:48:32.552] [jointLog] [info] wrote 48 bootstraps
[2023-02-16 15:48:46.140] [jointLog] [info] wrote 49 bootstraps
[2023-02-16 15:49:37.309] [jointLog] [info] wrote 50 bootstraps
[2023-02-16 15:49:37.343] [jointLog] [info] Finished Bootstrapping
[2023-02-16 15:49:37.343] [jointLog] [info] Computing gene-level abundance estimates
[2023-02-16 15:50:14.062] [jointLog] [info] There were 252416 transcripts mapping to 62696 genes
[2023-02-16 15:50:14.063] [jointLog] [info] NOTE: We recommend using tximport (https://bioconductor.org/packages/release/bioc/html/tximport.html) for aggregating transcript-level salmon abundance estimates to the gene level.  It is more versatile, exposes more features, and allows considering multi-sample information during aggregation.
[2023-02-16 15:50:14.453] [jointLog] [info] Aggregating expressions to gene level
[2023-02-16 15:50:14.602] [jointLog] [info] done
