[2024-07-05 13:08:00.511] [jointLog] [info] setting maxHashResizeThreads to 4
[2024-07-05 13:08:00.511] [jointLog] [info] Fragment incompatibility prior below threshold.  Incompatible fragments will be ignored.
[2024-07-05 13:08:00.511] [jointLog] [info] Usage of --validateMappings implies use of minScoreFraction. Since not explicitly specified, it is being set to 0.65
[2024-07-05 13:08:00.511] [jointLog] [info] Setting consensusSlack to selective-alignment default of 0.35.
[2024-07-05 13:08:00.511] [jointLog] [info] parsing read library format
[2024-07-05 13:08:00.511] [jointLog] [info] There is 1 library.
[2024-07-05 13:08:00.595] [jointLog] [info] Loading pufferfish index
[2024-07-05 13:08:00.633] [jointLog] [info] Loading dense pufferfish index.
[2024-07-05 13:10:46.541] [jointLog] [info] done
[2024-07-05 13:10:46.541] [jointLog] [info] Index contained 251,744 targets
[2024-07-05 13:10:51.830] [jointLog] [info] Number of decoys : 194
[2024-07-05 13:10:51.830] [jointLog] [info] First decoy index : 251,509 
[2024-07-05 13:10:52.961] [jointLog] [info] Automatically detected most likely library type as ISR

[2024-07-05 13:28:43.604] [jointLog] [info] Thread saw mini-batch with a maximum of 0.96% zero probability fragments
[2024-07-05 13:28:43.924] [jointLog] [info] Thread saw mini-batch with a maximum of 0.92% zero probability fragments
[2024-07-05 13:28:44.069] [jointLog] [info] Thread saw mini-batch with a maximum of 0.88% zero probability fragments
[2024-07-05 13:28:44.109] [jointLog] [info] Thread saw mini-batch with a maximum of 0.88% zero probability fragments
[2024-07-05 13:28:44.540] [jointLog] [info] Computed 393,199 rich equivalence classes for further processing
[2024-07-05 13:28:44.540] [jointLog] [info] Counted 30,583,722 total reads in the equivalence classes 
[2024-07-05 13:28:44.545] [jointLog] [info] Number of mappings discarded because of alignment score : 16,166,792
[2024-07-05 13:28:44.545] [jointLog] [info] Number of fragments entirely discarded because of alignment score : 2,248,229
[2024-07-05 13:28:44.545] [jointLog] [info] Number of fragments discarded because they are best-mapped to decoys : 1,635,550
[2024-07-05 13:28:44.545] [jointLog] [info] Number of fragments discarded because they have only dovetail (discordant) mappings to valid targets : 94,811
[2024-07-05 13:28:44.545] [jointLog] [info] Mapping rate = 88.3032%

[2024-07-05 13:28:44.545] [jointLog] [info] finished quantifyLibrary()
[2024-07-05 13:28:44.563] [jointLog] [info] Starting optimizer
[2024-07-05 13:28:44.541] [fileLog] [info] 
At end of round 0
==================
Observed 34634900 total fragments (34634900 in most recent round)

[2024-07-05 13:28:44.944] [jointLog] [info] Marked 0 weighted equivalence classes as degenerate
[2024-07-05 13:28:45.035] [jointLog] [info] iteration = 0 | max rel diff. = 4621.42
[2024-07-05 13:28:45.908] [jointLog] [info] iteration 11, adjusting effective lengths to account for biases
[2024-07-05 13:32:13.129] [jointLog] [info] Computed expected counts (for bias correction)
[2024-07-05 13:32:13.130] [jointLog] [info] processed bias for 0.0% of the transcripts
[2024-07-05 13:32:38.136] [jointLog] [info] processed bias for 10.0% of the transcripts
[2024-07-05 13:33:02.688] [jointLog] [info] processed bias for 20.0% of the transcripts
[2024-07-05 13:33:28.328] [jointLog] [info] processed bias for 30.0% of the transcripts
[2024-07-05 13:33:54.059] [jointLog] [info] processed bias for 40.0% of the transcripts
[2024-07-05 13:34:19.155] [jointLog] [info] processed bias for 50.0% of the transcripts
[2024-07-05 13:34:44.289] [jointLog] [info] processed bias for 60.0% of the transcripts
[2024-07-05 13:35:09.335] [jointLog] [info] processed bias for 70.0% of the transcripts
[2024-07-05 13:35:33.168] [jointLog] [info] processed bias for 80.0% of the transcripts
[2024-07-05 13:35:58.945] [jointLog] [info] processed bias for 90.0% of the transcripts
[2024-07-05 13:36:23.541] [jointLog] [info] processed bias for 100.0% of the transcripts
[2024-07-05 13:36:29.672] [jointLog] [info] iteration = 100 | max rel diff. = 14.7649
[2024-07-05 13:36:36.684] [jointLog] [info] iteration = 200 | max rel diff. = 6.05952
[2024-07-05 13:36:44.721] [jointLog] [info] iteration = 300 | max rel diff. = 6.10115
[2024-07-05 13:36:52.128] [jointLog] [info] iteration = 400 | max rel diff. = 0.800818
[2024-07-05 13:36:59.023] [jointLog] [info] iteration = 500 | max rel diff. = 1.44867
[2024-07-05 13:37:06.047] [jointLog] [info] iteration = 600 | max rel diff. = 15.4815
[2024-07-05 13:37:12.770] [jointLog] [info] iteration = 700 | max rel diff. = 0.281847
[2024-07-05 13:37:19.340] [jointLog] [info] iteration = 800 | max rel diff. = 0.760751
[2024-07-05 13:37:26.661] [jointLog] [info] iteration = 900 | max rel diff. = 0.0334165
[2024-07-05 13:37:34.182] [jointLog] [info] iteration = 1,000 | max rel diff. = 4.53792
[2024-07-05 13:37:41.407] [jointLog] [info] iteration = 1,100 | max rel diff. = 0.0808017
[2024-07-05 13:37:49.255] [jointLog] [info] iteration = 1,200 | max rel diff. = 0.310063
[2024-07-05 13:37:56.799] [jointLog] [info] iteration = 1,300 | max rel diff. = 0.0158485
[2024-07-05 13:38:03.837] [jointLog] [info] iteration = 1,400 | max rel diff. = 3.7275
[2024-07-05 13:38:10.639] [jointLog] [info] iteration = 1,500 | max rel diff. = 5.10802
[2024-07-05 13:38:10.696] [jointLog] [info] iteration = 1,502 | max rel diff. = 0.00576157
[2024-07-05 13:38:10.742] [jointLog] [info] Finished optimizer
[2024-07-05 13:38:10.742] [jointLog] [info] writing output 

[2024-07-05 13:38:11.665] [jointLog] [info] Starting Bootstrapping
[2024-07-05 13:38:11.869] [jointLog] [info] Will draw 50 bootstrap samples
[2024-07-05 13:38:11.869] [jointLog] [info] Optimizing over 393,199 equivalence classes
[2024-07-05 13:38:11.920] [jointLog] [info] Marked 0 weighted equivalence classes as degenerate
[2024-07-05 13:40:20.419] [jointLog] [info] wrote 1 bootstraps
[2024-07-05 13:40:27.597] [jointLog] [info] wrote 2 bootstraps
[2024-07-05 13:40:31.002] [jointLog] [info] wrote 3 bootstraps
[2024-07-05 13:42:56.212] [jointLog] [info] wrote 4 bootstraps
[2024-07-05 13:42:57.816] [jointLog] [info] wrote 5 bootstraps
[2024-07-05 13:43:07.241] [jointLog] [info] wrote 6 bootstraps
[2024-07-05 13:45:20.269] [jointLog] [info] wrote 7 bootstraps
[2024-07-05 13:45:34.775] [jointLog] [info] wrote 8 bootstraps
[2024-07-05 13:45:56.479] [jointLog] [info] wrote 9 bootstraps
[2024-07-05 13:47:54.849] [jointLog] [info] wrote 10 bootstraps
[2024-07-05 13:48:10.303] [jointLog] [info] wrote 11 bootstraps
[2024-07-05 13:48:36.655] [jointLog] [info] wrote 12 bootstraps
[2024-07-05 13:50:24.364] [jointLog] [info] wrote 13 bootstraps
[2024-07-05 13:50:44.767] [jointLog] [info] wrote 14 bootstraps
[2024-07-05 13:51:05.484] [jointLog] [info] wrote 15 bootstraps
[2024-07-05 13:52:58.629] [jointLog] [info] wrote 16 bootstraps
[2024-07-05 13:53:00.235] [jointLog] [info] wrote 17 bootstraps
[2024-07-05 13:53:42.571] [jointLog] [info] wrote 18 bootstraps
[2024-07-05 13:55:27.444] [jointLog] [info] wrote 19 bootstraps
[2024-07-05 13:55:36.054] [jointLog] [info] wrote 20 bootstraps
[2024-07-05 13:56:02.983] [jointLog] [info] wrote 21 bootstraps
[2024-07-05 13:57:54.711] [jointLog] [info] wrote 22 bootstraps
[2024-07-05 13:58:04.319] [jointLog] [info] wrote 23 bootstraps
[2024-07-05 13:58:19.630] [jointLog] [info] wrote 24 bootstraps
[2024-07-05 14:00:08.349] [jointLog] [info] wrote 25 bootstraps
[2024-07-05 14:00:21.534] [jointLog] [info] wrote 26 bootstraps
[2024-07-05 14:00:27.648] [jointLog] [info] wrote 27 bootstraps
[2024-07-05 14:02:11.306] [jointLog] [info] wrote 28 bootstraps
[2024-07-05 14:02:17.953] [jointLog] [info] wrote 29 bootstraps
[2024-07-05 14:02:37.934] [jointLog] [info] wrote 30 bootstraps
[2024-07-05 14:04:25.811] [jointLog] [info] wrote 31 bootstraps
[2024-07-05 14:04:31.455] [jointLog] [info] wrote 32 bootstraps
[2024-07-05 14:04:34.540] [jointLog] [info] wrote 33 bootstraps
[2024-07-05 14:06:15.239] [jointLog] [info] wrote 34 bootstraps
[2024-07-05 14:06:51.453] [jointLog] [info] wrote 35 bootstraps
[2024-07-05 14:07:02.967] [jointLog] [info] wrote 36 bootstraps
[2024-07-05 14:08:33.824] [jointLog] [info] wrote 37 bootstraps
[2024-07-05 14:09:13.778] [jointLog] [info] wrote 38 bootstraps
[2024-07-05 14:09:23.610] [jointLog] [info] wrote 39 bootstraps
[2024-07-05 14:10:41.167] [jointLog] [info] wrote 40 bootstraps
[2024-07-05 14:11:28.991] [jointLog] [info] wrote 41 bootstraps
[2024-07-05 14:11:34.974] [jointLog] [info] wrote 42 bootstraps
[2024-07-05 14:12:31.331] [jointLog] [info] wrote 43 bootstraps
[2024-07-05 14:13:43.112] [jointLog] [info] wrote 44 bootstraps
[2024-07-05 14:13:58.875] [jointLog] [info] wrote 45 bootstraps
[2024-07-05 14:14:19.001] [jointLog] [info] wrote 46 bootstraps
[2024-07-05 14:16:19.113] [jointLog] [info] wrote 47 bootstraps
[2024-07-05 14:16:34.243] [jointLog] [info] wrote 48 bootstraps
[2024-07-05 14:16:55.339] [jointLog] [info] wrote 49 bootstraps
[2024-07-05 14:18:32.548] [jointLog] [info] wrote 50 bootstraps
[2024-07-05 14:18:32.604] [jointLog] [info] Finished Bootstrapping
[2024-07-05 14:18:32.604] [jointLog] [info] Computing gene-level abundance estimates
[2024-07-05 14:19:44.778] [jointLog] [info] There were 252416 transcripts mapping to 62696 genes
[2024-07-05 14:19:44.800] [jointLog] [info] NOTE: We recommend using tximport (https://bioconductor.org/packages/release/bioc/html/tximport.html) for aggregating transcript-level salmon abundance estimates to the gene level.  It is more versatile, exposes more features, and allows considering multi-sample information during aggregation.
[2024-07-05 14:19:45.580] [jointLog] [info] Aggregating expressions to gene level
[2024-07-05 14:19:45.914] [jointLog] [info] done
