[2024-08-07 08:51:19.151] [jointLog] [info] setting maxHashResizeThreads to 4
[2024-08-07 08:51:19.151] [jointLog] [info] Fragment incompatibility prior below threshold.  Incompatible fragments will be ignored.
[2024-08-07 08:51:19.151] [jointLog] [info] Usage of --validateMappings implies use of minScoreFraction. Since not explicitly specified, it is being set to 0.65
[2024-08-07 08:51:19.151] [jointLog] [info] Setting consensusSlack to selective-alignment default of 0.35.
[2024-08-07 08:51:19.151] [jointLog] [info] parsing read library format
[2024-08-07 08:51:19.151] [jointLog] [info] There is 1 library.
[2024-08-07 08:51:19.358] [jointLog] [info] Loading pufferfish index
[2024-08-07 08:51:19.372] [jointLog] [info] Loading dense pufferfish index.
[2024-08-07 08:53:50.766] [jointLog] [info] done
[2024-08-07 08:53:50.766] [jointLog] [info] Index contained 251,744 targets
[2024-08-07 08:53:54.335] [jointLog] [info] Number of decoys : 194
[2024-08-07 08:53:54.335] [jointLog] [info] First decoy index : 251,509 
[2024-08-07 08:53:56.172] [jointLog] [info] Automatically detected most likely library type as ISR

[2024-08-07 09:26:45.097] [jointLog] [info] Thread saw mini-batch with a maximum of 0.92% zero probability fragments
[2024-08-07 09:26:45.237] [jointLog] [info] Thread saw mini-batch with a maximum of 0.86% zero probability fragments
[2024-08-07 09:26:45.374] [jointLog] [info] Thread saw mini-batch with a maximum of 0.90% zero probability fragments
[2024-08-07 09:26:45.644] [jointLog] [info] Thread saw mini-batch with a maximum of 0.90% zero probability fragments
[2024-08-07 09:26:46.684] [jointLog] [info] Computed 384,621 rich equivalence classes for further processing
[2024-08-07 09:26:46.684] [jointLog] [info] Counted 30,105,495 total reads in the equivalence classes 
[2024-08-07 09:26:46.708] [jointLog] [info] Number of mappings discarded because of alignment score : 16,544,869
[2024-08-07 09:26:46.708] [jointLog] [info] Number of fragments entirely discarded because of alignment score : 2,389,146
[2024-08-07 09:26:46.708] [jointLog] [info] Number of fragments discarded because they are best-mapped to decoys : 1,635,761
[2024-08-07 09:26:46.708] [jointLog] [info] Number of fragments discarded because they have only dovetail (discordant) mappings to valid targets : 111,225
[2024-08-07 09:26:46.708] [jointLog] [info] Mapping rate = 87.0994%

[2024-08-07 09:26:46.708] [jointLog] [info] finished quantifyLibrary()
[2024-08-07 09:26:46.731] [jointLog] [info] Starting optimizer
[2024-08-07 09:26:46.691] [fileLog] [info] 
At end of round 0
==================
Observed 34564519 total fragments (34564519 in most recent round)

[2024-08-07 09:26:47.583] [jointLog] [info] Marked 0 weighted equivalence classes as degenerate
[2024-08-07 09:26:47.730] [jointLog] [info] iteration = 0 | max rel diff. = 4745.6
[2024-08-07 09:26:49.188] [jointLog] [info] iteration 11, adjusting effective lengths to account for biases
[2024-08-07 09:30:55.427] [jointLog] [info] Computed expected counts (for bias correction)
[2024-08-07 09:30:55.428] [jointLog] [info] processed bias for 0.0% of the transcripts
[2024-08-07 09:31:16.881] [jointLog] [info] processed bias for 10.0% of the transcripts
[2024-08-07 09:31:38.186] [jointLog] [info] processed bias for 20.0% of the transcripts
[2024-08-07 09:31:59.006] [jointLog] [info] processed bias for 30.0% of the transcripts
[2024-08-07 09:32:17.738] [jointLog] [info] processed bias for 40.0% of the transcripts
[2024-08-07 09:32:36.569] [jointLog] [info] processed bias for 50.0% of the transcripts
[2024-08-07 09:32:55.666] [jointLog] [info] processed bias for 60.0% of the transcripts
[2024-08-07 09:33:16.070] [jointLog] [info] processed bias for 70.0% of the transcripts
[2024-08-07 09:33:33.678] [jointLog] [info] processed bias for 80.0% of the transcripts
[2024-08-07 09:33:51.232] [jointLog] [info] processed bias for 90.0% of the transcripts
[2024-08-07 09:34:09.619] [jointLog] [info] processed bias for 100.0% of the transcripts
[2024-08-07 09:34:23.523] [jointLog] [info] iteration = 100 | max rel diff. = 19.6764
[2024-08-07 09:34:40.010] [jointLog] [info] iteration = 200 | max rel diff. = 6.52419
[2024-08-07 09:34:58.524] [jointLog] [info] iteration = 300 | max rel diff. = 6.19438
[2024-08-07 09:35:18.057] [jointLog] [info] iteration = 400 | max rel diff. = 0.488695
[2024-08-07 09:35:39.789] [jointLog] [info] iteration = 500 | max rel diff. = 0.178886
[2024-08-07 09:36:01.309] [jointLog] [info] iteration = 600 | max rel diff. = 0.507522
[2024-08-07 09:36:22.720] [jointLog] [info] iteration = 700 | max rel diff. = 0.387221
[2024-08-07 09:36:43.330] [jointLog] [info] iteration = 800 | max rel diff. = 17.45
[2024-08-07 09:37:05.005] [jointLog] [info] iteration = 900 | max rel diff. = 0.0312336
[2024-08-07 09:37:26.634] [jointLog] [info] iteration = 1,000 | max rel diff. = 0.116876
[2024-08-07 09:37:48.176] [jointLog] [info] iteration = 1,100 | max rel diff. = 0.0889957
[2024-08-07 09:38:10.574] [jointLog] [info] iteration = 1,200 | max rel diff. = 0.0436765
[2024-08-07 09:38:32.713] [jointLog] [info] iteration = 1,300 | max rel diff. = 0.189124
[2024-08-07 09:38:53.656] [jointLog] [info] iteration = 1,400 | max rel diff. = 0.179174
[2024-08-07 09:39:15.510] [jointLog] [info] iteration = 1,500 | max rel diff. = 0.0126742
[2024-08-07 09:39:37.267] [jointLog] [info] iteration = 1,600 | max rel diff. = 0.0276727
[2024-08-07 09:39:53.219] [jointLog] [info] iteration = 1,673 | max rel diff. = 0.00523901
[2024-08-07 09:39:53.418] [jointLog] [info] Finished optimizer
[2024-08-07 09:39:53.419] [jointLog] [info] writing output 

[2024-08-07 09:39:54.284] [jointLog] [info] Starting Bootstrapping
[2024-08-07 09:39:54.651] [jointLog] [info] Will draw 50 bootstrap samples
[2024-08-07 09:39:54.651] [jointLog] [info] Optimizing over 384,621 equivalence classes
[2024-08-07 09:39:55.048] [jointLog] [info] Marked 0 weighted equivalence classes as degenerate
[2024-08-07 09:41:02.990] [jointLog] [info] wrote 1 bootstraps
[2024-08-07 09:41:32.770] [jointLog] [info] wrote 2 bootstraps
[2024-08-07 09:41:34.522] [jointLog] [info] wrote 3 bootstraps
[2024-08-07 09:42:38.138] [jointLog] [info] wrote 4 bootstraps
[2024-08-07 09:43:26.612] [jointLog] [info] wrote 5 bootstraps
[2024-08-07 09:43:49.217] [jointLog] [info] wrote 6 bootstraps
[2024-08-07 09:44:32.658] [jointLog] [info] wrote 7 bootstraps
[2024-08-07 09:45:48.268] [jointLog] [info] wrote 8 bootstraps
[2024-08-07 09:46:07.166] [jointLog] [info] wrote 9 bootstraps
[2024-08-07 09:46:19.637] [jointLog] [info] wrote 10 bootstraps
[2024-08-07 09:47:38.655] [jointLog] [info] wrote 11 bootstraps
[2024-08-07 09:47:47.837] [jointLog] [info] wrote 12 bootstraps
[2024-08-07 09:48:13.196] [jointLog] [info] wrote 13 bootstraps
[2024-08-07 09:49:24.817] [jointLog] [info] wrote 14 bootstraps
[2024-08-07 09:49:49.992] [jointLog] [info] wrote 15 bootstraps
[2024-08-07 09:50:01.343] [jointLog] [info] wrote 16 bootstraps
[2024-08-07 09:51:20.409] [jointLog] [info] wrote 17 bootstraps
[2024-08-07 09:51:37.345] [jointLog] [info] wrote 18 bootstraps
[2024-08-07 09:51:59.492] [jointLog] [info] wrote 19 bootstraps
[2024-08-07 09:53:18.522] [jointLog] [info] wrote 20 bootstraps
[2024-08-07 09:53:25.050] [jointLog] [info] wrote 21 bootstraps
[2024-08-07 09:53:33.788] [jointLog] [info] wrote 22 bootstraps
[2024-08-07 09:55:09.564] [jointLog] [info] wrote 23 bootstraps
[2024-08-07 09:55:16.934] [jointLog] [info] wrote 24 bootstraps
[2024-08-07 09:55:52.215] [jointLog] [info] wrote 25 bootstraps
[2024-08-07 09:56:26.978] [jointLog] [info] wrote 26 bootstraps
[2024-08-07 09:57:03.184] [jointLog] [info] wrote 27 bootstraps
[2024-08-07 09:57:50.797] [jointLog] [info] wrote 28 bootstraps
[2024-08-07 09:58:16.810] [jointLog] [info] wrote 29 bootstraps
[2024-08-07 09:58:50.487] [jointLog] [info] wrote 30 bootstraps
[2024-08-07 09:59:43.523] [jointLog] [info] wrote 31 bootstraps
[2024-08-07 09:59:58.880] [jointLog] [info] wrote 32 bootstraps
[2024-08-07 10:00:17.075] [jointLog] [info] wrote 33 bootstraps
[2024-08-07 10:01:31.151] [jointLog] [info] wrote 34 bootstraps
[2024-08-07 10:01:42.600] [jointLog] [info] wrote 35 bootstraps
[2024-08-07 10:01:50.678] [jointLog] [info] wrote 36 bootstraps
[2024-08-07 10:03:18.036] [jointLog] [info] wrote 37 bootstraps
[2024-08-07 10:03:18.725] [jointLog] [info] wrote 38 bootstraps
[2024-08-07 10:03:38.963] [jointLog] [info] wrote 39 bootstraps
[2024-08-07 10:04:41.273] [jointLog] [info] wrote 40 bootstraps
[2024-08-07 10:05:18.237] [jointLog] [info] wrote 41 bootstraps
[2024-08-07 10:05:26.301] [jointLog] [info] wrote 42 bootstraps
[2024-08-07 10:06:25.520] [jointLog] [info] wrote 43 bootstraps
[2024-08-07 10:07:07.135] [jointLog] [info] wrote 44 bootstraps
[2024-08-07 10:07:20.110] [jointLog] [info] wrote 45 bootstraps
[2024-08-07 10:07:57.971] [jointLog] [info] wrote 46 bootstraps
[2024-08-07 10:09:01.625] [jointLog] [info] wrote 47 bootstraps
[2024-08-07 10:09:12.844] [jointLog] [info] wrote 48 bootstraps
[2024-08-07 10:09:26.608] [jointLog] [info] wrote 49 bootstraps
[2024-08-07 10:10:49.561] [jointLog] [info] wrote 50 bootstraps
[2024-08-07 10:10:49.631] [jointLog] [info] Finished Bootstrapping
[2024-08-07 10:10:49.631] [jointLog] [info] Computing gene-level abundance estimates
[2024-08-07 10:11:55.710] [jointLog] [info] There were 252416 transcripts mapping to 62696 genes
[2024-08-07 10:11:55.714] [jointLog] [info] NOTE: We recommend using tximport (https://bioconductor.org/packages/release/bioc/html/tximport.html) for aggregating transcript-level salmon abundance estimates to the gene level.  It is more versatile, exposes more features, and allows considering multi-sample information during aggregation.
[2024-08-07 10:11:56.187] [jointLog] [info] Aggregating expressions to gene level
[2024-08-07 10:11:56.369] [jointLog] [info] done
