[2024-08-03 23:58:10.994] [jointLog] [info] setting maxHashResizeThreads to 4
[2024-08-03 23:58:10.994] [jointLog] [info] Fragment incompatibility prior below threshold.  Incompatible fragments will be ignored.
[2024-08-03 23:58:10.994] [jointLog] [info] Usage of --validateMappings implies use of minScoreFraction. Since not explicitly specified, it is being set to 0.65
[2024-08-03 23:58:10.994] [jointLog] [info] Setting consensusSlack to selective-alignment default of 0.35.
[2024-08-03 23:58:10.994] [jointLog] [info] parsing read library format
[2024-08-03 23:58:10.994] [jointLog] [info] There is 1 library.
[2024-08-03 23:58:11.108] [jointLog] [info] Loading pufferfish index
[2024-08-03 23:58:11.108] [jointLog] [info] Loading dense pufferfish index.
[2024-08-03 23:58:49.373] [jointLog] [info] done
[2024-08-03 23:58:49.373] [jointLog] [info] Index contained 251,744 targets
[2024-08-03 23:58:52.767] [jointLog] [info] Number of decoys : 194
[2024-08-03 23:58:52.767] [jointLog] [info] First decoy index : 251,509 
[2024-08-03 23:58:55.586] [jointLog] [info] Automatically detected most likely library type as ISR

[2024-08-04 00:37:46.977] [jointLog] [info] Thread saw mini-batch with a maximum of 1.44% zero probability fragments
[2024-08-04 00:37:47.542] [jointLog] [info] Thread saw mini-batch with a maximum of 1.48% zero probability fragments
[2024-08-04 00:37:47.554] [jointLog] [info] Thread saw mini-batch with a maximum of 1.42% zero probability fragments
[2024-08-04 00:37:47.644] [jointLog] [info] Thread saw mini-batch with a maximum of 1.54% zero probability fragments
[2024-08-04 00:37:47.926] [fileLog] [info] 
At end of round 0
==================
Observed 60104182 total fragments (60104182 in most recent round)

[2024-08-04 00:37:47.926] [jointLog] [info] Computed 196,755 rich equivalence classes for further processing
[2024-08-04 00:37:47.926] [jointLog] [info] Counted 23,554,556 total reads in the equivalence classes 
[2024-08-04 00:37:47.929] [jointLog] [info] Number of mappings discarded because of alignment score : 56,789,128
[2024-08-04 00:37:47.929] [jointLog] [info] Number of fragments entirely discarded because of alignment score : 8,014,453
[2024-08-04 00:37:47.929] [jointLog] [info] Number of fragments discarded because they are best-mapped to decoys : 2,008,910
[2024-08-04 00:37:47.929] [jointLog] [info] Number of fragments discarded because they have only dovetail (discordant) mappings to valid targets : 75,876
[2024-08-04 00:37:47.929] [jointLog] [info] Mapping rate = 39.1895%

[2024-08-04 00:37:47.929] [jointLog] [info] finished quantifyLibrary()
[2024-08-04 00:37:47.931] [jointLog] [info] Starting optimizer
[2024-08-04 00:37:48.132] [jointLog] [info] Marked 0 weighted equivalence classes as degenerate
[2024-08-04 00:37:48.174] [jointLog] [info] iteration = 0 | max rel diff. = 4934.7
[2024-08-04 00:37:48.547] [jointLog] [info] iteration 11, adjusting effective lengths to account for biases
[2024-08-04 00:40:57.003] [jointLog] [info] Computed expected counts (for bias correction)
[2024-08-04 00:40:57.003] [jointLog] [info] processed bias for 0.0% of the transcripts
[2024-08-04 00:41:12.345] [jointLog] [info] processed bias for 10.0% of the transcripts
[2024-08-04 00:41:26.440] [jointLog] [info] processed bias for 20.0% of the transcripts
[2024-08-04 00:41:40.909] [jointLog] [info] processed bias for 30.0% of the transcripts
[2024-08-04 00:41:55.981] [jointLog] [info] processed bias for 40.0% of the transcripts
[2024-08-04 00:42:09.990] [jointLog] [info] processed bias for 50.0% of the transcripts
[2024-08-04 00:42:23.985] [jointLog] [info] processed bias for 60.0% of the transcripts
[2024-08-04 00:42:38.433] [jointLog] [info] processed bias for 70.0% of the transcripts
[2024-08-04 00:42:53.123] [jointLog] [info] processed bias for 80.0% of the transcripts
[2024-08-04 00:43:09.446] [jointLog] [info] processed bias for 90.0% of the transcripts
[2024-08-04 00:43:23.751] [jointLog] [info] processed bias for 100.0% of the transcripts
[2024-08-04 00:43:26.545] [jointLog] [info] iteration = 100 | max rel diff. = 13.3915
[2024-08-04 00:43:29.520] [jointLog] [info] iteration = 200 | max rel diff. = 5.6998
[2024-08-04 00:43:32.506] [jointLog] [info] iteration = 300 | max rel diff. = 0.687515
[2024-08-04 00:43:35.445] [jointLog] [info] iteration = 400 | max rel diff. = 4.75939
[2024-08-04 00:43:38.419] [jointLog] [info] iteration = 500 | max rel diff. = 0.150705
[2024-08-04 00:43:41.403] [jointLog] [info] iteration = 600 | max rel diff. = 0.136506
[2024-08-04 00:43:44.384] [jointLog] [info] iteration = 700 | max rel diff. = 0.30424
[2024-08-04 00:43:47.325] [jointLog] [info] iteration = 800 | max rel diff. = 3.07516
[2024-08-04 00:43:50.285] [jointLog] [info] iteration = 900 | max rel diff. = 0.143652
[2024-08-04 00:43:53.240] [jointLog] [info] iteration = 1,000 | max rel diff. = 3.02611
[2024-08-04 00:43:56.172] [jointLog] [info] iteration = 1,100 | max rel diff. = 0.15519
[2024-08-04 00:43:59.113] [jointLog] [info] iteration = 1,200 | max rel diff. = 0.0447646
[2024-08-04 00:44:02.063] [jointLog] [info] iteration = 1,300 | max rel diff. = 0.422486
[2024-08-04 00:44:05.006] [jointLog] [info] iteration = 1,400 | max rel diff. = 0.0392406
[2024-08-04 00:44:07.688] [jointLog] [info] iteration = 1,492 | max rel diff. = 0.00568759
[2024-08-04 00:44:07.750] [jointLog] [info] Finished optimizer
[2024-08-04 00:44:07.750] [jointLog] [info] writing output 

[2024-08-04 00:44:09.398] [jointLog] [info] Starting Bootstrapping
[2024-08-04 00:44:09.508] [jointLog] [info] Will draw 50 bootstrap samples
[2024-08-04 00:44:09.508] [jointLog] [info] Optimizing over 196,755 equivalence classes
[2024-08-04 00:44:09.537] [jointLog] [info] Marked 0 weighted equivalence classes as degenerate
[2024-08-04 00:44:59.657] [jointLog] [info] wrote 1 bootstraps
[2024-08-04 00:45:15.166] [jointLog] [info] wrote 2 bootstraps
[2024-08-04 00:45:21.900] [jointLog] [info] wrote 3 bootstraps
[2024-08-04 00:45:59.534] [jointLog] [info] wrote 4 bootstraps
[2024-08-04 00:46:05.257] [jointLog] [info] wrote 5 bootstraps
[2024-08-04 00:46:25.796] [jointLog] [info] wrote 6 bootstraps
[2024-08-04 00:47:02.753] [jointLog] [info] wrote 7 bootstraps
[2024-08-04 00:47:18.894] [jointLog] [info] wrote 8 bootstraps
[2024-08-04 00:47:43.294] [jointLog] [info] wrote 9 bootstraps
[2024-08-04 00:48:06.750] [jointLog] [info] wrote 10 bootstraps
[2024-08-04 00:48:22.776] [jointLog] [info] wrote 11 bootstraps
[2024-08-04 00:48:46.972] [jointLog] [info] wrote 12 bootstraps
[2024-08-04 00:49:06.876] [jointLog] [info] wrote 13 bootstraps
[2024-08-04 00:49:29.124] [jointLog] [info] wrote 14 bootstraps
[2024-08-04 00:49:37.498] [jointLog] [info] wrote 15 bootstraps
[2024-08-04 00:49:52.638] [jointLog] [info] wrote 16 bootstraps
[2024-08-04 00:50:20.052] [jointLog] [info] wrote 17 bootstraps
[2024-08-04 00:50:38.477] [jointLog] [info] wrote 18 bootstraps
[2024-08-04 00:51:01.094] [jointLog] [info] wrote 19 bootstraps
[2024-08-04 00:51:19.792] [jointLog] [info] wrote 20 bootstraps
[2024-08-04 00:51:42.650] [jointLog] [info] wrote 21 bootstraps
[2024-08-04 00:51:51.545] [jointLog] [info] wrote 22 bootstraps
[2024-08-04 00:52:23.312] [jointLog] [info] wrote 23 bootstraps
[2024-08-04 00:52:48.012] [jointLog] [info] wrote 24 bootstraps
[2024-08-04 00:52:58.961] [jointLog] [info] wrote 25 bootstraps
[2024-08-04 00:53:23.271] [jointLog] [info] wrote 26 bootstraps
[2024-08-04 00:53:36.630] [jointLog] [info] wrote 27 bootstraps
[2024-08-04 00:53:46.622] [jointLog] [info] wrote 28 bootstraps
[2024-08-04 00:54:30.735] [jointLog] [info] wrote 29 bootstraps
[2024-08-04 00:54:46.832] [jointLog] [info] wrote 30 bootstraps
[2024-08-04 00:54:50.901] [jointLog] [info] wrote 31 bootstraps
[2024-08-04 00:55:37.386] [jointLog] [info] wrote 32 bootstraps
[2024-08-04 00:55:45.997] [jointLog] [info] wrote 33 bootstraps
[2024-08-04 00:55:56.241] [jointLog] [info] wrote 34 bootstraps
[2024-08-04 00:56:37.657] [jointLog] [info] wrote 35 bootstraps
[2024-08-04 00:56:51.174] [jointLog] [info] wrote 36 bootstraps
[2024-08-04 00:56:55.518] [jointLog] [info] wrote 37 bootstraps
[2024-08-04 00:57:38.965] [jointLog] [info] wrote 38 bootstraps
[2024-08-04 00:57:57.366] [jointLog] [info] wrote 39 bootstraps
[2024-08-04 00:58:06.039] [jointLog] [info] wrote 40 bootstraps
[2024-08-04 00:58:38.776] [jointLog] [info] wrote 41 bootstraps
[2024-08-04 00:59:02.573] [jointLog] [info] wrote 42 bootstraps
[2024-08-04 00:59:09.513] [jointLog] [info] wrote 43 bootstraps
[2024-08-04 00:59:41.501] [jointLog] [info] wrote 44 bootstraps
[2024-08-04 00:59:57.371] [jointLog] [info] wrote 45 bootstraps
[2024-08-04 01:00:02.043] [jointLog] [info] wrote 46 bootstraps
[2024-08-04 01:00:51.519] [jointLog] [info] wrote 47 bootstraps
[2024-08-04 01:01:04.123] [jointLog] [info] wrote 48 bootstraps
[2024-08-04 01:01:08.043] [jointLog] [info] wrote 49 bootstraps
[2024-08-04 01:01:55.249] [jointLog] [info] wrote 50 bootstraps
[2024-08-04 01:01:55.286] [jointLog] [info] Finished Bootstrapping
[2024-08-04 01:01:55.286] [jointLog] [info] Computing gene-level abundance estimates
[2024-08-04 01:02:47.601] [jointLog] [info] There were 252416 transcripts mapping to 62696 genes
[2024-08-04 01:02:47.601] [jointLog] [info] NOTE: We recommend using tximport (https://bioconductor.org/packages/release/bioc/html/tximport.html) for aggregating transcript-level salmon abundance estimates to the gene level.  It is more versatile, exposes more features, and allows considering multi-sample information during aggregation.
[2024-08-04 01:02:48.190] [jointLog] [info] Aggregating expressions to gene level
[2024-08-04 01:02:48.388] [jointLog] [info] done
