[2024-09-07 14:04:01.106] [jointLog] [info] setting maxHashResizeThreads to 4
[2024-09-07 14:04:01.107] [jointLog] [info] Fragment incompatibility prior below threshold.  Incompatible fragments will be ignored.
[2024-09-07 14:04:01.107] [jointLog] [info] Usage of --validateMappings implies use of minScoreFraction. Since not explicitly specified, it is being set to 0.65
[2024-09-07 14:04:01.107] [jointLog] [info] Setting consensusSlack to selective-alignment default of 0.35.
[2024-09-07 14:04:01.107] [jointLog] [info] parsing read library format
[2024-09-07 14:04:01.107] [jointLog] [info] There is 1 library.
[2024-09-07 14:04:01.191] [jointLog] [info] Loading pufferfish index
[2024-09-07 14:04:01.202] [jointLog] [info] Loading dense pufferfish index.
[2024-09-07 14:06:15.868] [jointLog] [info] done
[2024-09-07 14:06:15.868] [jointLog] [info] Index contained 251,744 targets
[2024-09-07 14:06:19.369] [jointLog] [info] Number of decoys : 194
[2024-09-07 14:06:19.369] [jointLog] [info] First decoy index : 251,509 
[2024-09-07 14:06:20.312] [jointLog] [info] Automatically detected most likely library type as ISR

[2024-09-07 14:40:08.751] [jointLog] [info] Thread saw mini-batch with a maximum of 1.28% zero probability fragments
[2024-09-07 14:40:09.073] [jointLog] [info] Thread saw mini-batch with a maximum of 1.16% zero probability fragments
[2024-09-07 14:40:09.148] [jointLog] [info] Thread saw mini-batch with a maximum of 1.22% zero probability fragments
[2024-09-07 14:40:09.215] [jointLog] [info] Thread saw mini-batch with a maximum of 1.22% zero probability fragments
[2024-09-07 14:40:10.092] [fileLog] [info] 
At end of round 0
==================
Observed 63319288 total fragments (63319288 in most recent round)

[2024-09-07 14:40:10.092] [jointLog] [info] Computed 651,106 rich equivalence classes for further processing
[2024-09-07 14:40:10.092] [jointLog] [info] Counted 37,315,894 total reads in the equivalence classes 
[2024-09-07 14:40:10.103] [jointLog] [warning] 1.42137e-05% of fragments were shorter than the k used to build the index.
If this fraction is too large, consider re-building the index with a smaller k.
The minimum read size found was 22.


[2024-09-07 14:40:10.104] [jointLog] [info] Number of mappings discarded because of alignment score : 13,903,633
[2024-09-07 14:40:10.104] [jointLog] [info] Number of fragments entirely discarded because of alignment score : 6,466,596
[2024-09-07 14:40:10.104] [jointLog] [info] Number of fragments discarded because they are best-mapped to decoys : 5,911,894
[2024-09-07 14:40:10.104] [jointLog] [info] Number of fragments discarded because they have only dovetail (discordant) mappings to valid targets : 218,501
[2024-09-07 14:40:10.104] [jointLog] [info] Mapping rate = 58.9329%

[2024-09-07 14:40:10.104] [jointLog] [info] finished quantifyLibrary()
[2024-09-07 14:40:10.105] [jointLog] [info] Starting optimizer
[2024-09-07 14:40:10.707] [jointLog] [info] Marked 0 weighted equivalence classes as degenerate
[2024-09-07 14:40:10.802] [jointLog] [info] iteration = 0 | max rel diff. = 3753.75
[2024-09-07 14:40:11.633] [jointLog] [info] iteration 11, adjusting effective lengths to account for biases
[2024-09-07 14:45:53.887] [jointLog] [info] Computed expected counts (for bias correction)
[2024-09-07 14:45:53.888] [jointLog] [info] processed bias for 0.0% of the transcripts
[2024-09-07 14:46:23.883] [jointLog] [info] processed bias for 10.0% of the transcripts
[2024-09-07 14:46:50.352] [jointLog] [info] processed bias for 20.0% of the transcripts
[2024-09-07 14:47:16.235] [jointLog] [info] processed bias for 30.0% of the transcripts
[2024-09-07 14:47:43.324] [jointLog] [info] processed bias for 40.0% of the transcripts
[2024-09-07 14:48:10.607] [jointLog] [info] processed bias for 50.0% of the transcripts
[2024-09-07 14:48:34.303] [jointLog] [info] processed bias for 60.0% of the transcripts
[2024-09-07 14:48:57.947] [jointLog] [info] processed bias for 70.0% of the transcripts
[2024-09-07 14:49:23.504] [jointLog] [info] processed bias for 80.0% of the transcripts
[2024-09-07 14:49:49.628] [jointLog] [info] processed bias for 90.0% of the transcripts
[2024-09-07 14:50:16.782] [jointLog] [info] processed bias for 100.0% of the transcripts
[2024-09-07 14:50:23.749] [jointLog] [info] iteration = 100 | max rel diff. = 16.8451
[2024-09-07 14:50:33.074] [jointLog] [info] iteration = 200 | max rel diff. = 5.45135
[2024-09-07 14:50:43.364] [jointLog] [info] iteration = 300 | max rel diff. = 3.01011
[2024-09-07 14:50:56.918] [jointLog] [info] iteration = 400 | max rel diff. = 8.15974
[2024-09-07 14:51:12.351] [jointLog] [info] iteration = 500 | max rel diff. = 12.2825
[2024-09-07 14:51:29.780] [jointLog] [info] iteration = 600 | max rel diff. = 0.198052
[2024-09-07 14:51:45.926] [jointLog] [info] iteration = 700 | max rel diff. = 0.496102
[2024-09-07 14:52:02.160] [jointLog] [info] iteration = 800 | max rel diff. = 0.538912
[2024-09-07 14:52:17.833] [jointLog] [info] iteration = 900 | max rel diff. = 0.222147
[2024-09-07 14:52:34.712] [jointLog] [info] iteration = 1,000 | max rel diff. = 0.330121
[2024-09-07 14:52:51.648] [jointLog] [info] iteration = 1,100 | max rel diff. = 1.87794
[2024-09-07 14:53:08.702] [jointLog] [info] iteration = 1,200 | max rel diff. = 0.111741
[2024-09-07 14:53:27.306] [jointLog] [info] iteration = 1,300 | max rel diff. = 0.159201
[2024-09-07 14:53:45.657] [jointLog] [info] iteration = 1,400 | max rel diff. = 2.4395
[2024-09-07 14:54:01.687] [jointLog] [info] iteration = 1,500 | max rel diff. = 0.0842462
[2024-09-07 14:54:11.231] [jointLog] [info] iteration = 1,563 | max rel diff. = 0.00921252
[2024-09-07 14:54:11.327] [jointLog] [info] Finished optimizer
[2024-09-07 14:54:11.327] [jointLog] [info] writing output 

[2024-09-07 14:54:11.939] [jointLog] [info] Starting Bootstrapping
[2024-09-07 14:54:12.311] [jointLog] [info] Will draw 50 bootstrap samples
[2024-09-07 14:54:12.311] [jointLog] [info] Optimizing over 651,106 equivalence classes
[2024-09-07 14:54:12.493] [jointLog] [info] Marked 0 weighted equivalence classes as degenerate
[2024-09-07 14:59:22.673] [jointLog] [info] wrote 1 bootstraps
[2024-09-07 14:59:26.975] [jointLog] [info] wrote 2 bootstraps
[2024-09-07 14:59:47.260] [jointLog] [info] wrote 3 bootstraps
[2024-09-07 15:05:48.735] [jointLog] [info] wrote 4 bootstraps
[2024-09-07 15:06:23.764] [jointLog] [info] wrote 5 bootstraps
[2024-09-07 15:06:40.948] [jointLog] [info] wrote 6 bootstraps
[2024-09-07 15:11:26.245] [jointLog] [info] wrote 7 bootstraps
[2024-09-07 15:11:58.130] [jointLog] [info] wrote 8 bootstraps
[2024-09-07 15:13:28.455] [jointLog] [info] wrote 9 bootstraps
[2024-09-07 15:18:45.964] [jointLog] [info] wrote 10 bootstraps
[2024-09-07 15:18:54.370] [jointLog] [info] wrote 11 bootstraps
[2024-09-07 15:20:26.088] [jointLog] [info] wrote 12 bootstraps
[2024-09-07 15:23:22.684] [jointLog] [info] wrote 13 bootstraps
[2024-09-07 15:24:45.709] [jointLog] [info] wrote 14 bootstraps
[2024-09-07 15:27:22.632] [jointLog] [info] wrote 15 bootstraps
[2024-09-07 15:29:58.727] [jointLog] [info] wrote 16 bootstraps
[2024-09-07 15:31:21.699] [jointLog] [info] wrote 17 bootstraps
[2024-09-07 15:32:52.289] [jointLog] [info] wrote 18 bootstraps
[2024-09-07 15:33:52.028] [jointLog] [info] wrote 19 bootstraps
[2024-09-07 15:34:07.683] [jointLog] [info] wrote 20 bootstraps
[2024-09-07 15:38:03.129] [jointLog] [info] wrote 21 bootstraps
[2024-09-07 15:39:50.332] [jointLog] [info] wrote 22 bootstraps
[2024-09-07 15:40:28.710] [jointLog] [info] wrote 23 bootstraps
[2024-09-07 15:43:32.146] [jointLog] [info] wrote 24 bootstraps
[2024-09-07 15:45:26.195] [jointLog] [info] wrote 25 bootstraps
[2024-09-07 15:45:38.362] [jointLog] [info] wrote 26 bootstraps
[2024-09-07 15:48:12.804] [jointLog] [info] wrote 27 bootstraps
[2024-09-07 15:52:43.468] [jointLog] [info] wrote 28 bootstraps
[2024-09-07 15:52:46.234] [jointLog] [info] wrote 29 bootstraps
[2024-09-07 15:54:39.740] [jointLog] [info] wrote 30 bootstraps
[2024-09-07 15:57:45.175] [jointLog] [info] wrote 31 bootstraps
[2024-09-07 15:59:05.140] [jointLog] [info] wrote 32 bootstraps
[2024-09-07 16:01:47.419] [jointLog] [info] wrote 33 bootstraps
[2024-09-07 16:04:14.622] [jointLog] [info] wrote 34 bootstraps
[2024-09-07 16:04:42.183] [jointLog] [info] wrote 35 bootstraps
[2024-09-07 16:08:52.066] [jointLog] [info] wrote 36 bootstraps
[2024-09-07 16:12:25.337] [jointLog] [info] wrote 37 bootstraps
[2024-09-07 16:12:39.365] [jointLog] [info] wrote 38 bootstraps
[2024-09-07 16:17:08.769] [jointLog] [info] wrote 39 bootstraps
[2024-09-07 16:20:18.705] [jointLog] [info] wrote 40 bootstraps
[2024-09-07 16:22:03.422] [jointLog] [info] wrote 41 bootstraps
[2024-09-07 16:26:35.064] [jointLog] [info] wrote 42 bootstraps
[2024-09-07 16:28:09.322] [jointLog] [info] wrote 43 bootstraps
[2024-09-07 16:30:00.902] [jointLog] [info] wrote 44 bootstraps
[2024-09-07 16:32:12.745] [jointLog] [info] wrote 45 bootstraps
[2024-09-07 16:35:57.698] [jointLog] [info] wrote 46 bootstraps
[2024-09-07 16:37:50.665] [jointLog] [info] wrote 47 bootstraps
[2024-09-07 16:41:26.911] [jointLog] [info] wrote 48 bootstraps
[2024-09-07 16:43:23.739] [jointLog] [info] wrote 49 bootstraps
[2024-09-07 16:43:32.838] [jointLog] [info] wrote 50 bootstraps
[2024-09-07 16:43:32.932] [jointLog] [info] Finished Bootstrapping
[2024-09-07 16:43:32.932] [jointLog] [info] Computing gene-level abundance estimates
[2024-09-07 16:44:28.926] [jointLog] [info] There were 252416 transcripts mapping to 62696 genes
[2024-09-07 16:44:28.927] [jointLog] [info] NOTE: We recommend using tximport (https://bioconductor.org/packages/release/bioc/html/tximport.html) for aggregating transcript-level salmon abundance estimates to the gene level.  It is more versatile, exposes more features, and allows considering multi-sample information during aggregation.
[2024-09-07 16:44:29.402] [jointLog] [info] Aggregating expressions to gene level
[2024-09-07 16:44:29.608] [jointLog] [info] done
