[2024-03-20 16:47:29.637] [jointLog] [info] setting maxHashResizeThreads to 4
[2024-03-20 16:47:29.637] [jointLog] [info] Fragment incompatibility prior below threshold.  Incompatible fragments will be ignored.
[2024-03-20 16:47:29.637] [jointLog] [info] Usage of --validateMappings implies use of minScoreFraction. Since not explicitly specified, it is being set to 0.65
[2024-03-20 16:47:29.637] [jointLog] [info] Setting consensusSlack to selective-alignment default of 0.35.
[2024-03-20 16:47:29.637] [jointLog] [info] parsing read library format
[2024-03-20 16:47:29.638] [jointLog] [info] There is 1 library.
[2024-03-20 16:47:29.761] [jointLog] [info] Loading pufferfish index
[2024-03-20 16:47:29.815] [jointLog] [info] Loading dense pufferfish index.
[2024-03-20 16:50:17.614] [jointLog] [info] done
[2024-03-20 16:50:17.614] [jointLog] [info] Index contained 251,744 targets
[2024-03-20 16:50:21.143] [jointLog] [info] Number of decoys : 194
[2024-03-20 16:50:21.143] [jointLog] [info] First decoy index : 251,509 
[2024-03-20 16:50:22.740] [jointLog] [info] Automatically detected most likely library type as ISR

[2024-03-20 17:08:55.048] [jointLog] [info] Thread saw mini-batch with a maximum of 1.26% zero probability fragments
[2024-03-20 17:08:55.102] [jointLog] [info] Thread saw mini-batch with a maximum of 1.26% zero probability fragments
[2024-03-20 17:08:55.325] [jointLog] [info] Thread saw mini-batch with a maximum of 1.18% zero probability fragments
[2024-03-20 17:08:55.351] [jointLog] [info] Thread saw mini-batch with a maximum of 1.22% zero probability fragments
[2024-03-20 17:08:55.858] [fileLog] [info] 
At end of round 0
==================
Observed 47193274 total fragments (47193274 in most recent round)

[2024-03-20 17:08:55.857] [jointLog] [info] Computed 495,506 rich equivalence classes for further processing
[2024-03-20 17:08:55.857] [jointLog] [info] Counted 26,414,103 total reads in the equivalence classes 
[2024-03-20 17:08:55.861] [jointLog] [warning] 4.23789e-06% of fragments were shorter than the k used to build the index.
If this fraction is too large, consider re-building the index with a smaller k.
The minimum read size found was 28.


[2024-03-20 17:08:55.861] [jointLog] [info] Number of mappings discarded because of alignment score : 10,280,236
[2024-03-20 17:08:55.861] [jointLog] [info] Number of fragments entirely discarded because of alignment score : 4,883,380
[2024-03-20 17:08:55.861] [jointLog] [info] Number of fragments discarded because they are best-mapped to decoys : 4,472,605
[2024-03-20 17:08:55.862] [jointLog] [info] Number of fragments discarded because they have only dovetail (discordant) mappings to valid targets : 216,061
[2024-03-20 17:08:55.862] [jointLog] [info] Mapping rate = 55.9701%

[2024-03-20 17:08:55.862] [jointLog] [info] finished quantifyLibrary()
[2024-03-20 17:08:55.873] [jointLog] [info] Starting optimizer
[2024-03-20 17:08:56.325] [jointLog] [info] Marked 0 weighted equivalence classes as degenerate
[2024-03-20 17:08:56.398] [jointLog] [info] iteration = 0 | max rel diff. = 4943.31
[2024-03-20 17:08:57.030] [jointLog] [info] iteration 11, adjusting effective lengths to account for biases
[2024-03-20 17:11:55.139] [jointLog] [info] Computed expected counts (for bias correction)
[2024-03-20 17:11:55.139] [jointLog] [info] processed bias for 0.0% of the transcripts
[2024-03-20 17:12:14.960] [jointLog] [info] processed bias for 10.0% of the transcripts
[2024-03-20 17:12:33.894] [jointLog] [info] processed bias for 20.0% of the transcripts
[2024-03-20 17:12:52.083] [jointLog] [info] processed bias for 30.0% of the transcripts
[2024-03-20 17:13:11.397] [jointLog] [info] processed bias for 40.0% of the transcripts
[2024-03-20 17:13:29.240] [jointLog] [info] processed bias for 50.0% of the transcripts
[2024-03-20 17:13:47.096] [jointLog] [info] processed bias for 60.0% of the transcripts
[2024-03-20 17:14:06.338] [jointLog] [info] processed bias for 70.0% of the transcripts
[2024-03-20 17:14:26.188] [jointLog] [info] processed bias for 80.0% of the transcripts
[2024-03-20 17:14:47.462] [jointLog] [info] processed bias for 90.0% of the transcripts
[2024-03-20 17:15:05.723] [jointLog] [info] processed bias for 100.0% of the transcripts
[2024-03-20 17:15:10.529] [jointLog] [info] iteration = 100 | max rel diff. = 20.5563
[2024-03-20 17:15:15.682] [jointLog] [info] iteration = 200 | max rel diff. = 12.4228
[2024-03-20 17:15:20.840] [jointLog] [info] iteration = 300 | max rel diff. = 2.74317
[2024-03-20 17:15:25.981] [jointLog] [info] iteration = 400 | max rel diff. = 1.45086
[2024-03-20 17:15:31.090] [jointLog] [info] iteration = 500 | max rel diff. = 5.41056
[2024-03-20 17:15:36.210] [jointLog] [info] iteration = 600 | max rel diff. = 1.21279
[2024-03-20 17:15:41.356] [jointLog] [info] iteration = 700 | max rel diff. = 1.78602
[2024-03-20 17:15:46.445] [jointLog] [info] iteration = 800 | max rel diff. = 3.62102
[2024-03-20 17:15:51.572] [jointLog] [info] iteration = 900 | max rel diff. = 0.167883
[2024-03-20 17:15:56.817] [jointLog] [info] iteration = 1,000 | max rel diff. = 3.49779
[2024-03-20 17:16:02.142] [jointLog] [info] iteration = 1,100 | max rel diff. = 0.247296
[2024-03-20 17:16:07.468] [jointLog] [info] iteration = 1,200 | max rel diff. = 1.08075
[2024-03-20 17:16:12.831] [jointLog] [info] iteration = 1,300 | max rel diff. = 0.751571
[2024-03-20 17:16:17.922] [jointLog] [info] iteration = 1,400 | max rel diff. = 0.109865
[2024-03-20 17:16:23.180] [jointLog] [info] iteration = 1,500 | max rel diff. = 0.0233113
[2024-03-20 17:16:28.244] [jointLog] [info] iteration = 1,600 | max rel diff. = 0.0211449
[2024-03-20 17:16:33.451] [jointLog] [info] iteration = 1,700 | max rel diff. = 0.202277
[2024-03-20 17:16:38.763] [jointLog] [info] iteration = 1,800 | max rel diff. = 0.0153773
[2024-03-20 17:16:43.289] [jointLog] [info] iteration = 1,883 | max rel diff. = 0.00755193
[2024-03-20 17:16:43.353] [jointLog] [info] Finished optimizer
[2024-03-20 17:16:43.353] [jointLog] [info] writing output 

[2024-03-20 17:16:43.850] [jointLog] [info] Starting Bootstrapping
[2024-03-20 17:16:44.045] [jointLog] [info] Will draw 50 bootstrap samples
[2024-03-20 17:16:44.045] [jointLog] [info] Optimizing over 495,506 equivalence classes
[2024-03-20 17:16:44.101] [jointLog] [info] Marked 0 weighted equivalence classes as degenerate
[2024-03-20 17:18:38.265] [jointLog] [info] wrote 1 bootstraps
[2024-03-20 17:18:46.025] [jointLog] [info] wrote 2 bootstraps
[2024-03-20 17:18:52.646] [jointLog] [info] wrote 3 bootstraps
[2024-03-20 17:20:27.677] [jointLog] [info] wrote 4 bootstraps
[2024-03-20 17:20:57.081] [jointLog] [info] wrote 5 bootstraps
[2024-03-20 17:20:58.536] [jointLog] [info] wrote 6 bootstraps
[2024-03-20 17:22:44.908] [jointLog] [info] wrote 7 bootstraps
[2024-03-20 17:23:13.627] [jointLog] [info] wrote 8 bootstraps
[2024-03-20 17:23:20.772] [jointLog] [info] wrote 9 bootstraps
[2024-03-20 17:25:03.956] [jointLog] [info] wrote 10 bootstraps
[2024-03-20 17:25:04.895] [jointLog] [info] wrote 11 bootstraps
[2024-03-20 17:25:16.782] [jointLog] [info] wrote 12 bootstraps
[2024-03-20 17:26:36.718] [jointLog] [info] wrote 13 bootstraps
[2024-03-20 17:27:10.068] [jointLog] [info] wrote 14 bootstraps
[2024-03-20 17:27:30.672] [jointLog] [info] wrote 15 bootstraps
[2024-03-20 17:28:59.767] [jointLog] [info] wrote 16 bootstraps
[2024-03-20 17:29:38.804] [jointLog] [info] wrote 17 bootstraps
[2024-03-20 17:29:57.812] [jointLog] [info] wrote 18 bootstraps
[2024-03-20 17:31:18.507] [jointLog] [info] wrote 19 bootstraps
[2024-03-20 17:31:54.153] [jointLog] [info] wrote 20 bootstraps
[2024-03-20 17:32:08.190] [jointLog] [info] wrote 21 bootstraps
[2024-03-20 17:33:28.321] [jointLog] [info] wrote 22 bootstraps
[2024-03-20 17:34:02.037] [jointLog] [info] wrote 23 bootstraps
[2024-03-20 17:34:08.140] [jointLog] [info] wrote 24 bootstraps
[2024-03-20 17:35:47.270] [jointLog] [info] wrote 25 bootstraps
[2024-03-20 17:35:54.578] [jointLog] [info] wrote 26 bootstraps
[2024-03-20 17:36:12.186] [jointLog] [info] wrote 27 bootstraps
[2024-03-20 17:37:14.730] [jointLog] [info] wrote 28 bootstraps
[2024-03-20 17:37:54.698] [jointLog] [info] wrote 29 bootstraps
[2024-03-20 17:38:34.798] [jointLog] [info] wrote 30 bootstraps
[2024-03-20 17:39:26.211] [jointLog] [info] wrote 31 bootstraps
[2024-03-20 17:40:04.828] [jointLog] [info] wrote 32 bootstraps
[2024-03-20 17:40:06.056] [jointLog] [info] wrote 33 bootstraps
[2024-03-20 17:41:46.227] [jointLog] [info] wrote 34 bootstraps
[2024-03-20 17:42:13.900] [jointLog] [info] wrote 35 bootstraps
[2024-03-20 17:42:22.015] [jointLog] [info] wrote 36 bootstraps
[2024-03-20 17:43:51.761] [jointLog] [info] wrote 37 bootstraps
[2024-03-20 17:44:24.770] [jointLog] [info] wrote 38 bootstraps
[2024-03-20 17:44:41.101] [jointLog] [info] wrote 39 bootstraps
[2024-03-20 17:46:06.785] [jointLog] [info] wrote 40 bootstraps
[2024-03-20 17:47:00.608] [jointLog] [info] wrote 41 bootstraps
[2024-03-20 17:47:20.135] [jointLog] [info] wrote 42 bootstraps
[2024-03-20 17:47:46.700] [jointLog] [info] wrote 43 bootstraps
[2024-03-20 17:49:13.558] [jointLog] [info] wrote 44 bootstraps
[2024-03-20 17:49:50.657] [jointLog] [info] wrote 45 bootstraps
[2024-03-20 17:50:14.208] [jointLog] [info] wrote 46 bootstraps
[2024-03-20 17:51:33.881] [jointLog] [info] wrote 47 bootstraps
[2024-03-20 17:52:01.298] [jointLog] [info] wrote 48 bootstraps
[2024-03-20 17:52:26.139] [jointLog] [info] wrote 49 bootstraps
[2024-03-20 17:53:38.646] [jointLog] [info] wrote 50 bootstraps
[2024-03-20 17:53:38.696] [jointLog] [info] Finished Bootstrapping
[2024-03-20 17:53:38.696] [jointLog] [info] Computing gene-level abundance estimates
[2024-03-20 17:55:05.223] [jointLog] [info] There were 252416 transcripts mapping to 62696 genes
[2024-03-20 17:55:05.237] [jointLog] [info] NOTE: We recommend using tximport (https://bioconductor.org/packages/release/bioc/html/tximport.html) for aggregating transcript-level salmon abundance estimates to the gene level.  It is more versatile, exposes more features, and allows considering multi-sample information during aggregation.
[2024-03-20 17:55:05.914] [jointLog] [info] Aggregating expressions to gene level
[2024-03-20 17:55:06.562] [jointLog] [info] done
