[2024-08-04 08:54:14.061] [jointLog] [info] setting maxHashResizeThreads to 4
[2024-08-04 08:54:14.061] [jointLog] [info] Fragment incompatibility prior below threshold.  Incompatible fragments will be ignored.
[2024-08-04 08:54:14.061] [jointLog] [info] Usage of --validateMappings implies use of minScoreFraction. Since not explicitly specified, it is being set to 0.65
[2024-08-04 08:54:14.061] [jointLog] [info] Setting consensusSlack to selective-alignment default of 0.35.
[2024-08-04 08:54:14.061] [jointLog] [info] parsing read library format
[2024-08-04 08:54:14.062] [jointLog] [info] There is 1 library.
[2024-08-04 08:54:14.162] [jointLog] [info] Loading pufferfish index
[2024-08-04 08:54:14.224] [jointLog] [info] Loading dense pufferfish index.
[2024-08-04 08:56:46.279] [jointLog] [info] done
[2024-08-04 08:56:46.279] [jointLog] [info] Index contained 251,744 targets
[2024-08-04 08:56:49.725] [jointLog] [info] Number of decoys : 194
[2024-08-04 08:56:49.725] [jointLog] [info] First decoy index : 251,509 
[2024-08-04 08:56:51.381] [jointLog] [info] Automatically detected most likely library type as ISR

[2024-08-04 09:10:32.424] [jointLog] [info] Thread saw mini-batch with a maximum of 1.04% zero probability fragments
[2024-08-04 09:10:32.471] [jointLog] [info] Thread saw mini-batch with a maximum of 0.96% zero probability fragments
[2024-08-04 09:10:32.485] [jointLog] [info] Thread saw mini-batch with a maximum of 1.00% zero probability fragments
[2024-08-04 09:10:32.690] [jointLog] [info] Thread saw mini-batch with a maximum of 0.94% zero probability fragments
[2024-08-04 09:10:33.012] [jointLog] [info] Computed 398,239 rich equivalence classes for further processing
[2024-08-04 09:10:33.012] [jointLog] [info] Counted 32,721,508 total reads in the equivalence classes 
[2024-08-04 09:10:33.016] [jointLog] [info] Number of mappings discarded because of alignment score : 17,360,318
[2024-08-04 09:10:33.016] [jointLog] [info] Number of fragments entirely discarded because of alignment score : 2,317,581
[2024-08-04 09:10:33.016] [jointLog] [info] Number of fragments discarded because they are best-mapped to decoys : 1,594,891
[2024-08-04 09:10:33.016] [jointLog] [info] Number of fragments discarded because they have only dovetail (discordant) mappings to valid targets : 111,879
[2024-08-04 09:10:33.016] [jointLog] [info] Mapping rate = 87.8986%

[2024-08-04 09:10:33.016] [jointLog] [info] finished quantifyLibrary()
[2024-08-04 09:10:33.017] [jointLog] [info] Starting optimizer
[2024-08-04 09:10:33.013] [fileLog] [info] 
At end of round 0
==================
Observed 37226420 total fragments (37226420 in most recent round)

[2024-08-04 09:10:33.241] [jointLog] [info] Marked 0 weighted equivalence classes as degenerate
[2024-08-04 09:10:33.291] [jointLog] [info] iteration = 0 | max rel diff. = 4432.1
[2024-08-04 09:10:33.731] [jointLog] [info] iteration 11, adjusting effective lengths to account for biases
[2024-08-04 09:12:35.456] [jointLog] [info] Computed expected counts (for bias correction)
[2024-08-04 09:12:35.456] [jointLog] [info] processed bias for 0.0% of the transcripts
[2024-08-04 09:12:49.667] [jointLog] [info] processed bias for 10.0% of the transcripts
[2024-08-04 09:13:03.073] [jointLog] [info] processed bias for 20.0% of the transcripts
[2024-08-04 09:13:16.468] [jointLog] [info] processed bias for 30.0% of the transcripts
[2024-08-04 09:13:29.685] [jointLog] [info] processed bias for 40.0% of the transcripts
[2024-08-04 09:13:42.551] [jointLog] [info] processed bias for 50.0% of the transcripts
[2024-08-04 09:13:55.525] [jointLog] [info] processed bias for 60.0% of the transcripts
[2024-08-04 09:14:07.819] [jointLog] [info] processed bias for 70.0% of the transcripts
[2024-08-04 09:14:20.407] [jointLog] [info] processed bias for 80.0% of the transcripts
[2024-08-04 09:14:32.797] [jointLog] [info] processed bias for 90.0% of the transcripts
[2024-08-04 09:14:45.883] [jointLog] [info] processed bias for 100.0% of the transcripts
[2024-08-04 09:14:49.785] [jointLog] [info] iteration = 100 | max rel diff. = 15.6754
[2024-08-04 09:14:54.159] [jointLog] [info] iteration = 200 | max rel diff. = 8.28396
[2024-08-04 09:14:58.544] [jointLog] [info] iteration = 300 | max rel diff. = 13.9696
[2024-08-04 09:15:02.929] [jointLog] [info] iteration = 400 | max rel diff. = 10.1697
[2024-08-04 09:15:07.201] [jointLog] [info] iteration = 500 | max rel diff. = 0.433283
[2024-08-04 09:15:11.506] [jointLog] [info] iteration = 600 | max rel diff. = 2.70667
[2024-08-04 09:15:15.923] [jointLog] [info] iteration = 700 | max rel diff. = 0.243295
[2024-08-04 09:15:20.295] [jointLog] [info] iteration = 800 | max rel diff. = 0.258648
[2024-08-04 09:15:24.657] [jointLog] [info] iteration = 900 | max rel diff. = 0.179401
[2024-08-04 09:15:28.931] [jointLog] [info] iteration = 1,000 | max rel diff. = 0.0330351
[2024-08-04 09:15:33.365] [jointLog] [info] iteration = 1,100 | max rel diff. = 0.0239619
[2024-08-04 09:15:37.693] [jointLog] [info] iteration = 1,200 | max rel diff. = 0.0398795
[2024-08-04 09:15:42.084] [jointLog] [info] iteration = 1,300 | max rel diff. = 0.0265794
[2024-08-04 09:15:46.522] [jointLog] [info] iteration = 1,400 | max rel diff. = 0.0776401
[2024-08-04 09:15:50.904] [jointLog] [info] iteration = 1,500 | max rel diff. = 0.169018
[2024-08-04 09:15:54.825] [jointLog] [info] iteration = 1,590 | max rel diff. = 0.00888316
[2024-08-04 09:15:54.889] [jointLog] [info] Finished optimizer
[2024-08-04 09:15:54.889] [jointLog] [info] writing output 

[2024-08-04 09:15:55.335] [jointLog] [info] Starting Bootstrapping
[2024-08-04 09:15:55.506] [jointLog] [info] Will draw 50 bootstrap samples
[2024-08-04 09:15:55.506] [jointLog] [info] Optimizing over 398,239 equivalence classes
[2024-08-04 09:15:55.555] [jointLog] [info] Marked 0 weighted equivalence classes as degenerate
[2024-08-04 09:17:16.844] [jointLog] [info] wrote 1 bootstraps
[2024-08-04 09:17:24.312] [jointLog] [info] wrote 2 bootstraps
[2024-08-04 09:17:54.341] [jointLog] [info] wrote 3 bootstraps
[2024-08-04 09:18:55.268] [jointLog] [info] wrote 4 bootstraps
[2024-08-04 09:19:09.329] [jointLog] [info] wrote 5 bootstraps
[2024-08-04 09:19:35.604] [jointLog] [info] wrote 6 bootstraps
[2024-08-04 09:20:13.026] [jointLog] [info] wrote 7 bootstraps
[2024-08-04 09:21:00.226] [jointLog] [info] wrote 8 bootstraps
[2024-08-04 09:21:14.308] [jointLog] [info] wrote 9 bootstraps
[2024-08-04 09:21:35.591] [jointLog] [info] wrote 10 bootstraps
[2024-08-04 09:22:36.923] [jointLog] [info] wrote 11 bootstraps
[2024-08-04 09:22:55.873] [jointLog] [info] wrote 12 bootstraps
[2024-08-04 09:23:05.477] [jointLog] [info] wrote 13 bootstraps
[2024-08-04 09:24:31.114] [jointLog] [info] wrote 14 bootstraps
[2024-08-04 09:24:38.128] [jointLog] [info] wrote 15 bootstraps
[2024-08-04 09:24:49.432] [jointLog] [info] wrote 16 bootstraps
[2024-08-04 09:25:58.429] [jointLog] [info] wrote 17 bootstraps
[2024-08-04 09:26:08.894] [jointLog] [info] wrote 18 bootstraps
[2024-08-04 09:26:12.369] [jointLog] [info] wrote 19 bootstraps
[2024-08-04 09:27:21.315] [jointLog] [info] wrote 20 bootstraps
[2024-08-04 09:27:25.506] [jointLog] [info] wrote 21 bootstraps
[2024-08-04 09:27:45.909] [jointLog] [info] wrote 22 bootstraps
[2024-08-04 09:28:42.360] [jointLog] [info] wrote 23 bootstraps
[2024-08-04 09:28:52.451] [jointLog] [info] wrote 24 bootstraps
[2024-08-04 09:29:09.232] [jointLog] [info] wrote 25 bootstraps
[2024-08-04 09:30:02.079] [jointLog] [info] wrote 26 bootstraps
[2024-08-04 09:30:32.728] [jointLog] [info] wrote 27 bootstraps
[2024-08-04 09:30:38.955] [jointLog] [info] wrote 28 bootstraps
[2024-08-04 09:31:30.553] [jointLog] [info] wrote 29 bootstraps
[2024-08-04 09:32:13.212] [jointLog] [info] wrote 30 bootstraps
[2024-08-04 09:32:13.738] [jointLog] [info] wrote 31 bootstraps
[2024-08-04 09:33:14.470] [jointLog] [info] wrote 32 bootstraps
[2024-08-04 09:33:59.875] [jointLog] [info] wrote 33 bootstraps
[2024-08-04 09:34:13.526] [jointLog] [info] wrote 34 bootstraps
[2024-08-04 09:34:38.359] [jointLog] [info] wrote 35 bootstraps
[2024-08-04 09:35:25.169] [jointLog] [info] wrote 36 bootstraps
[2024-08-04 09:35:48.369] [jointLog] [info] wrote 37 bootstraps
[2024-08-04 09:35:58.615] [jointLog] [info] wrote 38 bootstraps
[2024-08-04 09:37:03.525] [jointLog] [info] wrote 39 bootstraps
[2024-08-04 09:37:26.230] [jointLog] [info] wrote 40 bootstraps
[2024-08-04 09:37:33.095] [jointLog] [info] wrote 41 bootstraps
[2024-08-04 09:38:22.340] [jointLog] [info] wrote 42 bootstraps
[2024-08-04 09:38:50.539] [jointLog] [info] wrote 43 bootstraps
[2024-08-04 09:39:12.200] [jointLog] [info] wrote 44 bootstraps
[2024-08-04 09:39:45.215] [jointLog] [info] wrote 45 bootstraps
[2024-08-04 09:40:12.423] [jointLog] [info] wrote 46 bootstraps
[2024-08-04 09:40:49.756] [jointLog] [info] wrote 47 bootstraps
[2024-08-04 09:41:00.432] [jointLog] [info] wrote 48 bootstraps
[2024-08-04 09:41:30.737] [jointLog] [info] wrote 49 bootstraps
[2024-08-04 09:42:27.504] [jointLog] [info] wrote 50 bootstraps
[2024-08-04 09:42:27.551] [jointLog] [info] Finished Bootstrapping
[2024-08-04 09:42:27.551] [jointLog] [info] Computing gene-level abundance estimates
[2024-08-04 09:43:14.705] [jointLog] [info] There were 252416 transcripts mapping to 62696 genes
[2024-08-04 09:43:14.706] [jointLog] [info] NOTE: We recommend using tximport (https://bioconductor.org/packages/release/bioc/html/tximport.html) for aggregating transcript-level salmon abundance estimates to the gene level.  It is more versatile, exposes more features, and allows considering multi-sample information during aggregation.
[2024-08-04 09:43:15.120] [jointLog] [info] Aggregating expressions to gene level
[2024-08-04 09:43:15.284] [jointLog] [info] done
