[2024-08-05 01:15:54.647] [jointLog] [info] setting maxHashResizeThreads to 4
[2024-08-05 01:15:54.647] [jointLog] [info] Fragment incompatibility prior below threshold.  Incompatible fragments will be ignored.
[2024-08-05 01:15:54.647] [jointLog] [info] Usage of --validateMappings implies use of minScoreFraction. Since not explicitly specified, it is being set to 0.65
[2024-08-05 01:15:54.647] [jointLog] [info] Setting consensusSlack to selective-alignment default of 0.35.
[2024-08-05 01:15:54.647] [jointLog] [info] parsing read library format
[2024-08-05 01:15:54.647] [jointLog] [info] There is 1 library.
[2024-08-05 01:15:54.752] [jointLog] [info] Loading pufferfish index
[2024-08-05 01:15:54.801] [jointLog] [info] Loading dense pufferfish index.
[2024-08-05 01:18:35.023] [jointLog] [info] done
[2024-08-05 01:18:35.023] [jointLog] [info] Index contained 251,744 targets
[2024-08-05 01:18:41.895] [jointLog] [info] Number of decoys : 194
[2024-08-05 01:18:41.895] [jointLog] [info] First decoy index : 251,509 
[2024-08-05 01:18:44.424] [jointLog] [info] Automatically detected most likely library type as ISR

[2024-08-05 02:01:47.412] [jointLog] [info] Thread saw mini-batch with a maximum of 1.08% zero probability fragments
[2024-08-05 02:01:47.439] [jointLog] [info] Thread saw mini-batch with a maximum of 1.08% zero probability fragments
[2024-08-05 02:01:47.858] [jointLog] [info] Thread saw mini-batch with a maximum of 1.04% zero probability fragments
[2024-08-05 02:01:47.973] [jointLog] [info] Thread saw mini-batch with a maximum of 1.06% zero probability fragments
[2024-08-05 02:01:48.967] [fileLog] [info] 
At end of round 0
==================
Observed 44301448 total fragments (44301448 in most recent round)

[2024-08-05 02:01:48.966] [jointLog] [info] Computed 457,182 rich equivalence classes for further processing
[2024-08-05 02:01:48.966] [jointLog] [info] Counted 37,983,341 total reads in the equivalence classes 
[2024-08-05 02:01:48.989] [jointLog] [info] Number of mappings discarded because of alignment score : 20,476,402
[2024-08-05 02:01:48.989] [jointLog] [info] Number of fragments entirely discarded because of alignment score : 3,211,492
[2024-08-05 02:01:48.989] [jointLog] [info] Number of fragments discarded because they are best-mapped to decoys : 2,178,595
[2024-08-05 02:01:48.989] [jointLog] [info] Number of fragments discarded because they have only dovetail (discordant) mappings to valid targets : 149,622
[2024-08-05 02:01:48.989] [jointLog] [info] Mapping rate = 85.7384%

[2024-08-05 02:01:48.989] [jointLog] [info] finished quantifyLibrary()
[2024-08-05 02:01:49.076] [jointLog] [info] Starting optimizer
[2024-08-05 02:01:50.319] [jointLog] [info] Marked 0 weighted equivalence classes as degenerate
[2024-08-05 02:01:50.417] [jointLog] [info] iteration = 0 | max rel diff. = 3616.77
[2024-08-05 02:01:51.357] [jointLog] [info] iteration 11, adjusting effective lengths to account for biases
[2024-08-05 02:06:04.959] [jointLog] [info] Computed expected counts (for bias correction)
[2024-08-05 02:06:04.959] [jointLog] [info] processed bias for 0.0% of the transcripts
[2024-08-05 02:06:27.693] [jointLog] [info] processed bias for 10.0% of the transcripts
[2024-08-05 02:06:48.214] [jointLog] [info] processed bias for 20.0% of the transcripts
[2024-08-05 02:07:08.796] [jointLog] [info] processed bias for 30.0% of the transcripts
[2024-08-05 02:07:28.608] [jointLog] [info] processed bias for 40.0% of the transcripts
[2024-08-05 02:07:48.005] [jointLog] [info] processed bias for 50.0% of the transcripts
[2024-08-05 02:08:07.161] [jointLog] [info] processed bias for 60.0% of the transcripts
[2024-08-05 02:08:25.984] [jointLog] [info] processed bias for 70.0% of the transcripts
[2024-08-05 02:08:45.749] [jointLog] [info] processed bias for 80.0% of the transcripts
[2024-08-05 02:09:05.673] [jointLog] [info] processed bias for 90.0% of the transcripts
[2024-08-05 02:09:25.223] [jointLog] [info] processed bias for 100.0% of the transcripts
[2024-08-05 02:09:34.261] [jointLog] [info] iteration = 100 | max rel diff. = 19.42
[2024-08-05 02:09:45.205] [jointLog] [info] iteration = 200 | max rel diff. = 8.00518
[2024-08-05 02:09:55.600] [jointLog] [info] iteration = 300 | max rel diff. = 4.05929
[2024-08-05 02:10:05.902] [jointLog] [info] iteration = 400 | max rel diff. = 0.685309
[2024-08-05 02:10:17.119] [jointLog] [info] iteration = 500 | max rel diff. = 0.424828
[2024-08-05 02:10:27.699] [jointLog] [info] iteration = 600 | max rel diff. = 0.142771
[2024-08-05 02:10:39.312] [jointLog] [info] iteration = 700 | max rel diff. = 0.227141
[2024-08-05 02:10:50.615] [jointLog] [info] iteration = 800 | max rel diff. = 0.0803833
[2024-08-05 02:11:00.520] [jointLog] [info] iteration = 900 | max rel diff. = 0.131617
[2024-08-05 02:11:11.383] [jointLog] [info] iteration = 1,000 | max rel diff. = 0.113148
[2024-08-05 02:11:22.141] [jointLog] [info] iteration = 1,100 | max rel diff. = 0.0753005
[2024-08-05 02:11:33.964] [jointLog] [info] iteration = 1,200 | max rel diff. = 0.157125
[2024-08-05 02:11:46.522] [jointLog] [info] iteration = 1,300 | max rel diff. = 0.023591
[2024-08-05 02:11:59.066] [jointLog] [info] iteration = 1,400 | max rel diff. = 0.0559976
[2024-08-05 02:12:11.179] [jointLog] [info] iteration = 1,500 | max rel diff. = 1.91353
[2024-08-05 02:12:23.336] [jointLog] [info] iteration = 1,600 | max rel diff. = 0.0524888
[2024-08-05 02:12:25.836] [jointLog] [info] iteration = 1,622 | max rel diff. = 0.00626719
[2024-08-05 02:12:26.238] [jointLog] [info] Finished optimizer
[2024-08-05 02:12:26.238] [jointLog] [info] writing output 

[2024-08-05 02:12:27.046] [jointLog] [info] Starting Bootstrapping
[2024-08-05 02:12:27.550] [jointLog] [info] Will draw 50 bootstrap samples
[2024-08-05 02:12:27.550] [jointLog] [info] Optimizing over 457,182 equivalence classes
[2024-08-05 02:12:27.819] [jointLog] [info] Marked 0 weighted equivalence classes as degenerate
[2024-08-05 02:21:01.333] [jointLog] [info] wrote 1 bootstraps
[2024-08-05 02:23:27.306] [jointLog] [info] wrote 2 bootstraps
[2024-08-05 02:23:38.485] [jointLog] [info] wrote 3 bootstraps
[2024-08-05 02:32:01.316] [jointLog] [info] wrote 4 bootstraps
[2024-08-05 02:33:46.403] [jointLog] [info] wrote 5 bootstraps
[2024-08-05 02:34:48.741] [jointLog] [info] wrote 6 bootstraps
[2024-08-05 02:40:54.787] [jointLog] [info] wrote 7 bootstraps
[2024-08-05 02:43:30.383] [jointLog] [info] wrote 8 bootstraps
[2024-08-05 02:44:52.326] [jointLog] [info] wrote 9 bootstraps
[2024-08-05 02:52:50.675] [jointLog] [info] wrote 10 bootstraps
[2024-08-05 02:53:43.305] [jointLog] [info] wrote 11 bootstraps
[2024-08-05 02:54:14.150] [jointLog] [info] wrote 12 bootstraps
[2024-08-05 03:03:05.931] [jointLog] [info] wrote 13 bootstraps
[2024-08-05 03:03:56.746] [jointLog] [info] wrote 14 bootstraps
[2024-08-05 03:10:19.968] [jointLog] [info] wrote 15 bootstraps
[2024-08-05 03:12:57.977] [jointLog] [info] wrote 16 bootstraps
[2024-08-05 03:16:25.706] [jointLog] [info] wrote 17 bootstraps
[2024-08-05 03:18:30.331] [jointLog] [info] wrote 18 bootstraps
[2024-08-05 03:20:58.615] [jointLog] [info] wrote 19 bootstraps
[2024-08-05 03:22:08.577] [jointLog] [info] wrote 20 bootstraps
[2024-08-05 03:24:44.703] [jointLog] [info] wrote 21 bootstraps
[2024-08-05 03:28:16.488] [jointLog] [info] wrote 22 bootstraps
[2024-08-05 03:30:23.845] [jointLog] [info] wrote 23 bootstraps
[2024-08-05 03:34:42.077] [jointLog] [info] wrote 24 bootstraps
[2024-08-05 03:34:52.822] [jointLog] [info] wrote 25 bootstraps
[2024-08-05 03:37:36.382] [jointLog] [info] wrote 26 bootstraps
[2024-08-05 03:39:30.967] [jointLog] [info] wrote 27 bootstraps
[2024-08-05 03:39:48.299] [jointLog] [info] wrote 28 bootstraps
[2024-08-05 03:43:48.810] [jointLog] [info] wrote 29 bootstraps
[2024-08-05 03:45:42.853] [jointLog] [info] wrote 30 bootstraps
[2024-08-05 03:49:59.625] [jointLog] [info] wrote 31 bootstraps
[2024-08-05 03:51:18.870] [jointLog] [info] wrote 32 bootstraps
[2024-08-05 03:52:20.620] [jointLog] [info] wrote 33 bootstraps
[2024-08-05 03:57:27.177] [jointLog] [info] wrote 34 bootstraps
[2024-08-05 03:58:21.266] [jointLog] [info] wrote 35 bootstraps
[2024-08-05 03:59:44.725] [jointLog] [info] wrote 36 bootstraps
[2024-08-05 04:05:09.683] [jointLog] [info] wrote 37 bootstraps
[2024-08-05 04:06:17.657] [jointLog] [info] wrote 38 bootstraps
[2024-08-05 04:07:02.622] [jointLog] [info] wrote 39 bootstraps
[2024-08-05 04:11:52.965] [jointLog] [info] wrote 40 bootstraps
[2024-08-05 04:15:15.477] [jointLog] [info] wrote 41 bootstraps
[2024-08-05 04:16:14.188] [jointLog] [info] wrote 42 bootstraps
[2024-08-05 04:21:15.781] [jointLog] [info] wrote 43 bootstraps
[2024-08-05 04:23:44.643] [jointLog] [info] wrote 44 bootstraps
[2024-08-05 04:24:08.714] [jointLog] [info] wrote 45 bootstraps
[2024-08-05 04:28:38.884] [jointLog] [info] wrote 46 bootstraps
[2024-08-05 04:33:11.826] [jointLog] [info] wrote 47 bootstraps
[2024-08-05 04:33:17.826] [jointLog] [info] wrote 48 bootstraps
[2024-08-05 04:35:17.458] [jointLog] [info] wrote 49 bootstraps
[2024-08-05 04:39:42.237] [jointLog] [info] wrote 50 bootstraps
[2024-08-05 04:39:42.348] [jointLog] [info] Finished Bootstrapping
[2024-08-05 04:39:42.348] [jointLog] [info] Computing gene-level abundance estimates
[2024-08-05 04:40:42.296] [jointLog] [info] There were 252416 transcripts mapping to 62696 genes
[2024-08-05 04:40:42.298] [jointLog] [info] NOTE: We recommend using tximport (https://bioconductor.org/packages/release/bioc/html/tximport.html) for aggregating transcript-level salmon abundance estimates to the gene level.  It is more versatile, exposes more features, and allows considering multi-sample information during aggregation.
[2024-08-05 04:40:43.351] [jointLog] [info] Aggregating expressions to gene level
[2024-08-05 04:40:43.702] [jointLog] [info] done
