[2024-09-01 06:32:29.463] [jointLog] [info] setting maxHashResizeThreads to 4
[2024-09-01 06:32:29.463] [jointLog] [info] Fragment incompatibility prior below threshold.  Incompatible fragments will be ignored.
[2024-09-01 06:32:29.463] [jointLog] [info] Usage of --validateMappings implies use of minScoreFraction. Since not explicitly specified, it is being set to 0.65
[2024-09-01 06:32:29.463] [jointLog] [info] Setting consensusSlack to selective-alignment default of 0.35.
[2024-09-01 06:32:29.463] [jointLog] [info] parsing read library format
[2024-09-01 06:32:29.463] [jointLog] [info] There is 1 library.
[2024-09-01 06:32:29.531] [jointLog] [info] Loading pufferfish index
[2024-09-01 06:32:29.544] [jointLog] [info] Loading dense pufferfish index.
[2024-09-01 06:35:10.617] [jointLog] [info] done
[2024-09-01 06:35:10.617] [jointLog] [info] Index contained 251,744 targets
[2024-09-01 06:35:14.281] [jointLog] [info] Number of decoys : 194
[2024-09-01 06:35:14.281] [jointLog] [info] First decoy index : 251,509 
[2024-09-01 06:35:15.784] [jointLog] [info] Automatically detected most likely library type as ISR

[2024-09-01 06:57:32.114] [jointLog] [info] Thread saw mini-batch with a maximum of 1.20% zero probability fragments
[2024-09-01 06:57:32.265] [jointLog] [info] Thread saw mini-batch with a maximum of 1.24% zero probability fragments
[2024-09-01 06:57:32.291] [jointLog] [info] Thread saw mini-batch with a maximum of 1.20% zero probability fragments
[2024-09-01 06:57:32.343] [jointLog] [info] Thread saw mini-batch with a maximum of 1.20% zero probability fragments
[2024-09-01 06:57:33.153] [fileLog] [info] 
At end of round 0
==================
Observed 53480214 total fragments (53480214 in most recent round)

[2024-09-01 06:57:33.152] [jointLog] [info] Computed 619,294 rich equivalence classes for further processing
[2024-09-01 06:57:33.152] [jointLog] [info] Counted 26,189,589 total reads in the equivalence classes 
[2024-09-01 06:57:33.157] [jointLog] [warning] 4.67463e-05% of fragments were shorter than the k used to build the index.
If this fraction is too large, consider re-building the index with a smaller k.
The minimum read size found was 21.


[2024-09-01 06:57:33.157] [jointLog] [info] Number of mappings discarded because of alignment score : 12,370,469
[2024-09-01 06:57:33.157] [jointLog] [info] Number of fragments entirely discarded because of alignment score : 6,151,073
[2024-09-01 06:57:33.157] [jointLog] [info] Number of fragments discarded because they are best-mapped to decoys : 5,374,245
[2024-09-01 06:57:33.157] [jointLog] [info] Number of fragments discarded because they have only dovetail (discordant) mappings to valid targets : 492,138
[2024-09-01 06:57:33.157] [jointLog] [info] Mapping rate = 48.9706%

[2024-09-01 06:57:33.157] [jointLog] [info] finished quantifyLibrary()
[2024-09-01 06:57:33.519] [jointLog] [info] Starting optimizer
[2024-09-01 06:57:34.017] [jointLog] [info] Marked 0 weighted equivalence classes as degenerate
[2024-09-01 06:57:34.079] [jointLog] [info] iteration = 0 | max rel diff. = 4953.56
[2024-09-01 06:57:34.636] [jointLog] [info] iteration 11, adjusting effective lengths to account for biases
[2024-09-01 07:04:13.844] [jointLog] [info] Computed expected counts (for bias correction)
[2024-09-01 07:04:13.844] [jointLog] [info] processed bias for 0.0% of the transcripts
[2024-09-01 07:04:45.804] [jointLog] [info] processed bias for 10.0% of the transcripts
[2024-09-01 07:05:15.679] [jointLog] [info] processed bias for 20.0% of the transcripts
[2024-09-01 07:05:45.878] [jointLog] [info] processed bias for 30.0% of the transcripts
[2024-09-01 07:06:15.726] [jointLog] [info] processed bias for 40.0% of the transcripts
[2024-09-01 07:06:46.009] [jointLog] [info] processed bias for 50.0% of the transcripts
[2024-09-01 07:07:15.114] [jointLog] [info] processed bias for 60.0% of the transcripts
[2024-09-01 07:07:46.857] [jointLog] [info] processed bias for 70.0% of the transcripts
[2024-09-01 07:08:18.471] [jointLog] [info] processed bias for 80.0% of the transcripts
[2024-09-01 07:09:08.953] [jointLog] [info] processed bias for 90.0% of the transcripts
[2024-09-01 07:10:07.895] [jointLog] [info] processed bias for 100.0% of the transcripts
[2024-09-01 07:10:13.779] [jointLog] [info] iteration = 100 | max rel diff. = 19.9479
[2024-09-01 07:10:22.786] [jointLog] [info] iteration = 200 | max rel diff. = 13.8633
[2024-09-01 07:10:32.449] [jointLog] [info] iteration = 300 | max rel diff. = 17.6691
[2024-09-01 07:10:41.965] [jointLog] [info] iteration = 400 | max rel diff. = 1.44929
[2024-09-01 07:10:50.484] [jointLog] [info] iteration = 500 | max rel diff. = 0.479132
[2024-09-01 07:10:58.107] [jointLog] [info] iteration = 600 | max rel diff. = 0.74104
[2024-09-01 07:11:08.886] [jointLog] [info] iteration = 700 | max rel diff. = 0.623316
[2024-09-01 07:11:18.860] [jointLog] [info] iteration = 800 | max rel diff. = 15.818
[2024-09-01 07:11:27.216] [jointLog] [info] iteration = 900 | max rel diff. = 0.137109
[2024-09-01 07:11:36.890] [jointLog] [info] iteration = 1,000 | max rel diff. = 0.073562
[2024-09-01 07:11:44.153] [jointLog] [info] iteration = 1,100 | max rel diff. = 0.0341529
[2024-09-01 07:11:53.104] [jointLog] [info] iteration = 1,200 | max rel diff. = 0.0115088
[2024-09-01 07:12:04.695] [jointLog] [info] iteration = 1,300 | max rel diff. = 0.0830793
[2024-09-01 07:12:13.739] [jointLog] [info] iteration = 1,400 | max rel diff. = 0.0416202
[2024-09-01 07:12:22.316] [jointLog] [info] iteration = 1,500 | max rel diff. = 0.0464775
[2024-09-01 07:12:32.385] [jointLog] [info] iteration = 1,600 | max rel diff. = 0.0118244
[2024-09-01 07:12:40.712] [jointLog] [info] iteration = 1,700 | max rel diff. = 0.0536291
[2024-09-01 07:12:50.283] [jointLog] [info] iteration = 1,798 | max rel diff. = 0.00595073
[2024-09-01 07:12:50.410] [jointLog] [info] Finished optimizer
[2024-09-01 07:12:50.410] [jointLog] [info] writing output 

[2024-09-01 07:12:51.604] [jointLog] [info] Starting Bootstrapping
[2024-09-01 07:12:52.444] [jointLog] [info] Will draw 50 bootstrap samples
[2024-09-01 07:12:52.444] [jointLog] [info] Optimizing over 619,294 equivalence classes
[2024-09-01 07:12:52.627] [jointLog] [info] Marked 0 weighted equivalence classes as degenerate
[2024-09-01 07:17:26.992] [jointLog] [info] wrote 1 bootstraps
[2024-09-01 07:17:38.963] [jointLog] [info] wrote 2 bootstraps
[2024-09-01 07:18:33.757] [jointLog] [info] wrote 3 bootstraps
[2024-09-01 07:22:34.517] [jointLog] [info] wrote 4 bootstraps
[2024-09-01 07:24:05.187] [jointLog] [info] wrote 5 bootstraps
[2024-09-01 07:24:28.517] [jointLog] [info] wrote 6 bootstraps
[2024-09-01 07:28:42.498] [jointLog] [info] wrote 7 bootstraps
[2024-09-01 07:28:45.608] [jointLog] [info] wrote 8 bootstraps
[2024-09-01 07:29:11.333] [jointLog] [info] wrote 9 bootstraps
[2024-09-01 07:33:28.935] [jointLog] [info] wrote 10 bootstraps
[2024-09-01 07:35:33.972] [jointLog] [info] wrote 11 bootstraps
[2024-09-01 07:35:51.779] [jointLog] [info] wrote 12 bootstraps
[2024-09-01 07:39:49.873] [jointLog] [info] wrote 13 bootstraps
[2024-09-01 07:42:08.185] [jointLog] [info] wrote 14 bootstraps
[2024-09-01 07:42:28.377] [jointLog] [info] wrote 15 bootstraps
[2024-09-01 07:44:57.216] [jointLog] [info] wrote 16 bootstraps
[2024-09-01 07:49:15.643] [jointLog] [info] wrote 17 bootstraps
[2024-09-01 07:49:19.928] [jointLog] [info] wrote 18 bootstraps
[2024-09-01 07:51:27.515] [jointLog] [info] wrote 19 bootstraps
[2024-09-01 07:54:04.102] [jointLog] [info] wrote 20 bootstraps
[2024-09-01 07:54:48.306] [jointLog] [info] wrote 21 bootstraps
[2024-09-01 07:56:30.053] [jointLog] [info] wrote 22 bootstraps
[2024-09-01 08:00:42.446] [jointLog] [info] wrote 23 bootstraps
[2024-09-01 08:01:05.839] [jointLog] [info] wrote 24 bootstraps
[2024-09-01 08:03:00.977] [jointLog] [info] wrote 25 bootstraps
[2024-09-01 08:07:07.827] [jointLog] [info] wrote 26 bootstraps
[2024-09-01 08:07:24.729] [jointLog] [info] wrote 27 bootstraps
[2024-09-01 08:08:55.908] [jointLog] [info] wrote 28 bootstraps
[2024-09-01 08:12:24.603] [jointLog] [info] wrote 29 bootstraps
[2024-09-01 08:13:20.488] [jointLog] [info] wrote 30 bootstraps
[2024-09-01 08:15:49.842] [jointLog] [info] wrote 31 bootstraps
[2024-09-01 08:18:44.857] [jointLog] [info] wrote 32 bootstraps
[2024-09-01 08:19:41.226] [jointLog] [info] wrote 33 bootstraps
[2024-09-01 08:20:05.357] [jointLog] [info] wrote 34 bootstraps
[2024-09-01 08:24:46.914] [jointLog] [info] wrote 35 bootstraps
[2024-09-01 08:24:54.926] [jointLog] [info] wrote 36 bootstraps
[2024-09-01 08:26:23.764] [jointLog] [info] wrote 37 bootstraps
[2024-09-01 08:30:07.546] [jointLog] [info] wrote 38 bootstraps
[2024-09-01 08:31:11.583] [jointLog] [info] wrote 39 bootstraps
[2024-09-01 08:32:36.566] [jointLog] [info] wrote 40 bootstraps
[2024-09-01 08:34:51.547] [jointLog] [info] wrote 41 bootstraps
[2024-09-01 08:37:48.443] [jointLog] [info] wrote 42 bootstraps
[2024-09-01 08:38:30.440] [jointLog] [info] wrote 43 bootstraps
[2024-09-01 08:41:30.172] [jointLog] [info] wrote 44 bootstraps
[2024-09-01 08:43:20.559] [jointLog] [info] wrote 45 bootstraps
[2024-09-01 08:44:42.837] [jointLog] [info] wrote 46 bootstraps
[2024-09-01 08:45:06.720] [jointLog] [info] wrote 47 bootstraps
[2024-09-01 08:48:18.090] [jointLog] [info] wrote 48 bootstraps
[2024-09-01 08:48:57.902] [jointLog] [info] wrote 49 bootstraps
[2024-09-01 08:50:55.498] [jointLog] [info] wrote 50 bootstraps
[2024-09-01 08:50:55.543] [jointLog] [info] Finished Bootstrapping
[2024-09-01 08:50:55.543] [jointLog] [info] Computing gene-level abundance estimates
[2024-09-01 08:52:21.003] [jointLog] [info] There were 252416 transcripts mapping to 62696 genes
[2024-09-01 08:52:21.004] [jointLog] [info] NOTE: We recommend using tximport (https://bioconductor.org/packages/release/bioc/html/tximport.html) for aggregating transcript-level salmon abundance estimates to the gene level.  It is more versatile, exposes more features, and allows considering multi-sample information during aggregation.
[2024-09-01 08:52:21.581] [jointLog] [info] Aggregating expressions to gene level
[2024-09-01 08:52:22.174] [jointLog] [info] done
