[2024-09-07 14:19:04.148] [jointLog] [info] setting maxHashResizeThreads to 4
[2024-09-07 14:19:04.148] [jointLog] [info] Fragment incompatibility prior below threshold.  Incompatible fragments will be ignored.
[2024-09-07 14:19:04.148] [jointLog] [info] Usage of --validateMappings implies use of minScoreFraction. Since not explicitly specified, it is being set to 0.65
[2024-09-07 14:19:04.148] [jointLog] [info] Setting consensusSlack to selective-alignment default of 0.35.
[2024-09-07 14:19:04.148] [jointLog] [info] parsing read library format
[2024-09-07 14:19:04.148] [jointLog] [info] There is 1 library.
[2024-09-07 14:19:04.213] [jointLog] [info] Loading pufferfish index
[2024-09-07 14:19:04.213] [jointLog] [info] Loading dense pufferfish index.
[2024-09-07 14:19:57.116] [jointLog] [info] done
[2024-09-07 14:19:57.116] [jointLog] [info] Index contained 251,744 targets
[2024-09-07 14:20:03.598] [jointLog] [info] Number of decoys : 194
[2024-09-07 14:20:03.598] [jointLog] [info] First decoy index : 251,509 
[2024-09-07 14:20:05.751] [jointLog] [info] Automatically detected most likely library type as ISR

[2024-09-07 15:13:32.754] [jointLog] [info] Thread saw mini-batch with a maximum of 1.20% zero probability fragments
[2024-09-07 15:13:32.838] [jointLog] [info] Thread saw mini-batch with a maximum of 1.22% zero probability fragments
[2024-09-07 15:13:33.101] [jointLog] [info] Thread saw mini-batch with a maximum of 1.20% zero probability fragments
[2024-09-07 15:13:33.131] [jointLog] [info] Thread saw mini-batch with a maximum of 1.22% zero probability fragments
[2024-09-07 15:13:34.233] [jointLog] [info] Computed 617,842 rich equivalence classes for further processing
[2024-09-07 15:13:34.233] [jointLog] [info] Counted 38,867,841 total reads in the equivalence classes 
[2024-09-07 15:13:34.248] [jointLog] [warning] 1.69586e-05% of fragments were shorter than the k used to build the index.
If this fraction is too large, consider re-building the index with a smaller k.
The minimum read size found was 21.


[2024-09-07 15:13:34.248] [jointLog] [info] Number of mappings discarded because of alignment score : 13,698,832
[2024-09-07 15:13:34.248] [jointLog] [info] Number of fragments entirely discarded because of alignment score : 7,019,059
[2024-09-07 15:13:34.248] [jointLog] [info] Number of fragments discarded because they are best-mapped to decoys : 6,390,681
[2024-09-07 15:13:34.248] [jointLog] [info] Number of fragments discarded because they have only dovetail (discordant) mappings to valid targets : 259,932
[2024-09-07 15:13:34.248] [jointLog] [info] Mapping rate = 54.9286%

[2024-09-07 15:13:34.248] [jointLog] [info] finished quantifyLibrary()
[2024-09-07 15:13:34.250] [jointLog] [info] Starting optimizer
[2024-09-07 15:13:34.237] [fileLog] [info] 
At end of round 0
==================
Observed 70760616 total fragments (70760616 in most recent round)

[2024-09-07 15:13:35.168] [jointLog] [info] Marked 0 weighted equivalence classes as degenerate
[2024-09-07 15:13:35.366] [jointLog] [info] iteration = 0 | max rel diff. = 3421.74
[2024-09-07 15:13:37.175] [jointLog] [info] iteration 11, adjusting effective lengths to account for biases
[2024-09-07 15:19:30.862] [jointLog] [info] Computed expected counts (for bias correction)
[2024-09-07 15:19:30.864] [jointLog] [info] processed bias for 0.0% of the transcripts
[2024-09-07 15:20:01.039] [jointLog] [info] processed bias for 10.0% of the transcripts
[2024-09-07 15:20:28.448] [jointLog] [info] processed bias for 20.0% of the transcripts
[2024-09-07 15:20:55.481] [jointLog] [info] processed bias for 30.0% of the transcripts
[2024-09-07 15:21:22.766] [jointLog] [info] processed bias for 40.0% of the transcripts
[2024-09-07 15:21:51.116] [jointLog] [info] processed bias for 50.0% of the transcripts
[2024-09-07 15:22:15.476] [jointLog] [info] processed bias for 60.0% of the transcripts
[2024-09-07 15:22:42.052] [jointLog] [info] processed bias for 70.0% of the transcripts
[2024-09-07 15:23:08.370] [jointLog] [info] processed bias for 80.0% of the transcripts
[2024-09-07 15:23:31.593] [jointLog] [info] processed bias for 90.0% of the transcripts
[2024-09-07 15:23:58.145] [jointLog] [info] processed bias for 100.0% of the transcripts
[2024-09-07 15:24:14.380] [jointLog] [info] iteration = 100 | max rel diff. = 17.4602
[2024-09-07 15:24:31.608] [jointLog] [info] iteration = 200 | max rel diff. = 14.2353
[2024-09-07 15:24:46.867] [jointLog] [info] iteration = 300 | max rel diff. = 16.9246
[2024-09-07 15:25:01.878] [jointLog] [info] iteration = 400 | max rel diff. = 3.26961
[2024-09-07 15:25:17.028] [jointLog] [info] iteration = 500 | max rel diff. = 0.469874
[2024-09-07 15:25:32.189] [jointLog] [info] iteration = 600 | max rel diff. = 0.352266
[2024-09-07 15:25:47.442] [jointLog] [info] iteration = 700 | max rel diff. = 0.23477
[2024-09-07 15:26:03.085] [jointLog] [info] iteration = 800 | max rel diff. = 0.0716644
[2024-09-07 15:26:18.181] [jointLog] [info] iteration = 900 | max rel diff. = 2.12523
[2024-09-07 15:26:32.730] [jointLog] [info] iteration = 1,000 | max rel diff. = 0.154679
[2024-09-07 15:26:46.317] [jointLog] [info] iteration = 1,100 | max rel diff. = 0.775322
[2024-09-07 15:26:59.642] [jointLog] [info] iteration = 1,200 | max rel diff. = 3.61783
[2024-09-07 15:27:13.203] [jointLog] [info] iteration = 1,300 | max rel diff. = 0.0982035
[2024-09-07 15:27:27.273] [jointLog] [info] iteration = 1,400 | max rel diff. = 0.138431
[2024-09-07 15:27:40.973] [jointLog] [info] iteration = 1,500 | max rel diff. = 0.193589
[2024-09-07 15:27:53.995] [jointLog] [info] iteration = 1,600 | max rel diff. = 0.172339
[2024-09-07 15:28:07.700] [jointLog] [info] iteration = 1,700 | max rel diff. = 0.0158511
[2024-09-07 15:28:22.061] [jointLog] [info] iteration = 1,800 | max rel diff. = 0.133285
[2024-09-07 15:28:43.057] [jointLog] [info] iteration = 1,900 | max rel diff. = 0.0213114
[2024-09-07 15:28:59.066] [jointLog] [info] iteration = 2,000 | max rel diff. = 0.0152888
[2024-09-07 15:29:15.273] [jointLog] [info] iteration = 2,100 | max rel diff. = 0.697645
[2024-09-07 15:29:21.320] [jointLog] [info] iteration = 2,138 | max rel diff. = 0.00917589
[2024-09-07 15:29:21.402] [jointLog] [info] Finished optimizer
[2024-09-07 15:29:21.402] [jointLog] [info] writing output 

[2024-09-07 15:29:21.998] [jointLog] [info] Starting Bootstrapping
[2024-09-07 15:29:22.302] [jointLog] [info] Will draw 50 bootstrap samples
[2024-09-07 15:29:22.302] [jointLog] [info] Optimizing over 617,842 equivalence classes
[2024-09-07 15:29:22.531] [jointLog] [info] Marked 0 weighted equivalence classes as degenerate
[2024-09-07 15:35:34.790] [jointLog] [info] wrote 1 bootstraps
[2024-09-07 15:35:38.963] [jointLog] [info] wrote 2 bootstraps
[2024-09-07 15:36:10.303] [jointLog] [info] wrote 3 bootstraps
[2024-09-07 15:41:29.745] [jointLog] [info] wrote 4 bootstraps
[2024-09-07 15:42:41.071] [jointLog] [info] wrote 5 bootstraps
[2024-09-07 15:43:50.281] [jointLog] [info] wrote 6 bootstraps
[2024-09-07 15:46:49.724] [jointLog] [info] wrote 7 bootstraps
[2024-09-07 15:47:10.072] [jointLog] [info] wrote 8 bootstraps
[2024-09-07 15:49:47.860] [jointLog] [info] wrote 9 bootstraps
[2024-09-07 15:58:04.217] [jointLog] [info] wrote 10 bootstraps
[2024-09-07 15:59:10.295] [jointLog] [info] wrote 11 bootstraps
[2024-09-07 16:05:35.936] [jointLog] [info] wrote 12 bootstraps
[2024-09-07 16:09:20.116] [jointLog] [info] wrote 13 bootstraps
[2024-09-07 16:09:53.179] [jointLog] [info] wrote 14 bootstraps
[2024-09-07 16:16:28.377] [jointLog] [info] wrote 15 bootstraps
[2024-09-07 16:26:35.768] [jointLog] [info] wrote 16 bootstraps
[2024-09-07 16:26:58.628] [jointLog] [info] wrote 17 bootstraps
[2024-09-07 16:29:20.084] [jointLog] [info] wrote 18 bootstraps
[2024-09-07 16:37:24.845] [jointLog] [info] wrote 19 bootstraps
[2024-09-07 16:43:18.208] [jointLog] [info] wrote 20 bootstraps
[2024-09-07 16:45:26.806] [jointLog] [info] wrote 21 bootstraps
[2024-09-07 16:48:16.731] [jointLog] [info] wrote 22 bootstraps
[2024-09-07 16:48:52.048] [jointLog] [info] wrote 23 bootstraps
[2024-09-07 16:52:03.250] [jointLog] [info] wrote 24 bootstraps
[2024-09-07 16:53:43.249] [jointLog] [info] wrote 25 bootstraps
[2024-09-07 16:54:02.433] [jointLog] [info] wrote 26 bootstraps
[2024-09-07 16:57:30.821] [jointLog] [info] wrote 27 bootstraps
[2024-09-07 16:58:49.791] [jointLog] [info] wrote 28 bootstraps
[2024-09-07 16:59:57.578] [jointLog] [info] wrote 29 bootstraps
[2024-09-07 17:02:31.413] [jointLog] [info] wrote 30 bootstraps
[2024-09-07 17:04:48.705] [jointLog] [info] wrote 31 bootstraps
[2024-09-07 17:05:40.393] [jointLog] [info] wrote 32 bootstraps
[2024-09-07 17:06:36.145] [jointLog] [info] wrote 33 bootstraps
[2024-09-07 17:08:55.625] [jointLog] [info] wrote 34 bootstraps
[2024-09-07 17:09:31.207] [jointLog] [info] wrote 35 bootstraps
[2024-09-07 17:09:47.367] [jointLog] [info] wrote 36 bootstraps
[2024-09-07 17:12:26.320] [jointLog] [info] wrote 37 bootstraps
[2024-09-07 17:12:54.648] [jointLog] [info] wrote 38 bootstraps
[2024-09-07 17:12:58.717] [jointLog] [info] wrote 39 bootstraps
[2024-09-07 17:17:02.942] [jointLog] [info] wrote 40 bootstraps
[2024-09-07 17:19:08.027] [jointLog] [info] wrote 41 bootstraps
[2024-09-07 17:19:16.231] [jointLog] [info] wrote 42 bootstraps
[2024-09-07 17:22:07.689] [jointLog] [info] wrote 43 bootstraps
[2024-09-07 17:28:38.574] [jointLog] [info] wrote 44 bootstraps
[2024-09-07 17:29:23.198] [jointLog] [info] wrote 45 bootstraps
[2024-09-07 17:31:12.872] [jointLog] [info] wrote 46 bootstraps
[2024-09-07 17:35:07.112] [jointLog] [info] wrote 47 bootstraps
[2024-09-07 17:36:45.347] [jointLog] [info] wrote 48 bootstraps
[2024-09-07 17:39:13.079] [jointLog] [info] wrote 49 bootstraps
[2024-09-07 17:40:28.035] [jointLog] [info] wrote 50 bootstraps
[2024-09-07 17:40:28.115] [jointLog] [info] Finished Bootstrapping
[2024-09-07 17:40:28.115] [jointLog] [info] Computing gene-level abundance estimates
[2024-09-07 17:42:14.567] [jointLog] [info] There were 252416 transcripts mapping to 62696 genes
[2024-09-07 17:42:14.568] [jointLog] [info] NOTE: We recommend using tximport (https://bioconductor.org/packages/release/bioc/html/tximport.html) for aggregating transcript-level salmon abundance estimates to the gene level.  It is more versatile, exposes more features, and allows considering multi-sample information during aggregation.
[2024-09-07 17:42:15.687] [jointLog] [info] Aggregating expressions to gene level
[2024-09-07 17:42:16.242] [jointLog] [info] done
