[2024-10-18 20:47:40.108] [jointLog] [info] setting maxHashResizeThreads to 4
[2024-10-18 20:47:40.108] [jointLog] [info] Fragment incompatibility prior below threshold.  Incompatible fragments will be ignored.
[2024-10-18 20:47:40.108] [jointLog] [info] Usage of --validateMappings implies use of minScoreFraction. Since not explicitly specified, it is being set to 0.65
[2024-10-18 20:47:40.108] [jointLog] [info] Setting consensusSlack to selective-alignment default of 0.35.
[2024-10-18 20:47:40.108] [jointLog] [info] parsing read library format
[2024-10-18 20:47:40.108] [jointLog] [info] There is 1 library.
[2024-10-18 20:47:40.157] [jointLog] [info] Loading pufferfish index
[2024-10-18 20:47:40.157] [jointLog] [info] Loading dense pufferfish index.
[2024-10-18 20:48:07.569] [jointLog] [info] done
[2024-10-18 20:48:07.569] [jointLog] [info] Index contained 251,744 targets
[2024-10-18 20:48:09.805] [jointLog] [info] Number of decoys : 194
[2024-10-18 20:48:09.805] [jointLog] [info] First decoy index : 251,509 
[2024-10-18 20:48:11.541] [jointLog] [info] Automatically detected most likely library type as ISR

[2024-10-18 21:22:08.192] [jointLog] [info] Thread saw mini-batch with a maximum of 4.06% zero probability fragments
[2024-10-18 21:22:08.213] [jointLog] [info] Thread saw mini-batch with a maximum of 4.16% zero probability fragments
[2024-10-18 21:22:08.399] [jointLog] [info] Thread saw mini-batch with a maximum of 4.00% zero probability fragments
[2024-10-18 21:22:08.466] [jointLog] [info] Thread saw mini-batch with a maximum of 4.04% zero probability fragments
[2024-10-18 21:22:08.736] [jointLog] [info] Computed 357,685 rich equivalence classes for further processing
[2024-10-18 21:22:08.736] [jointLog] [info] Counted 29,281,312 total reads in the equivalence classes 
[2024-10-18 21:22:08.738] [jointLog] [info] Number of mappings discarded because of alignment score : 20,748,153
[2024-10-18 21:22:08.738] [jointLog] [info] Number of fragments entirely discarded because of alignment score : 7,262,368
[2024-10-18 21:22:08.738] [jointLog] [info] Number of fragments discarded because they are best-mapped to decoys : 6,432,460
[2024-10-18 21:22:08.738] [jointLog] [info] Number of fragments discarded because they have only dovetail (discordant) mappings to valid targets : 339,150
[2024-10-18 21:22:08.738] [jointLog] [info] Mapping rate = 49.1206%

[2024-10-18 21:22:08.738] [jointLog] [info] finished quantifyLibrary()
[2024-10-18 21:22:08.736] [fileLog] [info] 
At end of round 0
==================
Observed 59611011 total fragments (59611011 in most recent round)

[2024-10-18 21:22:09.482] [jointLog] [info] Starting optimizer
[2024-10-18 21:22:10.016] [jointLog] [info] Marked 0 weighted equivalence classes as degenerate
[2024-10-18 21:22:10.091] [jointLog] [info] iteration = 0 | max rel diff. = 4793.15
[2024-10-18 21:22:10.680] [jointLog] [info] iteration 11, adjusting effective lengths to account for biases
[2024-10-18 21:23:19.508] [jointLog] [info] Computed expected counts (for bias correction)
[2024-10-18 21:23:19.508] [jointLog] [info] processed bias for 0.0% of the transcripts
[2024-10-18 21:23:26.888] [jointLog] [info] processed bias for 10.0% of the transcripts
[2024-10-18 21:23:34.180] [jointLog] [info] processed bias for 20.0% of the transcripts
[2024-10-18 21:23:41.788] [jointLog] [info] processed bias for 30.0% of the transcripts
[2024-10-18 21:23:49.991] [jointLog] [info] processed bias for 40.0% of the transcripts
[2024-10-18 21:23:57.408] [jointLog] [info] processed bias for 50.0% of the transcripts
[2024-10-18 21:24:04.746] [jointLog] [info] processed bias for 60.0% of the transcripts
[2024-10-18 21:24:12.201] [jointLog] [info] processed bias for 70.0% of the transcripts
[2024-10-18 21:24:19.336] [jointLog] [info] processed bias for 80.0% of the transcripts
[2024-10-18 21:24:25.425] [jointLog] [info] processed bias for 90.0% of the transcripts
[2024-10-18 21:24:32.256] [jointLog] [info] processed bias for 100.0% of the transcripts
[2024-10-18 21:24:36.583] [jointLog] [info] iteration = 100 | max rel diff. = 19.5759
[2024-10-18 21:24:41.958] [jointLog] [info] iteration = 200 | max rel diff. = 17.5418
[2024-10-18 21:24:47.474] [jointLog] [info] iteration = 300 | max rel diff. = 6.33593
[2024-10-18 21:24:52.631] [jointLog] [info] iteration = 400 | max rel diff. = 9.63762
[2024-10-18 21:24:57.505] [jointLog] [info] iteration = 500 | max rel diff. = 1.44689
[2024-10-18 21:25:02.710] [jointLog] [info] iteration = 600 | max rel diff. = 0.216741
[2024-10-18 21:25:08.139] [jointLog] [info] iteration = 700 | max rel diff. = 0.288203
[2024-10-18 21:25:13.621] [jointLog] [info] iteration = 800 | max rel diff. = 0.344212
[2024-10-18 21:25:18.740] [jointLog] [info] iteration = 900 | max rel diff. = 10.4425
[2024-10-18 21:25:24.275] [jointLog] [info] iteration = 1,000 | max rel diff. = 0.10117
[2024-10-18 21:25:30.232] [jointLog] [info] iteration = 1,100 | max rel diff. = 0.0824432
[2024-10-18 21:25:35.595] [jointLog] [info] iteration = 1,200 | max rel diff. = 0.0852619
[2024-10-18 21:25:41.022] [jointLog] [info] iteration = 1,300 | max rel diff. = 0.0592016
[2024-10-18 21:25:46.511] [jointLog] [info] iteration = 1,400 | max rel diff. = 13.3679
[2024-10-18 21:25:51.363] [jointLog] [info] iteration = 1,500 | max rel diff. = 1.85033
[2024-10-18 21:25:51.604] [jointLog] [info] iteration = 1,506 | max rel diff. = 0.00838838
[2024-10-18 21:25:51.656] [jointLog] [info] Finished optimizer
[2024-10-18 21:25:51.656] [jointLog] [info] writing output 

[2024-10-18 21:25:51.940] [jointLog] [info] Starting Bootstrapping
[2024-10-18 21:25:52.094] [jointLog] [info] Will draw 50 bootstrap samples
[2024-10-18 21:25:52.095] [jointLog] [info] Optimizing over 357,685 equivalence classes
[2024-10-18 21:25:52.153] [jointLog] [info] Marked 0 weighted equivalence classes as degenerate
[2024-10-18 21:26:55.218] [jointLog] [info] wrote 1 bootstraps
[2024-10-18 21:27:06.062] [jointLog] [info] wrote 2 bootstraps
[2024-10-18 21:27:08.793] [jointLog] [info] wrote 3 bootstraps
[2024-10-18 21:28:14.485] [jointLog] [info] wrote 4 bootstraps
[2024-10-18 21:28:17.679] [jointLog] [info] wrote 5 bootstraps
[2024-10-18 21:28:23.615] [jointLog] [info] wrote 6 bootstraps
[2024-10-18 21:29:21.503] [jointLog] [info] wrote 7 bootstraps
[2024-10-18 21:29:35.671] [jointLog] [info] wrote 8 bootstraps
[2024-10-18 21:29:48.653] [jointLog] [info] wrote 9 bootstraps
[2024-10-18 21:30:49.950] [jointLog] [info] wrote 10 bootstraps
[2024-10-18 21:30:50.232] [jointLog] [info] wrote 11 bootstraps
[2024-10-18 21:31:01.348] [jointLog] [info] wrote 12 bootstraps
[2024-10-18 21:31:51.069] [jointLog] [info] wrote 13 bootstraps
[2024-10-18 21:32:00.364] [jointLog] [info] wrote 14 bootstraps
[2024-10-18 21:32:04.637] [jointLog] [info] wrote 15 bootstraps
[2024-10-18 21:33:07.682] [jointLog] [info] wrote 16 bootstraps
[2024-10-18 21:33:24.131] [jointLog] [info] wrote 17 bootstraps
[2024-10-18 21:33:26.193] [jointLog] [info] wrote 18 bootstraps
[2024-10-18 21:34:10.869] [jointLog] [info] wrote 19 bootstraps
[2024-10-18 21:34:34.042] [jointLog] [info] wrote 20 bootstraps
[2024-10-18 21:34:45.137] [jointLog] [info] wrote 21 bootstraps
[2024-10-18 21:35:05.031] [jointLog] [info] wrote 22 bootstraps
[2024-10-18 21:35:46.032] [jointLog] [info] wrote 23 bootstraps
[2024-10-18 21:35:54.320] [jointLog] [info] wrote 24 bootstraps
[2024-10-18 21:36:32.683] [jointLog] [info] wrote 25 bootstraps
[2024-10-18 21:36:50.602] [jointLog] [info] wrote 26 bootstraps
[2024-10-18 21:37:07.152] [jointLog] [info] wrote 27 bootstraps
[2024-10-18 21:37:54.982] [jointLog] [info] wrote 28 bootstraps
[2024-10-18 21:38:12.249] [jointLog] [info] wrote 29 bootstraps
[2024-10-18 21:38:15.922] [jointLog] [info] wrote 30 bootstraps
[2024-10-18 21:39:03.957] [jointLog] [info] wrote 31 bootstraps
[2024-10-18 21:39:18.900] [jointLog] [info] wrote 32 bootstraps
[2024-10-18 21:39:26.723] [jointLog] [info] wrote 33 bootstraps
[2024-10-18 21:40:17.762] [jointLog] [info] wrote 34 bootstraps
[2024-10-18 21:40:20.149] [jointLog] [info] wrote 35 bootstraps
[2024-10-18 21:40:20.554] [jointLog] [info] wrote 36 bootstraps
[2024-10-18 21:41:23.416] [jointLog] [info] wrote 37 bootstraps
[2024-10-18 21:41:27.492] [jointLog] [info] wrote 38 bootstraps
[2024-10-18 21:41:40.604] [jointLog] [info] wrote 39 bootstraps
[2024-10-18 21:42:21.165] [jointLog] [info] wrote 40 bootstraps
[2024-10-18 21:42:46.817] [jointLog] [info] wrote 41 bootstraps
[2024-10-18 21:42:58.677] [jointLog] [info] wrote 42 bootstraps
[2024-10-18 21:43:41.485] [jointLog] [info] wrote 43 bootstraps
[2024-10-18 21:44:03.420] [jointLog] [info] wrote 44 bootstraps
[2024-10-18 21:44:07.744] [jointLog] [info] wrote 45 bootstraps
[2024-10-18 21:44:53.058] [jointLog] [info] wrote 46 bootstraps
[2024-10-18 21:45:38.842] [jointLog] [info] wrote 47 bootstraps
[2024-10-18 21:45:40.293] [jointLog] [info] wrote 48 bootstraps
[2024-10-18 21:46:19.766] [jointLog] [info] wrote 49 bootstraps
[2024-10-18 21:46:53.902] [jointLog] [info] wrote 50 bootstraps
[2024-10-18 21:46:53.930] [jointLog] [info] Finished Bootstrapping
[2024-10-18 21:46:53.930] [jointLog] [info] Computing gene-level abundance estimates
[2024-10-18 21:47:18.921] [jointLog] [info] There were 252416 transcripts mapping to 62696 genes
[2024-10-18 21:47:18.922] [jointLog] [info] NOTE: We recommend using tximport (https://bioconductor.org/packages/release/bioc/html/tximport.html) for aggregating transcript-level salmon abundance estimates to the gene level.  It is more versatile, exposes more features, and allows considering multi-sample information during aggregation.
[2024-10-18 21:47:19.541] [jointLog] [info] Aggregating expressions to gene level
[2024-10-18 21:47:19.651] [jointLog] [info] done
