[2024-10-18 21:25:55.694] [jointLog] [info] setting maxHashResizeThreads to 4
[2024-10-18 21:25:55.694] [jointLog] [info] Fragment incompatibility prior below threshold.  Incompatible fragments will be ignored.
[2024-10-18 21:25:55.694] [jointLog] [info] Usage of --validateMappings implies use of minScoreFraction. Since not explicitly specified, it is being set to 0.65
[2024-10-18 21:25:55.694] [jointLog] [info] Setting consensusSlack to selective-alignment default of 0.35.
[2024-10-18 21:25:55.694] [jointLog] [info] parsing read library format
[2024-10-18 21:25:55.694] [jointLog] [info] There is 1 library.
[2024-10-18 21:25:55.803] [jointLog] [info] Loading pufferfish index
[2024-10-18 21:25:55.803] [jointLog] [info] Loading dense pufferfish index.
[2024-10-18 21:26:37.394] [jointLog] [info] done
[2024-10-18 21:26:37.394] [jointLog] [info] Index contained 251,744 targets
[2024-10-18 21:26:40.955] [jointLog] [info] Number of decoys : 194
[2024-10-18 21:26:40.955] [jointLog] [info] First decoy index : 251,509 
[2024-10-18 21:26:50.603] [jointLog] [info] Automatically detected most likely library type as ISR

[2024-10-18 22:00:03.250] [jointLog] [info] Thread saw mini-batch with a maximum of 6.10% zero probability fragments
[2024-10-18 22:00:03.289] [jointLog] [info] Thread saw mini-batch with a maximum of 5.98% zero probability fragments
[2024-10-18 22:00:03.495] [jointLog] [info] Thread saw mini-batch with a maximum of 6.02% zero probability fragments
[2024-10-18 22:00:03.540] [jointLog] [info] Thread saw mini-batch with a maximum of 5.98% zero probability fragments
[2024-10-18 22:00:03.787] [fileLog] [info] 
At end of round 0
==================
Observed 54012529 total fragments (54012529 in most recent round)

[2024-10-18 22:00:03.787] [jointLog] [info] Computed 257,790 rich equivalence classes for further processing
[2024-10-18 22:00:03.787] [jointLog] [info] Counted 35,941,284 total reads in the equivalence classes 
[2024-10-18 22:00:03.791] [jointLog] [info] Number of mappings discarded because of alignment score : 19,348,160
[2024-10-18 22:00:03.791] [jointLog] [info] Number of fragments entirely discarded because of alignment score : 3,713,666
[2024-10-18 22:00:03.791] [jointLog] [info] Number of fragments discarded because they are best-mapped to decoys : 3,006,813
[2024-10-18 22:00:03.791] [jointLog] [info] Number of fragments discarded because they have only dovetail (discordant) mappings to valid targets : 594,051
[2024-10-18 22:00:03.791] [jointLog] [info] Mapping rate = 66.5425%

[2024-10-18 22:00:03.791] [jointLog] [info] finished quantifyLibrary()
[2024-10-18 22:00:03.793] [jointLog] [info] Starting optimizer
[2024-10-18 22:00:03.997] [jointLog] [info] Marked 0 weighted equivalence classes as degenerate
[2024-10-18 22:00:04.041] [jointLog] [info] iteration = 0 | max rel diff. = 4010.66
[2024-10-18 22:00:04.434] [jointLog] [info] iteration 11, adjusting effective lengths to account for biases
[2024-10-18 22:02:40.648] [jointLog] [info] Computed expected counts (for bias correction)
[2024-10-18 22:02:40.648] [jointLog] [info] processed bias for 0.0% of the transcripts
[2024-10-18 22:02:54.820] [jointLog] [info] processed bias for 10.0% of the transcripts
[2024-10-18 22:03:07.768] [jointLog] [info] processed bias for 20.0% of the transcripts
[2024-10-18 22:03:20.846] [jointLog] [info] processed bias for 30.0% of the transcripts
[2024-10-18 22:03:33.252] [jointLog] [info] processed bias for 40.0% of the transcripts
[2024-10-18 22:03:46.120] [jointLog] [info] processed bias for 50.0% of the transcripts
[2024-10-18 22:03:58.357] [jointLog] [info] processed bias for 60.0% of the transcripts
[2024-10-18 22:04:11.619] [jointLog] [info] processed bias for 70.0% of the transcripts
[2024-10-18 22:04:23.284] [jointLog] [info] processed bias for 80.0% of the transcripts
[2024-10-18 22:04:35.541] [jointLog] [info] processed bias for 90.0% of the transcripts
[2024-10-18 22:04:46.818] [jointLog] [info] processed bias for 100.0% of the transcripts
[2024-10-18 22:04:49.824] [jointLog] [info] iteration = 100 | max rel diff. = 19.6412
[2024-10-18 22:04:53.154] [jointLog] [info] iteration = 200 | max rel diff. = 10.0746
[2024-10-18 22:04:56.436] [jointLog] [info] iteration = 300 | max rel diff. = 19.6305
[2024-10-18 22:04:59.744] [jointLog] [info] iteration = 400 | max rel diff. = 2.02507
[2024-10-18 22:05:02.999] [jointLog] [info] iteration = 500 | max rel diff. = 14.8123
[2024-10-18 22:05:06.190] [jointLog] [info] iteration = 600 | max rel diff. = 0.861951
[2024-10-18 22:05:09.426] [jointLog] [info] iteration = 700 | max rel diff. = 1.18557
[2024-10-18 22:05:12.693] [jointLog] [info] iteration = 800 | max rel diff. = 0.0489795
[2024-10-18 22:05:15.902] [jointLog] [info] iteration = 900 | max rel diff. = 0.210445
[2024-10-18 22:05:19.152] [jointLog] [info] iteration = 1,000 | max rel diff. = 0.064836
[2024-10-18 22:05:22.395] [jointLog] [info] iteration = 1,100 | max rel diff. = 0.0481055
[2024-10-18 22:05:25.656] [jointLog] [info] iteration = 1,200 | max rel diff. = 0.0176681
[2024-10-18 22:05:29.157] [jointLog] [info] iteration = 1,300 | max rel diff. = 0.0924997
[2024-10-18 22:05:32.609] [jointLog] [info] iteration = 1,400 | max rel diff. = 0.0160353
[2024-10-18 22:05:36.129] [jointLog] [info] iteration = 1,500 | max rel diff. = 0.0171366
[2024-10-18 22:05:39.488] [jointLog] [info] iteration = 1,600 | max rel diff. = 0.077514
[2024-10-18 22:05:42.805] [jointLog] [info] iteration = 1,700 | max rel diff. = 0.0254765
[2024-10-18 22:05:44.966] [jointLog] [info] iteration = 1,767 | max rel diff. = 0.00752293
[2024-10-18 22:05:45.031] [jointLog] [info] Finished optimizer
[2024-10-18 22:05:45.031] [jointLog] [info] writing output 

[2024-10-18 22:05:45.616] [jointLog] [info] Starting Bootstrapping
[2024-10-18 22:05:45.763] [jointLog] [info] Will draw 50 bootstrap samples
[2024-10-18 22:05:45.763] [jointLog] [info] Optimizing over 257,790 equivalence classes
[2024-10-18 22:05:45.798] [jointLog] [info] Marked 0 weighted equivalence classes as degenerate
[2024-10-18 22:06:49.412] [jointLog] [info] wrote 1 bootstraps
[2024-10-18 22:06:51.472] [jointLog] [info] wrote 2 bootstraps
[2024-10-18 22:07:06.608] [jointLog] [info] wrote 3 bootstraps
[2024-10-18 22:07:55.547] [jointLog] [info] wrote 4 bootstraps
[2024-10-18 22:08:14.030] [jointLog] [info] wrote 5 bootstraps
[2024-10-18 22:08:41.585] [jointLog] [info] wrote 6 bootstraps
[2024-10-18 22:09:17.741] [jointLog] [info] wrote 7 bootstraps
[2024-10-18 22:09:36.011] [jointLog] [info] wrote 8 bootstraps
[2024-10-18 22:09:46.594] [jointLog] [info] wrote 9 bootstraps
[2024-10-18 22:10:17.334] [jointLog] [info] wrote 10 bootstraps
[2024-10-18 22:10:37.633] [jointLog] [info] wrote 11 bootstraps
[2024-10-18 22:10:57.612] [jointLog] [info] wrote 12 bootstraps
[2024-10-18 22:11:20.476] [jointLog] [info] wrote 13 bootstraps
[2024-10-18 22:11:56.677] [jointLog] [info] wrote 14 bootstraps
[2024-10-18 22:12:15.961] [jointLog] [info] wrote 15 bootstraps
[2024-10-18 22:12:20.052] [jointLog] [info] wrote 16 bootstraps
[2024-10-18 22:13:14.720] [jointLog] [info] wrote 17 bootstraps
[2024-10-18 22:13:35.464] [jointLog] [info] wrote 18 bootstraps
[2024-10-18 22:13:36.017] [jointLog] [info] wrote 19 bootstraps
[2024-10-18 22:14:30.642] [jointLog] [info] wrote 20 bootstraps
[2024-10-18 22:14:38.054] [jointLog] [info] wrote 21 bootstraps
[2024-10-18 22:14:41.379] [jointLog] [info] wrote 22 bootstraps
[2024-10-18 22:15:33.071] [jointLog] [info] wrote 23 bootstraps
[2024-10-18 22:15:56.515] [jointLog] [info] wrote 24 bootstraps
[2024-10-18 22:15:58.757] [jointLog] [info] wrote 25 bootstraps
[2024-10-18 22:16:53.993] [jointLog] [info] wrote 26 bootstraps
[2024-10-18 22:17:14.567] [jointLog] [info] wrote 27 bootstraps
[2024-10-18 22:17:20.552] [jointLog] [info] wrote 28 bootstraps
[2024-10-18 22:18:15.958] [jointLog] [info] wrote 29 bootstraps
[2024-10-18 22:18:16.642] [jointLog] [info] wrote 30 bootstraps
[2024-10-18 22:18:36.264] [jointLog] [info] wrote 31 bootstraps
[2024-10-18 22:19:31.641] [jointLog] [info] wrote 32 bootstraps
[2024-10-18 22:19:38.658] [jointLog] [info] wrote 33 bootstraps
[2024-10-18 22:19:56.945] [jointLog] [info] wrote 34 bootstraps
[2024-10-18 22:20:48.528] [jointLog] [info] wrote 35 bootstraps
[2024-10-18 22:20:55.572] [jointLog] [info] wrote 36 bootstraps
[2024-10-18 22:21:18.264] [jointLog] [info] wrote 37 bootstraps
[2024-10-18 22:21:51.031] [jointLog] [info] wrote 38 bootstraps
[2024-10-18 22:22:04.164] [jointLog] [info] wrote 39 bootstraps
[2024-10-18 22:22:23.321] [jointLog] [info] wrote 40 bootstraps
[2024-10-18 22:23:03.471] [jointLog] [info] wrote 41 bootstraps
[2024-10-18 22:23:08.715] [jointLog] [info] wrote 42 bootstraps
[2024-10-18 22:23:33.367] [jointLog] [info] wrote 43 bootstraps
[2024-10-18 22:24:13.928] [jointLog] [info] wrote 44 bootstraps
[2024-10-18 22:24:25.990] [jointLog] [info] wrote 45 bootstraps
[2024-10-18 22:24:38.791] [jointLog] [info] wrote 46 bootstraps
[2024-10-18 22:25:29.725] [jointLog] [info] wrote 47 bootstraps
[2024-10-18 22:25:35.601] [jointLog] [info] wrote 48 bootstraps
[2024-10-18 22:25:57.954] [jointLog] [info] wrote 49 bootstraps
[2024-10-18 22:26:50.813] [jointLog] [info] wrote 50 bootstraps
[2024-10-18 22:26:50.858] [jointLog] [info] Finished Bootstrapping
[2024-10-18 22:26:50.858] [jointLog] [info] Computing gene-level abundance estimates
[2024-10-18 22:27:52.212] [jointLog] [info] There were 252416 transcripts mapping to 62696 genes
[2024-10-18 22:27:52.212] [jointLog] [info] NOTE: We recommend using tximport (https://bioconductor.org/packages/release/bioc/html/tximport.html) for aggregating transcript-level salmon abundance estimates to the gene level.  It is more versatile, exposes more features, and allows considering multi-sample information during aggregation.
[2024-10-18 22:27:52.726] [jointLog] [info] Aggregating expressions to gene level
[2024-10-18 22:27:52.919] [jointLog] [info] done
