[2024-10-18 19:53:27.137] [jointLog] [info] setting maxHashResizeThreads to 4
[2024-10-18 19:53:27.138] [jointLog] [info] Fragment incompatibility prior below threshold.  Incompatible fragments will be ignored.
[2024-10-18 19:53:27.138] [jointLog] [info] Usage of --validateMappings implies use of minScoreFraction. Since not explicitly specified, it is being set to 0.65
[2024-10-18 19:53:27.138] [jointLog] [info] Setting consensusSlack to selective-alignment default of 0.35.
[2024-10-18 19:53:27.138] [jointLog] [info] parsing read library format
[2024-10-18 19:53:27.138] [jointLog] [info] There is 1 library.
[2024-10-18 19:53:27.195] [jointLog] [info] Loading pufferfish index
[2024-10-18 19:53:27.196] [jointLog] [info] Loading dense pufferfish index.
[2024-10-18 19:53:50.271] [jointLog] [info] done
[2024-10-18 19:53:50.271] [jointLog] [info] Index contained 251,744 targets
[2024-10-18 19:53:52.702] [jointLog] [info] Number of decoys : 194
[2024-10-18 19:53:52.702] [jointLog] [info] First decoy index : 251,509 
[2024-10-18 19:53:54.483] [jointLog] [info] Automatically detected most likely library type as ISR

[2024-10-18 20:21:49.106] [jointLog] [info] Thread saw mini-batch with a maximum of 4.86% zero probability fragments
[2024-10-18 20:21:49.205] [jointLog] [info] Thread saw mini-batch with a maximum of 4.86% zero probability fragments
[2024-10-18 20:21:49.245] [jointLog] [info] Thread saw mini-batch with a maximum of 4.86% zero probability fragments
[2024-10-18 20:21:49.556] [jointLog] [info] Thread saw mini-batch with a maximum of 4.76% zero probability fragments
[2024-10-18 20:21:49.826] [jointLog] [info] Computed 408,943 rich equivalence classes for further processing
[2024-10-18 20:21:49.826] [jointLog] [info] Counted 36,251,187 total reads in the equivalence classes 
[2024-10-18 20:21:49.829] [jointLog] [info] Number of mappings discarded because of alignment score : 25,883,920
[2024-10-18 20:21:49.829] [jointLog] [info] Number of fragments entirely discarded because of alignment score : 7,852,206
[2024-10-18 20:21:49.829] [jointLog] [info] Number of fragments discarded because they are best-mapped to decoys : 6,760,246
[2024-10-18 20:21:49.829] [jointLog] [info] Number of fragments discarded because they have only dovetail (discordant) mappings to valid targets : 499,658
[2024-10-18 20:21:49.829] [jointLog] [info] Mapping rate = 56.3478%

[2024-10-18 20:21:49.829] [jointLog] [info] finished quantifyLibrary()
[2024-10-18 20:21:49.830] [jointLog] [info] Starting optimizer
[2024-10-18 20:21:50.063] [jointLog] [info] Marked 0 weighted equivalence classes as degenerate
[2024-10-18 20:21:49.827] [fileLog] [info] 
At end of round 0
==================
Observed 64334753 total fragments (64334753 in most recent round)

[2024-10-18 20:21:50.123] [jointLog] [info] iteration = 0 | max rel diff. = 3958.29
[2024-10-18 20:21:50.662] [jointLog] [info] iteration 11, adjusting effective lengths to account for biases
[2024-10-18 20:23:03.259] [jointLog] [info] Computed expected counts (for bias correction)
[2024-10-18 20:23:03.259] [jointLog] [info] processed bias for 0.0% of the transcripts
[2024-10-18 20:23:11.035] [jointLog] [info] processed bias for 10.0% of the transcripts
[2024-10-18 20:23:17.387] [jointLog] [info] processed bias for 20.0% of the transcripts
[2024-10-18 20:23:23.501] [jointLog] [info] processed bias for 30.0% of the transcripts
[2024-10-18 20:23:29.367] [jointLog] [info] processed bias for 40.0% of the transcripts
[2024-10-18 20:23:35.556] [jointLog] [info] processed bias for 50.0% of the transcripts
[2024-10-18 20:23:41.228] [jointLog] [info] processed bias for 60.0% of the transcripts
[2024-10-18 20:23:46.842] [jointLog] [info] processed bias for 70.0% of the transcripts
[2024-10-18 20:23:51.888] [jointLog] [info] processed bias for 80.0% of the transcripts
[2024-10-18 20:23:57.001] [jointLog] [info] processed bias for 90.0% of the transcripts
[2024-10-18 20:24:02.542] [jointLog] [info] processed bias for 100.0% of the transcripts
[2024-10-18 20:24:07.738] [jointLog] [info] iteration = 100 | max rel diff. = 14.8634
[2024-10-18 20:24:13.924] [jointLog] [info] iteration = 200 | max rel diff. = 5.96014
[2024-10-18 20:24:19.816] [jointLog] [info] iteration = 300 | max rel diff. = 9.79773
[2024-10-18 20:24:26.111] [jointLog] [info] iteration = 400 | max rel diff. = 6.7033
[2024-10-18 20:24:31.450] [jointLog] [info] iteration = 500 | max rel diff. = 3.34096
[2024-10-18 20:24:36.692] [jointLog] [info] iteration = 600 | max rel diff. = 5.57709
[2024-10-18 20:24:41.733] [jointLog] [info] iteration = 700 | max rel diff. = 1.34379
[2024-10-18 20:24:48.614] [jointLog] [info] iteration = 800 | max rel diff. = 0.0777289
[2024-10-18 20:24:53.759] [jointLog] [info] iteration = 900 | max rel diff. = 0.121499
[2024-10-18 20:24:58.715] [jointLog] [info] iteration = 1,000 | max rel diff. = 0.177594
[2024-10-18 20:25:03.885] [jointLog] [info] iteration = 1,100 | max rel diff. = 0.282607
[2024-10-18 20:25:09.474] [jointLog] [info] iteration = 1,200 | max rel diff. = 0.0840243
[2024-10-18 20:25:14.930] [jointLog] [info] iteration = 1,300 | max rel diff. = 8.39319
[2024-10-18 20:25:20.309] [jointLog] [info] iteration = 1,400 | max rel diff. = 0.027456
[2024-10-18 20:25:21.724] [jointLog] [info] iteration = 1,430 | max rel diff. = 0.00789698
[2024-10-18 20:25:21.772] [jointLog] [info] Finished optimizer
[2024-10-18 20:25:21.772] [jointLog] [info] writing output 

[2024-10-18 20:25:21.980] [jointLog] [info] Starting Bootstrapping
[2024-10-18 20:25:22.160] [jointLog] [info] Will draw 50 bootstrap samples
[2024-10-18 20:25:22.160] [jointLog] [info] Optimizing over 408,943 equivalence classes
[2024-10-18 20:25:22.230] [jointLog] [info] Marked 0 weighted equivalence classes as degenerate
[2024-10-18 20:26:31.359] [jointLog] [info] wrote 1 bootstraps
[2024-10-18 20:26:36.742] [jointLog] [info] wrote 2 bootstraps
[2024-10-18 20:26:47.529] [jointLog] [info] wrote 3 bootstraps
[2024-10-18 20:27:45.145] [jointLog] [info] wrote 4 bootstraps
[2024-10-18 20:27:48.893] [jointLog] [info] wrote 5 bootstraps
[2024-10-18 20:28:04.884] [jointLog] [info] wrote 6 bootstraps
[2024-10-18 20:29:04.751] [jointLog] [info] wrote 7 bootstraps
[2024-10-18 20:29:07.217] [jointLog] [info] wrote 8 bootstraps
[2024-10-18 20:29:21.413] [jointLog] [info] wrote 9 bootstraps
[2024-10-18 20:30:17.658] [jointLog] [info] wrote 10 bootstraps
[2024-10-18 20:30:20.001] [jointLog] [info] wrote 11 bootstraps
[2024-10-18 20:30:24.645] [jointLog] [info] wrote 12 bootstraps
[2024-10-18 20:31:35.275] [jointLog] [info] wrote 13 bootstraps
[2024-10-18 20:31:51.980] [jointLog] [info] wrote 14 bootstraps
[2024-10-18 20:31:56.187] [jointLog] [info] wrote 15 bootstraps
[2024-10-18 20:32:36.855] [jointLog] [info] wrote 16 bootstraps
[2024-10-18 20:32:48.239] [jointLog] [info] wrote 17 bootstraps
[2024-10-18 20:33:16.295] [jointLog] [info] wrote 18 bootstraps
[2024-10-18 20:34:04.960] [jointLog] [info] wrote 19 bootstraps
[2024-10-18 20:34:24.857] [jointLog] [info] wrote 20 bootstraps
[2024-10-18 20:34:33.423] [jointLog] [info] wrote 21 bootstraps
[2024-10-18 20:35:22.195] [jointLog] [info] wrote 22 bootstraps
[2024-10-18 20:35:30.814] [jointLog] [info] wrote 23 bootstraps
[2024-10-18 20:35:47.521] [jointLog] [info] wrote 24 bootstraps
[2024-10-18 20:36:28.145] [jointLog] [info] wrote 25 bootstraps
[2024-10-18 20:36:29.978] [jointLog] [info] wrote 26 bootstraps
[2024-10-18 20:36:59.968] [jointLog] [info] wrote 27 bootstraps
[2024-10-18 20:37:44.430] [jointLog] [info] wrote 28 bootstraps
[2024-10-18 20:37:53.622] [jointLog] [info] wrote 29 bootstraps
[2024-10-18 20:38:12.691] [jointLog] [info] wrote 30 bootstraps
[2024-10-18 20:38:52.362] [jointLog] [info] wrote 31 bootstraps
[2024-10-18 20:39:01.964] [jointLog] [info] wrote 32 bootstraps
[2024-10-18 20:39:33.732] [jointLog] [info] wrote 33 bootstraps
[2024-10-18 20:40:12.267] [jointLog] [info] wrote 34 bootstraps
[2024-10-18 20:40:14.327] [jointLog] [info] wrote 35 bootstraps
[2024-10-18 20:40:46.988] [jointLog] [info] wrote 36 bootstraps
[2024-10-18 20:41:20.129] [jointLog] [info] wrote 37 bootstraps
[2024-10-18 20:41:25.162] [jointLog] [info] wrote 38 bootstraps
[2024-10-18 20:42:17.455] [jointLog] [info] wrote 39 bootstraps
[2024-10-18 20:42:23.936] [jointLog] [info] wrote 40 bootstraps
[2024-10-18 20:42:32.324] [jointLog] [info] wrote 41 bootstraps
[2024-10-18 20:43:14.464] [jointLog] [info] wrote 42 bootstraps
[2024-10-18 20:43:29.930] [jointLog] [info] wrote 43 bootstraps
[2024-10-18 20:43:34.890] [jointLog] [info] wrote 44 bootstraps
[2024-10-18 20:44:28.616] [jointLog] [info] wrote 45 bootstraps
[2024-10-18 20:44:37.474] [jointLog] [info] wrote 46 bootstraps
[2024-10-18 20:44:58.423] [jointLog] [info] wrote 47 bootstraps
[2024-10-18 20:45:43.409] [jointLog] [info] wrote 48 bootstraps
[2024-10-18 20:45:50.745] [jointLog] [info] wrote 49 bootstraps
[2024-10-18 20:46:20.865] [jointLog] [info] wrote 50 bootstraps
[2024-10-18 20:46:20.908] [jointLog] [info] Finished Bootstrapping
[2024-10-18 20:46:20.908] [jointLog] [info] Computing gene-level abundance estimates
[2024-10-18 20:46:35.561] [jointLog] [info] There were 252416 transcripts mapping to 62696 genes
[2024-10-18 20:46:35.562] [jointLog] [info] NOTE: We recommend using tximport (https://bioconductor.org/packages/release/bioc/html/tximport.html) for aggregating transcript-level salmon abundance estimates to the gene level.  It is more versatile, exposes more features, and allows considering multi-sample information during aggregation.
[2024-10-18 20:46:40.109] [jointLog] [info] Aggregating expressions to gene level
[2024-10-18 20:46:45.161] [jointLog] [info] done
