[2023-02-16 14:59:50.908] [jointLog] [info] setting maxHashResizeThreads to 4
[2023-02-16 14:59:50.908] [jointLog] [info] Fragment incompatibility prior below threshold.  Incompatible fragments will be ignored.
[2023-02-16 14:59:50.908] [jointLog] [info] Usage of --validateMappings implies use of minScoreFraction. Since not explicitly specified, it is being set to 0.65
[2023-02-16 14:59:50.908] [jointLog] [info] Setting consensusSlack to selective-alignment default of 0.35.
[2023-02-16 14:59:50.908] [jointLog] [info] parsing read library format
[2023-02-16 14:59:50.908] [jointLog] [info] There is 1 library.
[2023-02-16 14:59:51.008] [jointLog] [info] Loading pufferfish index
[2023-02-16 14:59:51.039] [jointLog] [info] Loading dense pufferfish index.
[2023-02-16 15:04:23.388] [jointLog] [info] done
[2023-02-16 15:04:23.388] [jointLog] [info] Index contained 251,744 targets
[2023-02-16 15:04:26.733] [jointLog] [info] Number of decoys : 194
[2023-02-16 15:04:26.733] [jointLog] [info] First decoy index : 251,509 
[2023-02-16 15:04:32.267] [jointLog] [info] Automatically detected most likely library type as IU

[2023-02-16 15:31:26.111] [jointLog] [info] Computed 404,492 rich equivalence classes for further processing
[2023-02-16 15:31:26.111] [jointLog] [info] Counted 52,570,174 total reads in the equivalence classes 
[2023-02-16 15:31:26.115] [jointLog] [warning] 5.00297e-05% of fragments were shorter than the k used to build the index.
If this fraction is too large, consider re-building the index with a smaller k.
The minimum read size found was 15.


[2023-02-16 15:31:26.115] [jointLog] [info] Number of mappings discarded because of alignment score : 31,770,835
[2023-02-16 15:31:26.115] [jointLog] [info] Number of fragments entirely discarded because of alignment score : 5,223,591
[2023-02-16 15:31:26.115] [jointLog] [info] Number of fragments discarded because they are best-mapped to decoys : 3,855,524
[2023-02-16 15:31:26.115] [jointLog] [info] Number of fragments discarded because they have only dovetail (discordant) mappings to valid targets : 210,899
[2023-02-16 15:31:26.115] [jointLog] [info] Mapping rate = 84.841%

[2023-02-16 15:31:26.115] [jointLog] [info] finished quantifyLibrary()
[2023-02-16 15:31:26.117] [jointLog] [info] Starting optimizer
[2023-02-16 15:31:26.310] [jointLog] [info] Marked 0 weighted equivalence classes as degenerate
[2023-02-16 15:31:26.347] [jointLog] [info] iteration = 0 | max rel diff. = 96.7789
[2023-02-16 15:31:26.112] [fileLog] [info] 
At end of round 0
==================
Observed 61963198 total fragments (61963198 in most recent round)

[2023-02-16 15:31:26.719] [jointLog] [info] iteration 11, adjusting effective lengths to account for biases
[2023-02-16 15:33:32.181] [jointLog] [info] Computed expected counts (for bias correction)
[2023-02-16 15:33:32.182] [jointLog] [info] processed bias for 0.0% of the transcripts
[2023-02-16 15:33:43.365] [jointLog] [info] processed bias for 10.0% of the transcripts
[2023-02-16 15:33:53.574] [jointLog] [info] processed bias for 20.0% of the transcripts
[2023-02-16 15:34:04.110] [jointLog] [info] processed bias for 30.0% of the transcripts
[2023-02-16 15:34:14.437] [jointLog] [info] processed bias for 40.0% of the transcripts
[2023-02-16 15:34:24.654] [jointLog] [info] processed bias for 50.0% of the transcripts
[2023-02-16 15:34:34.376] [jointLog] [info] processed bias for 60.0% of the transcripts
[2023-02-16 15:34:43.846] [jointLog] [info] processed bias for 70.0% of the transcripts
[2023-02-16 15:34:53.609] [jointLog] [info] processed bias for 80.0% of the transcripts
[2023-02-16 15:35:04.425] [jointLog] [info] processed bias for 90.0% of the transcripts
[2023-02-16 15:35:15.231] [jointLog] [info] processed bias for 100.0% of the transcripts
[2023-02-16 15:35:18.279] [jointLog] [info] iteration = 100 | max rel diff. = 14.7565
[2023-02-16 15:35:21.730] [jointLog] [info] iteration = 200 | max rel diff. = 11.1107
[2023-02-16 15:35:25.169] [jointLog] [info] iteration = 300 | max rel diff. = 6.86557
[2023-02-16 15:35:28.673] [jointLog] [info] iteration = 400 | max rel diff. = 1.42619
[2023-02-16 15:35:32.106] [jointLog] [info] iteration = 500 | max rel diff. = 0.313157
[2023-02-16 15:35:35.668] [jointLog] [info] iteration = 600 | max rel diff. = 0.787953
[2023-02-16 15:35:39.082] [jointLog] [info] iteration = 700 | max rel diff. = 2.80086
[2023-02-16 15:35:42.483] [jointLog] [info] iteration = 800 | max rel diff. = 0.837715
[2023-02-16 15:35:45.968] [jointLog] [info] iteration = 900 | max rel diff. = 0.150057
[2023-02-16 15:35:49.375] [jointLog] [info] iteration = 1,000 | max rel diff. = 0.863854
[2023-02-16 15:35:52.676] [jointLog] [info] iteration = 1,100 | max rel diff. = 0.0254252
[2023-02-16 15:35:56.115] [jointLog] [info] iteration = 1,200 | max rel diff. = 0.125247
[2023-02-16 15:35:59.844] [jointLog] [info] iteration = 1,300 | max rel diff. = 0.0286075
[2023-02-16 15:36:03.458] [jointLog] [info] iteration = 1,400 | max rel diff. = 0.0330729
[2023-02-16 15:36:04.612] [jointLog] [info] iteration = 1,432 | max rel diff. = 0.0087052
[2023-02-16 15:36:04.665] [jointLog] [info] Finished optimizer
[2023-02-16 15:36:04.665] [jointLog] [info] writing output 

[2023-02-16 15:36:05.139] [jointLog] [info] Starting Bootstrapping
[2023-02-16 15:36:05.366] [jointLog] [info] Will draw 50 bootstrap samples
[2023-02-16 15:36:05.366] [jointLog] [info] Optimizing over 404,492 equivalence classes
[2023-02-16 15:36:05.411] [jointLog] [info] Marked 0 weighted equivalence classes as degenerate
[2023-02-16 15:37:34.089] [jointLog] [info] wrote 1 bootstraps
[2023-02-16 15:37:52.557] [jointLog] [info] wrote 2 bootstraps
[2023-02-16 15:38:01.532] [jointLog] [info] wrote 3 bootstraps
[2023-02-16 15:39:17.750] [jointLog] [info] wrote 4 bootstraps
[2023-02-16 15:39:45.932] [jointLog] [info] wrote 5 bootstraps
[2023-02-16 15:39:50.642] [jointLog] [info] wrote 6 bootstraps
[2023-02-16 15:41:23.379] [jointLog] [info] wrote 7 bootstraps
[2023-02-16 15:41:38.680] [jointLog] [info] wrote 8 bootstraps
[2023-02-16 15:41:52.634] [jointLog] [info] wrote 9 bootstraps
[2023-02-16 15:43:01.039] [jointLog] [info] wrote 10 bootstraps
[2023-02-16 15:43:06.266] [jointLog] [info] wrote 11 bootstraps
[2023-02-16 15:43:19.169] [jointLog] [info] wrote 12 bootstraps
[2023-02-16 15:44:52.736] [jointLog] [info] wrote 13 bootstraps
[2023-02-16 15:45:14.713] [jointLog] [info] wrote 14 bootstraps
[2023-02-16 15:45:26.047] [jointLog] [info] wrote 15 bootstraps
[2023-02-16 15:46:20.877] [jointLog] [info] wrote 16 bootstraps
[2023-02-16 15:46:47.351] [jointLog] [info] wrote 17 bootstraps
[2023-02-16 15:47:04.835] [jointLog] [info] wrote 18 bootstraps
[2023-02-16 15:47:54.286] [jointLog] [info] wrote 19 bootstraps
[2023-02-16 15:48:21.920] [jointLog] [info] wrote 20 bootstraps
[2023-02-16 15:48:59.138] [jointLog] [info] wrote 21 bootstraps
[2023-02-16 15:49:31.567] [jointLog] [info] wrote 22 bootstraps
[2023-02-16 15:50:48.794] [jointLog] [info] wrote 23 bootstraps
[2023-02-16 15:51:00.914] [jointLog] [info] wrote 24 bootstraps
[2023-02-16 15:51:28.243] [jointLog] [info] wrote 25 bootstraps
[2023-02-16 15:52:31.557] [jointLog] [info] wrote 26 bootstraps
[2023-02-16 15:52:36.941] [jointLog] [info] wrote 27 bootstraps
[2023-02-16 15:53:34.559] [jointLog] [info] wrote 28 bootstraps
[2023-02-16 15:54:16.341] [jointLog] [info] wrote 29 bootstraps
[2023-02-16 15:54:44.805] [jointLog] [info] wrote 30 bootstraps
[2023-02-16 15:55:50.420] [jointLog] [info] wrote 31 bootstraps
[2023-02-16 15:56:33.505] [jointLog] [info] wrote 32 bootstraps
[2023-02-16 15:56:41.583] [jointLog] [info] wrote 33 bootstraps
[2023-02-16 15:57:41.529] [jointLog] [info] wrote 34 bootstraps
[2023-02-16 15:58:28.219] [jointLog] [info] wrote 35 bootstraps
[2023-02-16 15:58:47.774] [jointLog] [info] wrote 36 bootstraps
[2023-02-16 15:59:28.214] [jointLog] [info] wrote 37 bootstraps
[2023-02-16 16:00:11.103] [jointLog] [info] wrote 38 bootstraps
[2023-02-16 16:00:15.081] [jointLog] [info] wrote 39 bootstraps
[2023-02-16 16:01:04.408] [jointLog] [info] wrote 40 bootstraps
[2023-02-16 16:01:58.215] [jointLog] [info] wrote 41 bootstraps
[2023-02-16 16:01:58.473] [jointLog] [info] wrote 42 bootstraps
[2023-02-16 16:02:41.872] [jointLog] [info] wrote 43 bootstraps
[2023-02-16 16:03:33.322] [jointLog] [info] wrote 44 bootstraps
[2023-02-16 16:03:34.157] [jointLog] [info] wrote 45 bootstraps
[2023-02-16 16:04:16.325] [jointLog] [info] wrote 46 bootstraps
[2023-02-16 16:05:09.435] [jointLog] [info] wrote 47 bootstraps
[2023-02-16 16:05:12.450] [jointLog] [info] wrote 48 bootstraps
[2023-02-16 16:06:03.001] [jointLog] [info] wrote 49 bootstraps
[2023-02-16 16:06:59.539] [jointLog] [info] wrote 50 bootstraps
[2023-02-16 16:06:59.572] [jointLog] [info] Finished Bootstrapping
[2023-02-16 16:06:59.572] [jointLog] [info] Computing gene-level abundance estimates
[2023-02-16 16:07:54.381] [jointLog] [info] There were 252416 transcripts mapping to 62696 genes
[2023-02-16 16:07:54.381] [jointLog] [info] NOTE: We recommend using tximport (https://bioconductor.org/packages/release/bioc/html/tximport.html) for aggregating transcript-level salmon abundance estimates to the gene level.  It is more versatile, exposes more features, and allows considering multi-sample information during aggregation.
[2023-02-16 16:07:54.948] [jointLog] [info] Aggregating expressions to gene level
[2023-02-16 16:07:55.130] [jointLog] [info] done
