[2024-09-07 13:48:25.533] [jointLog] [info] setting maxHashResizeThreads to 4
[2024-09-07 13:48:25.533] [jointLog] [info] Fragment incompatibility prior below threshold.  Incompatible fragments will be ignored.
[2024-09-07 13:48:25.533] [jointLog] [info] Usage of --validateMappings implies use of minScoreFraction. Since not explicitly specified, it is being set to 0.65
[2024-09-07 13:48:25.533] [jointLog] [info] Setting consensusSlack to selective-alignment default of 0.35.
[2024-09-07 13:48:25.533] [jointLog] [info] parsing read library format
[2024-09-07 13:48:25.533] [jointLog] [info] There is 1 library.
[2024-09-07 13:48:25.586] [jointLog] [info] Loading pufferfish index
[2024-09-07 13:48:25.587] [jointLog] [info] Loading dense pufferfish index.
[2024-09-07 13:49:05.484] [jointLog] [info] done
[2024-09-07 13:49:05.484] [jointLog] [info] Index contained 251,744 targets
[2024-09-07 13:49:09.041] [jointLog] [info] Number of decoys : 194
[2024-09-07 13:49:09.041] [jointLog] [info] First decoy index : 251,509 
[2024-09-07 13:49:10.812] [jointLog] [info] Automatically detected most likely library type as ISR

[2024-09-07 14:22:31.364] [jointLog] [info] Thread saw mini-batch with a maximum of 1.34% zero probability fragments
[2024-09-07 14:22:31.576] [jointLog] [info] Thread saw mini-batch with a maximum of 1.20% zero probability fragments
[2024-09-07 14:22:31.605] [jointLog] [info] Thread saw mini-batch with a maximum of 1.26% zero probability fragments
[2024-09-07 14:22:31.835] [jointLog] [info] Thread saw mini-batch with a maximum of 1.34% zero probability fragments
[2024-09-07 14:22:32.667] [jointLog] [info] Computed 640,954 rich equivalence classes for further processing
[2024-09-07 14:22:32.667] [jointLog] [info] Counted 34,492,940 total reads in the equivalence classes 
[2024-09-07 14:22:32.673] [jointLog] [warning] 1.37121e-05% of fragments were shorter than the k used to build the index.
If this fraction is too large, consider re-building the index with a smaller k.
The minimum read size found was 25.


[2024-09-07 14:22:32.673] [jointLog] [info] Number of mappings discarded because of alignment score : 12,831,263
[2024-09-07 14:22:32.673] [jointLog] [info] Number of fragments entirely discarded because of alignment score : 7,298,556
[2024-09-07 14:22:32.673] [jointLog] [info] Number of fragments discarded because they are best-mapped to decoys : 6,722,955
[2024-09-07 14:22:32.673] [jointLog] [info] Number of fragments discarded because they have only dovetail (discordant) mappings to valid targets : 211,190
[2024-09-07 14:22:32.673] [jointLog] [info] Mapping rate = 52.5522%

[2024-09-07 14:22:32.673] [jointLog] [info] finished quantifyLibrary()
[2024-09-07 14:22:32.674] [jointLog] [info] Starting optimizer
[2024-09-07 14:22:33.065] [jointLog] [info] Marked 0 weighted equivalence classes as degenerate
[2024-09-07 14:22:32.667] [fileLog] [info] 
At end of round 0
==================
Observed 65635580 total fragments (65635580 in most recent round)

[2024-09-07 14:22:33.134] [jointLog] [info] iteration = 0 | max rel diff. = 4238.02
[2024-09-07 14:22:33.759] [jointLog] [info] iteration 11, adjusting effective lengths to account for biases
[2024-09-07 14:29:04.997] [jointLog] [info] Computed expected counts (for bias correction)
[2024-09-07 14:29:04.998] [jointLog] [info] processed bias for 0.0% of the transcripts
[2024-09-07 14:29:39.058] [jointLog] [info] processed bias for 10.0% of the transcripts
[2024-09-07 14:30:09.150] [jointLog] [info] processed bias for 20.0% of the transcripts
[2024-09-07 14:30:38.906] [jointLog] [info] processed bias for 30.0% of the transcripts
[2024-09-07 14:31:09.748] [jointLog] [info] processed bias for 40.0% of the transcripts
[2024-09-07 14:31:41.469] [jointLog] [info] processed bias for 50.0% of the transcripts
[2024-09-07 14:32:11.010] [jointLog] [info] processed bias for 60.0% of the transcripts
[2024-09-07 14:32:39.300] [jointLog] [info] processed bias for 70.0% of the transcripts
[2024-09-07 14:33:07.163] [jointLog] [info] processed bias for 80.0% of the transcripts
[2024-09-07 14:33:35.901] [jointLog] [info] processed bias for 90.0% of the transcripts
[2024-09-07 14:34:06.399] [jointLog] [info] processed bias for 100.0% of the transcripts
[2024-09-07 14:34:12.104] [jointLog] [info] iteration = 100 | max rel diff. = 14.4643
[2024-09-07 14:34:18.364] [jointLog] [info] iteration = 200 | max rel diff. = 8.01916
[2024-09-07 14:34:24.582] [jointLog] [info] iteration = 300 | max rel diff. = 0.428318
[2024-09-07 14:34:30.777] [jointLog] [info] iteration = 400 | max rel diff. = 1.00313
[2024-09-07 14:34:36.610] [jointLog] [info] iteration = 500 | max rel diff. = 2.96904
[2024-09-07 14:34:42.677] [jointLog] [info] iteration = 600 | max rel diff. = 1.09107
[2024-09-07 14:34:49.082] [jointLog] [info] iteration = 700 | max rel diff. = 0.585686
[2024-09-07 14:34:55.492] [jointLog] [info] iteration = 800 | max rel diff. = 0.41101
[2024-09-07 14:35:02.040] [jointLog] [info] iteration = 900 | max rel diff. = 0.0563717
[2024-09-07 14:35:08.773] [jointLog] [info] iteration = 1,000 | max rel diff. = 1.95922
[2024-09-07 14:35:15.333] [jointLog] [info] iteration = 1,100 | max rel diff. = 0.032704
[2024-09-07 14:35:22.144] [jointLog] [info] iteration = 1,200 | max rel diff. = 0.0502151
[2024-09-07 14:35:29.073] [jointLog] [info] iteration = 1,300 | max rel diff. = 0.10813
[2024-09-07 14:35:35.871] [jointLog] [info] iteration = 1,400 | max rel diff. = 0.0590124
[2024-09-07 14:35:42.712] [jointLog] [info] iteration = 1,500 | max rel diff. = 0.495653
[2024-09-07 14:35:49.498] [jointLog] [info] iteration = 1,600 | max rel diff. = 0.0437469
[2024-09-07 14:35:56.067] [jointLog] [info] iteration = 1,700 | max rel diff. = 0.0378697
[2024-09-07 14:35:57.877] [jointLog] [info] iteration = 1,729 | max rel diff. = 0.00733349
[2024-09-07 14:35:57.948] [jointLog] [info] Finished optimizer
[2024-09-07 14:35:57.948] [jointLog] [info] writing output 

[2024-09-07 14:35:58.484] [jointLog] [info] Starting Bootstrapping
[2024-09-07 14:35:59.021] [jointLog] [info] Will draw 50 bootstrap samples
[2024-09-07 14:35:59.021] [jointLog] [info] Optimizing over 640,954 equivalence classes
[2024-09-07 14:35:59.128] [jointLog] [info] Marked 0 weighted equivalence classes as degenerate
[2024-09-07 14:38:37.668] [jointLog] [info] wrote 1 bootstraps
[2024-09-07 14:39:49.063] [jointLog] [info] wrote 2 bootstraps
[2024-09-07 14:39:49.819] [jointLog] [info] wrote 3 bootstraps
[2024-09-07 14:42:00.750] [jointLog] [info] wrote 4 bootstraps
[2024-09-07 14:42:40.760] [jointLog] [info] wrote 5 bootstraps
[2024-09-07 14:43:55.671] [jointLog] [info] wrote 6 bootstraps
[2024-09-07 14:45:59.496] [jointLog] [info] wrote 7 bootstraps
[2024-09-07 14:46:17.117] [jointLog] [info] wrote 8 bootstraps
[2024-09-07 14:46:25.193] [jointLog] [info] wrote 9 bootstraps
[2024-09-07 14:49:28.341] [jointLog] [info] wrote 10 bootstraps
[2024-09-07 14:49:33.948] [jointLog] [info] wrote 11 bootstraps
[2024-09-07 14:50:01.724] [jointLog] [info] wrote 12 bootstraps
[2024-09-07 14:52:17.405] [jointLog] [info] wrote 13 bootstraps
[2024-09-07 14:52:56.944] [jointLog] [info] wrote 14 bootstraps
[2024-09-07 14:53:24.173] [jointLog] [info] wrote 15 bootstraps
[2024-09-07 14:55:04.997] [jointLog] [info] wrote 16 bootstraps
[2024-09-07 14:55:44.971] [jointLog] [info] wrote 17 bootstraps
[2024-09-07 14:56:59.381] [jointLog] [info] wrote 18 bootstraps
[2024-09-07 14:57:50.707] [jointLog] [info] wrote 19 bootstraps
[2024-09-07 14:58:44.627] [jointLog] [info] wrote 20 bootstraps
[2024-09-07 15:00:54.605] [jointLog] [info] wrote 21 bootstraps
[2024-09-07 15:01:00.069] [jointLog] [info] wrote 22 bootstraps
[2024-09-07 15:01:41.919] [jointLog] [info] wrote 23 bootstraps
[2024-09-07 15:04:07.064] [jointLog] [info] wrote 24 bootstraps
[2024-09-07 15:04:15.477] [jointLog] [info] wrote 25 bootstraps
[2024-09-07 15:05:29.866] [jointLog] [info] wrote 26 bootstraps
[2024-09-07 15:07:01.028] [jointLog] [info] wrote 27 bootstraps
[2024-09-07 15:08:02.582] [jointLog] [info] wrote 28 bootstraps
[2024-09-07 15:08:48.674] [jointLog] [info] wrote 29 bootstraps
[2024-09-07 15:10:06.107] [jointLog] [info] wrote 30 bootstraps
[2024-09-07 15:10:51.868] [jointLog] [info] wrote 31 bootstraps
[2024-09-07 15:11:24.896] [jointLog] [info] wrote 32 bootstraps
[2024-09-07 15:13:49.020] [jointLog] [info] wrote 33 bootstraps
[2024-09-07 15:14:01.953] [jointLog] [info] wrote 34 bootstraps
[2024-09-07 15:14:21.162] [jointLog] [info] wrote 35 bootstraps
[2024-09-07 15:16:56.015] [jointLog] [info] wrote 36 bootstraps
[2024-09-07 15:17:47.321] [jointLog] [info] wrote 37 bootstraps
[2024-09-07 15:17:50.593] [jointLog] [info] wrote 38 bootstraps
[2024-09-07 15:20:28.282] [jointLog] [info] wrote 39 bootstraps
[2024-09-07 15:21:23.477] [jointLog] [info] wrote 40 bootstraps
[2024-09-07 15:21:33.419] [jointLog] [info] wrote 41 bootstraps
[2024-09-07 15:23:46.980] [jointLog] [info] wrote 42 bootstraps
[2024-09-07 15:24:05.889] [jointLog] [info] wrote 43 bootstraps
[2024-09-07 15:24:11.164] [jointLog] [info] wrote 44 bootstraps
[2024-09-07 15:27:30.780] [jointLog] [info] wrote 45 bootstraps
[2024-09-07 15:27:32.116] [jointLog] [info] wrote 46 bootstraps
[2024-09-07 15:27:35.359] [jointLog] [info] wrote 47 bootstraps
[2024-09-07 15:29:54.088] [jointLog] [info] wrote 48 bootstraps
[2024-09-07 15:30:30.243] [jointLog] [info] wrote 49 bootstraps
[2024-09-07 15:30:56.728] [jointLog] [info] wrote 50 bootstraps
[2024-09-07 15:30:56.811] [jointLog] [info] Finished Bootstrapping
[2024-09-07 15:30:56.811] [jointLog] [info] Computing gene-level abundance estimates
[2024-09-07 15:31:54.560] [jointLog] [info] There were 252416 transcripts mapping to 62696 genes
[2024-09-07 15:31:54.561] [jointLog] [info] NOTE: We recommend using tximport (https://bioconductor.org/packages/release/bioc/html/tximport.html) for aggregating transcript-level salmon abundance estimates to the gene level.  It is more versatile, exposes more features, and allows considering multi-sample information during aggregation.
[2024-09-07 15:31:55.218] [jointLog] [info] Aggregating expressions to gene level
[2024-09-07 15:31:55.429] [jointLog] [info] done
