[2024-03-20 17:43:13.056] [jointLog] [info] setting maxHashResizeThreads to 4
[2024-03-20 17:43:13.056] [jointLog] [info] Fragment incompatibility prior below threshold.  Incompatible fragments will be ignored.
[2024-03-20 17:43:13.056] [jointLog] [info] Usage of --validateMappings implies use of minScoreFraction. Since not explicitly specified, it is being set to 0.65
[2024-03-20 17:43:13.056] [jointLog] [info] Setting consensusSlack to selective-alignment default of 0.35.
[2024-03-20 17:43:13.056] [jointLog] [info] parsing read library format
[2024-03-20 17:43:13.056] [jointLog] [info] There is 1 library.
[2024-03-20 17:43:13.125] [jointLog] [info] Loading pufferfish index
[2024-03-20 17:43:13.126] [jointLog] [info] Loading dense pufferfish index.
[2024-03-20 17:49:13.922] [jointLog] [info] done
[2024-03-20 17:49:13.922] [jointLog] [info] Index contained 251,744 targets
[2024-03-20 17:49:17.255] [jointLog] [info] Number of decoys : 194
[2024-03-20 17:49:17.255] [jointLog] [info] First decoy index : 251,509 
[2024-03-20 17:49:19.182] [jointLog] [info] Automatically detected most likely library type as ISR

[2024-03-20 18:09:44.681] [jointLog] [info] Thread saw mini-batch with a maximum of 1.20% zero probability fragments
[2024-03-20 18:09:44.764] [jointLog] [info] Thread saw mini-batch with a maximum of 1.20% zero probability fragments
[2024-03-20 18:09:44.945] [jointLog] [info] Thread saw mini-batch with a maximum of 1.18% zero probability fragments
[2024-03-20 18:09:45.015] [jointLog] [info] Thread saw mini-batch with a maximum of 1.16% zero probability fragments
[2024-03-20 18:09:45.584] [jointLog] [info] Computed 596,947 rich equivalence classes for further processing
[2024-03-20 18:09:45.584] [jointLog] [info] Counted 31,638,273 total reads in the equivalence classes 
[2024-03-20 18:09:45.587] [jointLog] [warning] 2.56121e-05% of fragments were shorter than the k used to build the index.
If this fraction is too large, consider re-building the index with a smaller k.
The minimum read size found was 18.


[2024-03-20 18:09:45.587] [jointLog] [info] Number of mappings discarded because of alignment score : 11,989,567
[2024-03-20 18:09:45.587] [jointLog] [info] Number of fragments entirely discarded because of alignment score : 5,533,674
[2024-03-20 18:09:45.587] [jointLog] [info] Number of fragments discarded because they are best-mapped to decoys : 5,004,984
[2024-03-20 18:09:45.587] [jointLog] [info] Number of fragments discarded because they have only dovetail (discordant) mappings to valid targets : 232,031
[2024-03-20 18:09:45.587] [jointLog] [info] Mapping rate = 57.8802%

[2024-03-20 18:09:45.587] [jointLog] [info] finished quantifyLibrary()
[2024-03-20 18:09:45.595] [jointLog] [info] Starting optimizer
[2024-03-20 18:09:45.584] [fileLog] [info] 
At end of round 0
==================
Observed 54661654 total fragments (54661654 in most recent round)

[2024-03-20 18:09:45.954] [jointLog] [info] Marked 0 weighted equivalence classes as degenerate
[2024-03-20 18:09:46.024] [jointLog] [info] iteration = 0 | max rel diff. = 4581.97
[2024-03-20 18:09:46.631] [jointLog] [info] iteration 11, adjusting effective lengths to account for biases
[2024-03-20 18:13:02.127] [jointLog] [info] Computed expected counts (for bias correction)
[2024-03-20 18:13:02.127] [jointLog] [info] processed bias for 0.0% of the transcripts
[2024-03-20 18:13:25.510] [jointLog] [info] processed bias for 10.0% of the transcripts
[2024-03-20 18:13:46.109] [jointLog] [info] processed bias for 20.0% of the transcripts
[2024-03-20 18:14:06.564] [jointLog] [info] processed bias for 30.0% of the transcripts
[2024-03-20 18:14:27.353] [jointLog] [info] processed bias for 40.0% of the transcripts
[2024-03-20 18:14:47.963] [jointLog] [info] processed bias for 50.0% of the transcripts
[2024-03-20 18:15:07.008] [jointLog] [info] processed bias for 60.0% of the transcripts
[2024-03-20 18:15:26.827] [jointLog] [info] processed bias for 70.0% of the transcripts
[2024-03-20 18:15:45.852] [jointLog] [info] processed bias for 80.0% of the transcripts
[2024-03-20 18:16:04.686] [jointLog] [info] processed bias for 90.0% of the transcripts
[2024-03-20 18:16:23.979] [jointLog] [info] processed bias for 100.0% of the transcripts
[2024-03-20 18:16:29.621] [jointLog] [info] iteration = 100 | max rel diff. = 20.7684
[2024-03-20 18:16:35.552] [jointLog] [info] iteration = 200 | max rel diff. = 9.43373
[2024-03-20 18:16:41.660] [jointLog] [info] iteration = 300 | max rel diff. = 9.514
[2024-03-20 18:16:47.753] [jointLog] [info] iteration = 400 | max rel diff. = 2.80089
[2024-03-20 18:16:53.987] [jointLog] [info] iteration = 500 | max rel diff. = 0.63509
[2024-03-20 18:16:59.919] [jointLog] [info] iteration = 600 | max rel diff. = 2.89235
[2024-03-20 18:17:05.728] [jointLog] [info] iteration = 700 | max rel diff. = 0.515455
[2024-03-20 18:17:11.923] [jointLog] [info] iteration = 800 | max rel diff. = 0.359065
[2024-03-20 18:17:17.793] [jointLog] [info] iteration = 900 | max rel diff. = 1.29772
[2024-03-20 18:17:23.575] [jointLog] [info] iteration = 1,000 | max rel diff. = 0.531437
[2024-03-20 18:17:29.344] [jointLog] [info] iteration = 1,100 | max rel diff. = 1.66533
[2024-03-20 18:17:34.828] [jointLog] [info] iteration = 1,200 | max rel diff. = 1.24456
[2024-03-20 18:17:40.793] [jointLog] [info] iteration = 1,300 | max rel diff. = 6.73922
[2024-03-20 18:17:46.675] [jointLog] [info] iteration = 1,400 | max rel diff. = 0.145665
[2024-03-20 18:17:52.578] [jointLog] [info] iteration = 1,500 | max rel diff. = 0.5113
[2024-03-20 18:17:58.382] [jointLog] [info] iteration = 1,600 | max rel diff. = 0.229942
[2024-03-20 18:18:04.088] [jointLog] [info] iteration = 1,700 | max rel diff. = 0.0300427
[2024-03-20 18:18:09.658] [jointLog] [info] iteration = 1,800 | max rel diff. = 0.0388524
[2024-03-20 18:18:12.636] [jointLog] [info] iteration = 1,855 | max rel diff. = 0.00721105
[2024-03-20 18:18:12.701] [jointLog] [info] Finished optimizer
[2024-03-20 18:18:12.701] [jointLog] [info] writing output 

[2024-03-20 18:18:13.128] [jointLog] [info] Starting Bootstrapping
[2024-03-20 18:18:13.354] [jointLog] [info] Will draw 50 bootstrap samples
[2024-03-20 18:18:13.354] [jointLog] [info] Optimizing over 596,947 equivalence classes
[2024-03-20 18:18:13.422] [jointLog] [info] Marked 0 weighted equivalence classes as degenerate
[2024-03-20 18:20:06.013] [jointLog] [info] wrote 1 bootstraps
[2024-03-20 18:20:41.376] [jointLog] [info] wrote 2 bootstraps
[2024-03-20 18:20:53.375] [jointLog] [info] wrote 3 bootstraps
[2024-03-20 18:22:55.217] [jointLog] [info] wrote 4 bootstraps
[2024-03-20 18:23:20.856] [jointLog] [info] wrote 5 bootstraps
[2024-03-20 18:23:40.202] [jointLog] [info] wrote 6 bootstraps
[2024-03-20 18:25:56.728] [jointLog] [info] wrote 7 bootstraps
[2024-03-20 18:26:09.281] [jointLog] [info] wrote 8 bootstraps
[2024-03-20 18:26:31.875] [jointLog] [info] wrote 9 bootstraps
[2024-03-20 18:28:15.667] [jointLog] [info] wrote 10 bootstraps
[2024-03-20 18:28:30.709] [jointLog] [info] wrote 11 bootstraps
[2024-03-20 18:29:16.835] [jointLog] [info] wrote 12 bootstraps
[2024-03-20 18:30:45.575] [jointLog] [info] wrote 13 bootstraps
[2024-03-20 18:31:04.023] [jointLog] [info] wrote 14 bootstraps
[2024-03-20 18:32:20.028] [jointLog] [info] wrote 15 bootstraps
[2024-03-20 18:33:35.477] [jointLog] [info] wrote 16 bootstraps
[2024-03-20 18:34:04.696] [jointLog] [info] wrote 17 bootstraps
[2024-03-20 18:35:04.824] [jointLog] [info] wrote 18 bootstraps
[2024-03-20 18:35:46.531] [jointLog] [info] wrote 19 bootstraps
[2024-03-20 18:36:51.139] [jointLog] [info] wrote 20 bootstraps
[2024-03-20 18:36:59.464] [jointLog] [info] wrote 21 bootstraps
[2024-03-20 18:37:41.114] [jointLog] [info] wrote 22 bootstraps
[2024-03-20 18:39:12.042] [jointLog] [info] wrote 23 bootstraps
[2024-03-20 18:39:21.804] [jointLog] [info] wrote 24 bootstraps
[2024-03-20 18:40:29.574] [jointLog] [info] wrote 25 bootstraps
[2024-03-20 18:41:47.024] [jointLog] [info] wrote 26 bootstraps
[2024-03-20 18:42:01.897] [jointLog] [info] wrote 27 bootstraps
[2024-03-20 18:43:07.271] [jointLog] [info] wrote 28 bootstraps
[2024-03-20 18:44:40.751] [jointLog] [info] wrote 29 bootstraps
[2024-03-20 18:44:46.274] [jointLog] [info] wrote 30 bootstraps
[2024-03-20 18:45:06.744] [jointLog] [info] wrote 31 bootstraps
[2024-03-20 18:47:14.383] [jointLog] [info] wrote 32 bootstraps
[2024-03-20 18:47:28.995] [jointLog] [info] wrote 33 bootstraps
[2024-03-20 18:47:49.671] [jointLog] [info] wrote 34 bootstraps
[2024-03-20 18:49:25.960] [jointLog] [info] wrote 35 bootstraps
[2024-03-20 18:49:49.794] [jointLog] [info] wrote 36 bootstraps
[2024-03-20 18:50:20.889] [jointLog] [info] wrote 37 bootstraps
[2024-03-20 18:51:35.944] [jointLog] [info] wrote 38 bootstraps
[2024-03-20 18:51:56.341] [jointLog] [info] wrote 39 bootstraps
[2024-03-20 18:53:13.733] [jointLog] [info] wrote 40 bootstraps
[2024-03-20 18:53:45.402] [jointLog] [info] wrote 41 bootstraps
[2024-03-20 18:54:37.707] [jointLog] [info] wrote 42 bootstraps
[2024-03-20 18:56:18.550] [jointLog] [info] wrote 43 bootstraps
[2024-03-20 18:56:45.508] [jointLog] [info] wrote 44 bootstraps
[2024-03-20 18:57:29.910] [jointLog] [info] wrote 45 bootstraps
[2024-03-20 18:59:08.765] [jointLog] [info] wrote 46 bootstraps
[2024-03-20 18:59:17.938] [jointLog] [info] wrote 47 bootstraps
[2024-03-20 19:00:03.227] [jointLog] [info] wrote 48 bootstraps
[2024-03-20 19:01:24.947] [jointLog] [info] wrote 49 bootstraps
[2024-03-20 19:01:51.303] [jointLog] [info] wrote 50 bootstraps
[2024-03-20 19:01:51.359] [jointLog] [info] Finished Bootstrapping
[2024-03-20 19:01:51.359] [jointLog] [info] Computing gene-level abundance estimates
[2024-03-20 19:02:40.566] [jointLog] [info] There were 252416 transcripts mapping to 62696 genes
[2024-03-20 19:02:40.567] [jointLog] [info] NOTE: We recommend using tximport (https://bioconductor.org/packages/release/bioc/html/tximport.html) for aggregating transcript-level salmon abundance estimates to the gene level.  It is more versatile, exposes more features, and allows considering multi-sample information during aggregation.
[2024-03-20 19:02:41.135] [jointLog] [info] Aggregating expressions to gene level
[2024-03-20 19:02:41.315] [jointLog] [info] done
