[2024-08-07 01:21:54.353] [jointLog] [info] setting maxHashResizeThreads to 4
[2024-08-07 01:21:54.353] [jointLog] [info] Fragment incompatibility prior below threshold.  Incompatible fragments will be ignored.
[2024-08-07 01:21:54.353] [jointLog] [info] Usage of --validateMappings implies use of minScoreFraction. Since not explicitly specified, it is being set to 0.65
[2024-08-07 01:21:54.353] [jointLog] [info] Setting consensusSlack to selective-alignment default of 0.35.
[2024-08-07 01:21:54.353] [jointLog] [info] parsing read library format
[2024-08-07 01:21:54.353] [jointLog] [info] There is 1 library.
[2024-08-07 01:21:54.503] [jointLog] [info] Loading pufferfish index
[2024-08-07 01:21:54.514] [jointLog] [info] Loading dense pufferfish index.
[2024-08-07 01:22:47.634] [jointLog] [info] done
[2024-08-07 01:22:47.634] [jointLog] [info] Index contained 251,744 targets
[2024-08-07 01:22:54.097] [jointLog] [info] Number of decoys : 194
[2024-08-07 01:22:54.097] [jointLog] [info] First decoy index : 251,509 
[2024-08-07 01:22:58.337] [jointLog] [info] Automatically detected most likely library type as ISR

[2024-08-07 02:17:01.425] [jointLog] [info] Thread saw mini-batch with a maximum of 1.20% zero probability fragments
[2024-08-07 02:17:01.498] [jointLog] [info] Thread saw mini-batch with a maximum of 1.28% zero probability fragments
[2024-08-07 02:17:01.581] [jointLog] [info] Thread saw mini-batch with a maximum of 1.20% zero probability fragments
[2024-08-07 02:17:01.844] [jointLog] [info] Thread saw mini-batch with a maximum of 1.20% zero probability fragments
[2024-08-07 02:17:02.543] [fileLog] [info] 
At end of round 0
==================
Observed 29810894 total fragments (29810894 in most recent round)

[2024-08-07 02:17:02.539] [jointLog] [info] Computed 351,543 rich equivalence classes for further processing
[2024-08-07 02:17:02.539] [jointLog] [info] Counted 23,586,887 total reads in the equivalence classes 
[2024-08-07 02:17:02.553] [jointLog] [info] Number of mappings discarded because of alignment score : 16,818,456
[2024-08-07 02:17:02.553] [jointLog] [info] Number of fragments entirely discarded because of alignment score : 3,197,348
[2024-08-07 02:17:02.553] [jointLog] [info] Number of fragments discarded because they are best-mapped to decoys : 2,221,055
[2024-08-07 02:17:02.553] [jointLog] [info] Number of fragments discarded because they have only dovetail (discordant) mappings to valid targets : 79,928
[2024-08-07 02:17:02.553] [jointLog] [info] Mapping rate = 79.1217%

[2024-08-07 02:17:02.553] [jointLog] [info] finished quantifyLibrary()
[2024-08-07 02:17:02.555] [jointLog] [info] Starting optimizer
[2024-08-07 02:17:03.073] [jointLog] [info] Marked 0 weighted equivalence classes as degenerate
[2024-08-07 02:17:03.191] [jointLog] [info] iteration = 0 | max rel diff. = 4931.5
[2024-08-07 02:17:04.332] [jointLog] [info] iteration 11, adjusting effective lengths to account for biases
[2024-08-07 02:20:46.507] [jointLog] [info] Computed expected counts (for bias correction)
[2024-08-07 02:20:46.508] [jointLog] [info] processed bias for 0.0% of the transcripts
[2024-08-07 02:21:05.860] [jointLog] [info] processed bias for 10.0% of the transcripts
[2024-08-07 02:21:24.012] [jointLog] [info] processed bias for 20.0% of the transcripts
[2024-08-07 02:21:42.294] [jointLog] [info] processed bias for 30.0% of the transcripts
[2024-08-07 02:22:00.055] [jointLog] [info] processed bias for 40.0% of the transcripts
[2024-08-07 02:22:17.335] [jointLog] [info] processed bias for 50.0% of the transcripts
[2024-08-07 02:22:34.385] [jointLog] [info] processed bias for 60.0% of the transcripts
[2024-08-07 02:22:52.021] [jointLog] [info] processed bias for 70.0% of the transcripts
[2024-08-07 02:23:09.200] [jointLog] [info] processed bias for 80.0% of the transcripts
[2024-08-07 02:23:26.357] [jointLog] [info] processed bias for 90.0% of the transcripts
[2024-08-07 02:23:44.067] [jointLog] [info] processed bias for 100.0% of the transcripts
[2024-08-07 02:24:01.843] [jointLog] [info] iteration = 100 | max rel diff. = 14.0937
[2024-08-07 02:24:20.673] [jointLog] [info] iteration = 200 | max rel diff. = 19.5359
[2024-08-07 02:24:39.570] [jointLog] [info] iteration = 300 | max rel diff. = 1.8485
[2024-08-07 02:24:59.017] [jointLog] [info] iteration = 400 | max rel diff. = 0.720393
[2024-08-07 02:25:17.892] [jointLog] [info] iteration = 500 | max rel diff. = 0.324258
[2024-08-07 02:25:36.986] [jointLog] [info] iteration = 600 | max rel diff. = 2.16185
[2024-08-07 02:25:55.494] [jointLog] [info] iteration = 700 | max rel diff. = 0.105765
[2024-08-07 02:26:14.082] [jointLog] [info] iteration = 800 | max rel diff. = 0.187357
[2024-08-07 02:26:35.004] [jointLog] [info] iteration = 900 | max rel diff. = 0.716491
[2024-08-07 02:26:58.316] [jointLog] [info] iteration = 1,000 | max rel diff. = 0.0365661
[2024-08-07 02:27:22.060] [jointLog] [info] iteration = 1,100 | max rel diff. = 2.81426
[2024-08-07 02:27:45.542] [jointLog] [info] iteration = 1,200 | max rel diff. = 0.180861
[2024-08-07 02:28:09.181] [jointLog] [info] iteration = 1,300 | max rel diff. = 0.0561676
[2024-08-07 02:28:32.651] [jointLog] [info] iteration = 1,400 | max rel diff. = 1.74761
[2024-08-07 02:28:36.697] [jointLog] [info] iteration = 1,419 | max rel diff. = 0.00620972
[2024-08-07 02:28:36.987] [jointLog] [info] Finished optimizer
[2024-08-07 02:28:36.987] [jointLog] [info] writing output 

[2024-08-07 02:28:37.661] [jointLog] [info] Starting Bootstrapping
[2024-08-07 02:28:38.220] [jointLog] [info] Will draw 50 bootstrap samples
[2024-08-07 02:28:38.220] [jointLog] [info] Optimizing over 351,543 equivalence classes
[2024-08-07 02:28:38.552] [jointLog] [info] Marked 0 weighted equivalence classes as degenerate
[2024-08-07 02:34:39.765] [jointLog] [info] wrote 1 bootstraps
[2024-08-07 02:35:18.916] [jointLog] [info] wrote 2 bootstraps
[2024-08-07 02:36:22.392] [jointLog] [info] wrote 3 bootstraps
[2024-08-07 02:41:22.090] [jointLog] [info] wrote 4 bootstraps
[2024-08-07 02:42:48.534] [jointLog] [info] wrote 5 bootstraps
[2024-08-07 02:43:54.096] [jointLog] [info] wrote 6 bootstraps
[2024-08-07 02:47:51.464] [jointLog] [info] wrote 7 bootstraps
[2024-08-07 02:48:47.280] [jointLog] [info] wrote 8 bootstraps
[2024-08-07 02:49:44.492] [jointLog] [info] wrote 9 bootstraps
[2024-08-07 02:55:57.901] [jointLog] [info] wrote 10 bootstraps
[2024-08-07 02:56:20.179] [jointLog] [info] wrote 11 bootstraps
[2024-08-07 02:57:01.572] [jointLog] [info] wrote 12 bootstraps
[2024-08-07 03:03:08.165] [jointLog] [info] wrote 13 bootstraps
[2024-08-07 03:04:39.881] [jointLog] [info] wrote 14 bootstraps
[2024-08-07 03:05:07.244] [jointLog] [info] wrote 15 bootstraps
[2024-08-07 03:11:45.346] [jointLog] [info] wrote 16 bootstraps
[2024-08-07 03:12:13.091] [jointLog] [info] wrote 17 bootstraps
[2024-08-07 03:13:25.083] [jointLog] [info] wrote 18 bootstraps
[2024-08-07 03:19:11.909] [jointLog] [info] wrote 19 bootstraps
[2024-08-07 03:19:26.893] [jointLog] [info] wrote 20 bootstraps
[2024-08-07 03:20:31.317] [jointLog] [info] wrote 21 bootstraps
[2024-08-07 03:24:45.242] [jointLog] [info] wrote 22 bootstraps
[2024-08-07 03:27:11.980] [jointLog] [info] wrote 23 bootstraps
[2024-08-07 03:29:46.698] [jointLog] [info] wrote 24 bootstraps
[2024-08-07 03:32:21.182] [jointLog] [info] wrote 25 bootstraps
[2024-08-07 03:36:00.587] [jointLog] [info] wrote 26 bootstraps
[2024-08-07 03:38:22.882] [jointLog] [info] wrote 27 bootstraps
[2024-08-07 03:40:09.804] [jointLog] [info] wrote 28 bootstraps
[2024-08-07 03:44:20.489] [jointLog] [info] wrote 29 bootstraps
[2024-08-07 03:45:48.786] [jointLog] [info] wrote 30 bootstraps
[2024-08-07 03:47:56.754] [jointLog] [info] wrote 31 bootstraps
[2024-08-07 03:49:54.754] [jointLog] [info] wrote 32 bootstraps
[2024-08-07 03:51:06.278] [jointLog] [info] wrote 33 bootstraps
[2024-08-07 03:52:18.693] [jointLog] [info] wrote 34 bootstraps
[2024-08-07 03:53:34.237] [jointLog] [info] wrote 35 bootstraps
[2024-08-07 03:53:57.932] [jointLog] [info] wrote 36 bootstraps
[2024-08-07 03:55:41.059] [jointLog] [info] wrote 37 bootstraps
[2024-08-07 03:56:38.276] [jointLog] [info] wrote 38 bootstraps
[2024-08-07 03:56:51.217] [jointLog] [info] wrote 39 bootstraps
[2024-08-07 03:58:15.593] [jointLog] [info] wrote 40 bootstraps
[2024-08-07 03:58:39.143] [jointLog] [info] wrote 41 bootstraps
[2024-08-07 04:00:36.193] [jointLog] [info] wrote 42 bootstraps
[2024-08-07 04:01:06.869] [jointLog] [info] wrote 43 bootstraps
[2024-08-07 04:01:22.155] [jointLog] [info] wrote 44 bootstraps
[2024-08-07 04:03:51.806] [jointLog] [info] wrote 45 bootstraps
[2024-08-07 04:04:07.119] [jointLog] [info] wrote 46 bootstraps
[2024-08-07 04:04:08.866] [jointLog] [info] wrote 47 bootstraps
[2024-08-07 04:06:04.576] [jointLog] [info] wrote 48 bootstraps
[2024-08-07 04:06:05.906] [jointLog] [info] wrote 49 bootstraps
[2024-08-07 04:06:06.472] [jointLog] [info] wrote 50 bootstraps
[2024-08-07 04:06:06.553] [jointLog] [info] Finished Bootstrapping
[2024-08-07 04:06:06.553] [jointLog] [info] Computing gene-level abundance estimates
[2024-08-07 04:07:00.049] [jointLog] [info] There were 252416 transcripts mapping to 62696 genes
[2024-08-07 04:07:00.050] [jointLog] [info] NOTE: We recommend using tximport (https://bioconductor.org/packages/release/bioc/html/tximport.html) for aggregating transcript-level salmon abundance estimates to the gene level.  It is more versatile, exposes more features, and allows considering multi-sample information during aggregation.
[2024-08-07 04:07:00.735] [jointLog] [info] Aggregating expressions to gene level
[2024-08-07 04:07:00.936] [jointLog] [info] done
