[2023-02-16 14:59:51.095] [jointLog] [info] setting maxHashResizeThreads to 4
[2023-02-16 14:59:51.095] [jointLog] [info] Fragment incompatibility prior below threshold.  Incompatible fragments will be ignored.
[2023-02-16 14:59:51.095] [jointLog] [info] Usage of --validateMappings implies use of minScoreFraction. Since not explicitly specified, it is being set to 0.65
[2023-02-16 14:59:51.095] [jointLog] [info] Setting consensusSlack to selective-alignment default of 0.35.
[2023-02-16 14:59:51.095] [jointLog] [info] parsing read library format
[2023-02-16 14:59:51.095] [jointLog] [info] There is 1 library.
[2023-02-16 14:59:51.142] [jointLog] [info] Loading pufferfish index
[2023-02-16 14:59:51.143] [jointLog] [info] Loading dense pufferfish index.
[2023-02-16 15:06:07.994] [jointLog] [info] done
[2023-02-16 15:06:07.994] [jointLog] [info] Index contained 251,744 targets
[2023-02-16 15:06:11.782] [jointLog] [info] Number of decoys : 194
[2023-02-16 15:06:11.782] [jointLog] [info] First decoy index : 251,509 
[2023-02-16 15:06:12.500] [jointLog] [info] Automatically detected most likely library type as IU

[2023-02-16 15:28:47.474] [jointLog] [info] Computed 410,262 rich equivalence classes for further processing
[2023-02-16 15:28:47.474] [jointLog] [info] Counted 51,713,139 total reads in the equivalence classes 
[2023-02-16 15:28:47.478] [jointLog] [warning] 3.13324e-05% of fragments were shorter than the k used to build the index.
If this fraction is too large, consider re-building the index with a smaller k.
The minimum read size found was 15.


[2023-02-16 15:28:47.478] [jointLog] [info] Number of mappings discarded because of alignment score : 29,586,434
[2023-02-16 15:28:47.478] [jointLog] [info] Number of fragments entirely discarded because of alignment score : 4,951,672
[2023-02-16 15:28:47.478] [jointLog] [info] Number of fragments discarded because they are best-mapped to decoys : 3,655,109
[2023-02-16 15:28:47.478] [jointLog] [info] Number of fragments discarded because they have only dovetail (discordant) mappings to valid targets : 215,059
[2023-02-16 15:28:47.478] [jointLog] [info] Mapping rate = 85.2788%

[2023-02-16 15:28:47.478] [jointLog] [info] finished quantifyLibrary()
[2023-02-16 15:28:47.480] [jointLog] [info] Starting optimizer
[2023-02-16 15:28:47.723] [jointLog] [info] Marked 0 weighted equivalence classes as degenerate
[2023-02-16 15:28:47.475] [fileLog] [info] 
At end of round 0
==================
Observed 60640057 total fragments (60640057 in most recent round)

[2023-02-16 15:28:47.780] [jointLog] [info] iteration = 0 | max rel diff. = 35.5389
[2023-02-16 15:28:48.277] [jointLog] [info] iteration 11, adjusting effective lengths to account for biases
[2023-02-16 15:30:01.028] [jointLog] [info] Computed expected counts (for bias correction)
[2023-02-16 15:30:01.028] [jointLog] [info] processed bias for 0.0% of the transcripts
[2023-02-16 15:30:09.631] [jointLog] [info] processed bias for 10.0% of the transcripts
[2023-02-16 15:30:17.606] [jointLog] [info] processed bias for 20.0% of the transcripts
[2023-02-16 15:30:25.677] [jointLog] [info] processed bias for 30.0% of the transcripts
[2023-02-16 15:30:33.740] [jointLog] [info] processed bias for 40.0% of the transcripts
[2023-02-16 15:30:41.681] [jointLog] [info] processed bias for 50.0% of the transcripts
[2023-02-16 15:30:49.250] [jointLog] [info] processed bias for 60.0% of the transcripts
[2023-02-16 15:30:56.592] [jointLog] [info] processed bias for 70.0% of the transcripts
[2023-02-16 15:31:04.248] [jointLog] [info] processed bias for 80.0% of the transcripts
[2023-02-16 15:31:12.727] [jointLog] [info] processed bias for 90.0% of the transcripts
[2023-02-16 15:31:21.016] [jointLog] [info] processed bias for 100.0% of the transcripts
[2023-02-16 15:31:24.808] [jointLog] [info] iteration = 100 | max rel diff. = 20.5171
[2023-02-16 15:31:28.998] [jointLog] [info] iteration = 200 | max rel diff. = 8.44947
[2023-02-16 15:31:33.180] [jointLog] [info] iteration = 300 | max rel diff. = 0.923855
[2023-02-16 15:31:37.282] [jointLog] [info] iteration = 400 | max rel diff. = 8.50378
[2023-02-16 15:31:41.368] [jointLog] [info] iteration = 500 | max rel diff. = 2.22966
[2023-02-16 15:31:45.398] [jointLog] [info] iteration = 600 | max rel diff. = 1.97905
[2023-02-16 15:31:49.439] [jointLog] [info] iteration = 700 | max rel diff. = 0.450368
[2023-02-16 15:31:53.498] [jointLog] [info] iteration = 800 | max rel diff. = 0.288695
[2023-02-16 15:31:57.529] [jointLog] [info] iteration = 900 | max rel diff. = 0.0762096
[2023-02-16 15:32:01.569] [jointLog] [info] iteration = 1,000 | max rel diff. = 0.217685
[2023-02-16 15:32:05.881] [jointLog] [info] iteration = 1,100 | max rel diff. = 0.105147
[2023-02-16 15:32:10.041] [jointLog] [info] iteration = 1,200 | max rel diff. = 0.0118522
[2023-02-16 15:32:14.070] [jointLog] [info] iteration = 1,300 | max rel diff. = 0.270985
[2023-02-16 15:32:18.125] [jointLog] [info] iteration = 1,400 | max rel diff. = 1.25791
[2023-02-16 15:32:22.162] [jointLog] [info] iteration = 1,500 | max rel diff. = 0.0936699
[2023-02-16 15:32:26.208] [jointLog] [info] iteration = 1,600 | max rel diff. = 0.421912
[2023-02-16 15:32:30.257] [jointLog] [info] iteration = 1,700 | max rel diff. = 0.0177781
[2023-02-16 15:32:34.300] [jointLog] [info] iteration = 1,800 | max rel diff. = 0.518411
[2023-02-16 15:32:38.389] [jointLog] [info] iteration = 1,900 | max rel diff. = 4.28121
[2023-02-16 15:32:42.478] [jointLog] [info] iteration = 2,000 | max rel diff. = 0.0427133
[2023-02-16 15:32:45.409] [jointLog] [info] iteration = 2,073 | max rel diff. = 0.00373887
[2023-02-16 15:32:45.477] [jointLog] [info] Finished optimizer
[2023-02-16 15:32:45.477] [jointLog] [info] writing output 

[2023-02-16 15:32:45.878] [jointLog] [info] Starting Bootstrapping
[2023-02-16 15:32:46.040] [jointLog] [info] Will draw 50 bootstrap samples
[2023-02-16 15:32:46.040] [jointLog] [info] Optimizing over 410,262 equivalence classes
[2023-02-16 15:32:46.086] [jointLog] [info] Marked 0 weighted equivalence classes as degenerate
[2023-02-16 15:34:01.974] [jointLog] [info] wrote 1 bootstraps
[2023-02-16 15:34:24.186] [jointLog] [info] wrote 2 bootstraps
[2023-02-16 15:34:50.072] [jointLog] [info] wrote 3 bootstraps
[2023-02-16 15:35:35.935] [jointLog] [info] wrote 4 bootstraps
[2023-02-16 15:35:57.878] [jointLog] [info] wrote 5 bootstraps
[2023-02-16 15:36:32.665] [jointLog] [info] wrote 6 bootstraps
[2023-02-16 15:37:31.410] [jointLog] [info] wrote 7 bootstraps
[2023-02-16 15:37:39.544] [jointLog] [info] wrote 8 bootstraps
[2023-02-16 15:38:12.245] [jointLog] [info] wrote 9 bootstraps
[2023-02-16 15:39:00.367] [jointLog] [info] wrote 10 bootstraps
[2023-02-16 15:39:13.490] [jointLog] [info] wrote 11 bootstraps
[2023-02-16 15:40:05.752] [jointLog] [info] wrote 12 bootstraps
[2023-02-16 15:40:40.907] [jointLog] [info] wrote 13 bootstraps
[2023-02-16 15:41:14.045] [jointLog] [info] wrote 14 bootstraps
[2023-02-16 15:41:46.021] [jointLog] [info] wrote 15 bootstraps
[2023-02-16 15:42:53.440] [jointLog] [info] wrote 16 bootstraps
[2023-02-16 15:43:25.865] [jointLog] [info] wrote 17 bootstraps
[2023-02-16 15:44:10.328] [jointLog] [info] wrote 18 bootstraps
[2023-02-16 15:44:27.281] [jointLog] [info] wrote 19 bootstraps
[2023-02-16 15:45:16.477] [jointLog] [info] wrote 20 bootstraps
[2023-02-16 15:45:46.237] [jointLog] [info] wrote 21 bootstraps
[2023-02-16 15:46:28.639] [jointLog] [info] wrote 22 bootstraps
[2023-02-16 15:46:37.860] [jointLog] [info] wrote 23 bootstraps
[2023-02-16 15:47:29.085] [jointLog] [info] wrote 24 bootstraps
[2023-02-16 15:48:29.413] [jointLog] [info] wrote 25 bootstraps
[2023-02-16 15:48:34.875] [jointLog] [info] wrote 26 bootstraps
[2023-02-16 15:49:25.082] [jointLog] [info] wrote 27 bootstraps
[2023-02-16 15:50:03.598] [jointLog] [info] wrote 28 bootstraps
[2023-02-16 15:50:17.952] [jointLog] [info] wrote 29 bootstraps
[2023-02-16 15:51:10.734] [jointLog] [info] wrote 30 bootstraps
[2023-02-16 15:51:55.018] [jointLog] [info] wrote 31 bootstraps
[2023-02-16 15:52:23.551] [jointLog] [info] wrote 32 bootstraps
[2023-02-16 15:53:07.802] [jointLog] [info] wrote 33 bootstraps
[2023-02-16 15:53:33.063] [jointLog] [info] wrote 34 bootstraps
[2023-02-16 15:54:08.253] [jointLog] [info] wrote 35 bootstraps
[2023-02-16 15:55:17.634] [jointLog] [info] wrote 36 bootstraps
[2023-02-16 15:55:35.630] [jointLog] [info] wrote 37 bootstraps
[2023-02-16 15:55:48.223] [jointLog] [info] wrote 38 bootstraps
[2023-02-16 15:57:11.326] [jointLog] [info] wrote 39 bootstraps
[2023-02-16 15:57:28.268] [jointLog] [info] wrote 40 bootstraps
[2023-02-16 15:57:32.282] [jointLog] [info] wrote 41 bootstraps
[2023-02-16 15:58:50.984] [jointLog] [info] wrote 42 bootstraps
[2023-02-16 15:59:16.230] [jointLog] [info] wrote 43 bootstraps
[2023-02-16 15:59:41.012] [jointLog] [info] wrote 44 bootstraps
[2023-02-16 16:00:44.799] [jointLog] [info] wrote 45 bootstraps
[2023-02-16 16:01:14.339] [jointLog] [info] wrote 46 bootstraps
[2023-02-16 16:01:57.921] [jointLog] [info] wrote 47 bootstraps
[2023-02-16 16:02:40.607] [jointLog] [info] wrote 48 bootstraps
[2023-02-16 16:02:53.002] [jointLog] [info] wrote 49 bootstraps
[2023-02-16 16:03:49.672] [jointLog] [info] wrote 50 bootstraps
[2023-02-16 16:03:49.719] [jointLog] [info] Finished Bootstrapping
[2023-02-16 16:03:49.719] [jointLog] [info] Computing gene-level abundance estimates
[2023-02-16 16:04:35.068] [jointLog] [info] There were 252416 transcripts mapping to 62696 genes
[2023-02-16 16:04:35.069] [jointLog] [info] NOTE: We recommend using tximport (https://bioconductor.org/packages/release/bioc/html/tximport.html) for aggregating transcript-level salmon abundance estimates to the gene level.  It is more versatile, exposes more features, and allows considering multi-sample information during aggregation.
[2023-02-16 16:04:35.527] [jointLog] [info] Aggregating expressions to gene level
[2023-02-16 16:04:35.705] [jointLog] [info] done
