[2024-09-07 15:15:47.560] [jointLog] [info] setting maxHashResizeThreads to 4
[2024-09-07 15:15:47.560] [jointLog] [info] Fragment incompatibility prior below threshold.  Incompatible fragments will be ignored.
[2024-09-07 15:15:47.560] [jointLog] [info] Usage of --validateMappings implies use of minScoreFraction. Since not explicitly specified, it is being set to 0.65
[2024-09-07 15:15:47.560] [jointLog] [info] Setting consensusSlack to selective-alignment default of 0.35.
[2024-09-07 15:15:47.560] [jointLog] [info] parsing read library format
[2024-09-07 15:15:47.560] [jointLog] [info] There is 1 library.
[2024-09-07 15:15:47.618] [jointLog] [info] Loading pufferfish index
[2024-09-07 15:15:47.618] [jointLog] [info] Loading dense pufferfish index.
[2024-09-07 15:16:23.421] [jointLog] [info] done
[2024-09-07 15:16:23.421] [jointLog] [info] Index contained 251,744 targets
[2024-09-07 15:16:26.704] [jointLog] [info] Number of decoys : 194
[2024-09-07 15:16:26.704] [jointLog] [info] First decoy index : 251,509 
[2024-09-07 15:16:27.592] [jointLog] [info] Automatically detected most likely library type as ISR

[2024-09-07 15:44:05.919] [jointLog] [info] Thread saw mini-batch with a maximum of 1.28% zero probability fragments
[2024-09-07 15:44:06.055] [jointLog] [info] Thread saw mini-batch with a maximum of 1.30% zero probability fragments
[2024-09-07 15:44:06.061] [jointLog] [info] Thread saw mini-batch with a maximum of 1.24% zero probability fragments
[2024-09-07 15:44:06.284] [jointLog] [info] Thread saw mini-batch with a maximum of 1.36% zero probability fragments
[2024-09-07 15:44:07.307] [jointLog] [info] Computed 725,155 rich equivalence classes for further processing
[2024-09-07 15:44:07.307] [jointLog] [info] Counted 42,777,176 total reads in the equivalence classes 
[2024-09-07 15:44:07.313] [jointLog] [warning] 9.36482e-06% of fragments were shorter than the k used to build the index.
If this fraction is too large, consider re-building the index with a smaller k.
The minimum read size found was 21.


[2024-09-07 15:44:07.313] [jointLog] [info] Number of mappings discarded because of alignment score : 15,299,829
[2024-09-07 15:44:07.313] [jointLog] [info] Number of fragments entirely discarded because of alignment score : 7,852,010
[2024-09-07 15:44:07.313] [jointLog] [info] Number of fragments discarded because they are best-mapped to decoys : 7,202,042
[2024-09-07 15:44:07.313] [jointLog] [info] Number of fragments discarded because they have only dovetail (discordant) mappings to valid targets : 246,632
[2024-09-07 15:44:07.313] [jointLog] [info] Mapping rate = 57.2286%

[2024-09-07 15:44:07.313] [jointLog] [info] finished quantifyLibrary()
[2024-09-07 15:44:07.315] [jointLog] [info] Starting optimizer
[2024-09-07 15:44:07.308] [fileLog] [info] 
At end of round 0
==================
Observed 74747835 total fragments (74747835 in most recent round)

[2024-09-07 15:44:07.802] [jointLog] [info] Marked 0 weighted equivalence classes as degenerate
[2024-09-07 15:44:07.883] [jointLog] [info] iteration = 0 | max rel diff. = 2404.93
[2024-09-07 15:44:08.603] [jointLog] [info] iteration 11, adjusting effective lengths to account for biases
[2024-09-07 15:50:18.451] [jointLog] [info] Computed expected counts (for bias correction)
[2024-09-07 15:50:18.451] [jointLog] [info] processed bias for 0.0% of the transcripts
[2024-09-07 15:50:48.440] [jointLog] [info] processed bias for 10.0% of the transcripts
[2024-09-07 15:51:16.565] [jointLog] [info] processed bias for 20.0% of the transcripts
[2024-09-07 15:51:43.671] [jointLog] [info] processed bias for 30.0% of the transcripts
[2024-09-07 15:52:12.270] [jointLog] [info] processed bias for 40.0% of the transcripts
[2024-09-07 15:52:39.896] [jointLog] [info] processed bias for 50.0% of the transcripts
[2024-09-07 15:53:07.212] [jointLog] [info] processed bias for 60.0% of the transcripts
[2024-09-07 15:53:35.928] [jointLog] [info] processed bias for 70.0% of the transcripts
[2024-09-07 15:54:05.370] [jointLog] [info] processed bias for 80.0% of the transcripts
[2024-09-07 15:54:36.108] [jointLog] [info] processed bias for 90.0% of the transcripts
[2024-09-07 15:55:04.082] [jointLog] [info] processed bias for 100.0% of the transcripts
[2024-09-07 15:55:09.991] [jointLog] [info] iteration = 100 | max rel diff. = 14.9304
[2024-09-07 15:55:16.555] [jointLog] [info] iteration = 200 | max rel diff. = 10.4927
[2024-09-07 15:55:23.112] [jointLog] [info] iteration = 300 | max rel diff. = 9.29169
[2024-09-07 15:55:29.602] [jointLog] [info] iteration = 400 | max rel diff. = 5.91588
[2024-09-07 15:55:36.196] [jointLog] [info] iteration = 500 | max rel diff. = 8.13059
[2024-09-07 15:55:42.663] [jointLog] [info] iteration = 600 | max rel diff. = 0.152834
[2024-09-07 15:55:49.161] [jointLog] [info] iteration = 700 | max rel diff. = 0.087809
[2024-09-07 15:55:55.793] [jointLog] [info] iteration = 800 | max rel diff. = 0.156742
[2024-09-07 15:56:02.419] [jointLog] [info] iteration = 900 | max rel diff. = 0.100135
[2024-09-07 15:56:09.023] [jointLog] [info] iteration = 1,000 | max rel diff. = 0.276204
[2024-09-07 15:56:15.585] [jointLog] [info] iteration = 1,100 | max rel diff. = 0.312691
[2024-09-07 15:56:22.123] [jointLog] [info] iteration = 1,200 | max rel diff. = 0.726822
[2024-09-07 15:56:28.715] [jointLog] [info] iteration = 1,300 | max rel diff. = 1.19469
[2024-09-07 15:56:35.306] [jointLog] [info] iteration = 1,400 | max rel diff. = 0.0632868
[2024-09-07 15:56:42.047] [jointLog] [info] iteration = 1,500 | max rel diff. = 0.0854888
[2024-09-07 15:56:48.739] [jointLog] [info] iteration = 1,600 | max rel diff. = 0.416105
[2024-09-07 15:56:55.493] [jointLog] [info] iteration = 1,700 | max rel diff. = 0.205573
[2024-09-07 15:57:02.172] [jointLog] [info] iteration = 1,800 | max rel diff. = 0.0187946
[2024-09-07 15:57:08.955] [jointLog] [info] iteration = 1,900 | max rel diff. = 0.0192769
[2024-09-07 15:57:15.237] [jointLog] [info] iteration = 1,995 | max rel diff. = 0.00312021
[2024-09-07 15:57:15.294] [jointLog] [info] Finished optimizer
[2024-09-07 15:57:15.294] [jointLog] [info] writing output 

[2024-09-07 15:57:15.805] [jointLog] [info] Starting Bootstrapping
[2024-09-07 15:57:16.125] [jointLog] [info] Will draw 50 bootstrap samples
[2024-09-07 15:57:16.125] [jointLog] [info] Optimizing over 725,155 equivalence classes
[2024-09-07 15:57:16.246] [jointLog] [info] Marked 0 weighted equivalence classes as degenerate
[2024-09-07 16:00:03.016] [jointLog] [info] wrote 1 bootstraps
[2024-09-07 16:00:07.380] [jointLog] [info] wrote 2 bootstraps
[2024-09-07 16:00:34.602] [jointLog] [info] wrote 3 bootstraps
[2024-09-07 16:02:56.424] [jointLog] [info] wrote 4 bootstraps
[2024-09-07 16:03:07.120] [jointLog] [info] wrote 5 bootstraps
[2024-09-07 16:03:25.530] [jointLog] [info] wrote 6 bootstraps
[2024-09-07 16:05:00.151] [jointLog] [info] wrote 7 bootstraps
[2024-09-07 16:05:29.574] [jointLog] [info] wrote 8 bootstraps
[2024-09-07 16:06:03.259] [jointLog] [info] wrote 9 bootstraps
[2024-09-07 16:08:12.771] [jointLog] [info] wrote 10 bootstraps
[2024-09-07 16:08:49.077] [jointLog] [info] wrote 11 bootstraps
[2024-09-07 16:09:10.744] [jointLog] [info] wrote 12 bootstraps
[2024-09-07 16:11:38.380] [jointLog] [info] wrote 13 bootstraps
[2024-09-07 16:11:49.351] [jointLog] [info] wrote 14 bootstraps
[2024-09-07 16:11:50.935] [jointLog] [info] wrote 15 bootstraps
[2024-09-07 16:14:25.398] [jointLog] [info] wrote 16 bootstraps
[2024-09-07 16:14:43.547] [jointLog] [info] wrote 17 bootstraps
[2024-09-07 16:14:50.290] [jointLog] [info] wrote 18 bootstraps
[2024-09-07 16:17:01.713] [jointLog] [info] wrote 19 bootstraps
[2024-09-07 16:17:53.309] [jointLog] [info] wrote 20 bootstraps
[2024-09-07 16:17:56.011] [jointLog] [info] wrote 21 bootstraps
[2024-09-07 16:19:59.458] [jointLog] [info] wrote 22 bootstraps
[2024-09-07 16:20:58.740] [jointLog] [info] wrote 23 bootstraps
[2024-09-07 16:21:08.129] [jointLog] [info] wrote 24 bootstraps
[2024-09-07 16:23:15.427] [jointLog] [info] wrote 25 bootstraps
[2024-09-07 16:23:34.403] [jointLog] [info] wrote 26 bootstraps
[2024-09-07 16:23:53.881] [jointLog] [info] wrote 27 bootstraps
[2024-09-07 16:26:58.386] [jointLog] [info] wrote 28 bootstraps
[2024-09-07 16:27:22.135] [jointLog] [info] wrote 29 bootstraps
[2024-09-07 16:27:28.438] [jointLog] [info] wrote 30 bootstraps
[2024-09-07 16:29:21.268] [jointLog] [info] wrote 31 bootstraps
[2024-09-07 16:30:00.816] [jointLog] [info] wrote 32 bootstraps
[2024-09-07 16:30:24.763] [jointLog] [info] wrote 33 bootstraps
[2024-09-07 16:32:06.696] [jointLog] [info] wrote 34 bootstraps
[2024-09-07 16:32:47.985] [jointLog] [info] wrote 35 bootstraps
[2024-09-07 16:33:34.783] [jointLog] [info] wrote 36 bootstraps
[2024-09-07 16:35:15.847] [jointLog] [info] wrote 37 bootstraps
[2024-09-07 16:35:17.729] [jointLog] [info] wrote 38 bootstraps
[2024-09-07 16:36:06.566] [jointLog] [info] wrote 39 bootstraps
[2024-09-07 16:37:50.625] [jointLog] [info] wrote 40 bootstraps
[2024-09-07 16:38:06.465] [jointLog] [info] wrote 41 bootstraps
[2024-09-07 16:39:08.710] [jointLog] [info] wrote 42 bootstraps
[2024-09-07 16:40:27.685] [jointLog] [info] wrote 43 bootstraps
[2024-09-07 16:41:01.644] [jointLog] [info] wrote 44 bootstraps
[2024-09-07 16:41:53.794] [jointLog] [info] wrote 45 bootstraps
[2024-09-07 16:43:33.717] [jointLog] [info] wrote 46 bootstraps
[2024-09-07 16:44:28.656] [jointLog] [info] wrote 47 bootstraps
[2024-09-07 16:44:56.267] [jointLog] [info] wrote 48 bootstraps
[2024-09-07 16:46:01.972] [jointLog] [info] wrote 49 bootstraps
[2024-09-07 16:47:49.878] [jointLog] [info] wrote 50 bootstraps
[2024-09-07 16:47:49.976] [jointLog] [info] Finished Bootstrapping
[2024-09-07 16:47:49.976] [jointLog] [info] Computing gene-level abundance estimates
[2024-09-07 16:48:40.962] [jointLog] [info] There were 252416 transcripts mapping to 62696 genes
[2024-09-07 16:48:40.962] [jointLog] [info] NOTE: We recommend using tximport (https://bioconductor.org/packages/release/bioc/html/tximport.html) for aggregating transcript-level salmon abundance estimates to the gene level.  It is more versatile, exposes more features, and allows considering multi-sample information during aggregation.
[2024-09-07 16:48:41.400] [jointLog] [info] Aggregating expressions to gene level
[2024-09-07 16:48:41.568] [jointLog] [info] done
