[2024-08-07 01:49:25.339] [jointLog] [info] setting maxHashResizeThreads to 4
[2024-08-07 01:49:25.339] [jointLog] [info] Fragment incompatibility prior below threshold.  Incompatible fragments will be ignored.
[2024-08-07 01:49:25.339] [jointLog] [info] Usage of --validateMappings implies use of minScoreFraction. Since not explicitly specified, it is being set to 0.65
[2024-08-07 01:49:25.339] [jointLog] [info] Setting consensusSlack to selective-alignment default of 0.35.
[2024-08-07 01:49:25.339] [jointLog] [info] parsing read library format
[2024-08-07 01:49:25.339] [jointLog] [info] There is 1 library.
[2024-08-07 01:49:25.473] [jointLog] [info] Loading pufferfish index
[2024-08-07 01:49:25.493] [jointLog] [info] Loading dense pufferfish index.
[2024-08-07 01:51:59.592] [jointLog] [info] done
[2024-08-07 01:51:59.593] [jointLog] [info] Index contained 251,744 targets
[2024-08-07 01:52:03.102] [jointLog] [info] Number of decoys : 194
[2024-08-07 01:52:03.102] [jointLog] [info] First decoy index : 251,509 
[2024-08-07 01:52:04.911] [jointLog] [info] Automatically detected most likely library type as ISR

[2024-08-07 02:11:58.822] [jointLog] [info] Thread saw mini-batch with a maximum of 1.20% zero probability fragments
[2024-08-07 02:11:58.833] [jointLog] [info] Thread saw mini-batch with a maximum of 1.10% zero probability fragments
[2024-08-07 02:11:58.984] [jointLog] [info] Thread saw mini-batch with a maximum of 1.10% zero probability fragments
[2024-08-07 02:11:59.131] [jointLog] [info] Thread saw mini-batch with a maximum of 1.10% zero probability fragments
[2024-08-07 02:11:59.628] [fileLog] [info] 
At end of round 0
==================
Observed 46538222 total fragments (46538222 in most recent round)

[2024-08-07 02:11:59.627] [jointLog] [info] Computed 435,968 rich equivalence classes for further processing
[2024-08-07 02:11:59.627] [jointLog] [info] Counted 39,970,251 total reads in the equivalence classes 
[2024-08-07 02:11:59.632] [jointLog] [info] Number of mappings discarded because of alignment score : 21,176,428
[2024-08-07 02:11:59.632] [jointLog] [info] Number of fragments entirely discarded because of alignment score : 3,514,500
[2024-08-07 02:11:59.632] [jointLog] [info] Number of fragments discarded because they are best-mapped to decoys : 2,607,749
[2024-08-07 02:11:59.632] [jointLog] [info] Number of fragments discarded because they have only dovetail (discordant) mappings to valid targets : 131,502
[2024-08-07 02:11:59.632] [jointLog] [info] Mapping rate = 85.8869%

[2024-08-07 02:11:59.632] [jointLog] [info] finished quantifyLibrary()
[2024-08-07 02:11:59.633] [jointLog] [info] Starting optimizer
[2024-08-07 02:11:59.918] [jointLog] [info] Marked 0 weighted equivalence classes as degenerate
[2024-08-07 02:11:59.973] [jointLog] [info] iteration = 0 | max rel diff. = 3173.97
[2024-08-07 02:12:00.435] [jointLog] [info] iteration 11, adjusting effective lengths to account for biases
[2024-08-07 02:15:51.818] [jointLog] [info] Computed expected counts (for bias correction)
[2024-08-07 02:15:51.818] [jointLog] [info] processed bias for 0.0% of the transcripts
[2024-08-07 02:16:11.672] [jointLog] [info] processed bias for 10.0% of the transcripts
[2024-08-07 02:16:30.265] [jointLog] [info] processed bias for 20.0% of the transcripts
[2024-08-07 02:16:49.129] [jointLog] [info] processed bias for 30.0% of the transcripts
[2024-08-07 02:17:07.358] [jointLog] [info] processed bias for 40.0% of the transcripts
[2024-08-07 02:17:25.328] [jointLog] [info] processed bias for 50.0% of the transcripts
[2024-08-07 02:17:43.121] [jointLog] [info] processed bias for 60.0% of the transcripts
[2024-08-07 02:18:00.032] [jointLog] [info] processed bias for 70.0% of the transcripts
[2024-08-07 02:18:16.441] [jointLog] [info] processed bias for 80.0% of the transcripts
[2024-08-07 02:18:33.484] [jointLog] [info] processed bias for 90.0% of the transcripts
[2024-08-07 02:18:52.982] [jointLog] [info] processed bias for 100.0% of the transcripts
[2024-08-07 02:18:57.167] [jointLog] [info] iteration = 100 | max rel diff. = 18.152
[2024-08-07 02:19:01.745] [jointLog] [info] iteration = 200 | max rel diff. = 2.05391
[2024-08-07 02:19:06.261] [jointLog] [info] iteration = 300 | max rel diff. = 5.50474
[2024-08-07 02:19:10.772] [jointLog] [info] iteration = 400 | max rel diff. = 16.1931
[2024-08-07 02:19:15.319] [jointLog] [info] iteration = 500 | max rel diff. = 6.25753
[2024-08-07 02:19:19.787] [jointLog] [info] iteration = 600 | max rel diff. = 0.884941
[2024-08-07 02:19:24.252] [jointLog] [info] iteration = 700 | max rel diff. = 0.391298
[2024-08-07 02:19:28.707] [jointLog] [info] iteration = 800 | max rel diff. = 1.47202
[2024-08-07 02:19:33.140] [jointLog] [info] iteration = 900 | max rel diff. = 0.674506
[2024-08-07 02:19:37.632] [jointLog] [info] iteration = 1,000 | max rel diff. = 0.0895524
[2024-08-07 02:19:42.069] [jointLog] [info] iteration = 1,100 | max rel diff. = 6.15205
[2024-08-07 02:19:46.520] [jointLog] [info] iteration = 1,200 | max rel diff. = 0.0699532
[2024-08-07 02:19:51.009] [jointLog] [info] iteration = 1,300 | max rel diff. = 0.0342285
[2024-08-07 02:19:53.012] [jointLog] [info] iteration = 1,346 | max rel diff. = 0.00610278
[2024-08-07 02:19:53.077] [jointLog] [info] Finished optimizer
[2024-08-07 02:19:53.077] [jointLog] [info] writing output 

[2024-08-07 02:19:53.531] [jointLog] [info] Starting Bootstrapping
[2024-08-07 02:19:53.685] [jointLog] [info] Will draw 50 bootstrap samples
[2024-08-07 02:19:53.685] [jointLog] [info] Optimizing over 435,968 equivalence classes
[2024-08-07 02:19:53.735] [jointLog] [info] Marked 0 weighted equivalence classes as degenerate
[2024-08-07 02:21:51.559] [jointLog] [info] wrote 1 bootstraps
[2024-08-07 02:21:52.911] [jointLog] [info] wrote 2 bootstraps
[2024-08-07 02:21:58.008] [jointLog] [info] wrote 3 bootstraps
[2024-08-07 02:23:32.247] [jointLog] [info] wrote 4 bootstraps
[2024-08-07 02:23:40.092] [jointLog] [info] wrote 5 bootstraps
[2024-08-07 02:23:44.616] [jointLog] [info] wrote 6 bootstraps
[2024-08-07 02:24:56.543] [jointLog] [info] wrote 7 bootstraps
[2024-08-07 02:25:29.577] [jointLog] [info] wrote 8 bootstraps
[2024-08-07 02:25:30.961] [jointLog] [info] wrote 9 bootstraps
[2024-08-07 02:26:25.031] [jointLog] [info] wrote 10 bootstraps
[2024-08-07 02:26:58.851] [jointLog] [info] wrote 11 bootstraps
[2024-08-07 02:27:05.647] [jointLog] [info] wrote 12 bootstraps
[2024-08-07 02:28:09.204] [jointLog] [info] wrote 13 bootstraps
[2024-08-07 02:28:35.744] [jointLog] [info] wrote 14 bootstraps
[2024-08-07 02:28:41.141] [jointLog] [info] wrote 15 bootstraps
[2024-08-07 02:29:39.801] [jointLog] [info] wrote 16 bootstraps
[2024-08-07 02:29:53.624] [jointLog] [info] wrote 17 bootstraps
[2024-08-07 02:30:18.902] [jointLog] [info] wrote 18 bootstraps
[2024-08-07 02:30:56.068] [jointLog] [info] wrote 19 bootstraps
[2024-08-07 02:31:35.465] [jointLog] [info] wrote 20 bootstraps
[2024-08-07 02:32:05.913] [jointLog] [info] wrote 21 bootstraps
[2024-08-07 02:33:00.867] [jointLog] [info] wrote 22 bootstraps
[2024-08-07 02:33:33.859] [jointLog] [info] wrote 23 bootstraps
[2024-08-07 02:33:59.997] [jointLog] [info] wrote 24 bootstraps
[2024-08-07 02:34:46.083] [jointLog] [info] wrote 25 bootstraps
[2024-08-07 02:35:20.832] [jointLog] [info] wrote 26 bootstraps
[2024-08-07 02:35:55.978] [jointLog] [info] wrote 27 bootstraps
[2024-08-07 02:36:40.977] [jointLog] [info] wrote 28 bootstraps
[2024-08-07 02:37:10.032] [jointLog] [info] wrote 29 bootstraps
[2024-08-07 02:37:41.457] [jointLog] [info] wrote 30 bootstraps
[2024-08-07 02:38:38.572] [jointLog] [info] wrote 31 bootstraps
[2024-08-07 02:38:51.706] [jointLog] [info] wrote 32 bootstraps
[2024-08-07 02:39:23.812] [jointLog] [info] wrote 33 bootstraps
[2024-08-07 02:40:33.577] [jointLog] [info] wrote 34 bootstraps
[2024-08-07 02:40:46.640] [jointLog] [info] wrote 35 bootstraps
[2024-08-07 02:41:07.069] [jointLog] [info] wrote 36 bootstraps
[2024-08-07 02:42:02.248] [jointLog] [info] wrote 37 bootstraps
[2024-08-07 02:42:20.645] [jointLog] [info] wrote 38 bootstraps
[2024-08-07 02:42:51.283] [jointLog] [info] wrote 39 bootstraps
[2024-08-07 02:43:44.244] [jointLog] [info] wrote 40 bootstraps
[2024-08-07 02:44:01.622] [jointLog] [info] wrote 41 bootstraps
[2024-08-07 02:44:23.396] [jointLog] [info] wrote 42 bootstraps
[2024-08-07 02:45:05.091] [jointLog] [info] wrote 43 bootstraps
[2024-08-07 02:45:15.586] [jointLog] [info] wrote 44 bootstraps
[2024-08-07 02:46:04.797] [jointLog] [info] wrote 45 bootstraps
[2024-08-07 02:46:47.231] [jointLog] [info] wrote 46 bootstraps
[2024-08-07 02:46:57.266] [jointLog] [info] wrote 47 bootstraps
[2024-08-07 02:47:53.515] [jointLog] [info] wrote 48 bootstraps
[2024-08-07 02:48:15.818] [jointLog] [info] wrote 49 bootstraps
[2024-08-07 02:48:47.858] [jointLog] [info] wrote 50 bootstraps
[2024-08-07 02:48:47.940] [jointLog] [info] Finished Bootstrapping
[2024-08-07 02:48:47.940] [jointLog] [info] Computing gene-level abundance estimates
[2024-08-07 02:49:48.367] [jointLog] [info] There were 252416 transcripts mapping to 62696 genes
[2024-08-07 02:49:48.368] [jointLog] [info] NOTE: We recommend using tximport (https://bioconductor.org/packages/release/bioc/html/tximport.html) for aggregating transcript-level salmon abundance estimates to the gene level.  It is more versatile, exposes more features, and allows considering multi-sample information during aggregation.
[2024-08-07 02:49:48.827] [jointLog] [info] Aggregating expressions to gene level
[2024-08-07 02:49:49.005] [jointLog] [info] done
